CRITICAL - 2022-01-20 03:15:47 --> Array to string conversion
#0 C:\Users\BTS SIO\Documents\BTS SIO\Projet\ppe_chopesgames\app\Views\AdministrateurSuper\modifier_un_admin.php(12): CodeIgniter\Debug\Exceptions->errorHandler(8, 'Array to string...', 'C:\\Users\\BTS SI...', 12, Array)
#1 C:\Users\BTS SIO\Documents\BTS SIO\Projet\ppe_chopesgames\system\View\View.php(214): include('C:\\Users\\BTS SI...')
#2 C:\Users\BTS SIO\Documents\BTS SIO\Projet\ppe_chopesgames\system\View\View.php(217): CodeIgniter\View\View->CodeIgniter\View\{closure}()
#3 C:\Users\BTS SIO\Documents\BTS SIO\Projet\ppe_chopesgames\system\Common.php(1097): CodeIgniter\View\View->render('AdministrateurS...', Array, true)
#4 C:\Users\BTS SIO\Documents\BTS SIO\Projet\ppe_chopesgames\app\Controllers\AdministrateurSuper.php(53): view('AdministrateurS...')
#5 C:\Users\BTS SIO\Documents\BTS SIO\Projet\ppe_chopesgames\system\CodeIgniter.php(824): App\Controllers\AdministrateurSuper->modifier_un_admin()
#6 C:\Users\BTS SIO\Documents\BTS SIO\Projet\ppe_chopesgames\system\CodeIgniter.php(410): CodeIgniter\CodeIgniter->runController(Object(App\Controllers\AdministrateurSuper))
#7 C:\Users\BTS SIO\Documents\BTS SIO\Projet\ppe_chopesgames\system\CodeIgniter.php(318): CodeIgniter\CodeIgniter->handleRequest(NULL, Object(Config\Cache), false)
#8 C:\Users\BTS SIO\Documents\BTS SIO\Projet\ppe_chopesgames\public\index.php(37): CodeIgniter\CodeIgniter->run()
#9 C:\Users\BTS SIO\Documents\BTS SIO\Projet\ppe_chopesgames\system\Commands\Server\rewrite.php(43): require_once('C:\\Users\\BTS SI...')
#10 {main}
CRITICAL - 2022-01-20 03:17:02 --> Undefined variable: data
#0 C:\Users\BTS SIO\Documents\BTS SIO\Projet\ppe_chopesgames\app\Views\AdministrateurSuper\modifier_un_admin.php(12): CodeIgniter\Debug\Exceptions->errorHandler(8, 'Undefined varia...', 'C:\\Users\\BTS SI...', 12, Array)
#1 C:\Users\BTS SIO\Documents\BTS SIO\Projet\ppe_chopesgames\system\View\View.php(214): include('C:\\Users\\BTS SI...')
#2 C:\Users\BTS SIO\Documents\BTS SIO\Projet\ppe_chopesgames\system\View\View.php(217): CodeIgniter\View\View->CodeIgniter\View\{closure}()
#3 C:\Users\BTS SIO\Documents\BTS SIO\Projet\ppe_chopesgames\system\Common.php(1097): CodeIgniter\View\View->render('AdministrateurS...', Array, true)
#4 C:\Users\BTS SIO\Documents\BTS SIO\Projet\ppe_chopesgames\app\Controllers\AdministrateurSuper.php(53): view('AdministrateurS...')
#5 C:\Users\BTS SIO\Documents\BTS SIO\Projet\ppe_chopesgames\system\CodeIgniter.php(824): App\Controllers\AdministrateurSuper->modifier_un_admin()
#6 C:\Users\BTS SIO\Documents\BTS SIO\Projet\ppe_chopesgames\system\CodeIgniter.php(410): CodeIgniter\CodeIgniter->runController(Object(App\Controllers\AdministrateurSuper))
#7 C:\Users\BTS SIO\Documents\BTS SIO\Projet\ppe_chopesgames\system\CodeIgniter.php(318): CodeIgniter\CodeIgniter->handleRequest(NULL, Object(Config\Cache), false)
#8 C:\Users\BTS SIO\Documents\BTS SIO\Projet\ppe_chopesgames\public\index.php(37): CodeIgniter\CodeIgniter->run()
#9 C:\Users\BTS SIO\Documents\BTS SIO\Projet\ppe_chopesgames\system\Commands\Server\rewrite.php(43): require_once('C:\\Users\\BTS SI...')
#10 {main}
CRITICAL - 2022-01-20 03:35:19 --> Undefined variable: donneesAInserer
#0 C:\Users\BTS SIO\Documents\BTS SIO\Projet\ppe_chopesgames\app\Views\AdministrateurSuper\modifier_un_admin.php(12): CodeIgniter\Debug\Exceptions->errorHandler(8, 'Undefined varia...', 'C:\\Users\\BTS SI...', 12, Array)
#1 C:\Users\BTS SIO\Documents\BTS SIO\Projet\ppe_chopesgames\system\View\View.php(214): include('C:\\Users\\BTS SI...')
#2 C:\Users\BTS SIO\Documents\BTS SIO\Projet\ppe_chopesgames\system\View\View.php(217): CodeIgniter\View\View->CodeIgniter\View\{closure}()
#3 C:\Users\BTS SIO\Documents\BTS SIO\Projet\ppe_chopesgames\system\Common.php(1097): CodeIgniter\View\View->render('AdministrateurS...', Array, true)
#4 C:\Users\BTS SIO\Documents\BTS SIO\Projet\ppe_chopesgames\app\Controllers\AdministrateurSuper.php(53): view('AdministrateurS...')
#5 C:\Users\BTS SIO\Documents\BTS SIO\Projet\ppe_chopesgames\system\CodeIgniter.php(824): App\Controllers\AdministrateurSuper->modifier_un_admin()
#6 C:\Users\BTS SIO\Documents\BTS SIO\Projet\ppe_chopesgames\system\CodeIgniter.php(410): CodeIgniter\CodeIgniter->runController(Object(App\Controllers\AdministrateurSuper))
#7 C:\Users\BTS SIO\Documents\BTS SIO\Projet\ppe_chopesgames\system\CodeIgniter.php(318): CodeIgniter\CodeIgniter->handleRequest(NULL, Object(Config\Cache), false)
#8 C:\Users\BTS SIO\Documents\BTS SIO\Projet\ppe_chopesgames\public\index.php(37): CodeIgniter\CodeIgniter->run()
#9 C:\Users\BTS SIO\Documents\BTS SIO\Projet\ppe_chopesgames\system\Commands\Server\rewrite.php(43): require_once('C:\\Users\\BTS SI...')
#10 {main}
CRITICAL - 2022-01-20 03:35:47 --> Undefined variable: donneesAInserer
#0 C:\Users\BTS SIO\Documents\BTS SIO\Projet\ppe_chopesgames\app\Views\AdministrateurSuper\modifier_un_admin.php(12): CodeIgniter\Debug\Exceptions->errorHandler(8, 'Undefined varia...', 'C:\\Users\\BTS SI...', 12, Array)
#1 C:\Users\BTS SIO\Documents\BTS SIO\Projet\ppe_chopesgames\system\View\View.php(214): include('C:\\Users\\BTS SI...')
#2 C:\Users\BTS SIO\Documents\BTS SIO\Projet\ppe_chopesgames\system\View\View.php(217): CodeIgniter\View\View->CodeIgniter\View\{closure}()
#3 C:\Users\BTS SIO\Documents\BTS SIO\Projet\ppe_chopesgames\system\Common.php(1097): CodeIgniter\View\View->render('AdministrateurS...', Array, true)
#4 C:\Users\BTS SIO\Documents\BTS SIO\Projet\ppe_chopesgames\app\Controllers\AdministrateurSuper.php(53): view('AdministrateurS...')
#5 C:\Users\BTS SIO\Documents\BTS SIO\Projet\ppe_chopesgames\system\CodeIgniter.php(824): App\Controllers\AdministrateurSuper->modifier_un_admin()
#6 C:\Users\BTS SIO\Documents\BTS SIO\Projet\ppe_chopesgames\system\CodeIgniter.php(410): CodeIgniter\CodeIgniter->runController(Object(App\Controllers\AdministrateurSuper))
#7 C:\Users\BTS SIO\Documents\BTS SIO\Projet\ppe_chopesgames\system\CodeIgniter.php(318): CodeIgniter\CodeIgniter->handleRequest(NULL, Object(Config\Cache), false)
#8 C:\Users\BTS SIO\Documents\BTS SIO\Projet\ppe_chopesgames\public\index.php(37): CodeIgniter\CodeIgniter->run()
#9 C:\Users\BTS SIO\Documents\BTS SIO\Projet\ppe_chopesgames\system\Commands\Server\rewrite.php(43): require_once('C:\\Users\\BTS SI...')
#10 {main}
CRITICAL - 2022-01-20 03:35:58 --> Undefined variable: IDENTIFIANT
#0 C:\Users\BTS SIO\Documents\BTS SIO\Projet\ppe_chopesgames\app\Views\AdministrateurSuper\modifier_un_admin.php(12): CodeIgniter\Debug\Exceptions->errorHandler(8, 'Undefined varia...', 'C:\\Users\\BTS SI...', 12, Array)
#1 C:\Users\BTS SIO\Documents\BTS SIO\Projet\ppe_chopesgames\system\View\View.php(214): include('C:\\Users\\BTS SI...')
#2 C:\Users\BTS SIO\Documents\BTS SIO\Projet\ppe_chopesgames\system\View\View.php(217): CodeIgniter\View\View->CodeIgniter\View\{closure}()
#3 C:\Users\BTS SIO\Documents\BTS SIO\Projet\ppe_chopesgames\system\Common.php(1097): CodeIgniter\View\View->render('AdministrateurS...', Array, true)
#4 C:\Users\BTS SIO\Documents\BTS SIO\Projet\ppe_chopesgames\app\Controllers\AdministrateurSuper.php(53): view('AdministrateurS...')
#5 C:\Users\BTS SIO\Documents\BTS SIO\Projet\ppe_chopesgames\system\CodeIgniter.php(824): App\Controllers\AdministrateurSuper->modifier_un_admin()
#6 C:\Users\BTS SIO\Documents\BTS SIO\Projet\ppe_chopesgames\system\CodeIgniter.php(410): CodeIgniter\CodeIgniter->runController(Object(App\Controllers\AdministrateurSuper))
#7 C:\Users\BTS SIO\Documents\BTS SIO\Projet\ppe_chopesgames\system\CodeIgniter.php(318): CodeIgniter\CodeIgniter->handleRequest(NULL, Object(Config\Cache), false)
#8 C:\Users\BTS SIO\Documents\BTS SIO\Projet\ppe_chopesgames\public\index.php(37): CodeIgniter\CodeIgniter->run()
#9 C:\Users\BTS SIO\Documents\BTS SIO\Projet\ppe_chopesgames\system\Commands\Server\rewrite.php(43): require_once('C:\\Users\\BTS SI...')
#10 {main}
CRITICAL - 2022-01-20 03:36:08 --> Undefined variable: identifiant
#0 C:\Users\BTS SIO\Documents\BTS SIO\Projet\ppe_chopesgames\app\Views\AdministrateurSuper\modifier_un_admin.php(12): CodeIgniter\Debug\Exceptions->errorHandler(8, 'Undefined varia...', 'C:\\Users\\BTS SI...', 12, Array)
#1 C:\Users\BTS SIO\Documents\BTS SIO\Projet\ppe_chopesgames\system\View\View.php(214): include('C:\\Users\\BTS SI...')
#2 C:\Users\BTS SIO\Documents\BTS SIO\Projet\ppe_chopesgames\system\View\View.php(217): CodeIgniter\View\View->CodeIgniter\View\{closure}()
#3 C:\Users\BTS SIO\Documents\BTS SIO\Projet\ppe_chopesgames\system\Common.php(1097): CodeIgniter\View\View->render('AdministrateurS...', Array, true)
#4 C:\Users\BTS SIO\Documents\BTS SIO\Projet\ppe_chopesgames\app\Controllers\AdministrateurSuper.php(53): view('AdministrateurS...')
#5 C:\Users\BTS SIO\Documents\BTS SIO\Projet\ppe_chopesgames\system\CodeIgniter.php(824): App\Controllers\AdministrateurSuper->modifier_un_admin()
#6 C:\Users\BTS SIO\Documents\BTS SIO\Projet\ppe_chopesgames\system\CodeIgniter.php(410): CodeIgniter\CodeIgniter->runController(Object(App\Controllers\AdministrateurSuper))
#7 C:\Users\BTS SIO\Documents\BTS SIO\Projet\ppe_chopesgames\system\CodeIgniter.php(318): CodeIgniter\CodeIgniter->handleRequest(NULL, Object(Config\Cache), false)
#8 C:\Users\BTS SIO\Documents\BTS SIO\Projet\ppe_chopesgames\public\index.php(37): CodeIgniter\CodeIgniter->run()
#9 C:\Users\BTS SIO\Documents\BTS SIO\Projet\ppe_chopesgames\system\Commands\Server\rewrite.php(43): require_once('C:\\Users\\BTS SI...')
#10 {main}
CRITICAL - 2022-01-20 03:37:09 --> Call to undefined method CodeIgniter\View\View::where()
#0 C:\Users\BTS SIO\Documents\BTS SIO\Projet\ppe_chopesgames\system\View\View.php(214): include()
#1 C:\Users\BTS SIO\Documents\BTS SIO\Projet\ppe_chopesgames\system\View\View.php(217): CodeIgniter\View\View->CodeIgniter\View\{closure}()
#2 C:\Users\BTS SIO\Documents\BTS SIO\Projet\ppe_chopesgames\system\Common.php(1097): CodeIgniter\View\View->render('AdministrateurS...', Array, true)
#3 C:\Users\BTS SIO\Documents\BTS SIO\Projet\ppe_chopesgames\app\Controllers\AdministrateurSuper.php(53): view('AdministrateurS...')
#4 C:\Users\BTS SIO\Documents\BTS SIO\Projet\ppe_chopesgames\system\CodeIgniter.php(824): App\Controllers\AdministrateurSuper->modifier_un_admin()
#5 C:\Users\BTS SIO\Documents\BTS SIO\Projet\ppe_chopesgames\system\CodeIgniter.php(410): CodeIgniter\CodeIgniter->runController(Object(App\Controllers\AdministrateurSuper))
#6 C:\Users\BTS SIO\Documents\BTS SIO\Projet\ppe_chopesgames\system\CodeIgniter.php(318): CodeIgniter\CodeIgniter->handleRequest(NULL, Object(Config\Cache), false)
#7 C:\Users\BTS SIO\Documents\BTS SIO\Projet\ppe_chopesgames\public\index.php(37): CodeIgniter\CodeIgniter->run()
#8 C:\Users\BTS SIO\Documents\BTS SIO\Projet\ppe_chopesgames\system\Commands\Server\rewrite.php(43): require_once('C:\\Users\\BTS SI...')
#9 {main}
CRITICAL - 2022-01-20 03:37:56 --> Call to undefined method CodeIgniter\View\View::retourner_administrateur_par_id()
#0 C:\Users\BTS SIO\Documents\BTS SIO\Projet\ppe_chopesgames\system\View\View.php(214): include()
#1 C:\Users\BTS SIO\Documents\BTS SIO\Projet\ppe_chopesgames\system\View\View.php(217): CodeIgniter\View\View->CodeIgniter\View\{closure}()
#2 C:\Users\BTS SIO\Documents\BTS SIO\Projet\ppe_chopesgames\system\Common.php(1097): CodeIgniter\View\View->render('AdministrateurS...', Array, true)
#3 C:\Users\BTS SIO\Documents\BTS SIO\Projet\ppe_chopesgames\app\Controllers\AdministrateurSuper.php(53): view('AdministrateurS...')
#4 C:\Users\BTS SIO\Documents\BTS SIO\Projet\ppe_chopesgames\system\CodeIgniter.php(824): App\Controllers\AdministrateurSuper->modifier_un_admin()
#5 C:\Users\BTS SIO\Documents\BTS SIO\Projet\ppe_chopesgames\system\CodeIgniter.php(410): CodeIgniter\CodeIgniter->runController(Object(App\Controllers\AdministrateurSuper))
#6 C:\Users\BTS SIO\Documents\BTS SIO\Projet\ppe_chopesgames\system\CodeIgniter.php(318): CodeIgniter\CodeIgniter->handleRequest(NULL, Object(Config\Cache), false)
#7 C:\Users\BTS SIO\Documents\BTS SIO\Projet\ppe_chopesgames\public\index.php(37): CodeIgniter\CodeIgniter->run()
#8 C:\Users\BTS SIO\Documents\BTS SIO\Projet\ppe_chopesgames\system\Commands\Server\rewrite.php(43): require_once('C:\\Users\\BTS SI...')
#9 {main}
CRITICAL - 2022-01-20 03:38:08 --> Call to undefined method CodeIgniter\View\View::retourner_administrateur_par_id()
#0 C:\Users\BTS SIO\Documents\BTS SIO\Projet\ppe_chopesgames\system\View\View.php(214): include()
#1 C:\Users\BTS SIO\Documents\BTS SIO\Projet\ppe_chopesgames\system\View\View.php(217): CodeIgniter\View\View->CodeIgniter\View\{closure}()
#2 C:\Users\BTS SIO\Documents\BTS SIO\Projet\ppe_chopesgames\system\Common.php(1097): CodeIgniter\View\View->render('AdministrateurS...', Array, true)
#3 C:\Users\BTS SIO\Documents\BTS SIO\Projet\ppe_chopesgames\app\Controllers\AdministrateurSuper.php(53): view('AdministrateurS...')
#4 C:\Users\BTS SIO\Documents\BTS SIO\Projet\ppe_chopesgames\system\CodeIgniter.php(824): App\Controllers\AdministrateurSuper->modifier_un_admin()
#5 C:\Users\BTS SIO\Documents\BTS SIO\Projet\ppe_chopesgames\system\CodeIgniter.php(410): CodeIgniter\CodeIgniter->runController(Object(App\Controllers\AdministrateurSuper))
#6 C:\Users\BTS SIO\Documents\BTS SIO\Projet\ppe_chopesgames\system\CodeIgniter.php(318): CodeIgniter\CodeIgniter->handleRequest(NULL, Object(Config\Cache), false)
#7 C:\Users\BTS SIO\Documents\BTS SIO\Projet\ppe_chopesgames\public\index.php(37): CodeIgniter\CodeIgniter->run()
#8 C:\Users\BTS SIO\Documents\BTS SIO\Projet\ppe_chopesgames\system\Commands\Server\rewrite.php(43): require_once('C:\\Users\\BTS SI...')
#9 {main}
CRITICAL - 2022-01-20 03:40:24 --> Undefined variable: idadmin
#0 C:\Users\BTS SIO\Documents\BTS SIO\Projet\ppe_chopesgames\app\Views\AdministrateurSuper\modifier_un_admin.php(12): CodeIgniter\Debug\Exceptions->errorHandler(8, 'Undefined varia...', 'C:\\Users\\BTS SI...', 12, Array)
#1 C:\Users\BTS SIO\Documents\BTS SIO\Projet\ppe_chopesgames\system\View\View.php(214): include('C:\\Users\\BTS SI...')
#2 C:\Users\BTS SIO\Documents\BTS SIO\Projet\ppe_chopesgames\system\View\View.php(217): CodeIgniter\View\View->CodeIgniter\View\{closure}()
#3 C:\Users\BTS SIO\Documents\BTS SIO\Projet\ppe_chopesgames\system\Common.php(1097): CodeIgniter\View\View->render('AdministrateurS...', Array, true)
#4 C:\Users\BTS SIO\Documents\BTS SIO\Projet\ppe_chopesgames\app\Controllers\AdministrateurSuper.php(53): view('AdministrateurS...')
#5 C:\Users\BTS SIO\Documents\BTS SIO\Projet\ppe_chopesgames\system\CodeIgniter.php(824): App\Controllers\AdministrateurSuper->modifier_un_admin()
#6 C:\Users\BTS SIO\Documents\BTS SIO\Projet\ppe_chopesgames\system\CodeIgniter.php(410): CodeIgniter\CodeIgniter->runController(Object(App\Controllers\AdministrateurSuper))
#7 C:\Users\BTS SIO\Documents\BTS SIO\Projet\ppe_chopesgames\system\CodeIgniter.php(318): CodeIgniter\CodeIgniter->handleRequest(NULL, Object(Config\Cache), false)
#8 C:\Users\BTS SIO\Documents\BTS SIO\Projet\ppe_chopesgames\public\index.php(37): CodeIgniter\CodeIgniter->run()
#9 C:\Users\BTS SIO\Documents\BTS SIO\Projet\ppe_chopesgames\system\Commands\Server\rewrite.php(43): require_once('C:\\Users\\BTS SI...')
#10 {main}
CRITICAL - 2022-01-20 03:40:41 --> Too few arguments to function App\Controllers\AdministrateurSuper::modifier_un_admin(), 0 passed in C:\Users\BTS SIO\Documents\BTS SIO\Projet\ppe_chopesgames\system\CodeIgniter.php on line 824 and exactly 3 expected
#0 C:\Users\BTS SIO\Documents\BTS SIO\Projet\ppe_chopesgames\system\CodeIgniter.php(824): App\Controllers\AdministrateurSuper->modifier_un_admin()
#1 C:\Users\BTS SIO\Documents\BTS SIO\Projet\ppe_chopesgames\system\CodeIgniter.php(410): CodeIgniter\CodeIgniter->runController(Object(App\Controllers\AdministrateurSuper))
#2 C:\Users\BTS SIO\Documents\BTS SIO\Projet\ppe_chopesgames\system\CodeIgniter.php(318): CodeIgniter\CodeIgniter->handleRequest(NULL, Object(Config\Cache), false)
#3 C:\Users\BTS SIO\Documents\BTS SIO\Projet\ppe_chopesgames\public\index.php(37): CodeIgniter\CodeIgniter->run()
#4 C:\Users\BTS SIO\Documents\BTS SIO\Projet\ppe_chopesgames\system\Commands\Server\rewrite.php(43): require_once('C:\\Users\\BTS SI...')
#5 {main}
CRITICAL - 2022-01-20 03:42:35 --> Too few arguments to function App\Controllers\AdministrateurSuper::modifier_un_admin(), 0 passed in C:\Users\BTS SIO\Documents\BTS SIO\Projet\ppe_chopesgames\system\CodeIgniter.php on line 824 and exactly 3 expected
#0 C:\Users\BTS SIO\Documents\BTS SIO\Projet\ppe_chopesgames\system\CodeIgniter.php(824): App\Controllers\AdministrateurSuper->modifier_un_admin()
#1 C:\Users\BTS SIO\Documents\BTS SIO\Projet\ppe_chopesgames\system\CodeIgniter.php(410): CodeIgniter\CodeIgniter->runController(Object(App\Controllers\AdministrateurSuper))
#2 C:\Users\BTS SIO\Documents\BTS SIO\Projet\ppe_chopesgames\system\CodeIgniter.php(318): CodeIgniter\CodeIgniter->handleRequest(NULL, Object(Config\Cache), false)
#3 C:\Users\BTS SIO\Documents\BTS SIO\Projet\ppe_chopesgames\public\index.php(37): CodeIgniter\CodeIgniter->run()
#4 C:\Users\BTS SIO\Documents\BTS SIO\Projet\ppe_chopesgames\system\Commands\Server\rewrite.php(43): require_once('C:\\Users\\BTS SI...')
#5 {main}
CRITICAL - 2022-01-20 03:42:46 --> Undefined variable: idadmin
#0 C:\Users\BTS SIO\Documents\BTS SIO\Projet\ppe_chopesgames\app\Controllers\AdministrateurSuper.php(22): CodeIgniter\Debug\Exceptions->errorHandler(8, 'Undefined varia...', 'C:\\Users\\BTS SI...', 22, Array)
#1 C:\Users\BTS SIO\Documents\BTS SIO\Projet\ppe_chopesgames\system\CodeIgniter.php(824): App\Controllers\AdministrateurSuper->modifier_un_admin()
#2 C:\Users\BTS SIO\Documents\BTS SIO\Projet\ppe_chopesgames\system\CodeIgniter.php(410): CodeIgniter\CodeIgniter->runController(Object(App\Controllers\AdministrateurSuper))
#3 C:\Users\BTS SIO\Documents\BTS SIO\Projet\ppe_chopesgames\system\CodeIgniter.php(318): CodeIgniter\CodeIgniter->handleRequest(NULL, Object(Config\Cache), false)
#4 C:\Users\BTS SIO\Documents\BTS SIO\Projet\ppe_chopesgames\public\index.php(37): CodeIgniter\CodeIgniter->run()
#5 C:\Users\BTS SIO\Documents\BTS SIO\Projet\ppe_chopesgames\system\Commands\Server\rewrite.php(43): require_once('C:\\Users\\BTS SI...')
#6 {main}
CRITICAL - 2022-01-20 03:43:02 --> Undefined index: identifiant
#0 C:\Users\BTS SIO\Documents\BTS SIO\Projet\ppe_chopesgames\app\Views\AdministrateurSuper\modifier_un_admin.php(12): CodeIgniter\Debug\Exceptions->errorHandler(8, 'Undefined index...', 'C:\\Users\\BTS SI...', 12, Array)
#1 C:\Users\BTS SIO\Documents\BTS SIO\Projet\ppe_chopesgames\system\View\View.php(214): include('C:\\Users\\BTS SI...')
#2 C:\Users\BTS SIO\Documents\BTS SIO\Projet\ppe_chopesgames\system\View\View.php(217): CodeIgniter\View\View->CodeIgniter\View\{closure}()
#3 C:\Users\BTS SIO\Documents\BTS SIO\Projet\ppe_chopesgames\system\Common.php(1097): CodeIgniter\View\View->render('AdministrateurS...', Array, true)
#4 C:\Users\BTS SIO\Documents\BTS SIO\Projet\ppe_chopesgames\app\Controllers\AdministrateurSuper.php(51): view('AdministrateurS...')
#5 C:\Users\BTS SIO\Documents\BTS SIO\Projet\ppe_chopesgames\system\CodeIgniter.php(824): App\Controllers\AdministrateurSuper->modifier_un_admin()
#6 C:\Users\BTS SIO\Documents\BTS SIO\Projet\ppe_chopesgames\system\CodeIgniter.php(410): CodeIgniter\CodeIgniter->runController(Object(App\Controllers\AdministrateurSuper))
#7 C:\Users\BTS SIO\Documents\BTS SIO\Projet\ppe_chopesgames\system\CodeIgniter.php(318): CodeIgniter\CodeIgniter->handleRequest(NULL, Object(Config\Cache), false)
#8 C:\Users\BTS SIO\Documents\BTS SIO\Projet\ppe_chopesgames\public\index.php(37): CodeIgniter\CodeIgniter->run()
#9 C:\Users\BTS SIO\Documents\BTS SIO\Projet\ppe_chopesgames\system\Commands\Server\rewrite.php(43): require_once('C:\\Users\\BTS SI...')
#10 {main}
CRITICAL - 2022-01-20 03:43:22 --> Undefined index: identifiant
#0 C:\Users\BTS SIO\Documents\BTS SIO\Projet\ppe_chopesgames\app\Views\AdministrateurSuper\modifier_un_admin.php(12): CodeIgniter\Debug\Exceptions->errorHandler(8, 'Undefined index...', 'C:\\Users\\BTS SI...', 12, Array)
#1 C:\Users\BTS SIO\Documents\BTS SIO\Projet\ppe_chopesgames\system\View\View.php(214): include('C:\\Users\\BTS SI...')
#2 C:\Users\BTS SIO\Documents\BTS SIO\Projet\ppe_chopesgames\system\View\View.php(217): CodeIgniter\View\View->CodeIgniter\View\{closure}()
#3 C:\Users\BTS SIO\Documents\BTS SIO\Projet\ppe_chopesgames\system\Common.php(1097): CodeIgniter\View\View->render('AdministrateurS...', Array, true)
#4 C:\Users\BTS SIO\Documents\BTS SIO\Projet\ppe_chopesgames\app\Controllers\AdministrateurSuper.php(51): view('AdministrateurS...')
#5 C:\Users\BTS SIO\Documents\BTS SIO\Projet\ppe_chopesgames\system\CodeIgniter.php(824): App\Controllers\AdministrateurSuper->modifier_un_admin()
#6 C:\Users\BTS SIO\Documents\BTS SIO\Projet\ppe_chopesgames\system\CodeIgniter.php(410): CodeIgniter\CodeIgniter->runController(Object(App\Controllers\AdministrateurSuper))
#7 C:\Users\BTS SIO\Documents\BTS SIO\Projet\ppe_chopesgames\system\CodeIgniter.php(318): CodeIgniter\CodeIgniter->handleRequest(NULL, Object(Config\Cache), false)
#8 C:\Users\BTS SIO\Documents\BTS SIO\Projet\ppe_chopesgames\public\index.php(37): CodeIgniter\CodeIgniter->run()
#9 C:\Users\BTS SIO\Documents\BTS SIO\Projet\ppe_chopesgames\system\Commands\Server\rewrite.php(43): require_once('C:\\Users\\BTS SI...')
#10 {main}
CRITICAL - 2022-01-20 03:58:21 --> Undefined index: identifiant
#0 C:\Users\BTS SIO\Documents\BTS SIO\Projet\ppe_chopesgames\app\Views\AdministrateurSuper\modifier_un_admin.php(12): CodeIgniter\Debug\Exceptions->errorHandler(8, 'Undefined index...', 'C:\\Users\\BTS SI...', 12, Array)
#1 C:\Users\BTS SIO\Documents\BTS SIO\Projet\ppe_chopesgames\system\View\View.php(214): include('C:\\Users\\BTS SI...')
#2 C:\Users\BTS SIO\Documents\BTS SIO\Projet\ppe_chopesgames\system\View\View.php(217): CodeIgniter\View\View->CodeIgniter\View\{closure}()
#3 C:\Users\BTS SIO\Documents\BTS SIO\Projet\ppe_chopesgames\system\Common.php(1097): CodeIgniter\View\View->render('AdministrateurS...', Array, true)
#4 C:\Users\BTS SIO\Documents\BTS SIO\Projet\ppe_chopesgames\app\Controllers\AdministrateurSuper.php(51): view('AdministrateurS...')
#5 C:\Users\BTS SIO\Documents\BTS SIO\Projet\ppe_chopesgames\system\CodeIgniter.php(824): App\Controllers\AdministrateurSuper->modifier_un_admin()
#6 C:\Users\BTS SIO\Documents\BTS SIO\Projet\ppe_chopesgames\system\CodeIgniter.php(410): CodeIgniter\CodeIgniter->runController(Object(App\Controllers\AdministrateurSuper))
#7 C:\Users\BTS SIO\Documents\BTS SIO\Projet\ppe_chopesgames\system\CodeIgniter.php(318): CodeIgniter\CodeIgniter->handleRequest(NULL, Object(Config\Cache), false)
#8 C:\Users\BTS SIO\Documents\BTS SIO\Projet\ppe_chopesgames\public\index.php(37): CodeIgniter\CodeIgniter->run()
#9 C:\Users\BTS SIO\Documents\BTS SIO\Projet\ppe_chopesgames\system\Commands\Server\rewrite.php(43): require_once('C:\\Users\\BTS SI...')
#10 {main}
CRITICAL - 2022-01-20 04:03:49 --> Undefined variable: id
#0 C:\Users\BTS SIO\Documents\BTS SIO\Projet\ppe_chopesgames\app\Views\AdministrateurSuper\modifier_un_admin.php(12): CodeIgniter\Debug\Exceptions->errorHandler(8, 'Undefined varia...', 'C:\\Users\\BTS SI...', 12, Array)
#1 C:\Users\BTS SIO\Documents\BTS SIO\Projet\ppe_chopesgames\system\View\View.php(214): include('C:\\Users\\BTS SI...')
#2 C:\Users\BTS SIO\Documents\BTS SIO\Projet\ppe_chopesgames\system\View\View.php(217): CodeIgniter\View\View->CodeIgniter\View\{closure}()
#3 C:\Users\BTS SIO\Documents\BTS SIO\Projet\ppe_chopesgames\system\Common.php(1097): CodeIgniter\View\View->render('AdministrateurS...', Array, true)
#4 C:\Users\BTS SIO\Documents\BTS SIO\Projet\ppe_chopesgames\app\Controllers\AdministrateurSuper.php(51): view('AdministrateurS...')
#5 C:\Users\BTS SIO\Documents\BTS SIO\Projet\ppe_chopesgames\system\CodeIgniter.php(824): App\Controllers\AdministrateurSuper->modifier_un_admin()
#6 C:\Users\BTS SIO\Documents\BTS SIO\Projet\ppe_chopesgames\system\CodeIgniter.php(410): CodeIgniter\CodeIgniter->runController(Object(App\Controllers\AdministrateurSuper))
#7 C:\Users\BTS SIO\Documents\BTS SIO\Projet\ppe_chopesgames\system\CodeIgniter.php(318): CodeIgniter\CodeIgniter->handleRequest(NULL, Object(Config\Cache), false)
#8 C:\Users\BTS SIO\Documents\BTS SIO\Projet\ppe_chopesgames\public\index.php(37): CodeIgniter\CodeIgniter->run()
#9 C:\Users\BTS SIO\Documents\BTS SIO\Projet\ppe_chopesgames\system\Commands\Server\rewrite.php(43): require_once('C:\\Users\\BTS SI...')
#10 {main}
CRITICAL - 2022-01-20 04:05:23 --> Undefined variable: admin
#0 C:\Users\BTS SIO\Documents\BTS SIO\Projet\ppe_chopesgames\app\Views\AdministrateurSuper\modifier_un_admin.php(13): CodeIgniter\Debug\Exceptions->errorHandler(8, 'Undefined varia...', 'C:\\Users\\BTS SI...', 13, Array)
#1 C:\Users\BTS SIO\Documents\BTS SIO\Projet\ppe_chopesgames\system\View\View.php(214): include('C:\\Users\\BTS SI...')
#2 C:\Users\BTS SIO\Documents\BTS SIO\Projet\ppe_chopesgames\system\View\View.php(217): CodeIgniter\View\View->CodeIgniter\View\{closure}()
#3 C:\Users\BTS SIO\Documents\BTS SIO\Projet\ppe_chopesgames\system\Common.php(1097): CodeIgniter\View\View->render('AdministrateurS...', Array, true)
#4 C:\Users\BTS SIO\Documents\BTS SIO\Projet\ppe_chopesgames\app\Controllers\AdministrateurSuper.php(51): view('AdministrateurS...')
#5 C:\Users\BTS SIO\Documents\BTS SIO\Projet\ppe_chopesgames\system\CodeIgniter.php(824): App\Controllers\AdministrateurSuper->modifier_un_admin()
#6 C:\Users\BTS SIO\Documents\BTS SIO\Projet\ppe_chopesgames\system\CodeIgniter.php(410): CodeIgniter\CodeIgniter->runController(Object(App\Controllers\AdministrateurSuper))
#7 C:\Users\BTS SIO\Documents\BTS SIO\Projet\ppe_chopesgames\system\CodeIgniter.php(318): CodeIgniter\CodeIgniter->handleRequest(NULL, Object(Config\Cache), false)
#8 C:\Users\BTS SIO\Documents\BTS SIO\Projet\ppe_chopesgames\public\index.php(37): CodeIgniter\CodeIgniter->run()
#9 C:\Users\BTS SIO\Documents\BTS SIO\Projet\ppe_chopesgames\system\Commands\Server\rewrite.php(43): require_once('C:\\Users\\BTS SI...')
#10 {main}
CRITICAL - 2022-01-20 04:08:34 --> syntax error, unexpected end of file
#0 C:\Users\BTS SIO\Documents\BTS SIO\Projet\ppe_chopesgames\system\View\View.php(217): CodeIgniter\View\View->CodeIgniter\View\{closure}()
#1 C:\Users\BTS SIO\Documents\BTS SIO\Projet\ppe_chopesgames\system\Common.php(1097): CodeIgniter\View\View->render('AdministrateurS...', Array, true)
#2 C:\Users\BTS SIO\Documents\BTS SIO\Projet\ppe_chopesgames\app\Controllers\AdministrateurSuper.php(51): view('AdministrateurS...')
#3 C:\Users\BTS SIO\Documents\BTS SIO\Projet\ppe_chopesgames\system\CodeIgniter.php(824): App\Controllers\AdministrateurSuper->modifier_un_admin()
#4 C:\Users\BTS SIO\Documents\BTS SIO\Projet\ppe_chopesgames\system\CodeIgniter.php(410): CodeIgniter\CodeIgniter->runController(Object(App\Controllers\AdministrateurSuper))
#5 C:\Users\BTS SIO\Documents\BTS SIO\Projet\ppe_chopesgames\system\CodeIgniter.php(318): CodeIgniter\CodeIgniter->handleRequest(NULL, Object(Config\Cache), false)
#6 C:\Users\BTS SIO\Documents\BTS SIO\Projet\ppe_chopesgames\public\index.php(37): CodeIgniter\CodeIgniter->run()
#7 C:\Users\BTS SIO\Documents\BTS SIO\Projet\ppe_chopesgames\system\Commands\Server\rewrite.php(43): require_once('C:\\Users\\BTS SI...')
#8 {main}
CRITICAL - 2022-01-20 04:11:39 --> syntax error, unexpected end of file
#0 C:\Users\BTS SIO\Documents\BTS SIO\Projet\ppe_chopesgames\system\View\View.php(217): CodeIgniter\View\View->CodeIgniter\View\{closure}()
#1 C:\Users\BTS SIO\Documents\BTS SIO\Projet\ppe_chopesgames\system\Common.php(1097): CodeIgniter\View\View->render('AdministrateurS...', Array, true)
#2 C:\Users\BTS SIO\Documents\BTS SIO\Projet\ppe_chopesgames\app\Controllers\AdministrateurSuper.php(51): view('AdministrateurS...')
#3 C:\Users\BTS SIO\Documents\BTS SIO\Projet\ppe_chopesgames\system\CodeIgniter.php(824): App\Controllers\AdministrateurSuper->modifier_un_admin()
#4 C:\Users\BTS SIO\Documents\BTS SIO\Projet\ppe_chopesgames\system\CodeIgniter.php(410): CodeIgniter\CodeIgniter->runController(Object(App\Controllers\AdministrateurSuper))
#5 C:\Users\BTS SIO\Documents\BTS SIO\Projet\ppe_chopesgames\system\CodeIgniter.php(318): CodeIgniter\CodeIgniter->handleRequest(NULL, Object(Config\Cache), false)
#6 C:\Users\BTS SIO\Documents\BTS SIO\Projet\ppe_chopesgames\public\index.php(37): CodeIgniter\CodeIgniter->run()
#7 C:\Users\BTS SIO\Documents\BTS SIO\Projet\ppe_chopesgames\system\Commands\Server\rewrite.php(43): require_once('C:\\Users\\BTS SI...')
#8 {main}
CRITICAL - 2022-01-20 04:11:44 --> syntax error, unexpected ''/'' (T_CONSTANT_ENCAPSED_STRING), expecting ')'
#0 C:\Users\BTS SIO\Documents\BTS SIO\Projet\ppe_chopesgames\system\View\View.php(217): CodeIgniter\View\View->CodeIgniter\View\{closure}()
#1 C:\Users\BTS SIO\Documents\BTS SIO\Projet\ppe_chopesgames\system\Common.php(1097): CodeIgniter\View\View->render('AdministrateurS...', Array, true)
#2 C:\Users\BTS SIO\Documents\BTS SIO\Projet\ppe_chopesgames\app\Controllers\AdministrateurSuper.php(95): view('AdministrateurS...')
#3 C:\Users\BTS SIO\Documents\BTS SIO\Projet\ppe_chopesgames\system\CodeIgniter.php(824): App\Controllers\AdministrateurSuper->afficher_les_admins()
#4 C:\Users\BTS SIO\Documents\BTS SIO\Projet\ppe_chopesgames\system\CodeIgniter.php(410): CodeIgniter\CodeIgniter->runController(Object(App\Controllers\AdministrateurSuper))
#5 C:\Users\BTS SIO\Documents\BTS SIO\Projet\ppe_chopesgames\system\CodeIgniter.php(318): CodeIgniter\CodeIgniter->handleRequest(NULL, Object(Config\Cache), false)
#6 C:\Users\BTS SIO\Documents\BTS SIO\Projet\ppe_chopesgames\public\index.php(37): CodeIgniter\CodeIgniter->run()
#7 C:\Users\BTS SIO\Documents\BTS SIO\Projet\ppe_chopesgames\system\Commands\Server\rewrite.php(43): require_once('C:\\Users\\BTS SI...')
#8 {main}
CRITICAL - 2022-01-20 04:11:51 --> syntax error, unexpected ''/'' (T_CONSTANT_ENCAPSED_STRING), expecting ')'
#0 C:\Users\BTS SIO\Documents\BTS SIO\Projet\ppe_chopesgames\system\View\View.php(217): CodeIgniter\View\View->CodeIgniter\View\{closure}()
#1 C:\Users\BTS SIO\Documents\BTS SIO\Projet\ppe_chopesgames\system\Common.php(1097): CodeIgniter\View\View->render('AdministrateurS...', Array, true)
#2 C:\Users\BTS SIO\Documents\BTS SIO\Projet\ppe_chopesgames\app\Controllers\AdministrateurSuper.php(95): view('AdministrateurS...')
#3 C:\Users\BTS SIO\Documents\BTS SIO\Projet\ppe_chopesgames\system\CodeIgniter.php(824): App\Controllers\AdministrateurSuper->afficher_les_admins()
#4 C:\Users\BTS SIO\Documents\BTS SIO\Projet\ppe_chopesgames\system\CodeIgniter.php(410): CodeIgniter\CodeIgniter->runController(Object(App\Controllers\AdministrateurSuper))
#5 C:\Users\BTS SIO\Documents\BTS SIO\Projet\ppe_chopesgames\system\CodeIgniter.php(318): CodeIgniter\CodeIgniter->handleRequest(NULL, Object(Config\Cache), false)
#6 C:\Users\BTS SIO\Documents\BTS SIO\Projet\ppe_chopesgames\public\index.php(37): CodeIgniter\CodeIgniter->run()
#7 C:\Users\BTS SIO\Documents\BTS SIO\Projet\ppe_chopesgames\system\Commands\Server\rewrite.php(43): require_once('C:\\Users\\BTS SI...')
#8 {main}
CRITICAL - 2022-01-20 04:22:16 --> syntax error, unexpected end of file
#0 C:\Users\BTS SIO\Documents\BTS SIO\Projet\ppe_chopesgames\system\View\View.php(217): CodeIgniter\View\View->CodeIgniter\View\{closure}()
#1 C:\Users\BTS SIO\Documents\BTS SIO\Projet\ppe_chopesgames\system\Common.php(1097): CodeIgniter\View\View->render('AdministrateurS...', Array, true)
#2 C:\Users\BTS SIO\Documents\BTS SIO\Projet\ppe_chopesgames\app\Controllers\AdministrateurSuper.php(51): view('AdministrateurS...')
#3 C:\Users\BTS SIO\Documents\BTS SIO\Projet\ppe_chopesgames\system\CodeIgniter.php(824): App\Controllers\AdministrateurSuper->modifier_un_admin()
#4 C:\Users\BTS SIO\Documents\BTS SIO\Projet\ppe_chopesgames\system\CodeIgniter.php(410): CodeIgniter\CodeIgniter->runController(Object(App\Controllers\AdministrateurSuper))
#5 C:\Users\BTS SIO\Documents\BTS SIO\Projet\ppe_chopesgames\system\CodeIgniter.php(318): CodeIgniter\CodeIgniter->handleRequest(NULL, Object(Config\Cache), false)
#6 C:\Users\BTS SIO\Documents\BTS SIO\Projet\ppe_chopesgames\public\index.php(37): CodeIgniter\CodeIgniter->run()
#7 C:\Users\BTS SIO\Documents\BTS SIO\Projet\ppe_chopesgames\system\Commands\Server\rewrite.php(43): require_once('C:\\Users\\BTS SI...')
#8 {main}
CRITICAL - 2022-01-20 04:22:35 --> syntax error, unexpected end of file
#0 C:\Users\BTS SIO\Documents\BTS SIO\Projet\ppe_chopesgames\system\View\View.php(217): CodeIgniter\View\View->CodeIgniter\View\{closure}()
#1 C:\Users\BTS SIO\Documents\BTS SIO\Projet\ppe_chopesgames\system\Common.php(1097): CodeIgniter\View\View->render('AdministrateurS...', Array, true)
#2 C:\Users\BTS SIO\Documents\BTS SIO\Projet\ppe_chopesgames\app\Controllers\AdministrateurSuper.php(51): view('AdministrateurS...')
#3 C:\Users\BTS SIO\Documents\BTS SIO\Projet\ppe_chopesgames\system\CodeIgniter.php(824): App\Controllers\AdministrateurSuper->modifier_un_admin()
#4 C:\Users\BTS SIO\Documents\BTS SIO\Projet\ppe_chopesgames\system\CodeIgniter.php(410): CodeIgniter\CodeIgniter->runController(Object(App\Controllers\AdministrateurSuper))
#5 C:\Users\BTS SIO\Documents\BTS SIO\Projet\ppe_chopesgames\system\CodeIgniter.php(318): CodeIgniter\CodeIgniter->handleRequest(NULL, Object(Config\Cache), false)
#6 C:\Users\BTS SIO\Documents\BTS SIO\Projet\ppe_chopesgames\public\index.php(37): CodeIgniter\CodeIgniter->run()
#7 C:\Users\BTS SIO\Documents\BTS SIO\Projet\ppe_chopesgames\system\Commands\Server\rewrite.php(43): require_once('C:\\Users\\BTS SI...')
#8 {main}
CRITICAL - 2022-01-20 04:22:50 --> syntax error, unexpected end of file
#0 C:\Users\BTS SIO\Documents\BTS SIO\Projet\ppe_chopesgames\system\View\View.php(217): CodeIgniter\View\View->CodeIgniter\View\{closure}()
#1 C:\Users\BTS SIO\Documents\BTS SIO\Projet\ppe_chopesgames\system\Common.php(1097): CodeIgniter\View\View->render('AdministrateurS...', Array, true)
#2 C:\Users\BTS SIO\Documents\BTS SIO\Projet\ppe_chopesgames\app\Controllers\AdministrateurSuper.php(51): view('AdministrateurS...')
#3 C:\Users\BTS SIO\Documents\BTS SIO\Projet\ppe_chopesgames\system\CodeIgniter.php(824): App\Controllers\AdministrateurSuper->modifier_un_admin()
#4 C:\Users\BTS SIO\Documents\BTS SIO\Projet\ppe_chopesgames\system\CodeIgniter.php(410): CodeIgniter\CodeIgniter->runController(Object(App\Controllers\AdministrateurSuper))
#5 C:\Users\BTS SIO\Documents\BTS SIO\Projet\ppe_chopesgames\system\CodeIgniter.php(318): CodeIgniter\CodeIgniter->handleRequest(NULL, Object(Config\Cache), false)
#6 C:\Users\BTS SIO\Documents\BTS SIO\Projet\ppe_chopesgames\public\index.php(37): CodeIgniter\CodeIgniter->run()
#7 C:\Users\BTS SIO\Documents\BTS SIO\Projet\ppe_chopesgames\system\Commands\Server\rewrite.php(43): require_once('C:\\Users\\BTS SI...')
#8 {main}
CRITICAL - 2022-01-20 04:29:17 --> syntax error, unexpected end of file
#0 C:\Users\BTS SIO\Documents\BTS SIO\Projet\ppe_chopesgames\system\View\View.php(217): CodeIgniter\View\View->CodeIgniter\View\{closure}()
#1 C:\Users\BTS SIO\Documents\BTS SIO\Projet\ppe_chopesgames\system\Common.php(1097): CodeIgniter\View\View->render('AdministrateurS...', Array, true)
#2 C:\Users\BTS SIO\Documents\BTS SIO\Projet\ppe_chopesgames\app\Controllers\AdministrateurSuper.php(51): view('AdministrateurS...')
#3 C:\Users\BTS SIO\Documents\BTS SIO\Projet\ppe_chopesgames\system\CodeIgniter.php(824): App\Controllers\AdministrateurSuper->modifier_un_admin()
#4 C:\Users\BTS SIO\Documents\BTS SIO\Projet\ppe_chopesgames\system\CodeIgniter.php(410): CodeIgniter\CodeIgniter->runController(Object(App\Controllers\AdministrateurSuper))
#5 C:\Users\BTS SIO\Documents\BTS SIO\Projet\ppe_chopesgames\system\CodeIgniter.php(318): CodeIgniter\CodeIgniter->handleRequest(NULL, Object(Config\Cache), false)
#6 C:\Users\BTS SIO\Documents\BTS SIO\Projet\ppe_chopesgames\public\index.php(37): CodeIgniter\CodeIgniter->run()
#7 C:\Users\BTS SIO\Documents\BTS SIO\Projet\ppe_chopesgames\system\Commands\Server\rewrite.php(43): require_once('C:\\Users\\BTS SI...')
#8 {main}
CRITICAL - 2022-01-20 04:29:37 --> syntax error, unexpected end of file
#0 C:\Users\BTS SIO\Documents\BTS SIO\Projet\ppe_chopesgames\system\View\View.php(217): CodeIgniter\View\View->CodeIgniter\View\{closure}()
#1 C:\Users\BTS SIO\Documents\BTS SIO\Projet\ppe_chopesgames\system\Common.php(1097): CodeIgniter\View\View->render('AdministrateurS...', Array, true)
#2 C:\Users\BTS SIO\Documents\BTS SIO\Projet\ppe_chopesgames\app\Controllers\AdministrateurSuper.php(51): view('AdministrateurS...')
#3 C:\Users\BTS SIO\Documents\BTS SIO\Projet\ppe_chopesgames\system\CodeIgniter.php(824): App\Controllers\AdministrateurSuper->modifier_un_admin()
#4 C:\Users\BTS SIO\Documents\BTS SIO\Projet\ppe_chopesgames\system\CodeIgniter.php(410): CodeIgniter\CodeIgniter->runController(Object(App\Controllers\AdministrateurSuper))
#5 C:\Users\BTS SIO\Documents\BTS SIO\Projet\ppe_chopesgames\system\CodeIgniter.php(318): CodeIgniter\CodeIgniter->handleRequest(NULL, Object(Config\Cache), false)
#6 C:\Users\BTS SIO\Documents\BTS SIO\Projet\ppe_chopesgames\public\index.php(37): CodeIgniter\CodeIgniter->run()
#7 C:\Users\BTS SIO\Documents\BTS SIO\Projet\ppe_chopesgames\system\Commands\Server\rewrite.php(43): require_once('C:\\Users\\BTS SI...')
#8 {main}
CRITICAL - 2022-01-20 04:30:05 --> syntax error, unexpected end of file
#0 C:\Users\BTS SIO\Documents\BTS SIO\Projet\ppe_chopesgames\system\View\View.php(217): CodeIgniter\View\View->CodeIgniter\View\{closure}()
#1 C:\Users\BTS SIO\Documents\BTS SIO\Projet\ppe_chopesgames\system\Common.php(1097): CodeIgniter\View\View->render('AdministrateurS...', Array, true)
#2 C:\Users\BTS SIO\Documents\BTS SIO\Projet\ppe_chopesgames\app\Controllers\AdministrateurSuper.php(51): view('AdministrateurS...')
#3 C:\Users\BTS SIO\Documents\BTS SIO\Projet\ppe_chopesgames\system\CodeIgniter.php(824): App\Controllers\AdministrateurSuper->modifier_un_admin()
#4 C:\Users\BTS SIO\Documents\BTS SIO\Projet\ppe_chopesgames\system\CodeIgniter.php(410): CodeIgniter\CodeIgniter->runController(Object(App\Controllers\AdministrateurSuper))
#5 C:\Users\BTS SIO\Documents\BTS SIO\Projet\ppe_chopesgames\system\CodeIgniter.php(318): CodeIgniter\CodeIgniter->handleRequest(NULL, Object(Config\Cache), false)
#6 C:\Users\BTS SIO\Documents\BTS SIO\Projet\ppe_chopesgames\public\index.php(37): CodeIgniter\CodeIgniter->run()
#7 C:\Users\BTS SIO\Documents\BTS SIO\Projet\ppe_chopesgames\system\Commands\Server\rewrite.php(43): require_once('C:\\Users\\BTS SI...')
#8 {main}
CRITICAL - 2022-01-20 08:56:16 --> Call to undefined function set_value()
#0 C:\Users\BTS SIO\Documents\BTS SIO\Projet\ppe_chopesgames\system\View\View.php(214): include()
#1 C:\Users\BTS SIO\Documents\BTS SIO\Projet\ppe_chopesgames\system\View\View.php(217): CodeIgniter\View\View->CodeIgniter\View\{closure}()
#2 C:\Users\BTS SIO\Documents\BTS SIO\Projet\ppe_chopesgames\system\Common.php(1097): CodeIgniter\View\View->render('templates/foote...', Array, true)
#3 C:\Users\BTS SIO\Documents\BTS SIO\Projet\ppe_chopesgames\app\Controllers\AdministrateurEmploye.php(21): view('templates/foote...')
#4 C:\Users\BTS SIO\Documents\BTS SIO\Projet\ppe_chopesgames\system\CodeIgniter.php(824): App\Controllers\AdministrateurEmploye->afficher_les_clients()
#5 C:\Users\BTS SIO\Documents\BTS SIO\Projet\ppe_chopesgames\system\CodeIgniter.php(410): CodeIgniter\CodeIgniter->runController(Object(App\Controllers\AdministrateurEmploye))
#6 C:\Users\BTS SIO\Documents\BTS SIO\Projet\ppe_chopesgames\system\CodeIgniter.php(318): CodeIgniter\CodeIgniter->handleRequest(NULL, Object(Config\Cache), false)
#7 C:\Users\BTS SIO\Documents\BTS SIO\Projet\ppe_chopesgames\public\index.php(37): CodeIgniter\CodeIgniter->run()
#8 C:\Users\BTS SIO\Documents\BTS SIO\Projet\ppe_chopesgames\system\Commands\Server\rewrite.php(43): require_once('C:\\Users\\BTS SI...')
#9 {main}
CRITICAL - 2022-01-20 08:56:27 --> Call to undefined function set_value()
#0 C:\Users\BTS SIO\Documents\BTS SIO\Projet\ppe_chopesgames\system\View\View.php(214): include()
#1 C:\Users\BTS SIO\Documents\BTS SIO\Projet\ppe_chopesgames\system\View\View.php(217): CodeIgniter\View\View->CodeIgniter\View\{closure}()
#2 C:\Users\BTS SIO\Documents\BTS SIO\Projet\ppe_chopesgames\system\Common.php(1097): CodeIgniter\View\View->render('templates/foote...', Array, true)
#3 C:\Users\BTS SIO\Documents\BTS SIO\Projet\ppe_chopesgames\app\Controllers\AdministrateurEmploye.php(37): view('templates/foote...')
#4 C:\Users\BTS SIO\Documents\BTS SIO\Projet\ppe_chopesgames\system\CodeIgniter.php(824): App\Controllers\AdministrateurEmploye->historique_des_commandes('1')
#5 C:\Users\BTS SIO\Documents\BTS SIO\Projet\ppe_chopesgames\system\CodeIgniter.php(410): CodeIgniter\CodeIgniter->runController(Object(App\Controllers\AdministrateurEmploye))
#6 C:\Users\BTS SIO\Documents\BTS SIO\Projet\ppe_chopesgames\system\CodeIgniter.php(318): CodeIgniter\CodeIgniter->handleRequest(NULL, Object(Config\Cache), false)
#7 C:\Users\BTS SIO\Documents\BTS SIO\Projet\ppe_chopesgames\public\index.php(37): CodeIgniter\CodeIgniter->run()
#8 C:\Users\BTS SIO\Documents\BTS SIO\Projet\ppe_chopesgames\system\Commands\Server\rewrite.php(43): require_once('C:\\Users\\BTS SI...')
#9 {main}
CRITICAL - 2022-01-20 08:57:15 --> syntax error, unexpected end of file
#0 C:\Users\BTS SIO\Documents\BTS SIO\Projet\ppe_chopesgames\system\View\View.php(217): CodeIgniter\View\View->CodeIgniter\View\{closure}()
#1 C:\Users\BTS SIO\Documents\BTS SIO\Projet\ppe_chopesgames\system\Common.php(1097): CodeIgniter\View\View->render('AdministrateurS...', Array, true)
#2 C:\Users\BTS SIO\Documents\BTS SIO\Projet\ppe_chopesgames\app\Controllers\AdministrateurSuper.php(51): view('AdministrateurS...')
#3 C:\Users\BTS SIO\Documents\BTS SIO\Projet\ppe_chopesgames\system\CodeIgniter.php(824): App\Controllers\AdministrateurSuper->modifier_un_admin()
#4 C:\Users\BTS SIO\Documents\BTS SIO\Projet\ppe_chopesgames\system\CodeIgniter.php(410): CodeIgniter\CodeIgniter->runController(Object(App\Controllers\AdministrateurSuper))
#5 C:\Users\BTS SIO\Documents\BTS SIO\Projet\ppe_chopesgames\system\CodeIgniter.php(318): CodeIgniter\CodeIgniter->handleRequest(NULL, Object(Config\Cache), false)
#6 C:\Users\BTS SIO\Documents\BTS SIO\Projet\ppe_chopesgames\public\index.php(37): CodeIgniter\CodeIgniter->run()
#7 C:\Users\BTS SIO\Documents\BTS SIO\Projet\ppe_chopesgames\system\Commands\Server\rewrite.php(43): require_once('C:\\Users\\BTS SI...')
#8 {main}
CRITICAL - 2022-01-20 09:36:04 --> syntax error, unexpected '?>'
#0 C:\Users\BTS SIO\Documents\BTS SIO\Projet\ppe_chopesgames\system\View\View.php(217): CodeIgniter\View\View->CodeIgniter\View\{closure}()
#1 C:\Users\BTS SIO\Documents\BTS SIO\Projet\ppe_chopesgames\system\Common.php(1097): CodeIgniter\View\View->render('AdministrateurS...', Array, true)
#2 C:\Users\BTS SIO\Documents\BTS SIO\Projet\ppe_chopesgames\app\Controllers\AdministrateurSuper.php(55): view('AdministrateurS...')
#3 C:\Users\BTS SIO\Documents\BTS SIO\Projet\ppe_chopesgames\system\CodeIgniter.php(824): App\Controllers\AdministrateurSuper->modifier_un_admin('0000000003')
#4 C:\Users\BTS SIO\Documents\BTS SIO\Projet\ppe_chopesgames\system\CodeIgniter.php(410): CodeIgniter\CodeIgniter->runController(Object(App\Controllers\AdministrateurSuper))
#5 C:\Users\BTS SIO\Documents\BTS SIO\Projet\ppe_chopesgames\system\CodeIgniter.php(318): CodeIgniter\CodeIgniter->handleRequest(NULL, Object(Config\Cache), false)
#6 C:\Users\BTS SIO\Documents\BTS SIO\Projet\ppe_chopesgames\public\index.php(37): CodeIgniter\CodeIgniter->run()
#7 C:\Users\BTS SIO\Documents\BTS SIO\Projet\ppe_chopesgames\system\Commands\Server\rewrite.php(43): require_once('C:\\Users\\BTS SI...')
#8 {main}
CRITICAL - 2022-01-20 09:36:31 --> Undefined property: CodeIgniter\View\View::$request
#0 C:\Users\BTS SIO\Documents\BTS SIO\Projet\ppe_chopesgames\app\Views\AdministrateurSuper\modifier_un_admin.php(16): CodeIgniter\Debug\Exceptions->errorHandler(8, 'Undefined prope...', 'C:\\Users\\BTS SI...', 16, Array)
#1 C:\Users\BTS SIO\Documents\BTS SIO\Projet\ppe_chopesgames\system\View\View.php(214): include('C:\\Users\\BTS SI...')
#2 C:\Users\BTS SIO\Documents\BTS SIO\Projet\ppe_chopesgames\system\View\View.php(217): CodeIgniter\View\View->CodeIgniter\View\{closure}()
#3 C:\Users\BTS SIO\Documents\BTS SIO\Projet\ppe_chopesgames\system\Common.php(1097): CodeIgniter\View\View->render('AdministrateurS...', Array, true)
#4 C:\Users\BTS SIO\Documents\BTS SIO\Projet\ppe_chopesgames\app\Controllers\AdministrateurSuper.php(55): view('AdministrateurS...')
#5 C:\Users\BTS SIO\Documents\BTS SIO\Projet\ppe_chopesgames\system\CodeIgniter.php(824): App\Controllers\AdministrateurSuper->modifier_un_admin('0000000003')
#6 C:\Users\BTS SIO\Documents\BTS SIO\Projet\ppe_chopesgames\system\CodeIgniter.php(410): CodeIgniter\CodeIgniter->runController(Object(App\Controllers\AdministrateurSuper))
#7 C:\Users\BTS SIO\Documents\BTS SIO\Projet\ppe_chopesgames\system\CodeIgniter.php(318): CodeIgniter\CodeIgniter->handleRequest(NULL, Object(Config\Cache), false)
#8 C:\Users\BTS SIO\Documents\BTS SIO\Projet\ppe_chopesgames\public\index.php(37): CodeIgniter\CodeIgniter->run()
#9 C:\Users\BTS SIO\Documents\BTS SIO\Projet\ppe_chopesgames\system\Commands\Server\rewrite.php(43): require_once('C:\\Users\\BTS SI...')
#10 {main}
CRITICAL - 2022-01-20 09:36:55 --> Undefined index: mail
#0 C:\Users\BTS SIO\Documents\BTS SIO\Projet\ppe_chopesgames\app\Views\AdministrateurSuper\modifier_un_admin.php(16): CodeIgniter\Debug\Exceptions->errorHandler(8, 'Undefined index...', 'C:\\Users\\BTS SI...', 16, Array)
#1 C:\Users\BTS SIO\Documents\BTS SIO\Projet\ppe_chopesgames\system\View\View.php(214): include('C:\\Users\\BTS SI...')
#2 C:\Users\BTS SIO\Documents\BTS SIO\Projet\ppe_chopesgames\system\View\View.php(217): CodeIgniter\View\View->CodeIgniter\View\{closure}()
#3 C:\Users\BTS SIO\Documents\BTS SIO\Projet\ppe_chopesgames\system\Common.php(1097): CodeIgniter\View\View->render('AdministrateurS...', Array, true)
#4 C:\Users\BTS SIO\Documents\BTS SIO\Projet\ppe_chopesgames\app\Controllers\AdministrateurSuper.php(55): view('AdministrateurS...')
#5 C:\Users\BTS SIO\Documents\BTS SIO\Projet\ppe_chopesgames\system\CodeIgniter.php(824): App\Controllers\AdministrateurSuper->modifier_un_admin('0000000003')
#6 C:\Users\BTS SIO\Documents\BTS SIO\Projet\ppe_chopesgames\system\CodeIgniter.php(410): CodeIgniter\CodeIgniter->runController(Object(App\Controllers\AdministrateurSuper))
#7 C:\Users\BTS SIO\Documents\BTS SIO\Projet\ppe_chopesgames\system\CodeIgniter.php(318): CodeIgniter\CodeIgniter->handleRequest(NULL, Object(Config\Cache), false)
#8 C:\Users\BTS SIO\Documents\BTS SIO\Projet\ppe_chopesgames\public\index.php(37): CodeIgniter\CodeIgniter->run()
#9 C:\Users\BTS SIO\Documents\BTS SIO\Projet\ppe_chopesgames\system\Commands\Server\rewrite.php(43): require_once('C:\\Users\\BTS SI...')
#10 {main}
CRITICAL - 2022-01-20 09:37:03 --> Undefined index: email
#0 C:\Users\BTS SIO\Documents\BTS SIO\Projet\ppe_chopesgames\app\Views\AdministrateurSuper\modifier_un_admin.php(16): CodeIgniter\Debug\Exceptions->errorHandler(8, 'Undefined index...', 'C:\\Users\\BTS SI...', 16, Array)
#1 C:\Users\BTS SIO\Documents\BTS SIO\Projet\ppe_chopesgames\system\View\View.php(214): include('C:\\Users\\BTS SI...')
#2 C:\Users\BTS SIO\Documents\BTS SIO\Projet\ppe_chopesgames\system\View\View.php(217): CodeIgniter\View\View->CodeIgniter\View\{closure}()
#3 C:\Users\BTS SIO\Documents\BTS SIO\Projet\ppe_chopesgames\system\Common.php(1097): CodeIgniter\View\View->render('AdministrateurS...', Array, true)
#4 C:\Users\BTS SIO\Documents\BTS SIO\Projet\ppe_chopesgames\app\Controllers\AdministrateurSuper.php(55): view('AdministrateurS...')
#5 C:\Users\BTS SIO\Documents\BTS SIO\Projet\ppe_chopesgames\system\CodeIgniter.php(824): App\Controllers\AdministrateurSuper->modifier_un_admin('0000000003')
#6 C:\Users\BTS SIO\Documents\BTS SIO\Projet\ppe_chopesgames\system\CodeIgniter.php(410): CodeIgniter\CodeIgniter->runController(Object(App\Controllers\AdministrateurSuper))
#7 C:\Users\BTS SIO\Documents\BTS SIO\Projet\ppe_chopesgames\system\CodeIgniter.php(318): CodeIgniter\CodeIgniter->handleRequest(NULL, Object(Config\Cache), false)
#8 C:\Users\BTS SIO\Documents\BTS SIO\Projet\ppe_chopesgames\public\index.php(37): CodeIgniter\CodeIgniter->run()
#9 C:\Users\BTS SIO\Documents\BTS SIO\Projet\ppe_chopesgames\system\Commands\Server\rewrite.php(43): require_once('C:\\Users\\BTS SI...')
#10 {main}
CRITICAL - 2022-01-20 09:38:56 --> Too few arguments to function App\Controllers\AdministrateurSuper::modifier_un_admin(), 0 passed in C:\Users\BTS SIO\Documents\BTS SIO\Projet\ppe_chopesgames\system\CodeIgniter.php on line 824 and at least 1 expected
#0 C:\Users\BTS SIO\Documents\BTS SIO\Projet\ppe_chopesgames\system\CodeIgniter.php(824): App\Controllers\AdministrateurSuper->modifier_un_admin()
#1 C:\Users\BTS SIO\Documents\BTS SIO\Projet\ppe_chopesgames\system\CodeIgniter.php(410): CodeIgniter\CodeIgniter->runController(Object(App\Controllers\AdministrateurSuper))
#2 C:\Users\BTS SIO\Documents\BTS SIO\Projet\ppe_chopesgames\system\CodeIgniter.php(318): CodeIgniter\CodeIgniter->handleRequest(NULL, Object(Config\Cache), false)
#3 C:\Users\BTS SIO\Documents\BTS SIO\Projet\ppe_chopesgames\public\index.php(37): CodeIgniter\CodeIgniter->run()
#4 C:\Users\BTS SIO\Documents\BTS SIO\Projet\ppe_chopesgames\system\Commands\Server\rewrite.php(43): require_once('C:\\Users\\BTS SI...')
#5 {main}
CRITICAL - 2022-01-20 09:40:37 --> Undefined variable: admin
#0 C:\Users\BTS SIO\Documents\BTS SIO\Projet\ppe_chopesgames\app\Views\AdministrateurSuper\modifier_un_admin.php(9): CodeIgniter\Debug\Exceptions->errorHandler(8, 'Undefined varia...', 'C:\\Users\\BTS SI...', 9, Array)
#1 C:\Users\BTS SIO\Documents\BTS SIO\Projet\ppe_chopesgames\system\View\View.php(214): include('C:\\Users\\BTS SI...')
#2 C:\Users\BTS SIO\Documents\BTS SIO\Projet\ppe_chopesgames\system\View\View.php(217): CodeIgniter\View\View->CodeIgniter\View\{closure}()
#3 C:\Users\BTS SIO\Documents\BTS SIO\Projet\ppe_chopesgames\system\Common.php(1097): CodeIgniter\View\View->render('AdministrateurS...', Array, true)
#4 C:\Users\BTS SIO\Documents\BTS SIO\Projet\ppe_chopesgames\app\Controllers\AdministrateurSuper.php(55): view('AdministrateurS...')
#5 C:\Users\BTS SIO\Documents\BTS SIO\Projet\ppe_chopesgames\system\CodeIgniter.php(824): App\Controllers\AdministrateurSuper->modifier_un_admin('0000000003')
#6 C:\Users\BTS SIO\Documents\BTS SIO\Projet\ppe_chopesgames\system\CodeIgniter.php(410): CodeIgniter\CodeIgniter->runController(Object(App\Controllers\AdministrateurSuper))
#7 C:\Users\BTS SIO\Documents\BTS SIO\Projet\ppe_chopesgames\system\CodeIgniter.php(318): CodeIgniter\CodeIgniter->handleRequest(NULL, Object(Config\Cache), false)
#8 C:\Users\BTS SIO\Documents\BTS SIO\Projet\ppe_chopesgames\public\index.php(37): CodeIgniter\CodeIgniter->run()
#9 C:\Users\BTS SIO\Documents\BTS SIO\Projet\ppe_chopesgames\system\Commands\Server\rewrite.php(43): require_once('C:\\Users\\BTS SI...')
#10 {main}
CRITICAL - 2022-01-20 09:42:00 --> Undefined variable: admin
#0 C:\Users\BTS SIO\Documents\BTS SIO\Projet\ppe_chopesgames\app\Views\AdministrateurSuper\modifier_un_admin.php(9): CodeIgniter\Debug\Exceptions->errorHandler(8, 'Undefined varia...', 'C:\\Users\\BTS SI...', 9, Array)
#1 C:\Users\BTS SIO\Documents\BTS SIO\Projet\ppe_chopesgames\system\View\View.php(214): include('C:\\Users\\BTS SI...')
#2 C:\Users\BTS SIO\Documents\BTS SIO\Projet\ppe_chopesgames\system\View\View.php(217): CodeIgniter\View\View->CodeIgniter\View\{closure}()
#3 C:\Users\BTS SIO\Documents\BTS SIO\Projet\ppe_chopesgames\system\Common.php(1097): CodeIgniter\View\View->render('AdministrateurS...', Array, true)
#4 C:\Users\BTS SIO\Documents\BTS SIO\Projet\ppe_chopesgames\app\Controllers\AdministrateurSuper.php(55): view('AdministrateurS...')
#5 C:\Users\BTS SIO\Documents\BTS SIO\Projet\ppe_chopesgames\system\CodeIgniter.php(824): App\Controllers\AdministrateurSuper->modifier_un_admin('0000000003')
#6 C:\Users\BTS SIO\Documents\BTS SIO\Projet\ppe_chopesgames\system\CodeIgniter.php(410): CodeIgniter\CodeIgniter->runController(Object(App\Controllers\AdministrateurSuper))
#7 C:\Users\BTS SIO\Documents\BTS SIO\Projet\ppe_chopesgames\system\CodeIgniter.php(318): CodeIgniter\CodeIgniter->handleRequest(NULL, Object(Config\Cache), false)
#8 C:\Users\BTS SIO\Documents\BTS SIO\Projet\ppe_chopesgames\public\index.php(37): CodeIgniter\CodeIgniter->run()
#9 C:\Users\BTS SIO\Documents\BTS SIO\Projet\ppe_chopesgames\system\Commands\Server\rewrite.php(43): require_once('C:\\Users\\BTS SI...')
#10 {main}
CRITICAL - 2022-01-20 09:43:58 --> Undefined variable: admin
#0 C:\Users\BTS SIO\Documents\BTS SIO\Projet\ppe_chopesgames\app\Views\AdministrateurSuper\modifier_un_admin.php(9): CodeIgniter\Debug\Exceptions->errorHandler(8, 'Undefined varia...', 'C:\\Users\\BTS SI...', 9, Array)
#1 C:\Users\BTS SIO\Documents\BTS SIO\Projet\ppe_chopesgames\system\View\View.php(214): include('C:\\Users\\BTS SI...')
#2 C:\Users\BTS SIO\Documents\BTS SIO\Projet\ppe_chopesgames\system\View\View.php(217): CodeIgniter\View\View->CodeIgniter\View\{closure}()
#3 C:\Users\BTS SIO\Documents\BTS SIO\Projet\ppe_chopesgames\system\Common.php(1097): CodeIgniter\View\View->render('AdministrateurS...', Array, true)
#4 C:\Users\BTS SIO\Documents\BTS SIO\Projet\ppe_chopesgames\app\Controllers\AdministrateurSuper.php(55): view('AdministrateurS...')
#5 C:\Users\BTS SIO\Documents\BTS SIO\Projet\ppe_chopesgames\system\CodeIgniter.php(824): App\Controllers\AdministrateurSuper->modifier_un_admin('0000000001')
#6 C:\Users\BTS SIO\Documents\BTS SIO\Projet\ppe_chopesgames\system\CodeIgniter.php(410): CodeIgniter\CodeIgniter->runController(Object(App\Controllers\AdministrateurSuper))
#7 C:\Users\BTS SIO\Documents\BTS SIO\Projet\ppe_chopesgames\system\CodeIgniter.php(318): CodeIgniter\CodeIgniter->handleRequest(NULL, Object(Config\Cache), false)
#8 C:\Users\BTS SIO\Documents\BTS SIO\Projet\ppe_chopesgames\public\index.php(37): CodeIgniter\CodeIgniter->run()
#9 C:\Users\BTS SIO\Documents\BTS SIO\Projet\ppe_chopesgames\system\Commands\Server\rewrite.php(43): require_once('C:\\Users\\BTS SI...')
#10 {main}
CRITICAL - 2022-01-20 09:44:34 --> Undefined variable: admin
#0 C:\Users\BTS SIO\Documents\BTS SIO\Projet\ppe_chopesgames\app\Views\AdministrateurSuper\modifier_un_admin.php(9): CodeIgniter\Debug\Exceptions->errorHandler(8, 'Undefined varia...', 'C:\\Users\\BTS SI...', 9, Array)
#1 C:\Users\BTS SIO\Documents\BTS SIO\Projet\ppe_chopesgames\system\View\View.php(214): include('C:\\Users\\BTS SI...')
#2 C:\Users\BTS SIO\Documents\BTS SIO\Projet\ppe_chopesgames\system\View\View.php(217): CodeIgniter\View\View->CodeIgniter\View\{closure}()
#3 C:\Users\BTS SIO\Documents\BTS SIO\Projet\ppe_chopesgames\system\Common.php(1097): CodeIgniter\View\View->render('AdministrateurS...', Array, true)
#4 C:\Users\BTS SIO\Documents\BTS SIO\Projet\ppe_chopesgames\app\Controllers\AdministrateurSuper.php(55): view('AdministrateurS...')
#5 C:\Users\BTS SIO\Documents\BTS SIO\Projet\ppe_chopesgames\system\CodeIgniter.php(824): App\Controllers\AdministrateurSuper->modifier_un_admin('0000000001')
#6 C:\Users\BTS SIO\Documents\BTS SIO\Projet\ppe_chopesgames\system\CodeIgniter.php(410): CodeIgniter\CodeIgniter->runController(Object(App\Controllers\AdministrateurSuper))
#7 C:\Users\BTS SIO\Documents\BTS SIO\Projet\ppe_chopesgames\system\CodeIgniter.php(318): CodeIgniter\CodeIgniter->handleRequest(NULL, Object(Config\Cache), false)
#8 C:\Users\BTS SIO\Documents\BTS SIO\Projet\ppe_chopesgames\public\index.php(37): CodeIgniter\CodeIgniter->run()
#9 C:\Users\BTS SIO\Documents\BTS SIO\Projet\ppe_chopesgames\system\Commands\Server\rewrite.php(43): require_once('C:\\Users\\BTS SI...')
#10 {main}
CRITICAL - 2022-01-20 09:46:03 --> Undefined variable: admin
#0 C:\Users\BTS SIO\Documents\BTS SIO\Projet\ppe_chopesgames\app\Views\AdministrateurSuper\modifier_un_admin.php(10): CodeIgniter\Debug\Exceptions->errorHandler(8, 'Undefined varia...', 'C:\\Users\\BTS SI...', 10, Array)
#1 C:\Users\BTS SIO\Documents\BTS SIO\Projet\ppe_chopesgames\system\View\View.php(214): include('C:\\Users\\BTS SI...')
#2 C:\Users\BTS SIO\Documents\BTS SIO\Projet\ppe_chopesgames\system\View\View.php(217): CodeIgniter\View\View->CodeIgniter\View\{closure}()
#3 C:\Users\BTS SIO\Documents\BTS SIO\Projet\ppe_chopesgames\system\Common.php(1097): CodeIgniter\View\View->render('AdministrateurS...', Array, true)
#4 C:\Users\BTS SIO\Documents\BTS SIO\Projet\ppe_chopesgames\app\Controllers\AdministrateurSuper.php(55): view('AdministrateurS...')
#5 C:\Users\BTS SIO\Documents\BTS SIO\Projet\ppe_chopesgames\system\CodeIgniter.php(824): App\Controllers\AdministrateurSuper->modifier_un_admin('0000000001')
#6 C:\Users\BTS SIO\Documents\BTS SIO\Projet\ppe_chopesgames\system\CodeIgniter.php(410): CodeIgniter\CodeIgniter->runController(Object(App\Controllers\AdministrateurSuper))
#7 C:\Users\BTS SIO\Documents\BTS SIO\Projet\ppe_chopesgames\system\CodeIgniter.php(318): CodeIgniter\CodeIgniter->handleRequest(NULL, Object(Config\Cache), false)
#8 C:\Users\BTS SIO\Documents\BTS SIO\Projet\ppe_chopesgames\public\index.php(37): CodeIgniter\CodeIgniter->run()
#9 C:\Users\BTS SIO\Documents\BTS SIO\Projet\ppe_chopesgames\system\Commands\Server\rewrite.php(43): require_once('C:\\Users\\BTS SI...')
#10 {main}
CRITICAL - 2022-01-20 09:54:22 --> Undefined variable: admin
#0 C:\Users\BTS SIO\Documents\BTS SIO\Projet\ppe_chopesgames\app\Views\AdministrateurSuper\modifier_un_admin.php(10): CodeIgniter\Debug\Exceptions->errorHandler(8, 'Undefined varia...', 'C:\\Users\\BTS SI...', 10, Array)
#1 C:\Users\BTS SIO\Documents\BTS SIO\Projet\ppe_chopesgames\system\View\View.php(214): include('C:\\Users\\BTS SI...')
#2 C:\Users\BTS SIO\Documents\BTS SIO\Projet\ppe_chopesgames\system\View\View.php(217): CodeIgniter\View\View->CodeIgniter\View\{closure}()
#3 C:\Users\BTS SIO\Documents\BTS SIO\Projet\ppe_chopesgames\system\Common.php(1097): CodeIgniter\View\View->render('AdministrateurS...', Array, true)
#4 C:\Users\BTS SIO\Documents\BTS SIO\Projet\ppe_chopesgames\app\Controllers\AdministrateurSuper.php(55): view('AdministrateurS...')
#5 C:\Users\BTS SIO\Documents\BTS SIO\Projet\ppe_chopesgames\system\CodeIgniter.php(824): App\Controllers\AdministrateurSuper->modifier_un_admin('0000000001')
#6 C:\Users\BTS SIO\Documents\BTS SIO\Projet\ppe_chopesgames\system\CodeIgniter.php(410): CodeIgniter\CodeIgniter->runController(Object(App\Controllers\AdministrateurSuper))
#7 C:\Users\BTS SIO\Documents\BTS SIO\Projet\ppe_chopesgames\system\CodeIgniter.php(318): CodeIgniter\CodeIgniter->handleRequest(NULL, Object(Config\Cache), false)
#8 C:\Users\BTS SIO\Documents\BTS SIO\Projet\ppe_chopesgames\public\index.php(37): CodeIgniter\CodeIgniter->run()
#9 C:\Users\BTS SIO\Documents\BTS SIO\Projet\ppe_chopesgames\system\Commands\Server\rewrite.php(43): require_once('C:\\Users\\BTS SI...')
#10 {main}
CRITICAL - 2022-01-20 09:56:44 --> Undefined variable: admin
#0 C:\Users\BTS SIO\Documents\BTS SIO\Projet\ppe_chopesgames\app\Views\AdministrateurSuper\modifier_un_admin.php(10): CodeIgniter\Debug\Exceptions->errorHandler(8, 'Undefined varia...', 'C:\\Users\\BTS SI...', 10, Array)
#1 C:\Users\BTS SIO\Documents\BTS SIO\Projet\ppe_chopesgames\system\View\View.php(214): include('C:\\Users\\BTS SI...')
#2 C:\Users\BTS SIO\Documents\BTS SIO\Projet\ppe_chopesgames\system\View\View.php(217): CodeIgniter\View\View->CodeIgniter\View\{closure}()
#3 C:\Users\BTS SIO\Documents\BTS SIO\Projet\ppe_chopesgames\system\Common.php(1097): CodeIgniter\View\View->render('AdministrateurS...', Array, true)
#4 C:\Users\BTS SIO\Documents\BTS SIO\Projet\ppe_chopesgames\app\Controllers\AdministrateurSuper.php(57): view('AdministrateurS...')
#5 C:\Users\BTS SIO\Documents\BTS SIO\Projet\ppe_chopesgames\system\CodeIgniter.php(824): App\Controllers\AdministrateurSuper->modifier_un_admin('0000000001')
#6 C:\Users\BTS SIO\Documents\BTS SIO\Projet\ppe_chopesgames\system\CodeIgniter.php(410): CodeIgniter\CodeIgniter->runController(Object(App\Controllers\AdministrateurSuper))
#7 C:\Users\BTS SIO\Documents\BTS SIO\Projet\ppe_chopesgames\system\CodeIgniter.php(318): CodeIgniter\CodeIgniter->handleRequest(NULL, Object(Config\Cache), false)
#8 C:\Users\BTS SIO\Documents\BTS SIO\Projet\ppe_chopesgames\public\index.php(37): CodeIgniter\CodeIgniter->run()
#9 C:\Users\BTS SIO\Documents\BTS SIO\Projet\ppe_chopesgames\system\Commands\Server\rewrite.php(43): require_once('C:\\Users\\BTS SI...')
#10 {main}
