CRITICAL - 2022-05-05 03:01:08 --> Undefined variable: marques
#0 C:\wamp642\www\ChopeGames\app\Views\templates\header.php(60): CodeIgniter\Debug\Exceptions->errorHandler(8, 'Undefined varia...', 'C:\\wamp642\\www\\...', 60, Array)
#1 C:\wamp642\www\ChopeGames\system\View\View.php(214): include('C:\\wamp642\\www\\...')
#2 C:\wamp642\www\ChopeGames\system\View\View.php(217): CodeIgniter\View\View->CodeIgniter\View\{closure}()
#3 C:\wamp642\www\ChopeGames\system\Common.php(1097): CodeIgniter\View\View->render('templates/heade...', Array, true)
#4 C:\wamp642\www\ChopeGames\app\Controllers\Client.php(550): view('templates/heade...', Array)
#5 C:\wamp642\www\ChopeGames\system\CodeIgniter.php(824): App\Controllers\client->historique_des_commandes()
#6 C:\wamp642\www\ChopeGames\system\CodeIgniter.php(410): CodeIgniter\CodeIgniter->runController(Object(App\Controllers\client))
#7 C:\wamp642\www\ChopeGames\system\CodeIgniter.php(318): CodeIgniter\CodeIgniter->handleRequest(NULL, Object(Config\Cache), false)
#8 C:\wamp642\www\ChopeGames\public\index.php(37): CodeIgniter\CodeIgniter->run()
#9 {main}
CRITICAL - 2022-05-05 03:02:04 --> Class 'App\Controllers\ModeleMarque' not found
#0 C:\wamp642\www\ChopeGames\system\CodeIgniter.php(824): App\Controllers\client->historique_des_commandes()
#1 C:\wamp642\www\ChopeGames\system\CodeIgniter.php(410): CodeIgniter\CodeIgniter->runController(Object(App\Controllers\client))
#2 C:\wamp642\www\ChopeGames\system\CodeIgniter.php(318): CodeIgniter\CodeIgniter->handleRequest(NULL, Object(Config\Cache), false)
#3 C:\wamp642\www\ChopeGames\public\index.php(37): CodeIgniter\CodeIgniter->run()
#4 {main}
CRITICAL - 2022-05-05 03:04:41 --> Undefined variable: marques
#0 C:\wamp642\www\ChopeGames\app\Views\templates\header.php(60): CodeIgniter\Debug\Exceptions->errorHandler(8, 'Undefined varia...', 'C:\\wamp642\\www\\...', 60, Array)
#1 C:\wamp642\www\ChopeGames\system\View\View.php(214): include('C:\\wamp642\\www\\...')
#2 C:\wamp642\www\ChopeGames\system\View\View.php(217): CodeIgniter\View\View->CodeIgniter\View\{closure}()
#3 C:\wamp642\www\ChopeGames\system\Common.php(1097): CodeIgniter\View\View->render('templates/heade...', Array, true)
#4 C:\wamp642\www\ChopeGames\app\Controllers\Client.php(570): view('templates/heade...', Array)
#5 C:\wamp642\www\ChopeGames\system\CodeIgniter.php(824): App\Controllers\client->details_commande('77')
#6 C:\wamp642\www\ChopeGames\system\CodeIgniter.php(410): CodeIgniter\CodeIgniter->runController(Object(App\Controllers\client))
#7 C:\wamp642\www\ChopeGames\system\CodeIgniter.php(318): CodeIgniter\CodeIgniter->handleRequest(NULL, Object(Config\Cache), false)
#8 C:\wamp642\www\ChopeGames\public\index.php(37): CodeIgniter\CodeIgniter->run()
#9 {main}
CRITICAL - 2022-05-05 04:02:37 --> Undefined variable: emailClient
#0 C:\wamp642\www\ChopeGames\app\Controllers\Visiteur.php(40): CodeIgniter\Debug\Exceptions->errorHandler(8, 'Undefined varia...', 'C:\\wamp642\\www\\...', 40, Array)
#1 C:\wamp642\www\ChopeGames\system\CodeIgniter.php(824): App\Controllers\Visiteur->abonne()
#2 C:\wamp642\www\ChopeGames\system\CodeIgniter.php(410): CodeIgniter\CodeIgniter->runController(Object(App\Controllers\Visiteur))
#3 C:\wamp642\www\ChopeGames\system\CodeIgniter.php(318): CodeIgniter\CodeIgniter->handleRequest(NULL, Object(Config\Cache), false)
#4 C:\wamp642\www\ChopeGames\public\index.php(37): CodeIgniter\CodeIgniter->run()
#5 {main}
CRITICAL - 2022-05-05 04:22:51 --> Invalid file: /connexion.php
#0 C:\wamp642\www\ChopeGames\system\View\View.php(198): CodeIgniter\Exceptions\FrameworkException::forInvalidFile('/connexion.php')
#1 C:\wamp642\www\ChopeGames\system\Common.php(1097): CodeIgniter\View\View->render('/connexion', Array, true)
#2 C:\wamp642\www\ChopeGames\app\Controllers\Visiteur.php(401): view('/connexion', Array)
#3 C:\wamp642\www\ChopeGames\system\CodeIgniter.php(824): App\Controllers\Visiteur->se_connecter()
#4 C:\wamp642\www\ChopeGames\system\CodeIgniter.php(410): CodeIgniter\CodeIgniter->runController(Object(App\Controllers\Visiteur))
#5 C:\wamp642\www\ChopeGames\system\CodeIgniter.php(318): CodeIgniter\CodeIgniter->handleRequest(NULL, Object(Config\Cache), false)
#6 C:\wamp642\www\ChopeGames\public\index.php(37): CodeIgniter\CodeIgniter->run()
#7 {main}
CRITICAL - 2022-05-05 04:23:01 --> Invalid file: /connexion.php
#0 C:\wamp642\www\ChopeGames\system\View\View.php(198): CodeIgniter\Exceptions\FrameworkException::forInvalidFile('/connexion.php')
#1 C:\wamp642\www\ChopeGames\system\Common.php(1097): CodeIgniter\View\View->render('/connexion', Array, true)
#2 C:\wamp642\www\ChopeGames\app\Controllers\Visiteur.php(401): view('/connexion', Array)
#3 C:\wamp642\www\ChopeGames\system\CodeIgniter.php(824): App\Controllers\Visiteur->se_connecter()
#4 C:\wamp642\www\ChopeGames\system\CodeIgniter.php(410): CodeIgniter\CodeIgniter->runController(Object(App\Controllers\Visiteur))
#5 C:\wamp642\www\ChopeGames\system\CodeIgniter.php(318): CodeIgniter\CodeIgniter->handleRequest(NULL, Object(Config\Cache), false)
#6 C:\wamp642\www\ChopeGames\public\index.php(37): CodeIgniter\CodeIgniter->run()
#7 {main}
CRITICAL - 2022-05-05 04:23:49 --> Invalid file: /connexion.php
#0 C:\wamp642\www\ChopeGames\system\View\View.php(198): CodeIgniter\Exceptions\FrameworkException::forInvalidFile('/connexion.php')
#1 C:\wamp642\www\ChopeGames\system\Common.php(1097): CodeIgniter\View\View->render('/connexion', Array, true)
#2 C:\wamp642\www\ChopeGames\app\Controllers\Visiteur.php(401): view('/connexion', Array)
#3 C:\wamp642\www\ChopeGames\system\CodeIgniter.php(824): App\Controllers\Visiteur->se_connecter()
#4 C:\wamp642\www\ChopeGames\system\CodeIgniter.php(410): CodeIgniter\CodeIgniter->runController(Object(App\Controllers\Visiteur))
#5 C:\wamp642\www\ChopeGames\system\CodeIgniter.php(318): CodeIgniter\CodeIgniter->handleRequest(NULL, Object(Config\Cache), false)
#6 C:\wamp642\www\ChopeGames\public\index.php(37): CodeIgniter\CodeIgniter->run()
#7 {main}
CRITICAL - 2022-05-05 04:39:25 --> Invalid file: /connexion.php
#0 C:\wamp642\www\ChopeGames\system\View\View.php(198): CodeIgniter\Exceptions\FrameworkException::forInvalidFile('/connexion.php')
#1 C:\wamp642\www\ChopeGames\system\Common.php(1097): CodeIgniter\View\View->render('/connexion', Array, true)
#2 C:\wamp642\www\ChopeGames\app\Controllers\Visiteur.php(401): view('/connexion', Array)
#3 C:\wamp642\www\ChopeGames\system\CodeIgniter.php(824): App\Controllers\Visiteur->se_connecter()
#4 C:\wamp642\www\ChopeGames\system\CodeIgniter.php(410): CodeIgniter\CodeIgniter->runController(Object(App\Controllers\Visiteur))
#5 C:\wamp642\www\ChopeGames\system\CodeIgniter.php(318): CodeIgniter\CodeIgniter->handleRequest(NULL, Object(Config\Cache), false)
#6 C:\wamp642\www\ChopeGames\public\index.php(37): CodeIgniter\CodeIgniter->run()
#7 {main}
CRITICAL - 2022-05-05 04:39:44 --> Invalid file: /connexion.php
#0 C:\wamp642\www\ChopeGames\system\View\View.php(198): CodeIgniter\Exceptions\FrameworkException::forInvalidFile('/connexion.php')
#1 C:\wamp642\www\ChopeGames\system\Common.php(1097): CodeIgniter\View\View->render('/connexion', Array, true)
#2 C:\wamp642\www\ChopeGames\app\Controllers\Visiteur.php(401): view('/connexion', Array)
#3 C:\wamp642\www\ChopeGames\system\CodeIgniter.php(824): App\Controllers\Visiteur->se_connecter()
#4 C:\wamp642\www\ChopeGames\system\CodeIgniter.php(410): CodeIgniter\CodeIgniter->runController(Object(App\Controllers\Visiteur))
#5 C:\wamp642\www\ChopeGames\system\CodeIgniter.php(318): CodeIgniter\CodeIgniter->handleRequest(NULL, Object(Config\Cache), false)
#6 C:\wamp642\www\ChopeGames\public\index.php(37): CodeIgniter\CodeIgniter->run()
#7 {main}
CRITICAL - 2022-05-05 04:52:33 --> Undefined variable: rules
#0 C:\wamp642\www\ChopeGames\app\Controllers\Visiteur.php(397): CodeIgniter\Debug\Exceptions->errorHandler(8, 'Undefined varia...', 'C:\\wamp642\\www\\...', 397, Array)
#1 C:\wamp642\www\ChopeGames\system\CodeIgniter.php(824): App\Controllers\Visiteur->se_connecter()
#2 C:\wamp642\www\ChopeGames\system\CodeIgniter.php(410): CodeIgniter\CodeIgniter->runController(Object(App\Controllers\Visiteur))
#3 C:\wamp642\www\ChopeGames\system\CodeIgniter.php(318): CodeIgniter\CodeIgniter->handleRequest(NULL, Object(Config\Cache), false)
#4 C:\wamp642\www\ChopeGames\public\index.php(37): CodeIgniter\CodeIgniter->run()
#5 {main}
CRITICAL - 2022-05-05 04:52:52 --> Undefined variable: rules
#0 C:\wamp642\www\ChopeGames\app\Controllers\Visiteur.php(397): CodeIgniter\Debug\Exceptions->errorHandler(8, 'Undefined varia...', 'C:\\wamp642\\www\\...', 397, Array)
#1 C:\wamp642\www\ChopeGames\system\CodeIgniter.php(824): App\Controllers\Visiteur->se_connecter()
#2 C:\wamp642\www\ChopeGames\system\CodeIgniter.php(410): CodeIgniter\CodeIgniter->runController(Object(App\Controllers\Visiteur))
#3 C:\wamp642\www\ChopeGames\system\CodeIgniter.php(318): CodeIgniter\CodeIgniter->handleRequest(NULL, Object(Config\Cache), false)
#4 C:\wamp642\www\ChopeGames\public\index.php(37): CodeIgniter\CodeIgniter->run()
#5 {main}
CRITICAL - 2022-05-05 05:04:01 --> Function name must be a string
#0 C:\wamp642\www\ChopeGames\system\CodeIgniter.php(824): App\Controllers\Visiteur->se_connecter()
#1 C:\wamp642\www\ChopeGames\system\CodeIgniter.php(410): CodeIgniter\CodeIgniter->runController(Object(App\Controllers\Visiteur))
#2 C:\wamp642\www\ChopeGames\system\CodeIgniter.php(318): CodeIgniter\CodeIgniter->handleRequest(NULL, Object(Config\Cache), false)
#3 C:\wamp642\www\ChopeGames\public\index.php(37): CodeIgniter\CodeIgniter->run()
#4 {main}
CRITICAL - 2022-05-05 05:04:22 --> Function name must be a string
#0 C:\wamp642\www\ChopeGames\system\CodeIgniter.php(824): App\Controllers\Visiteur->se_connecter()
#1 C:\wamp642\www\ChopeGames\system\CodeIgniter.php(410): CodeIgniter\CodeIgniter->runController(Object(App\Controllers\Visiteur))
#2 C:\wamp642\www\ChopeGames\system\CodeIgniter.php(318): CodeIgniter\CodeIgniter->handleRequest(NULL, Object(Config\Cache), false)
#3 C:\wamp642\www\ChopeGames\public\index.php(37): CodeIgniter\CodeIgniter->run()
#4 {main}
CRITICAL - 2022-05-05 05:10:18 --> Undefined variable: marques
#0 C:\wamp642\www\ChopeGames\app\Views\templates\header.php(60): CodeIgniter\Debug\Exceptions->errorHandler(8, 'Undefined varia...', 'C:\\wamp642\\www\\...', 60, Array)
#1 C:\wamp642\www\ChopeGames\system\View\View.php(214): include('C:\\wamp642\\www\\...')
#2 C:\wamp642\www\ChopeGames\system\View\View.php(217): CodeIgniter\View\View->CodeIgniter\View\{closure}()
#3 C:\wamp642\www\ChopeGames\system\Common.php(1097): CodeIgniter\View\View->render('templates/heade...', Array, true)
#4 C:\wamp642\www\ChopeGames\app\Controllers\Visiteur.php(395): view('templates/heade...', Array)
#5 C:\wamp642\www\ChopeGames\system\CodeIgniter.php(824): App\Controllers\Visiteur->se_connecter()
#6 C:\wamp642\www\ChopeGames\system\CodeIgniter.php(410): CodeIgniter\CodeIgniter->runController(Object(App\Controllers\Visiteur))
#7 C:\wamp642\www\ChopeGames\system\CodeIgniter.php(318): CodeIgniter\CodeIgniter->handleRequest(NULL, Object(Config\Cache), false)
#8 C:\wamp642\www\ChopeGames\public\index.php(37): CodeIgniter\CodeIgniter->run()
#9 {main}
CRITICAL - 2022-05-05 05:12:07 --> syntax error, unexpected 'public' (T_PUBLIC)
#0 C:\wamp642\www\ChopeGames\system\Router\Router.php(176): CodeIgniter\Router\Router->autoRoute('Visiteur/se_con...')
#1 C:\wamp642\www\ChopeGames\system\CodeIgniter.php(718): CodeIgniter\Router\Router->handle('Visiteur/se_con...')
#2 C:\wamp642\www\ChopeGames\system\CodeIgniter.php(359): CodeIgniter\CodeIgniter->tryToRouteIt(Object(CodeIgniter\Router\RouteCollection))
#3 C:\wamp642\www\ChopeGames\system\CodeIgniter.php(318): CodeIgniter\CodeIgniter->handleRequest(NULL, Object(Config\Cache), false)
#4 C:\wamp642\www\ChopeGames\public\index.php(37): CodeIgniter\CodeIgniter->run()
#5 {main}
CRITICAL - 2022-05-05 07:04:39 --> Undefined variable: email
#0 C:\wamp642\www\ChopeGames\app\Controllers\Visiteur.php(36): CodeIgniter\Debug\Exceptions->errorHandler(8, 'Undefined varia...', 'C:\\wamp642\\www\\...', 36, Array)
#1 C:\wamp642\www\ChopeGames\system\CodeIgniter.php(824): App\Controllers\Visiteur->abonne()
#2 C:\wamp642\www\ChopeGames\system\CodeIgniter.php(410): CodeIgniter\CodeIgniter->runController(Object(App\Controllers\Visiteur))
#3 C:\wamp642\www\ChopeGames\system\CodeIgniter.php(318): CodeIgniter\CodeIgniter->handleRequest(NULL, Object(Config\Cache), false)
#4 C:\wamp642\www\ChopeGames\public\index.php(37): CodeIgniter\CodeIgniter->run()
#5 {main}
CRITICAL - 2022-05-05 07:05:12 --> Object of class CodeIgniter\Email\Email could not be converted to string
#0 [internal function]: CodeIgniter\Debug\Exceptions->errorHandler(4096, 'Object of class...', 'C:\\wamp642\\www\\...', 330, Array)
#1 C:\wamp642\www\ChopeGames\system\Database\Query.php(330): strtr('INSERT INTO `ab...', Array)
#2 C:\wamp642\www\ChopeGames\system\Database\Query.php(304): CodeIgniter\Database\Query->matchNamedBinds('INSERT INTO `ab...', Array)
#3 C:\wamp642\www\ChopeGames\system\Database\Query.php(150): CodeIgniter\Database\Query->compileBinds()
#4 C:\wamp642\www\ChopeGames\system\Database\BaseConnection.php(598): CodeIgniter\Database\Query->getQuery()
#5 C:\wamp642\www\ChopeGames\system\Database\BaseBuilder.php(1759): CodeIgniter\Database\BaseConnection->query('INSERT INTO `ab...', Array, false)
#6 C:\wamp642\www\ChopeGames\system\Model.php(239): CodeIgniter\Database\BaseBuilder->insert()
#7 C:\wamp642\www\ChopeGames\system\BaseModel.php(738): CodeIgniter\Model->doInsert(Array)
#8 C:\wamp642\www\ChopeGames\system\Model.php(620): CodeIgniter\BaseModel->insert(Array, true)
#9 C:\wamp642\www\ChopeGames\app\Models\ModeleAbonne.php(21): CodeIgniter\Model->insert()
#10 C:\wamp642\www\ChopeGames\app\Models\ModeleAbonne.php(15): App\Models\ModeleAbonne->inserer(Object(CodeIgniter\Email\Email))
#11 C:\wamp642\www\ChopeGames\app\Controllers\Visiteur.php(36): App\Models\ModeleAbonne->verification(Object(CodeIgniter\Email\Email))
#12 C:\wamp642\www\ChopeGames\system\CodeIgniter.php(824): App\Controllers\Visiteur->abonne()
#13 C:\wamp642\www\ChopeGames\system\CodeIgniter.php(410): CodeIgniter\CodeIgniter->runController(Object(App\Controllers\Visiteur))
#14 C:\wamp642\www\ChopeGames\system\CodeIgniter.php(318): CodeIgniter\CodeIgniter->handleRequest(NULL, Object(Config\Cache), false)
#15 C:\wamp642\www\ChopeGames\public\index.php(37): CodeIgniter\CodeIgniter->run()
#16 {main}
CRITICAL - 2022-05-05 07:05:38 --> Object of class CodeIgniter\Email\Email could not be converted to string
#0 [internal function]: CodeIgniter\Debug\Exceptions->errorHandler(4096, 'Object of class...', 'C:\\wamp642\\www\\...', 330, Array)
#1 C:\wamp642\www\ChopeGames\system\Database\Query.php(330): strtr('INSERT INTO `ab...', Array)
#2 C:\wamp642\www\ChopeGames\system\Database\Query.php(304): CodeIgniter\Database\Query->matchNamedBinds('INSERT INTO `ab...', Array)
#3 C:\wamp642\www\ChopeGames\system\Database\Query.php(150): CodeIgniter\Database\Query->compileBinds()
#4 C:\wamp642\www\ChopeGames\system\Database\BaseConnection.php(598): CodeIgniter\Database\Query->getQuery()
#5 C:\wamp642\www\ChopeGames\system\Database\BaseBuilder.php(1759): CodeIgniter\Database\BaseConnection->query('INSERT INTO `ab...', Array, false)
#6 C:\wamp642\www\ChopeGames\system\Model.php(239): CodeIgniter\Database\BaseBuilder->insert()
#7 C:\wamp642\www\ChopeGames\system\BaseModel.php(738): CodeIgniter\Model->doInsert(Array)
#8 C:\wamp642\www\ChopeGames\system\Model.php(620): CodeIgniter\BaseModel->insert(Array, true)
#9 C:\wamp642\www\ChopeGames\app\Models\ModeleAbonne.php(21): CodeIgniter\Model->insert()
#10 C:\wamp642\www\ChopeGames\app\Models\ModeleAbonne.php(15): App\Models\ModeleAbonne->inserer(Object(CodeIgniter\Email\Email))
#11 C:\wamp642\www\ChopeGames\app\Controllers\Visiteur.php(36): App\Models\ModeleAbonne->verification(Object(CodeIgniter\Email\Email))
#12 C:\wamp642\www\ChopeGames\system\CodeIgniter.php(824): App\Controllers\Visiteur->abonne()
#13 C:\wamp642\www\ChopeGames\system\CodeIgniter.php(410): CodeIgniter\CodeIgniter->runController(Object(App\Controllers\Visiteur))
#14 C:\wamp642\www\ChopeGames\system\CodeIgniter.php(318): CodeIgniter\CodeIgniter->handleRequest(NULL, Object(Config\Cache), false)
#15 C:\wamp642\www\ChopeGames\public\index.php(37): CodeIgniter\CodeIgniter->run()
#16 {main}
CRITICAL - 2022-05-05 07:15:51 --> Object of class CodeIgniter\Email\Email could not be converted to string
#0 [internal function]: CodeIgniter\Debug\Exceptions->errorHandler(4096, 'Object of class...', 'C:\\wamp642\\www\\...', 330, Array)
#1 C:\wamp642\www\ChopeGames\system\Database\Query.php(330): strtr('INSERT INTO `ab...', Array)
#2 C:\wamp642\www\ChopeGames\system\Database\Query.php(304): CodeIgniter\Database\Query->matchNamedBinds('INSERT INTO `ab...', Array)
#3 C:\wamp642\www\ChopeGames\system\Database\Query.php(150): CodeIgniter\Database\Query->compileBinds()
#4 C:\wamp642\www\ChopeGames\system\Database\BaseConnection.php(598): CodeIgniter\Database\Query->getQuery()
#5 C:\wamp642\www\ChopeGames\system\Database\BaseBuilder.php(1759): CodeIgniter\Database\BaseConnection->query('INSERT INTO `ab...', Array, false)
#6 C:\wamp642\www\ChopeGames\system\Model.php(239): CodeIgniter\Database\BaseBuilder->insert()
#7 C:\wamp642\www\ChopeGames\system\BaseModel.php(738): CodeIgniter\Model->doInsert(Array)
#8 C:\wamp642\www\ChopeGames\system\Model.php(620): CodeIgniter\BaseModel->insert(Array, true)
#9 C:\wamp642\www\ChopeGames\app\Models\ModeleAbonne.php(21): CodeIgniter\Model->insert()
#10 C:\wamp642\www\ChopeGames\app\Models\ModeleAbonne.php(15): App\Models\ModeleAbonne->inserer(Object(CodeIgniter\Email\Email))
#11 C:\wamp642\www\ChopeGames\app\Controllers\Visiteur.php(36): App\Models\ModeleAbonne->verification(Object(CodeIgniter\Email\Email))
#12 C:\wamp642\www\ChopeGames\system\CodeIgniter.php(824): App\Controllers\Visiteur->abonne()
#13 C:\wamp642\www\ChopeGames\system\CodeIgniter.php(410): CodeIgniter\CodeIgniter->runController(Object(App\Controllers\Visiteur))
#14 C:\wamp642\www\ChopeGames\system\CodeIgniter.php(318): CodeIgniter\CodeIgniter->handleRequest(NULL, Object(Config\Cache), false)
#15 C:\wamp642\www\ChopeGames\public\index.php(37): CodeIgniter\CodeIgniter->run()
#16 {main}
CRITICAL - 2022-05-05 07:19:08 --> Object of class CodeIgniter\Email\Email could not be converted to string
#0 [internal function]: CodeIgniter\Debug\Exceptions->errorHandler(4096, 'Object of class...', 'C:\\wamp642\\www\\...', 330, Array)
#1 C:\wamp642\www\ChopeGames\system\Database\Query.php(330): strtr('INSERT INTO `ab...', Array)
#2 C:\wamp642\www\ChopeGames\system\Database\Query.php(304): CodeIgniter\Database\Query->matchNamedBinds('INSERT INTO `ab...', Array)
#3 C:\wamp642\www\ChopeGames\system\Database\Query.php(150): CodeIgniter\Database\Query->compileBinds()
#4 C:\wamp642\www\ChopeGames\system\Database\BaseConnection.php(598): CodeIgniter\Database\Query->getQuery()
#5 C:\wamp642\www\ChopeGames\system\Database\BaseBuilder.php(1759): CodeIgniter\Database\BaseConnection->query('INSERT INTO `ab...', Array, false)
#6 C:\wamp642\www\ChopeGames\system\Model.php(239): CodeIgniter\Database\BaseBuilder->insert()
#7 C:\wamp642\www\ChopeGames\system\BaseModel.php(738): CodeIgniter\Model->doInsert(Array)
#8 C:\wamp642\www\ChopeGames\system\Model.php(620): CodeIgniter\BaseModel->insert(Array, true)
#9 C:\wamp642\www\ChopeGames\app\Models\ModeleAbonne.php(21): CodeIgniter\Model->insert()
#10 C:\wamp642\www\ChopeGames\app\Models\ModeleAbonne.php(15): App\Models\ModeleAbonne->inserer(Object(CodeIgniter\Email\Email))
#11 C:\wamp642\www\ChopeGames\app\Controllers\Visiteur.php(36): App\Models\ModeleAbonne->verification(Object(CodeIgniter\Email\Email))
#12 C:\wamp642\www\ChopeGames\system\CodeIgniter.php(824): App\Controllers\Visiteur->abonne()
#13 C:\wamp642\www\ChopeGames\system\CodeIgniter.php(410): CodeIgniter\CodeIgniter->runController(Object(App\Controllers\Visiteur))
#14 C:\wamp642\www\ChopeGames\system\CodeIgniter.php(318): CodeIgniter\CodeIgniter->handleRequest(NULL, Object(Config\Cache), false)
#15 C:\wamp642\www\ChopeGames\public\index.php(37): CodeIgniter\CodeIgniter->run()
#16 {main}
CRITICAL - 2022-05-05 07:21:50 --> Object of class CodeIgniter\Email\Email could not be converted to string
#0 [internal function]: CodeIgniter\Debug\Exceptions->errorHandler(4096, 'Object of class...', 'C:\\wamp642\\www\\...', 330, Array)
#1 C:\wamp642\www\ChopeGames\system\Database\Query.php(330): strtr('INSERT INTO `ab...', Array)
#2 C:\wamp642\www\ChopeGames\system\Database\Query.php(304): CodeIgniter\Database\Query->matchNamedBinds('INSERT INTO `ab...', Array)
#3 C:\wamp642\www\ChopeGames\system\Database\Query.php(150): CodeIgniter\Database\Query->compileBinds()
#4 C:\wamp642\www\ChopeGames\system\Database\BaseConnection.php(598): CodeIgniter\Database\Query->getQuery()
#5 C:\wamp642\www\ChopeGames\system\Database\BaseBuilder.php(1759): CodeIgniter\Database\BaseConnection->query('INSERT INTO `ab...', Array, false)
#6 C:\wamp642\www\ChopeGames\system\Model.php(239): CodeIgniter\Database\BaseBuilder->insert()
#7 C:\wamp642\www\ChopeGames\system\BaseModel.php(738): CodeIgniter\Model->doInsert(Array)
#8 C:\wamp642\www\ChopeGames\system\Model.php(620): CodeIgniter\BaseModel->insert(Array, true)
#9 C:\wamp642\www\ChopeGames\app\Models\ModeleAbonne.php(21): CodeIgniter\Model->insert()
#10 C:\wamp642\www\ChopeGames\app\Models\ModeleAbonne.php(15): App\Models\ModeleAbonne->inserer(Object(CodeIgniter\Email\Email))
#11 C:\wamp642\www\ChopeGames\app\Controllers\Visiteur.php(36): App\Models\ModeleAbonne->verification(Object(CodeIgniter\Email\Email))
#12 C:\wamp642\www\ChopeGames\system\CodeIgniter.php(824): App\Controllers\Visiteur->abonne()
#13 C:\wamp642\www\ChopeGames\system\CodeIgniter.php(410): CodeIgniter\CodeIgniter->runController(Object(App\Controllers\Visiteur))
#14 C:\wamp642\www\ChopeGames\system\CodeIgniter.php(318): CodeIgniter\CodeIgniter->handleRequest(NULL, Object(Config\Cache), false)
#15 C:\wamp642\www\ChopeGames\public\index.php(37): CodeIgniter\CodeIgniter->run()
#16 {main}
CRITICAL - 2022-05-05 07:24:00 --> Object of class CodeIgniter\Email\Email could not be converted to string
#0 [internal function]: CodeIgniter\Debug\Exceptions->errorHandler(4096, 'Object of class...', 'C:\\wamp642\\www\\...', 330, Array)
#1 C:\wamp642\www\ChopeGames\system\Database\Query.php(330): strtr('INSERT INTO `ab...', Array)
#2 C:\wamp642\www\ChopeGames\system\Database\Query.php(304): CodeIgniter\Database\Query->matchNamedBinds('INSERT INTO `ab...', Array)
#3 C:\wamp642\www\ChopeGames\system\Database\Query.php(150): CodeIgniter\Database\Query->compileBinds()
#4 C:\wamp642\www\ChopeGames\system\Database\BaseConnection.php(598): CodeIgniter\Database\Query->getQuery()
#5 C:\wamp642\www\ChopeGames\system\Database\BaseBuilder.php(1759): CodeIgniter\Database\BaseConnection->query('INSERT INTO `ab...', Array, false)
#6 C:\wamp642\www\ChopeGames\system\Model.php(239): CodeIgniter\Database\BaseBuilder->insert()
#7 C:\wamp642\www\ChopeGames\system\BaseModel.php(738): CodeIgniter\Model->doInsert(Array)
#8 C:\wamp642\www\ChopeGames\system\Model.php(620): CodeIgniter\BaseModel->insert(Array, true)
#9 C:\wamp642\www\ChopeGames\app\Models\ModeleAbonne.php(21): CodeIgniter\Model->insert()
#10 C:\wamp642\www\ChopeGames\app\Models\ModeleAbonne.php(15): App\Models\ModeleAbonne->inserer(Object(CodeIgniter\Email\Email))
#11 C:\wamp642\www\ChopeGames\app\Controllers\Visiteur.php(36): App\Models\ModeleAbonne->verification(Object(CodeIgniter\Email\Email))
#12 C:\wamp642\www\ChopeGames\system\CodeIgniter.php(824): App\Controllers\Visiteur->abonne()
#13 C:\wamp642\www\ChopeGames\system\CodeIgniter.php(410): CodeIgniter\CodeIgniter->runController(Object(App\Controllers\Visiteur))
#14 C:\wamp642\www\ChopeGames\system\CodeIgniter.php(318): CodeIgniter\CodeIgniter->handleRequest(NULL, Object(Config\Cache), false)
#15 C:\wamp642\www\ChopeGames\public\index.php(37): CodeIgniter\CodeIgniter->run()
#16 {main}
CRITICAL - 2022-05-05 07:28:05 --> Object of class CodeIgniter\Email\Email could not be converted to string
#0 [internal function]: CodeIgniter\Debug\Exceptions->errorHandler(4096, 'Object of class...', 'C:\\wamp642\\www\\...', 330, Array)
#1 C:\wamp642\www\ChopeGames\system\Database\Query.php(330): strtr('INSERT INTO `ab...', Array)
#2 C:\wamp642\www\ChopeGames\system\Database\Query.php(304): CodeIgniter\Database\Query->matchNamedBinds('INSERT INTO `ab...', Array)
#3 C:\wamp642\www\ChopeGames\system\Database\Query.php(150): CodeIgniter\Database\Query->compileBinds()
#4 C:\wamp642\www\ChopeGames\system\Database\BaseConnection.php(598): CodeIgniter\Database\Query->getQuery()
#5 C:\wamp642\www\ChopeGames\system\Database\BaseBuilder.php(1759): CodeIgniter\Database\BaseConnection->query('INSERT INTO `ab...', Array, false)
#6 C:\wamp642\www\ChopeGames\system\Model.php(239): CodeIgniter\Database\BaseBuilder->insert()
#7 C:\wamp642\www\ChopeGames\system\BaseModel.php(738): CodeIgniter\Model->doInsert(Array)
#8 C:\wamp642\www\ChopeGames\system\Model.php(620): CodeIgniter\BaseModel->insert(Array, true)
#9 C:\wamp642\www\ChopeGames\app\Models\ModeleAbonne.php(21): CodeIgniter\Model->insert()
#10 C:\wamp642\www\ChopeGames\app\Models\ModeleAbonne.php(15): App\Models\ModeleAbonne->inserer(Object(CodeIgniter\Email\Email))
#11 C:\wamp642\www\ChopeGames\app\Controllers\Visiteur.php(36): App\Models\ModeleAbonne->verification(Object(CodeIgniter\Email\Email))
#12 C:\wamp642\www\ChopeGames\system\CodeIgniter.php(824): App\Controllers\Visiteur->abonne()
#13 C:\wamp642\www\ChopeGames\system\CodeIgniter.php(410): CodeIgniter\CodeIgniter->runController(Object(App\Controllers\Visiteur))
#14 C:\wamp642\www\ChopeGames\system\CodeIgniter.php(318): CodeIgniter\CodeIgniter->handleRequest(NULL, Object(Config\Cache), false)
#15 C:\wamp642\www\ChopeGames\public\index.php(37): CodeIgniter\CodeIgniter->run()
#16 {main}
CRITICAL - 2022-05-05 07:49:20 --> Object of class CodeIgniter\Email\Email could not be converted to string
#0 [internal function]: CodeIgniter\Debug\Exceptions->errorHandler(4096, 'Object of class...', 'C:\\wamp642\\www\\...', 330, Array)
#1 C:\wamp642\www\ChopeGames\system\Database\Query.php(330): strtr('INSERT INTO `ab...', Array)
#2 C:\wamp642\www\ChopeGames\system\Database\Query.php(304): CodeIgniter\Database\Query->matchNamedBinds('INSERT INTO `ab...', Array)
#3 C:\wamp642\www\ChopeGames\system\Database\Query.php(150): CodeIgniter\Database\Query->compileBinds()
#4 C:\wamp642\www\ChopeGames\system\Database\BaseConnection.php(598): CodeIgniter\Database\Query->getQuery()
#5 C:\wamp642\www\ChopeGames\system\Database\BaseBuilder.php(1759): CodeIgniter\Database\BaseConnection->query('INSERT INTO `ab...', Array, false)
#6 C:\wamp642\www\ChopeGames\system\Model.php(239): CodeIgniter\Database\BaseBuilder->insert()
#7 C:\wamp642\www\ChopeGames\system\BaseModel.php(738): CodeIgniter\Model->doInsert(Array)
#8 C:\wamp642\www\ChopeGames\system\Model.php(620): CodeIgniter\BaseModel->insert(Array, true)
#9 C:\wamp642\www\ChopeGames\app\Models\ModeleAbonne.php(21): CodeIgniter\Model->insert()
#10 C:\wamp642\www\ChopeGames\app\Models\ModeleAbonne.php(15): App\Models\ModeleAbonne->inserer(Object(CodeIgniter\Email\Email))
#11 C:\wamp642\www\ChopeGames\app\Controllers\Visiteur.php(27): App\Models\ModeleAbonne->verification(Object(CodeIgniter\Email\Email))
#12 C:\wamp642\www\ChopeGames\system\CodeIgniter.php(824): App\Controllers\Visiteur->abonne()
#13 C:\wamp642\www\ChopeGames\system\CodeIgniter.php(410): CodeIgniter\CodeIgniter->runController(Object(App\Controllers\Visiteur))
#14 C:\wamp642\www\ChopeGames\system\CodeIgniter.php(318): CodeIgniter\CodeIgniter->handleRequest(NULL, Object(Config\Cache), false)
#15 C:\wamp642\www\ChopeGames\public\index.php(37): CodeIgniter\CodeIgniter->run()
#16 {main}
CRITICAL - 2022-05-05 07:50:54 --> Object of class CodeIgniter\Email\Email could not be converted to string
#0 [internal function]: CodeIgniter\Debug\Exceptions->errorHandler(4096, 'Object of class...', 'C:\\wamp642\\www\\...', 330, Array)
#1 C:\wamp642\www\ChopeGames\system\Database\Query.php(330): strtr('INSERT INTO `ab...', Array)
#2 C:\wamp642\www\ChopeGames\system\Database\Query.php(304): CodeIgniter\Database\Query->matchNamedBinds('INSERT INTO `ab...', Array)
#3 C:\wamp642\www\ChopeGames\system\Database\Query.php(150): CodeIgniter\Database\Query->compileBinds()
#4 C:\wamp642\www\ChopeGames\system\Database\BaseConnection.php(598): CodeIgniter\Database\Query->getQuery()
#5 C:\wamp642\www\ChopeGames\system\Database\BaseBuilder.php(1759): CodeIgniter\Database\BaseConnection->query('INSERT INTO `ab...', Array, false)
#6 C:\wamp642\www\ChopeGames\system\Model.php(239): CodeIgniter\Database\BaseBuilder->insert()
#7 C:\wamp642\www\ChopeGames\system\BaseModel.php(738): CodeIgniter\Model->doInsert(Array)
#8 C:\wamp642\www\ChopeGames\system\Model.php(620): CodeIgniter\BaseModel->insert(Array, true)
#9 C:\wamp642\www\ChopeGames\app\Models\ModeleAbonne.php(21): CodeIgniter\Model->insert()
#10 C:\wamp642\www\ChopeGames\app\Controllers\Visiteur.php(28): App\Models\ModeleAbonne->inserer(Object(CodeIgniter\Email\Email))
#11 C:\wamp642\www\ChopeGames\system\CodeIgniter.php(824): App\Controllers\Visiteur->abonne()
#12 C:\wamp642\www\ChopeGames\system\CodeIgniter.php(410): CodeIgniter\CodeIgniter->runController(Object(App\Controllers\Visiteur))
#13 C:\wamp642\www\ChopeGames\system\CodeIgniter.php(318): CodeIgniter\CodeIgniter->handleRequest(NULL, Object(Config\Cache), false)
#14 C:\wamp642\www\ChopeGames\public\index.php(37): CodeIgniter\CodeIgniter->run()
#15 {main}
CRITICAL - 2022-05-05 07:51:03 --> Object of class CodeIgniter\Email\Email could not be converted to string
#0 [internal function]: CodeIgniter\Debug\Exceptions->errorHandler(4096, 'Object of class...', 'C:\\wamp642\\www\\...', 330, Array)
#1 C:\wamp642\www\ChopeGames\system\Database\Query.php(330): strtr('INSERT INTO `ab...', Array)
#2 C:\wamp642\www\ChopeGames\system\Database\Query.php(304): CodeIgniter\Database\Query->matchNamedBinds('INSERT INTO `ab...', Array)
#3 C:\wamp642\www\ChopeGames\system\Database\Query.php(150): CodeIgniter\Database\Query->compileBinds()
#4 C:\wamp642\www\ChopeGames\system\Database\BaseConnection.php(598): CodeIgniter\Database\Query->getQuery()
#5 C:\wamp642\www\ChopeGames\system\Database\BaseBuilder.php(1759): CodeIgniter\Database\BaseConnection->query('INSERT INTO `ab...', Array, false)
#6 C:\wamp642\www\ChopeGames\system\Model.php(239): CodeIgniter\Database\BaseBuilder->insert()
#7 C:\wamp642\www\ChopeGames\system\BaseModel.php(738): CodeIgniter\Model->doInsert(Array)
#8 C:\wamp642\www\ChopeGames\system\Model.php(620): CodeIgniter\BaseModel->insert(Array, true)
#9 C:\wamp642\www\ChopeGames\app\Models\ModeleAbonne.php(21): CodeIgniter\Model->insert()
#10 C:\wamp642\www\ChopeGames\app\Controllers\Visiteur.php(28): App\Models\ModeleAbonne->inserer(Object(CodeIgniter\Email\Email))
#11 C:\wamp642\www\ChopeGames\system\CodeIgniter.php(824): App\Controllers\Visiteur->abonne()
#12 C:\wamp642\www\ChopeGames\system\CodeIgniter.php(410): CodeIgniter\CodeIgniter->runController(Object(App\Controllers\Visiteur))
#13 C:\wamp642\www\ChopeGames\system\CodeIgniter.php(318): CodeIgniter\CodeIgniter->handleRequest(NULL, Object(Config\Cache), false)
#14 C:\wamp642\www\ChopeGames\public\index.php(37): CodeIgniter\CodeIgniter->run()
#15 {main}
CRITICAL - 2022-05-05 08:12:32 --> Return value of CodeIgniter\BaseModel::transformDataToArray() must be of the type array, string returned
#0 C:\wamp642\www\ChopeGames\system\BaseModel.php(704): CodeIgniter\BaseModel->transformDataToArray('b.julian.pro@gm...', 'insert')
#1 C:\wamp642\www\ChopeGames\system\Model.php(620): CodeIgniter\BaseModel->insert('b.julian.pro@gm...', true)
#2 C:\wamp642\www\ChopeGames\app\Models\ModeleAbonne.php(15): CodeIgniter\Model->insert('b.julian.pro@gm...')
#3 C:\wamp642\www\ChopeGames\app\Controllers\Visiteur.php(27): App\Models\ModeleAbonne->verification('b.julian.pro@gm...')
#4 C:\wamp642\www\ChopeGames\system\CodeIgniter.php(824): App\Controllers\Visiteur->abonne()
#5 C:\wamp642\www\ChopeGames\system\CodeIgniter.php(410): CodeIgniter\CodeIgniter->runController(Object(App\Controllers\Visiteur))
#6 C:\wamp642\www\ChopeGames\system\CodeIgniter.php(318): CodeIgniter\CodeIgniter->handleRequest(NULL, Object(Config\Cache), false)
#7 C:\wamp642\www\ChopeGames\public\index.php(37): CodeIgniter\CodeIgniter->run()
#8 {main}
ERROR - 2022-05-05 09:40:28 --> Champ 'ID' inconnu dans field list
CRITICAL - 2022-05-05 09:40:28 --> Champ 'ID' inconnu dans field list
#0 C:\wamp642\www\ChopeGames\system\Database\MySQLi\Connection.php(292): mysqli->query('SELECT `ID`\nFRO...', 0)
#1 C:\wamp642\www\ChopeGames\system\Database\BaseConnection.php(670): CodeIgniter\Database\MySQLi\Connection->execute('SELECT `ID`\nFRO...')
#2 C:\wamp642\www\ChopeGames\system\Database\BaseConnection.php(598): CodeIgniter\Database\BaseConnection->simpleQuery('SELECT `ID`\nFRO...')
#3 C:\wamp642\www\ChopeGames\system\Database\BaseBuilder.php(1443): CodeIgniter\Database\BaseConnection->query('SELECT `ID`\nFRO...', Array, false)
#4 C:\wamp642\www\ChopeGames\system\Model.php(210): CodeIgniter\Database\BaseBuilder->get()
#5 C:\wamp642\www\ChopeGames\system\BaseModel.php(622): CodeIgniter\Model->doFirst()
#6 C:\wamp642\www\ChopeGames\app\Models\ModeleMarque.php(20): CodeIgniter\BaseModel->first()
#7 C:\wamp642\www\ChopeGames\app\Controllers\Visiteur.php(93): App\Models\ModeleMarque->retournerIdMarqueByLibelle('Activision')
#8 C:\wamp642\www\ChopeGames\system\CodeIgniter.php(824): App\Controllers\Visiteur->marqueByLibelle('Activision')
#9 C:\wamp642\www\ChopeGames\system\CodeIgniter.php(410): CodeIgniter\CodeIgniter->runController(Object(App\Controllers\Visiteur))
#10 C:\wamp642\www\ChopeGames\system\CodeIgniter.php(318): CodeIgniter\CodeIgniter->handleRequest(NULL, Object(Config\Cache), false)
#11 C:\wamp642\www\ChopeGames\public\index.php(37): CodeIgniter\CodeIgniter->run()
#12 {main}
