CRITICAL - 2022-01-21 02:57:47 --> There is no data to update.
#0 C:\Users\BTS SIO\Documents\BTS SIO\Projet\ppe_chopesgames\system\BaseModel.php(1574): CodeIgniter\Database\Exceptions\DataException::forEmptyDataset('update')
#1 C:\Users\BTS SIO\Documents\BTS SIO\Projet\ppe_chopesgames\system\BaseModel.php(832): CodeIgniter\BaseModel->transformDataToArray(NULL, 'update')
#2 C:\Users\BTS SIO\Documents\BTS SIO\Projet\ppe_chopesgames\system\Model.php(646): CodeIgniter\BaseModel->update(Array, NULL)
#3 C:\Users\BTS SIO\Documents\BTS SIO\Projet\ppe_chopesgames\app\Controllers\AdministrateurSuper.php(69): CodeIgniter\Model->update(Array)
#4 C:\Users\BTS SIO\Documents\BTS SIO\Projet\ppe_chopesgames\system\CodeIgniter.php(824): App\Controllers\AdministrateurSuper->modifier_un_admin('0000000001')
#5 C:\Users\BTS SIO\Documents\BTS SIO\Projet\ppe_chopesgames\system\CodeIgniter.php(410): CodeIgniter\CodeIgniter->runController(Object(App\Controllers\AdministrateurSuper))
#6 C:\Users\BTS SIO\Documents\BTS SIO\Projet\ppe_chopesgames\system\CodeIgniter.php(318): CodeIgniter\CodeIgniter->handleRequest(NULL, Object(Config\Cache), false)
#7 C:\Users\BTS SIO\Documents\BTS SIO\Projet\ppe_chopesgames\public\index.php(37): CodeIgniter\CodeIgniter->run()
#8 C:\Users\BTS SIO\Documents\BTS SIO\Projet\ppe_chopesgames\system\Commands\Server\rewrite.php(43): require_once('C:\\Users\\BTS SI...')
#9 {main}
CRITICAL - 2022-01-21 03:25:17 --> Too few arguments to function App\Controllers\AdministrateurSuper::modifier_un_admin(), 0 passed in C:\Users\BTS SIO\Documents\BTS SIO\Projet\ppe_chopesgames\system\CodeIgniter.php on line 824 and at least 4 expected
#0 C:\Users\BTS SIO\Documents\BTS SIO\Projet\ppe_chopesgames\system\CodeIgniter.php(824): App\Controllers\AdministrateurSuper->modifier_un_admin()
#1 C:\Users\BTS SIO\Documents\BTS SIO\Projet\ppe_chopesgames\system\CodeIgniter.php(410): CodeIgniter\CodeIgniter->runController(Object(App\Controllers\AdministrateurSuper))
#2 C:\Users\BTS SIO\Documents\BTS SIO\Projet\ppe_chopesgames\system\CodeIgniter.php(318): CodeIgniter\CodeIgniter->handleRequest(NULL, Object(Config\Cache), false)
#3 C:\Users\BTS SIO\Documents\BTS SIO\Projet\ppe_chopesgames\public\index.php(37): CodeIgniter\CodeIgniter->run()
#4 C:\Users\BTS SIO\Documents\BTS SIO\Projet\ppe_chopesgames\system\Commands\Server\rewrite.php(43): require_once('C:\\Users\\BTS SI...')
#5 {main}
CRITICAL - 2022-01-21 03:26:20 --> Too few arguments to function App\Controllers\AdministrateurSuper::modifier_un_admin(), 0 passed in C:\Users\BTS SIO\Documents\BTS SIO\Projet\ppe_chopesgames\system\CodeIgniter.php on line 824 and at least 4 expected
#0 C:\Users\BTS SIO\Documents\BTS SIO\Projet\ppe_chopesgames\system\CodeIgniter.php(824): App\Controllers\AdministrateurSuper->modifier_un_admin()
#1 C:\Users\BTS SIO\Documents\BTS SIO\Projet\ppe_chopesgames\system\CodeIgniter.php(410): CodeIgniter\CodeIgniter->runController(Object(App\Controllers\AdministrateurSuper))
#2 C:\Users\BTS SIO\Documents\BTS SIO\Projet\ppe_chopesgames\system\CodeIgniter.php(318): CodeIgniter\CodeIgniter->handleRequest(NULL, Object(Config\Cache), false)
#3 C:\Users\BTS SIO\Documents\BTS SIO\Projet\ppe_chopesgames\public\index.php(37): CodeIgniter\CodeIgniter->run()
#4 C:\Users\BTS SIO\Documents\BTS SIO\Projet\ppe_chopesgames\system\Commands\Server\rewrite.php(43): require_once('C:\\Users\\BTS SI...')
#5 {main}
CRITICAL - 2022-01-21 03:27:05 --> Too few arguments to function App\Controllers\AdministrateurSuper::modifier_un_admin(), 1 passed in C:\Users\BTS SIO\Documents\BTS SIO\Projet\ppe_chopesgames\system\CodeIgniter.php on line 824 and at least 4 expected
#0 C:\Users\BTS SIO\Documents\BTS SIO\Projet\ppe_chopesgames\system\CodeIgniter.php(824): App\Controllers\AdministrateurSuper->modifier_un_admin('0000000001')
#1 C:\Users\BTS SIO\Documents\BTS SIO\Projet\ppe_chopesgames\system\CodeIgniter.php(410): CodeIgniter\CodeIgniter->runController(Object(App\Controllers\AdministrateurSuper))
#2 C:\Users\BTS SIO\Documents\BTS SIO\Projet\ppe_chopesgames\system\CodeIgniter.php(318): CodeIgniter\CodeIgniter->handleRequest(NULL, Object(Config\Cache), false)
#3 C:\Users\BTS SIO\Documents\BTS SIO\Projet\ppe_chopesgames\public\index.php(37): CodeIgniter\CodeIgniter->run()
#4 C:\Users\BTS SIO\Documents\BTS SIO\Projet\ppe_chopesgames\system\Commands\Server\rewrite.php(43): require_once('C:\\Users\\BTS SI...')
#5 {main}
CRITICAL - 2022-01-21 03:28:24 --> Too few arguments to function App\Controllers\AdministrateurSuper::modifier_un_admin(), 1 passed in C:\Users\BTS SIO\Documents\BTS SIO\Projet\ppe_chopesgames\system\CodeIgniter.php on line 824 and at least 2 expected
#0 C:\Users\BTS SIO\Documents\BTS SIO\Projet\ppe_chopesgames\system\CodeIgniter.php(824): App\Controllers\AdministrateurSuper->modifier_un_admin('0000000001')
#1 C:\Users\BTS SIO\Documents\BTS SIO\Projet\ppe_chopesgames\system\CodeIgniter.php(410): CodeIgniter\CodeIgniter->runController(Object(App\Controllers\AdministrateurSuper))
#2 C:\Users\BTS SIO\Documents\BTS SIO\Projet\ppe_chopesgames\system\CodeIgniter.php(318): CodeIgniter\CodeIgniter->handleRequest(NULL, Object(Config\Cache), false)
#3 C:\Users\BTS SIO\Documents\BTS SIO\Projet\ppe_chopesgames\public\index.php(37): CodeIgniter\CodeIgniter->run()
#4 C:\Users\BTS SIO\Documents\BTS SIO\Projet\ppe_chopesgames\system\Commands\Server\rewrite.php(43): require_once('C:\\Users\\BTS SI...')
#5 {main}
CRITICAL - 2022-01-21 03:28:28 --> Too few arguments to function App\Controllers\AdministrateurSuper::modifier_un_admin(), 0 passed in C:\Users\BTS SIO\Documents\BTS SIO\Projet\ppe_chopesgames\system\CodeIgniter.php on line 824 and at least 2 expected
#0 C:\Users\BTS SIO\Documents\BTS SIO\Projet\ppe_chopesgames\system\CodeIgniter.php(824): App\Controllers\AdministrateurSuper->modifier_un_admin()
#1 C:\Users\BTS SIO\Documents\BTS SIO\Projet\ppe_chopesgames\system\CodeIgniter.php(410): CodeIgniter\CodeIgniter->runController(Object(App\Controllers\AdministrateurSuper))
#2 C:\Users\BTS SIO\Documents\BTS SIO\Projet\ppe_chopesgames\system\CodeIgniter.php(318): CodeIgniter\CodeIgniter->handleRequest(NULL, Object(Config\Cache), false)
#3 C:\Users\BTS SIO\Documents\BTS SIO\Projet\ppe_chopesgames\public\index.php(37): CodeIgniter\CodeIgniter->run()
#4 C:\Users\BTS SIO\Documents\BTS SIO\Projet\ppe_chopesgames\system\Commands\Server\rewrite.php(43): require_once('C:\\Users\\BTS SI...')
#5 {main}
CRITICAL - 2022-01-21 03:29:20 --> Too few arguments to function App\Controllers\AdministrateurSuper::modifier_un_admin(), 1 passed in C:\Users\BTS SIO\Documents\BTS SIO\Projet\ppe_chopesgames\system\CodeIgniter.php on line 824 and at least 2 expected
#0 C:\Users\BTS SIO\Documents\BTS SIO\Projet\ppe_chopesgames\system\CodeIgniter.php(824): App\Controllers\AdministrateurSuper->modifier_un_admin('0000000001')
#1 C:\Users\BTS SIO\Documents\BTS SIO\Projet\ppe_chopesgames\system\CodeIgniter.php(410): CodeIgniter\CodeIgniter->runController(Object(App\Controllers\AdministrateurSuper))
#2 C:\Users\BTS SIO\Documents\BTS SIO\Projet\ppe_chopesgames\system\CodeIgniter.php(318): CodeIgniter\CodeIgniter->handleRequest(NULL, Object(Config\Cache), false)
#3 C:\Users\BTS SIO\Documents\BTS SIO\Projet\ppe_chopesgames\public\index.php(37): CodeIgniter\CodeIgniter->run()
#4 C:\Users\BTS SIO\Documents\BTS SIO\Projet\ppe_chopesgames\system\Commands\Server\rewrite.php(43): require_once('C:\\Users\\BTS SI...')
#5 {main}
CRITICAL - 2022-01-21 03:34:21 --> Too few arguments to function App\Controllers\AdministrateurSuper::modifier_un_admin(), 0 passed in C:\Users\BTS SIO\Documents\BTS SIO\Projet\ppe_chopesgames\system\CodeIgniter.php on line 824 and at least 1 expected
#0 C:\Users\BTS SIO\Documents\BTS SIO\Projet\ppe_chopesgames\system\CodeIgniter.php(824): App\Controllers\AdministrateurSuper->modifier_un_admin()
#1 C:\Users\BTS SIO\Documents\BTS SIO\Projet\ppe_chopesgames\system\CodeIgniter.php(410): CodeIgniter\CodeIgniter->runController(Object(App\Controllers\AdministrateurSuper))
#2 C:\Users\BTS SIO\Documents\BTS SIO\Projet\ppe_chopesgames\system\CodeIgniter.php(318): CodeIgniter\CodeIgniter->handleRequest(NULL, Object(Config\Cache), false)
#3 C:\Users\BTS SIO\Documents\BTS SIO\Projet\ppe_chopesgames\public\index.php(37): CodeIgniter\CodeIgniter->run()
#4 C:\Users\BTS SIO\Documents\BTS SIO\Projet\ppe_chopesgames\system\Commands\Server\rewrite.php(43): require_once('C:\\Users\\BTS SI...')
#5 {main}
CRITICAL - 2022-01-21 03:34:25 --> Too few arguments to function App\Controllers\AdministrateurSuper::modifier_un_admin(), 0 passed in C:\Users\BTS SIO\Documents\BTS SIO\Projet\ppe_chopesgames\system\CodeIgniter.php on line 824 and at least 1 expected
#0 C:\Users\BTS SIO\Documents\BTS SIO\Projet\ppe_chopesgames\system\CodeIgniter.php(824): App\Controllers\AdministrateurSuper->modifier_un_admin()
#1 C:\Users\BTS SIO\Documents\BTS SIO\Projet\ppe_chopesgames\system\CodeIgniter.php(410): CodeIgniter\CodeIgniter->runController(Object(App\Controllers\AdministrateurSuper))
#2 C:\Users\BTS SIO\Documents\BTS SIO\Projet\ppe_chopesgames\system\CodeIgniter.php(318): CodeIgniter\CodeIgniter->handleRequest(NULL, Object(Config\Cache), false)
#3 C:\Users\BTS SIO\Documents\BTS SIO\Projet\ppe_chopesgames\public\index.php(37): CodeIgniter\CodeIgniter->run()
#4 C:\Users\BTS SIO\Documents\BTS SIO\Projet\ppe_chopesgames\system\Commands\Server\rewrite.php(43): require_once('C:\\Users\\BTS SI...')
#5 {main}
CRITICAL - 2022-01-21 03:34:48 --> Undefined variable: modelAdmin
#0 C:\Users\BTS SIO\Documents\BTS SIO\Projet\ppe_chopesgames\app\Views\AdministrateurSuper\modifier_un_admin.php(14): CodeIgniter\Debug\Exceptions->errorHandler(8, 'Undefined varia...', 'C:\\Users\\BTS SI...', 14, Array)
#1 C:\Users\BTS SIO\Documents\BTS SIO\Projet\ppe_chopesgames\system\View\View.php(214): include('C:\\Users\\BTS SI...')
#2 C:\Users\BTS SIO\Documents\BTS SIO\Projet\ppe_chopesgames\system\View\View.php(217): CodeIgniter\View\View->CodeIgniter\View\{closure}()
#3 C:\Users\BTS SIO\Documents\BTS SIO\Projet\ppe_chopesgames\system\Common.php(1097): CodeIgniter\View\View->render('AdministrateurS...', Array, true)
#4 C:\Users\BTS SIO\Documents\BTS SIO\Projet\ppe_chopesgames\app\Controllers\AdministrateurSuper.php(53): view('AdministrateurS...')
#5 C:\Users\BTS SIO\Documents\BTS SIO\Projet\ppe_chopesgames\system\CodeIgniter.php(824): App\Controllers\AdministrateurSuper->modifier_un_admin('0000000001')
#6 C:\Users\BTS SIO\Documents\BTS SIO\Projet\ppe_chopesgames\system\CodeIgniter.php(410): CodeIgniter\CodeIgniter->runController(Object(App\Controllers\AdministrateurSuper))
#7 C:\Users\BTS SIO\Documents\BTS SIO\Projet\ppe_chopesgames\system\CodeIgniter.php(318): CodeIgniter\CodeIgniter->handleRequest(NULL, Object(Config\Cache), false)
#8 C:\Users\BTS SIO\Documents\BTS SIO\Projet\ppe_chopesgames\public\index.php(37): CodeIgniter\CodeIgniter->run()
#9 C:\Users\BTS SIO\Documents\BTS SIO\Projet\ppe_chopesgames\system\Commands\Server\rewrite.php(43): require_once('C:\\Users\\BTS SI...')
#10 {main}
CRITICAL - 2022-01-21 03:35:23 --> Undefined variable: modelAdmin
#0 C:\Users\BTS SIO\Documents\BTS SIO\Projet\ppe_chopesgames\app\Views\AdministrateurSuper\modifier_un_admin.php(14): CodeIgniter\Debug\Exceptions->errorHandler(8, 'Undefined varia...', 'C:\\Users\\BTS SI...', 14, Array)
#1 C:\Users\BTS SIO\Documents\BTS SIO\Projet\ppe_chopesgames\system\View\View.php(214): include('C:\\Users\\BTS SI...')
#2 C:\Users\BTS SIO\Documents\BTS SIO\Projet\ppe_chopesgames\system\View\View.php(217): CodeIgniter\View\View->CodeIgniter\View\{closure}()
#3 C:\Users\BTS SIO\Documents\BTS SIO\Projet\ppe_chopesgames\system\Common.php(1097): CodeIgniter\View\View->render('AdministrateurS...', Array, true)
#4 C:\Users\BTS SIO\Documents\BTS SIO\Projet\ppe_chopesgames\app\Controllers\AdministrateurSuper.php(53): view('AdministrateurS...')
#5 C:\Users\BTS SIO\Documents\BTS SIO\Projet\ppe_chopesgames\system\CodeIgniter.php(824): App\Controllers\AdministrateurSuper->modifier_un_admin('0000000001')
#6 C:\Users\BTS SIO\Documents\BTS SIO\Projet\ppe_chopesgames\system\CodeIgniter.php(410): CodeIgniter\CodeIgniter->runController(Object(App\Controllers\AdministrateurSuper))
#7 C:\Users\BTS SIO\Documents\BTS SIO\Projet\ppe_chopesgames\system\CodeIgniter.php(318): CodeIgniter\CodeIgniter->handleRequest(NULL, Object(Config\Cache), false)
#8 C:\Users\BTS SIO\Documents\BTS SIO\Projet\ppe_chopesgames\public\index.php(37): CodeIgniter\CodeIgniter->run()
#9 C:\Users\BTS SIO\Documents\BTS SIO\Projet\ppe_chopesgames\system\Commands\Server\rewrite.php(43): require_once('C:\\Users\\BTS SI...')
#10 {main}
CRITICAL - 2022-01-21 03:35:31 --> Too few arguments to function App\Controllers\AdministrateurSuper::modifier_un_admin(), 0 passed in C:\Users\BTS SIO\Documents\BTS SIO\Projet\ppe_chopesgames\system\CodeIgniter.php on line 824 and at least 1 expected
#0 C:\Users\BTS SIO\Documents\BTS SIO\Projet\ppe_chopesgames\system\CodeIgniter.php(824): App\Controllers\AdministrateurSuper->modifier_un_admin()
#1 C:\Users\BTS SIO\Documents\BTS SIO\Projet\ppe_chopesgames\system\CodeIgniter.php(410): CodeIgniter\CodeIgniter->runController(Object(App\Controllers\AdministrateurSuper))
#2 C:\Users\BTS SIO\Documents\BTS SIO\Projet\ppe_chopesgames\system\CodeIgniter.php(318): CodeIgniter\CodeIgniter->handleRequest(NULL, Object(Config\Cache), false)
#3 C:\Users\BTS SIO\Documents\BTS SIO\Projet\ppe_chopesgames\public\index.php(37): CodeIgniter\CodeIgniter->run()
#4 C:\Users\BTS SIO\Documents\BTS SIO\Projet\ppe_chopesgames\system\Commands\Server\rewrite.php(43): require_once('C:\\Users\\BTS SI...')
#5 {main}
CRITICAL - 2022-01-21 03:35:45 --> Too few arguments to function App\Controllers\AdministrateurSuper::modifier_un_admin(), 0 passed in C:\Users\BTS SIO\Documents\BTS SIO\Projet\ppe_chopesgames\system\CodeIgniter.php on line 824 and at least 1 expected
#0 C:\Users\BTS SIO\Documents\BTS SIO\Projet\ppe_chopesgames\system\CodeIgniter.php(824): App\Controllers\AdministrateurSuper->modifier_un_admin()
#1 C:\Users\BTS SIO\Documents\BTS SIO\Projet\ppe_chopesgames\system\CodeIgniter.php(410): CodeIgniter\CodeIgniter->runController(Object(App\Controllers\AdministrateurSuper))
#2 C:\Users\BTS SIO\Documents\BTS SIO\Projet\ppe_chopesgames\system\CodeIgniter.php(318): CodeIgniter\CodeIgniter->handleRequest(NULL, Object(Config\Cache), false)
#3 C:\Users\BTS SIO\Documents\BTS SIO\Projet\ppe_chopesgames\public\index.php(37): CodeIgniter\CodeIgniter->run()
#4 C:\Users\BTS SIO\Documents\BTS SIO\Projet\ppe_chopesgames\system\Commands\Server\rewrite.php(43): require_once('C:\\Users\\BTS SI...')
#5 {main}
CRITICAL - 2022-01-21 03:39:39 --> Too few arguments to function App\Controllers\AdministrateurSuper::modifier_un_admin(), 0 passed in C:\Users\BTS SIO\Documents\BTS SIO\Projet\ppe_chopesgames\system\CodeIgniter.php on line 824 and at least 1 expected
#0 C:\Users\BTS SIO\Documents\BTS SIO\Projet\ppe_chopesgames\system\CodeIgniter.php(824): App\Controllers\AdministrateurSuper->modifier_un_admin()
#1 C:\Users\BTS SIO\Documents\BTS SIO\Projet\ppe_chopesgames\system\CodeIgniter.php(410): CodeIgniter\CodeIgniter->runController(Object(App\Controllers\AdministrateurSuper))
#2 C:\Users\BTS SIO\Documents\BTS SIO\Projet\ppe_chopesgames\system\CodeIgniter.php(318): CodeIgniter\CodeIgniter->handleRequest(NULL, Object(Config\Cache), false)
#3 C:\Users\BTS SIO\Documents\BTS SIO\Projet\ppe_chopesgames\public\index.php(37): CodeIgniter\CodeIgniter->run()
#4 C:\Users\BTS SIO\Documents\BTS SIO\Projet\ppe_chopesgames\system\Commands\Server\rewrite.php(43): require_once('C:\\Users\\BTS SI...')
#5 {main}
CRITICAL - 2022-01-21 04:03:42 --> Too few arguments to function App\Controllers\AdministrateurSuper::modifier_un_admin(), 1 passed in C:\Users\BTS SIO\Documents\BTS SIO\Projet\ppe_chopesgames\system\CodeIgniter.php on line 824 and at least 2 expected
#0 C:\Users\BTS SIO\Documents\BTS SIO\Projet\ppe_chopesgames\system\CodeIgniter.php(824): App\Controllers\AdministrateurSuper->modifier_un_admin('0000000001')
#1 C:\Users\BTS SIO\Documents\BTS SIO\Projet\ppe_chopesgames\system\CodeIgniter.php(410): CodeIgniter\CodeIgniter->runController(Object(App\Controllers\AdministrateurSuper))
#2 C:\Users\BTS SIO\Documents\BTS SIO\Projet\ppe_chopesgames\system\CodeIgniter.php(318): CodeIgniter\CodeIgniter->handleRequest(NULL, Object(Config\Cache), false)
#3 C:\Users\BTS SIO\Documents\BTS SIO\Projet\ppe_chopesgames\public\index.php(37): CodeIgniter\CodeIgniter->run()
#4 C:\Users\BTS SIO\Documents\BTS SIO\Projet\ppe_chopesgames\system\Commands\Server\rewrite.php(43): require_once('C:\\Users\\BTS SI...')
#5 {main}
CRITICAL - 2022-01-21 04:03:54 --> Too few arguments to function App\Controllers\AdministrateurSuper::modifier_un_admin(), 0 passed in C:\Users\BTS SIO\Documents\BTS SIO\Projet\ppe_chopesgames\system\CodeIgniter.php on line 824 and at least 1 expected
#0 C:\Users\BTS SIO\Documents\BTS SIO\Projet\ppe_chopesgames\system\CodeIgniter.php(824): App\Controllers\AdministrateurSuper->modifier_un_admin()
#1 C:\Users\BTS SIO\Documents\BTS SIO\Projet\ppe_chopesgames\system\CodeIgniter.php(410): CodeIgniter\CodeIgniter->runController(Object(App\Controllers\AdministrateurSuper))
#2 C:\Users\BTS SIO\Documents\BTS SIO\Projet\ppe_chopesgames\system\CodeIgniter.php(318): CodeIgniter\CodeIgniter->handleRequest(NULL, Object(Config\Cache), false)
#3 C:\Users\BTS SIO\Documents\BTS SIO\Projet\ppe_chopesgames\public\index.php(37): CodeIgniter\CodeIgniter->run()
#4 C:\Users\BTS SIO\Documents\BTS SIO\Projet\ppe_chopesgames\system\Commands\Server\rewrite.php(43): require_once('C:\\Users\\BTS SI...')
#5 {main}
CRITICAL - 2022-01-21 04:55:49 --> Call to undefined function set_value()
#0 C:\Users\BTS SIO\Documents\BTS SIO\Projet\ppe_chopesgames\system\View\View.php(214): include()
#1 C:\Users\BTS SIO\Documents\BTS SIO\Projet\ppe_chopesgames\system\View\View.php(217): CodeIgniter\View\View->CodeIgniter\View\{closure}()
#2 C:\Users\BTS SIO\Documents\BTS SIO\Projet\ppe_chopesgames\system\Common.php(1097): CodeIgniter\View\View->render('templates/foote...', Array, true)
#3 C:\Users\BTS SIO\Documents\BTS SIO\Projet\ppe_chopesgames\app\Controllers\Visiteur.php(52): view('templates/foote...')
#4 C:\Users\BTS SIO\Documents\BTS SIO\Projet\ppe_chopesgames\system\CodeIgniter.php(824): App\Controllers\Visiteur->lister_les_produits()
#5 C:\Users\BTS SIO\Documents\BTS SIO\Projet\ppe_chopesgames\system\CodeIgniter.php(410): CodeIgniter\CodeIgniter->runController(Object(App\Controllers\Visiteur))
#6 C:\Users\BTS SIO\Documents\BTS SIO\Projet\ppe_chopesgames\system\CodeIgniter.php(318): CodeIgniter\CodeIgniter->handleRequest(NULL, Object(Config\Cache), false)
#7 C:\Users\BTS SIO\Documents\BTS SIO\Projet\ppe_chopesgames\public\index.php(37): CodeIgniter\CodeIgniter->run()
#8 C:\Users\BTS SIO\Documents\BTS SIO\Projet\ppe_chopesgames\system\Commands\Server\rewrite.php(43): require_once('C:\\Users\\BTS SI...')
#9 {main}
CRITICAL - 2022-01-21 04:56:51 --> Undefined variable: TitreDeLaPage
#0 C:\Users\BTS SIO\Documents\BTS SIO\Projet\ppe_chopesgames\app\Views\AdministrateurSuper\lettre_information.php(7): CodeIgniter\Debug\Exceptions->errorHandler(8, 'Undefined varia...', 'C:\\Users\\BTS SI...', 7, Array)
#1 C:\Users\BTS SIO\Documents\BTS SIO\Projet\ppe_chopesgames\system\View\View.php(214): include('C:\\Users\\BTS SI...')
#2 C:\Users\BTS SIO\Documents\BTS SIO\Projet\ppe_chopesgames\system\View\View.php(217): CodeIgniter\View\View->CodeIgniter\View\{closure}()
#3 C:\Users\BTS SIO\Documents\BTS SIO\Projet\ppe_chopesgames\system\Common.php(1097): CodeIgniter\View\View->render('AdministrateurS...', Array, true)
#4 C:\Users\BTS SIO\Documents\BTS SIO\Projet\ppe_chopesgames\app\Controllers\AdministrateurSuper.php(20): view('AdministrateurS...')
#5 C:\Users\BTS SIO\Documents\BTS SIO\Projet\ppe_chopesgames\system\CodeIgniter.php(824): App\Controllers\AdministrateurSuper->lettre_information()
#6 C:\Users\BTS SIO\Documents\BTS SIO\Projet\ppe_chopesgames\system\CodeIgniter.php(410): CodeIgniter\CodeIgniter->runController(Object(App\Controllers\AdministrateurSuper))
#7 C:\Users\BTS SIO\Documents\BTS SIO\Projet\ppe_chopesgames\system\CodeIgniter.php(318): CodeIgniter\CodeIgniter->handleRequest(NULL, Object(Config\Cache), false)
#8 C:\Users\BTS SIO\Documents\BTS SIO\Projet\ppe_chopesgames\public\index.php(37): CodeIgniter\CodeIgniter->run()
#9 C:\Users\BTS SIO\Documents\BTS SIO\Projet\ppe_chopesgames\system\Commands\Server\rewrite.php(43): require_once('C:\\Users\\BTS SI...')
#10 {main}
CRITICAL - 2022-01-21 05:27:30 --> Call to undefined method App\Models\ModeleClient::retourner_client
#0 C:\Users\BTS SIO\Documents\BTS SIO\Projet\ppe_chopesgames\app\Controllers\AdministrateurSuper.php(21): CodeIgniter\Model->__call('retourner_clien...', Array)
#1 C:\Users\BTS SIO\Documents\BTS SIO\Projet\ppe_chopesgames\system\CodeIgniter.php(824): App\Controllers\AdministrateurSuper->lettre_information()
#2 C:\Users\BTS SIO\Documents\BTS SIO\Projet\ppe_chopesgames\system\CodeIgniter.php(410): CodeIgniter\CodeIgniter->runController(Object(App\Controllers\AdministrateurSuper))
#3 C:\Users\BTS SIO\Documents\BTS SIO\Projet\ppe_chopesgames\system\CodeIgniter.php(318): CodeIgniter\CodeIgniter->handleRequest(NULL, Object(Config\Cache), false)
#4 C:\Users\BTS SIO\Documents\BTS SIO\Projet\ppe_chopesgames\public\index.php(37): CodeIgniter\CodeIgniter->run()
#5 C:\Users\BTS SIO\Documents\BTS SIO\Projet\ppe_chopesgames\system\Commands\Server\rewrite.php(43): require_once('C:\\Users\\BTS SI...')
#6 {main}
CRITICAL - 2022-01-21 05:28:20 --> There is no data to insert.
#0 C:\Users\BTS SIO\Documents\BTS SIO\Projet\ppe_chopesgames\system\BaseModel.php(718): CodeIgniter\Database\Exceptions\DataException::forEmptyDataset('insert')
#1 C:\Users\BTS SIO\Documents\BTS SIO\Projet\ppe_chopesgames\system\Model.php(620): CodeIgniter\BaseModel->insert(Array, true)
#2 C:\Users\BTS SIO\Documents\BTS SIO\Projet\ppe_chopesgames\app\Controllers\AdministrateurSuper.php(39): CodeIgniter\Model->insert(Array)
#3 C:\Users\BTS SIO\Documents\BTS SIO\Projet\ppe_chopesgames\system\CodeIgniter.php(824): App\Controllers\AdministrateurSuper->lettre_information()
#4 C:\Users\BTS SIO\Documents\BTS SIO\Projet\ppe_chopesgames\system\CodeIgniter.php(410): CodeIgniter\CodeIgniter->runController(Object(App\Controllers\AdministrateurSuper))
#5 C:\Users\BTS SIO\Documents\BTS SIO\Projet\ppe_chopesgames\system\CodeIgniter.php(318): CodeIgniter\CodeIgniter->handleRequest(NULL, Object(Config\Cache), false)
#6 C:\Users\BTS SIO\Documents\BTS SIO\Projet\ppe_chopesgames\public\index.php(37): CodeIgniter\CodeIgniter->run()
#7 C:\Users\BTS SIO\Documents\BTS SIO\Projet\ppe_chopesgames\system\Commands\Server\rewrite.php(43): require_once('C:\\Users\\BTS SI...')
#8 {main}
CRITICAL - 2022-01-21 07:53:29 --> Class 'App\Models\ModeleAbonne' not found
#0 C:\Users\BTS SIO\Documents\BTS SIO\Projet\ppe_chopesgames\system\CodeIgniter.php(824): App\Controllers\AdministrateurSuper->lettre_information()
#1 C:\Users\BTS SIO\Documents\BTS SIO\Projet\ppe_chopesgames\system\CodeIgniter.php(410): CodeIgniter\CodeIgniter->runController(Object(App\Controllers\AdministrateurSuper))
#2 C:\Users\BTS SIO\Documents\BTS SIO\Projet\ppe_chopesgames\system\CodeIgniter.php(318): CodeIgniter\CodeIgniter->handleRequest(NULL, Object(Config\Cache), false)
#3 C:\Users\BTS SIO\Documents\BTS SIO\Projet\ppe_chopesgames\public\index.php(37): CodeIgniter\CodeIgniter->run()
#4 C:\Users\BTS SIO\Documents\BTS SIO\Projet\ppe_chopesgames\system\Commands\Server\rewrite.php(43): require_once('C:\\Users\\BTS SI...')
#5 {main}
CRITICAL - 2022-01-21 07:54:04 --> Call to undefined function set_value()
#0 C:\Users\BTS SIO\Documents\BTS SIO\Projet\ppe_chopesgames\system\View\View.php(214): include()
#1 C:\Users\BTS SIO\Documents\BTS SIO\Projet\ppe_chopesgames\system\View\View.php(217): CodeIgniter\View\View->CodeIgniter\View\{closure}()
#2 C:\Users\BTS SIO\Documents\BTS SIO\Projet\ppe_chopesgames\system\Common.php(1097): CodeIgniter\View\View->render('templates/foote...', Array, true)
#3 C:\Users\BTS SIO\Documents\BTS SIO\Projet\ppe_chopesgames\app\Controllers\Visiteur.php(52): view('templates/foote...')
#4 C:\Users\BTS SIO\Documents\BTS SIO\Projet\ppe_chopesgames\system\CodeIgniter.php(824): App\Controllers\Visiteur->lister_les_produits()
#5 C:\Users\BTS SIO\Documents\BTS SIO\Projet\ppe_chopesgames\system\CodeIgniter.php(410): CodeIgniter\CodeIgniter->runController(Object(App\Controllers\Visiteur))
#6 C:\Users\BTS SIO\Documents\BTS SIO\Projet\ppe_chopesgames\system\CodeIgniter.php(318): CodeIgniter\CodeIgniter->handleRequest(NULL, Object(Config\Cache), false)
#7 C:\Users\BTS SIO\Documents\BTS SIO\Projet\ppe_chopesgames\public\index.php(37): CodeIgniter\CodeIgniter->run()
#8 C:\Users\BTS SIO\Documents\BTS SIO\Projet\ppe_chopesgames\system\Commands\Server\rewrite.php(43): require_once('C:\\Users\\BTS SI...')
#9 {main}
CRITICAL - 2022-01-21 07:54:19 --> Call to undefined function set_value()
#0 C:\Users\BTS SIO\Documents\BTS SIO\Projet\ppe_chopesgames\system\View\View.php(214): include()
#1 C:\Users\BTS SIO\Documents\BTS SIO\Projet\ppe_chopesgames\system\View\View.php(217): CodeIgniter\View\View->CodeIgniter\View\{closure}()
#2 C:\Users\BTS SIO\Documents\BTS SIO\Projet\ppe_chopesgames\system\Common.php(1097): CodeIgniter\View\View->render('templates/foote...', Array, true)
#3 C:\Users\BTS SIO\Documents\BTS SIO\Projet\ppe_chopesgames\app\Controllers\Visiteur.php(28): view('templates/foote...')
#4 C:\Users\BTS SIO\Documents\BTS SIO\Projet\ppe_chopesgames\system\CodeIgniter.php(824): App\Controllers\Visiteur->accueil()
#5 C:\Users\BTS SIO\Documents\BTS SIO\Projet\ppe_chopesgames\system\CodeIgniter.php(410): CodeIgniter\CodeIgniter->runController(Object(App\Controllers\Visiteur))
#6 C:\Users\BTS SIO\Documents\BTS SIO\Projet\ppe_chopesgames\system\CodeIgniter.php(318): CodeIgniter\CodeIgniter->handleRequest(NULL, Object(Config\Cache), false)
#7 C:\Users\BTS SIO\Documents\BTS SIO\Projet\ppe_chopesgames\public\index.php(37): CodeIgniter\CodeIgniter->run()
#8 C:\Users\BTS SIO\Documents\BTS SIO\Projet\ppe_chopesgames\system\Commands\Server\rewrite.php(43): require_once('C:\\Users\\BTS SI...')
#9 {main}
CRITICAL - 2022-01-21 07:54:28 --> Class 'App\Models\ModeleNouvelle' not found
#0 C:\Users\BTS SIO\Documents\BTS SIO\Projet\ppe_chopesgames\system\CodeIgniter.php(824): App\Controllers\AdministrateurSuper->lettre_information()
#1 C:\Users\BTS SIO\Documents\BTS SIO\Projet\ppe_chopesgames\system\CodeIgniter.php(410): CodeIgniter\CodeIgniter->runController(Object(App\Controllers\AdministrateurSuper))
#2 C:\Users\BTS SIO\Documents\BTS SIO\Projet\ppe_chopesgames\system\CodeIgniter.php(318): CodeIgniter\CodeIgniter->handleRequest(NULL, Object(Config\Cache), false)
#3 C:\Users\BTS SIO\Documents\BTS SIO\Projet\ppe_chopesgames\public\index.php(37): CodeIgniter\CodeIgniter->run()
#4 C:\Users\BTS SIO\Documents\BTS SIO\Projet\ppe_chopesgames\system\Commands\Server\rewrite.php(43): require_once('C:\\Users\\BTS SI...')
#5 {main}
CRITICAL - 2022-01-21 10:50:39 --> Call to undefined function set_value()
#0 C:\Users\BTS SIO\Documents\BTS SIO\Projet\ppe_chopesgames\system\View\View.php(214): include()
#1 C:\Users\BTS SIO\Documents\BTS SIO\Projet\ppe_chopesgames\system\View\View.php(217): CodeIgniter\View\View->CodeIgniter\View\{closure}()
#2 C:\Users\BTS SIO\Documents\BTS SIO\Projet\ppe_chopesgames\system\Common.php(1097): CodeIgniter\View\View->render('templates/foote...', Array, true)
#3 C:\Users\BTS SIO\Documents\BTS SIO\Projet\ppe_chopesgames\app\Controllers\Visiteur.php(52): view('templates/foote...')
#4 C:\Users\BTS SIO\Documents\BTS SIO\Projet\ppe_chopesgames\system\CodeIgniter.php(824): App\Controllers\Visiteur->lister_les_produits()
#5 C:\Users\BTS SIO\Documents\BTS SIO\Projet\ppe_chopesgames\system\CodeIgniter.php(410): CodeIgniter\CodeIgniter->runController(Object(App\Controllers\Visiteur))
#6 C:\Users\BTS SIO\Documents\BTS SIO\Projet\ppe_chopesgames\system\CodeIgniter.php(318): CodeIgniter\CodeIgniter->handleRequest(NULL, Object(Config\Cache), false)
#7 C:\Users\BTS SIO\Documents\BTS SIO\Projet\ppe_chopesgames\public\index.php(37): CodeIgniter\CodeIgniter->run()
#8 C:\Users\BTS SIO\Documents\BTS SIO\Projet\ppe_chopesgames\system\Commands\Server\rewrite.php(43): require_once('C:\\Users\\BTS SI...')
#9 {main}
CRITICAL - 2022-01-21 10:50:45 --> Call to undefined function set_value()
#0 C:\Users\BTS SIO\Documents\BTS SIO\Projet\ppe_chopesgames\system\View\View.php(214): include()
#1 C:\Users\BTS SIO\Documents\BTS SIO\Projet\ppe_chopesgames\system\View\View.php(217): CodeIgniter\View\View->CodeIgniter\View\{closure}()
#2 C:\Users\BTS SIO\Documents\BTS SIO\Projet\ppe_chopesgames\system\Common.php(1097): CodeIgniter\View\View->render('templates/foote...', Array, true)
#3 C:\Users\BTS SIO\Documents\BTS SIO\Projet\ppe_chopesgames\app\Controllers\Visiteur.php(28): view('templates/foote...')
#4 C:\Users\BTS SIO\Documents\BTS SIO\Projet\ppe_chopesgames\system\CodeIgniter.php(824): App\Controllers\Visiteur->accueil()
#5 C:\Users\BTS SIO\Documents\BTS SIO\Projet\ppe_chopesgames\system\CodeIgniter.php(410): CodeIgniter\CodeIgniter->runController(Object(App\Controllers\Visiteur))
#6 C:\Users\BTS SIO\Documents\BTS SIO\Projet\ppe_chopesgames\system\CodeIgniter.php(318): CodeIgniter\CodeIgniter->handleRequest(NULL, Object(Config\Cache), false)
#7 C:\Users\BTS SIO\Documents\BTS SIO\Projet\ppe_chopesgames\public\index.php(37): CodeIgniter\CodeIgniter->run()
#8 C:\Users\BTS SIO\Documents\BTS SIO\Projet\ppe_chopesgames\system\Commands\Server\rewrite.php(43): require_once('C:\\Users\\BTS SI...')
#9 {main}
CRITICAL - 2022-01-21 10:50:48 --> Call to undefined function set_value()
#0 C:\Users\BTS SIO\Documents\BTS SIO\Projet\ppe_chopesgames\system\View\View.php(214): include()
#1 C:\Users\BTS SIO\Documents\BTS SIO\Projet\ppe_chopesgames\system\View\View.php(217): CodeIgniter\View\View->CodeIgniter\View\{closure}()
#2 C:\Users\BTS SIO\Documents\BTS SIO\Projet\ppe_chopesgames\system\Common.php(1097): CodeIgniter\View\View->render('templates/foote...', Array, true)
#3 C:\Users\BTS SIO\Documents\BTS SIO\Projet\ppe_chopesgames\app\Controllers\Visiteur.php(52): view('templates/foote...')
#4 C:\Users\BTS SIO\Documents\BTS SIO\Projet\ppe_chopesgames\system\CodeIgniter.php(824): App\Controllers\Visiteur->lister_les_produits()
#5 C:\Users\BTS SIO\Documents\BTS SIO\Projet\ppe_chopesgames\system\CodeIgniter.php(410): CodeIgniter\CodeIgniter->runController(Object(App\Controllers\Visiteur))
#6 C:\Users\BTS SIO\Documents\BTS SIO\Projet\ppe_chopesgames\system\CodeIgniter.php(318): CodeIgniter\CodeIgniter->handleRequest(NULL, Object(Config\Cache), false)
#7 C:\Users\BTS SIO\Documents\BTS SIO\Projet\ppe_chopesgames\public\index.php(37): CodeIgniter\CodeIgniter->run()
#8 C:\Users\BTS SIO\Documents\BTS SIO\Projet\ppe_chopesgames\system\Commands\Server\rewrite.php(43): require_once('C:\\Users\\BTS SI...')
#9 {main}
CRITICAL - 2022-01-21 10:50:52 --> Call to undefined function set_value()
#0 C:\Users\BTS SIO\Documents\BTS SIO\Projet\ppe_chopesgames\system\View\View.php(214): include()
#1 C:\Users\BTS SIO\Documents\BTS SIO\Projet\ppe_chopesgames\system\View\View.php(217): CodeIgniter\View\View->CodeIgniter\View\{closure}()
#2 C:\Users\BTS SIO\Documents\BTS SIO\Projet\ppe_chopesgames\system\Common.php(1097): CodeIgniter\View\View->render('templates/foote...', Array, true)
#3 C:\Users\BTS SIO\Documents\BTS SIO\Projet\ppe_chopesgames\app\Controllers\Visiteur.php(98): view('templates/foote...')
#4 C:\Users\BTS SIO\Documents\BTS SIO\Projet\ppe_chopesgames\system\CodeIgniter.php(824): App\Controllers\Visiteur->lister_les_produits_par_categorie('5')
#5 C:\Users\BTS SIO\Documents\BTS SIO\Projet\ppe_chopesgames\system\CodeIgniter.php(410): CodeIgniter\CodeIgniter->runController(Object(App\Controllers\Visiteur))
#6 C:\Users\BTS SIO\Documents\BTS SIO\Projet\ppe_chopesgames\system\CodeIgniter.php(318): CodeIgniter\CodeIgniter->handleRequest(NULL, Object(Config\Cache), false)
#7 C:\Users\BTS SIO\Documents\BTS SIO\Projet\ppe_chopesgames\public\index.php(37): CodeIgniter\CodeIgniter->run()
#8 C:\Users\BTS SIO\Documents\BTS SIO\Projet\ppe_chopesgames\system\Commands\Server\rewrite.php(43): require_once('C:\\Users\\BTS SI...')
#9 {main}
CRITICAL - 2022-01-21 10:50:58 --> Call to undefined function set_value()
#0 C:\Users\BTS SIO\Documents\BTS SIO\Projet\ppe_chopesgames\system\View\View.php(214): include()
#1 C:\Users\BTS SIO\Documents\BTS SIO\Projet\ppe_chopesgames\system\View\View.php(217): CodeIgniter\View\View->CodeIgniter\View\{closure}()
#2 C:\Users\BTS SIO\Documents\BTS SIO\Projet\ppe_chopesgames\system\Common.php(1097): CodeIgniter\View\View->render('templates/foote...', Array, true)
#3 C:\Users\BTS SIO\Documents\BTS SIO\Projet\ppe_chopesgames\app\Controllers\Visiteur.php(98): view('templates/foote...')
#4 C:\Users\BTS SIO\Documents\BTS SIO\Projet\ppe_chopesgames\system\CodeIgniter.php(824): App\Controllers\Visiteur->lister_les_produits_par_categorie('16')
#5 C:\Users\BTS SIO\Documents\BTS SIO\Projet\ppe_chopesgames\system\CodeIgniter.php(410): CodeIgniter\CodeIgniter->runController(Object(App\Controllers\Visiteur))
#6 C:\Users\BTS SIO\Documents\BTS SIO\Projet\ppe_chopesgames\system\CodeIgniter.php(318): CodeIgniter\CodeIgniter->handleRequest(NULL, Object(Config\Cache), false)
#7 C:\Users\BTS SIO\Documents\BTS SIO\Projet\ppe_chopesgames\public\index.php(37): CodeIgniter\CodeIgniter->run()
#8 C:\Users\BTS SIO\Documents\BTS SIO\Projet\ppe_chopesgames\system\Commands\Server\rewrite.php(43): require_once('C:\\Users\\BTS SI...')
#9 {main}
CRITICAL - 2022-01-21 10:51:29 --> Call to undefined function set_value()
#0 C:\Users\BTS SIO\Documents\BTS SIO\Projet\ppe_chopesgames\system\View\View.php(214): include()
#1 C:\Users\BTS SIO\Documents\BTS SIO\Projet\ppe_chopesgames\system\View\View.php(217): CodeIgniter\View\View->CodeIgniter\View\{closure}()
#2 C:\Users\BTS SIO\Documents\BTS SIO\Projet\ppe_chopesgames\system\Common.php(1097): CodeIgniter\View\View->render('templates/foote...', Array, true)
#3 C:\Users\BTS SIO\Documents\BTS SIO\Projet\ppe_chopesgames\app\Controllers\Visiteur.php(28): view('templates/foote...')
#4 C:\Users\BTS SIO\Documents\BTS SIO\Projet\ppe_chopesgames\system\CodeIgniter.php(824): App\Controllers\Visiteur->accueil()
#5 C:\Users\BTS SIO\Documents\BTS SIO\Projet\ppe_chopesgames\system\CodeIgniter.php(410): CodeIgniter\CodeIgniter->runController(Object(App\Controllers\Visiteur))
#6 C:\Users\BTS SIO\Documents\BTS SIO\Projet\ppe_chopesgames\system\CodeIgniter.php(318): CodeIgniter\CodeIgniter->handleRequest(NULL, Object(Config\Cache), false)
#7 C:\Users\BTS SIO\Documents\BTS SIO\Projet\ppe_chopesgames\public\index.php(37): CodeIgniter\CodeIgniter->run()
#8 C:\Users\BTS SIO\Documents\BTS SIO\Projet\ppe_chopesgames\system\Commands\Server\rewrite.php(43): require_once('C:\\Users\\BTS SI...')
#9 {main}
CRITICAL - 2022-01-21 10:51:56 --> Call to undefined function set_value()
#0 C:\Users\BTS SIO\Documents\BTS SIO\Projet\ppe_chopesgames\system\View\View.php(214): include()
#1 C:\Users\BTS SIO\Documents\BTS SIO\Projet\ppe_chopesgames\system\View\View.php(217): CodeIgniter\View\View->CodeIgniter\View\{closure}()
#2 C:\Users\BTS SIO\Documents\BTS SIO\Projet\ppe_chopesgames\system\Common.php(1097): CodeIgniter\View\View->render('templates/foote...', Array, true)
#3 C:\Users\BTS SIO\Documents\BTS SIO\Projet\ppe_chopesgames\app\Controllers\Visiteur.php(28): view('templates/foote...')
#4 C:\Users\BTS SIO\Documents\BTS SIO\Projet\ppe_chopesgames\system\CodeIgniter.php(824): App\Controllers\Visiteur->accueil()
#5 C:\Users\BTS SIO\Documents\BTS SIO\Projet\ppe_chopesgames\system\CodeIgniter.php(410): CodeIgniter\CodeIgniter->runController(Object(App\Controllers\Visiteur))
#6 C:\Users\BTS SIO\Documents\BTS SIO\Projet\ppe_chopesgames\system\CodeIgniter.php(318): CodeIgniter\CodeIgniter->handleRequest(NULL, Object(Config\Cache), false)
#7 C:\Users\BTS SIO\Documents\BTS SIO\Projet\ppe_chopesgames\public\index.php(37): CodeIgniter\CodeIgniter->run()
#8 C:\Users\BTS SIO\Documents\BTS SIO\Projet\ppe_chopesgames\system\Commands\Server\rewrite.php(43): require_once('C:\\Users\\BTS SI...')
#9 {main}
CRITICAL - 2022-01-21 10:52:12 --> Call to undefined function set_value()
#0 C:\Users\BTS SIO\Documents\BTS SIO\Projet\ppe_chopesgames\system\View\View.php(214): include()
#1 C:\Users\BTS SIO\Documents\BTS SIO\Projet\ppe_chopesgames\system\View\View.php(217): CodeIgniter\View\View->CodeIgniter\View\{closure}()
#2 C:\Users\BTS SIO\Documents\BTS SIO\Projet\ppe_chopesgames\system\Common.php(1097): CodeIgniter\View\View->render('templates/foote...', Array, true)
#3 C:\Users\BTS SIO\Documents\BTS SIO\Projet\ppe_chopesgames\app\Controllers\Visiteur.php(28): view('templates/foote...')
#4 C:\Users\BTS SIO\Documents\BTS SIO\Projet\ppe_chopesgames\system\CodeIgniter.php(824): App\Controllers\Visiteur->accueil()
#5 C:\Users\BTS SIO\Documents\BTS SIO\Projet\ppe_chopesgames\system\CodeIgniter.php(410): CodeIgniter\CodeIgniter->runController(Object(App\Controllers\Visiteur))
#6 C:\Users\BTS SIO\Documents\BTS SIO\Projet\ppe_chopesgames\system\CodeIgniter.php(318): CodeIgniter\CodeIgniter->handleRequest(NULL, Object(Config\Cache), false)
#7 C:\Users\BTS SIO\Documents\BTS SIO\Projet\ppe_chopesgames\public\index.php(37): CodeIgniter\CodeIgniter->run()
#8 C:\Users\BTS SIO\Documents\BTS SIO\Projet\ppe_chopesgames\system\Commands\Server\rewrite.php(43): require_once('C:\\Users\\BTS SI...')
#9 {main}
CRITICAL - 2022-01-21 10:52:38 --> Call to undefined function set_value()
#0 C:\Users\BTS SIO\Documents\BTS SIO\Projet\ppe_chopesgames\system\View\View.php(214): include()
#1 C:\Users\BTS SIO\Documents\BTS SIO\Projet\ppe_chopesgames\system\View\View.php(217): CodeIgniter\View\View->CodeIgniter\View\{closure}()
#2 C:\Users\BTS SIO\Documents\BTS SIO\Projet\ppe_chopesgames\system\Common.php(1097): CodeIgniter\View\View->render('templates/foote...', Array, true)
#3 C:\Users\BTS SIO\Documents\BTS SIO\Projet\ppe_chopesgames\app\Controllers\Visiteur.php(52): view('templates/foote...')
#4 C:\Users\BTS SIO\Documents\BTS SIO\Projet\ppe_chopesgames\system\CodeIgniter.php(824): App\Controllers\Visiteur->lister_les_produits()
#5 C:\Users\BTS SIO\Documents\BTS SIO\Projet\ppe_chopesgames\system\CodeIgniter.php(410): CodeIgniter\CodeIgniter->runController(Object(App\Controllers\Visiteur))
#6 C:\Users\BTS SIO\Documents\BTS SIO\Projet\ppe_chopesgames\system\CodeIgniter.php(318): CodeIgniter\CodeIgniter->handleRequest(NULL, Object(Config\Cache), false)
#7 C:\Users\BTS SIO\Documents\BTS SIO\Projet\ppe_chopesgames\public\index.php(37): CodeIgniter\CodeIgniter->run()
#8 C:\Users\BTS SIO\Documents\BTS SIO\Projet\ppe_chopesgames\system\Commands\Server\rewrite.php(43): require_once('C:\\Users\\BTS SI...')
#9 {main}
CRITICAL - 2022-01-21 10:53:13 --> Call to undefined function set_value()
#0 C:\Users\BTS SIO\Documents\BTS SIO\Projet\ppe_chopesgames\system\View\View.php(214): include()
#1 C:\Users\BTS SIO\Documents\BTS SIO\Projet\ppe_chopesgames\system\View\View.php(217): CodeIgniter\View\View->CodeIgniter\View\{closure}()
#2 C:\Users\BTS SIO\Documents\BTS SIO\Projet\ppe_chopesgames\system\Common.php(1097): CodeIgniter\View\View->render('templates/foote...', Array, true)
#3 C:\Users\BTS SIO\Documents\BTS SIO\Projet\ppe_chopesgames\app\Controllers\Visiteur.php(52): view('templates/foote...')
#4 C:\Users\BTS SIO\Documents\BTS SIO\Projet\ppe_chopesgames\system\CodeIgniter.php(824): App\Controllers\Visiteur->lister_les_produits()
#5 C:\Users\BTS SIO\Documents\BTS SIO\Projet\ppe_chopesgames\system\CodeIgniter.php(410): CodeIgniter\CodeIgniter->runController(Object(App\Controllers\Visiteur))
#6 C:\Users\BTS SIO\Documents\BTS SIO\Projet\ppe_chopesgames\system\CodeIgniter.php(318): CodeIgniter\CodeIgniter->handleRequest(NULL, Object(Config\Cache), false)
#7 C:\Users\BTS SIO\Documents\BTS SIO\Projet\ppe_chopesgames\public\index.php(37): CodeIgniter\CodeIgniter->run()
#8 C:\Users\BTS SIO\Documents\BTS SIO\Projet\ppe_chopesgames\system\Commands\Server\rewrite.php(43): require_once('C:\\Users\\BTS SI...')
#9 {main}
CRITICAL - 2022-01-21 10:53:34 --> Call to undefined function set_value()
#0 C:\Users\BTS SIO\Documents\BTS SIO\Projet\ppe_chopesgames\system\View\View.php(214): include()
#1 C:\Users\BTS SIO\Documents\BTS SIO\Projet\ppe_chopesgames\system\View\View.php(217): CodeIgniter\View\View->CodeIgniter\View\{closure}()
#2 C:\Users\BTS SIO\Documents\BTS SIO\Projet\ppe_chopesgames\system\Common.php(1097): CodeIgniter\View\View->render('templates/foote...', Array, true)
#3 C:\Users\BTS SIO\Documents\BTS SIO\Projet\ppe_chopesgames\app\Controllers\Visiteur.php(52): view('templates/foote...')
#4 C:\Users\BTS SIO\Documents\BTS SIO\Projet\ppe_chopesgames\system\CodeIgniter.php(824): App\Controllers\Visiteur->lister_les_produits()
#5 C:\Users\BTS SIO\Documents\BTS SIO\Projet\ppe_chopesgames\system\CodeIgniter.php(410): CodeIgniter\CodeIgniter->runController(Object(App\Controllers\Visiteur))
#6 C:\Users\BTS SIO\Documents\BTS SIO\Projet\ppe_chopesgames\system\CodeIgniter.php(318): CodeIgniter\CodeIgniter->handleRequest(NULL, Object(Config\Cache), false)
#7 C:\Users\BTS SIO\Documents\BTS SIO\Projet\ppe_chopesgames\public\index.php(37): CodeIgniter\CodeIgniter->run()
#8 C:\Users\BTS SIO\Documents\BTS SIO\Projet\ppe_chopesgames\system\Commands\Server\rewrite.php(43): require_once('C:\\Users\\BTS SI...')
#9 {main}
CRITICAL - 2022-01-21 11:15:56 --> Call to undefined function set_value()
#0 C:\Users\BTS SIO\Documents\BTS SIO\Projet\ppe_chopesgames\system\View\View.php(214): include()
#1 C:\Users\BTS SIO\Documents\BTS SIO\Projet\ppe_chopesgames\system\View\View.php(217): CodeIgniter\View\View->CodeIgniter\View\{closure}()
#2 C:\Users\BTS SIO\Documents\BTS SIO\Projet\ppe_chopesgames\system\Common.php(1097): CodeIgniter\View\View->render('templates/foote...', Array, true)
#3 C:\Users\BTS SIO\Documents\BTS SIO\Projet\ppe_chopesgames\app\Controllers\Visiteur.php(28): view('templates/foote...')
#4 C:\Users\BTS SIO\Documents\BTS SIO\Projet\ppe_chopesgames\system\CodeIgniter.php(824): App\Controllers\Visiteur->accueil()
#5 C:\Users\BTS SIO\Documents\BTS SIO\Projet\ppe_chopesgames\system\CodeIgniter.php(410): CodeIgniter\CodeIgniter->runController(Object(App\Controllers\Visiteur))
#6 C:\Users\BTS SIO\Documents\BTS SIO\Projet\ppe_chopesgames\system\CodeIgniter.php(318): CodeIgniter\CodeIgniter->handleRequest(NULL, Object(Config\Cache), false)
#7 C:\Users\BTS SIO\Documents\BTS SIO\Projet\ppe_chopesgames\public\index.php(37): CodeIgniter\CodeIgniter->run()
#8 C:\Users\BTS SIO\Documents\BTS SIO\Projet\ppe_chopesgames\system\Commands\Server\rewrite.php(43): require_once('C:\\Users\\BTS SI...')
#9 {main}
CRITICAL - 2022-01-21 11:16:07 --> Call to undefined function set_value()
#0 C:\Users\BTS SIO\Documents\BTS SIO\Projet\ppe_chopesgames\system\View\View.php(214): include()
#1 C:\Users\BTS SIO\Documents\BTS SIO\Projet\ppe_chopesgames\system\View\View.php(217): CodeIgniter\View\View->CodeIgniter\View\{closure}()
#2 C:\Users\BTS SIO\Documents\BTS SIO\Projet\ppe_chopesgames\system\Common.php(1097): CodeIgniter\View\View->render('templates/foote...', Array, true)
#3 C:\Users\BTS SIO\Documents\BTS SIO\Projet\ppe_chopesgames\app\Controllers\Visiteur.php(28): view('templates/foote...')
#4 C:\Users\BTS SIO\Documents\BTS SIO\Projet\ppe_chopesgames\system\CodeIgniter.php(824): App\Controllers\Visiteur->accueil()
#5 C:\Users\BTS SIO\Documents\BTS SIO\Projet\ppe_chopesgames\system\CodeIgniter.php(410): CodeIgniter\CodeIgniter->runController(Object(App\Controllers\Visiteur))
#6 C:\Users\BTS SIO\Documents\BTS SIO\Projet\ppe_chopesgames\system\CodeIgniter.php(318): CodeIgniter\CodeIgniter->handleRequest(NULL, Object(Config\Cache), false)
#7 C:\Users\BTS SIO\Documents\BTS SIO\Projet\ppe_chopesgames\public\index.php(37): CodeIgniter\CodeIgniter->run()
#8 C:\Users\BTS SIO\Documents\BTS SIO\Projet\ppe_chopesgames\system\Commands\Server\rewrite.php(43): require_once('C:\\Users\\BTS SI...')
#9 {main}
CRITICAL - 2022-01-21 11:21:36 --> Call to undefined function set_value()
#0 C:\Users\BTS SIO\Documents\BTS SIO\Projet\ppe_chopesgames\system\View\View.php(214): include()
#1 C:\Users\BTS SIO\Documents\BTS SIO\Projet\ppe_chopesgames\system\View\View.php(217): CodeIgniter\View\View->CodeIgniter\View\{closure}()
#2 C:\Users\BTS SIO\Documents\BTS SIO\Projet\ppe_chopesgames\system\Common.php(1097): CodeIgniter\View\View->render('templates/foote...', Array, true)
#3 C:\Users\BTS SIO\Documents\BTS SIO\Projet\ppe_chopesgames\app\Controllers\Visiteur.php(52): view('templates/foote...')
#4 C:\Users\BTS SIO\Documents\BTS SIO\Projet\ppe_chopesgames\system\CodeIgniter.php(824): App\Controllers\Visiteur->lister_les_produits()
#5 C:\Users\BTS SIO\Documents\BTS SIO\Projet\ppe_chopesgames\system\CodeIgniter.php(410): CodeIgniter\CodeIgniter->runController(Object(App\Controllers\Visiteur))
#6 C:\Users\BTS SIO\Documents\BTS SIO\Projet\ppe_chopesgames\system\CodeIgniter.php(318): CodeIgniter\CodeIgniter->handleRequest(NULL, Object(Config\Cache), false)
#7 C:\Users\BTS SIO\Documents\BTS SIO\Projet\ppe_chopesgames\public\index.php(37): CodeIgniter\CodeIgniter->run()
#8 C:\Users\BTS SIO\Documents\BTS SIO\Projet\ppe_chopesgames\system\Commands\Server\rewrite.php(43): require_once('C:\\Users\\BTS SI...')
#9 {main}
CRITICAL - 2022-01-21 11:26:52 --> Call to undefined function set_value()
#0 C:\Users\BTS SIO\Documents\BTS SIO\Projet\ppe_chopesgames\system\View\View.php(214): include()
#1 C:\Users\BTS SIO\Documents\BTS SIO\Projet\ppe_chopesgames\system\View\View.php(217): CodeIgniter\View\View->CodeIgniter\View\{closure}()
#2 C:\Users\BTS SIO\Documents\BTS SIO\Projet\ppe_chopesgames\system\Common.php(1097): CodeIgniter\View\View->render('templates/foote...', Array, true)
#3 C:\Users\BTS SIO\Documents\BTS SIO\Projet\ppe_chopesgames\app\Controllers\Visiteur.php(28): view('templates/foote...')
#4 C:\Users\BTS SIO\Documents\BTS SIO\Projet\ppe_chopesgames\system\CodeIgniter.php(824): App\Controllers\Visiteur->accueil()
#5 C:\Users\BTS SIO\Documents\BTS SIO\Projet\ppe_chopesgames\system\CodeIgniter.php(410): CodeIgniter\CodeIgniter->runController(Object(App\Controllers\Visiteur))
#6 C:\Users\BTS SIO\Documents\BTS SIO\Projet\ppe_chopesgames\system\CodeIgniter.php(318): CodeIgniter\CodeIgniter->handleRequest(NULL, Object(Config\Cache), false)
#7 C:\Users\BTS SIO\Documents\BTS SIO\Projet\ppe_chopesgames\public\index.php(37): CodeIgniter\CodeIgniter->run()
#8 C:\Users\BTS SIO\Documents\BTS SIO\Projet\ppe_chopesgames\system\Commands\Server\rewrite.php(43): require_once('C:\\Users\\BTS SI...')
#9 {main}
CRITICAL - 2022-01-21 11:28:49 --> Call to undefined function set_value()
#0 C:\Users\BTS SIO\Documents\BTS SIO\Projet\ppe_chopesgames\system\View\View.php(214): include()
#1 C:\Users\BTS SIO\Documents\BTS SIO\Projet\ppe_chopesgames\system\View\View.php(217): CodeIgniter\View\View->CodeIgniter\View\{closure}()
#2 C:\Users\BTS SIO\Documents\BTS SIO\Projet\ppe_chopesgames\system\Common.php(1097): CodeIgniter\View\View->render('templates/foote...', Array, true)
#3 C:\Users\BTS SIO\Documents\BTS SIO\Projet\ppe_chopesgames\app\Controllers\Visiteur.php(52): view('templates/foote...')
#4 C:\Users\BTS SIO\Documents\BTS SIO\Projet\ppe_chopesgames\system\CodeIgniter.php(824): App\Controllers\Visiteur->lister_les_produits()
#5 C:\Users\BTS SIO\Documents\BTS SIO\Projet\ppe_chopesgames\system\CodeIgniter.php(410): CodeIgniter\CodeIgniter->runController(Object(App\Controllers\Visiteur))
#6 C:\Users\BTS SIO\Documents\BTS SIO\Projet\ppe_chopesgames\system\CodeIgniter.php(318): CodeIgniter\CodeIgniter->handleRequest(NULL, Object(Config\Cache), false)
#7 C:\Users\BTS SIO\Documents\BTS SIO\Projet\ppe_chopesgames\public\index.php(37): CodeIgniter\CodeIgniter->run()
#8 C:\Users\BTS SIO\Documents\BTS SIO\Projet\ppe_chopesgames\system\Commands\Server\rewrite.php(43): require_once('C:\\Users\\BTS SI...')
#9 {main}
