CRITICAL - 2022-01-25 03:43:28 --> Call to undefined function set_value()
#0 C:\Users\BTS SIO\Documents\BTS SIO\Projet\ppe_chopesgames\system\View\View.php(214): include()
#1 C:\Users\BTS SIO\Documents\BTS SIO\Projet\ppe_chopesgames\system\View\View.php(217): CodeIgniter\View\View->CodeIgniter\View\{closure}()
#2 C:\Users\BTS SIO\Documents\BTS SIO\Projet\ppe_chopesgames\system\Common.php(1097): CodeIgniter\View\View->render('templates/foote...', Array, true)
#3 C:\Users\BTS SIO\Documents\BTS SIO\Projet\ppe_chopesgames\app\Controllers\Visiteur.php(52): view('templates/foote...')
#4 C:\Users\BTS SIO\Documents\BTS SIO\Projet\ppe_chopesgames\system\CodeIgniter.php(824): App\Controllers\Visiteur->lister_les_produits()
#5 C:\Users\BTS SIO\Documents\BTS SIO\Projet\ppe_chopesgames\system\CodeIgniter.php(410): CodeIgniter\CodeIgniter->runController(Object(App\Controllers\Visiteur))
#6 C:\Users\BTS SIO\Documents\BTS SIO\Projet\ppe_chopesgames\system\CodeIgniter.php(318): CodeIgniter\CodeIgniter->handleRequest(NULL, Object(Config\Cache), false)
#7 C:\Users\BTS SIO\Documents\BTS SIO\Projet\ppe_chopesgames\public\index.php(37): CodeIgniter\CodeIgniter->run()
#8 C:\Users\BTS SIO\Documents\BTS SIO\Projet\ppe_chopesgames\system\Commands\Server\rewrite.php(43): require_once('C:\\Users\\BTS SI...')
#9 {main}
CRITICAL - 2022-01-25 03:57:28 --> Call to undefined function set_value()
#0 C:\Users\BTS SIO\Documents\BTS SIO\Projet\ppe_chopesgames\system\View\View.php(214): include()
#1 C:\Users\BTS SIO\Documents\BTS SIO\Projet\ppe_chopesgames\system\View\View.php(217): CodeIgniter\View\View->CodeIgniter\View\{closure}()
#2 C:\Users\BTS SIO\Documents\BTS SIO\Projet\ppe_chopesgames\system\Common.php(1097): CodeIgniter\View\View->render('templates/foote...', Array, true)
#3 C:\Users\BTS SIO\Documents\BTS SIO\Projet\ppe_chopesgames\app\Controllers\Visiteur.php(52): view('templates/foote...')
#4 C:\Users\BTS SIO\Documents\BTS SIO\Projet\ppe_chopesgames\system\CodeIgniter.php(824): App\Controllers\Visiteur->lister_les_produits()
#5 C:\Users\BTS SIO\Documents\BTS SIO\Projet\ppe_chopesgames\system\CodeIgniter.php(410): CodeIgniter\CodeIgniter->runController(Object(App\Controllers\Visiteur))
#6 C:\Users\BTS SIO\Documents\BTS SIO\Projet\ppe_chopesgames\system\CodeIgniter.php(318): CodeIgniter\CodeIgniter->handleRequest(NULL, Object(Config\Cache), false)
#7 C:\Users\BTS SIO\Documents\BTS SIO\Projet\ppe_chopesgames\public\index.php(37): CodeIgniter\CodeIgniter->run()
#8 C:\Users\BTS SIO\Documents\BTS SIO\Projet\ppe_chopesgames\system\Commands\Server\rewrite.php(43): require_once('C:\\Users\\BTS SI...')
#9 {main}
CRITICAL - 2022-01-25 03:59:16 --> Call to undefined function set_value()
#0 C:\Users\BTS SIO\Documents\BTS SIO\Projet\ppe_chopesgames\system\View\View.php(214): include()
#1 C:\Users\BTS SIO\Documents\BTS SIO\Projet\ppe_chopesgames\system\View\View.php(217): CodeIgniter\View\View->CodeIgniter\View\{closure}()
#2 C:\Users\BTS SIO\Documents\BTS SIO\Projet\ppe_chopesgames\system\Common.php(1097): CodeIgniter\View\View->render('templates/foote...', Array, true)
#3 C:\Users\BTS SIO\Documents\BTS SIO\Projet\ppe_chopesgames\app\Controllers\Visiteur.php(28): view('templates/foote...')
#4 C:\Users\BTS SIO\Documents\BTS SIO\Projet\ppe_chopesgames\system\CodeIgniter.php(824): App\Controllers\Visiteur->accueil()
#5 C:\Users\BTS SIO\Documents\BTS SIO\Projet\ppe_chopesgames\system\CodeIgniter.php(410): CodeIgniter\CodeIgniter->runController(Object(App\Controllers\Visiteur))
#6 C:\Users\BTS SIO\Documents\BTS SIO\Projet\ppe_chopesgames\system\CodeIgniter.php(318): CodeIgniter\CodeIgniter->handleRequest(NULL, Object(Config\Cache), false)
#7 C:\Users\BTS SIO\Documents\BTS SIO\Projet\ppe_chopesgames\public\index.php(37): CodeIgniter\CodeIgniter->run()
#8 C:\Users\BTS SIO\Documents\BTS SIO\Projet\ppe_chopesgames\system\Commands\Server\rewrite.php(43): require_once('C:\\Users\\BTS SI...')
#9 {main}
CRITICAL - 2022-01-25 03:59:20 --> Class 'App\Models\ModeleNouvelle' not found
#0 C:\Users\BTS SIO\Documents\BTS SIO\Projet\ppe_chopesgames\system\CodeIgniter.php(824): App\Controllers\AdministrateurSuper->lettre_information()
#1 C:\Users\BTS SIO\Documents\BTS SIO\Projet\ppe_chopesgames\system\CodeIgniter.php(410): CodeIgniter\CodeIgniter->runController(Object(App\Controllers\AdministrateurSuper))
#2 C:\Users\BTS SIO\Documents\BTS SIO\Projet\ppe_chopesgames\system\CodeIgniter.php(318): CodeIgniter\CodeIgniter->handleRequest(NULL, Object(Config\Cache), false)
#3 C:\Users\BTS SIO\Documents\BTS SIO\Projet\ppe_chopesgames\public\index.php(37): CodeIgniter\CodeIgniter->run()
#4 C:\Users\BTS SIO\Documents\BTS SIO\Projet\ppe_chopesgames\system\Commands\Server\rewrite.php(43): require_once('C:\\Users\\BTS SI...')
#5 {main}
CRITICAL - 2022-01-25 04:01:52 --> Call to undefined function set_value()
#0 C:\Users\BTS SIO\Documents\BTS SIO\Projet\ppe_chopesgames\system\View\View.php(214): include()
#1 C:\Users\BTS SIO\Documents\BTS SIO\Projet\ppe_chopesgames\system\View\View.php(217): CodeIgniter\View\View->CodeIgniter\View\{closure}()
#2 C:\Users\BTS SIO\Documents\BTS SIO\Projet\ppe_chopesgames\system\Common.php(1097): CodeIgniter\View\View->render('templates/foote...', Array, true)
#3 C:\Users\BTS SIO\Documents\BTS SIO\Projet\ppe_chopesgames\app\Controllers\Visiteur.php(52): view('templates/foote...')
#4 C:\Users\BTS SIO\Documents\BTS SIO\Projet\ppe_chopesgames\system\CodeIgniter.php(824): App\Controllers\Visiteur->lister_les_produits()
#5 C:\Users\BTS SIO\Documents\BTS SIO\Projet\ppe_chopesgames\system\CodeIgniter.php(410): CodeIgniter\CodeIgniter->runController(Object(App\Controllers\Visiteur))
#6 C:\Users\BTS SIO\Documents\BTS SIO\Projet\ppe_chopesgames\system\CodeIgniter.php(318): CodeIgniter\CodeIgniter->handleRequest(NULL, Object(Config\Cache), false)
#7 C:\Users\BTS SIO\Documents\BTS SIO\Projet\ppe_chopesgames\public\index.php(37): CodeIgniter\CodeIgniter->run()
#8 C:\Users\BTS SIO\Documents\BTS SIO\Projet\ppe_chopesgames\system\Commands\Server\rewrite.php(43): require_once('C:\\Users\\BTS SI...')
#9 {main}
CRITICAL - 2022-01-25 04:01:56 --> Call to undefined function set_value()
#0 C:\Users\BTS SIO\Documents\BTS SIO\Projet\ppe_chopesgames\system\View\View.php(214): include()
#1 C:\Users\BTS SIO\Documents\BTS SIO\Projet\ppe_chopesgames\system\View\View.php(217): CodeIgniter\View\View->CodeIgniter\View\{closure}()
#2 C:\Users\BTS SIO\Documents\BTS SIO\Projet\ppe_chopesgames\system\Common.php(1097): CodeIgniter\View\View->render('templates/foote...', Array, true)
#3 C:\Users\BTS SIO\Documents\BTS SIO\Projet\ppe_chopesgames\app\Controllers\Visiteur.php(52): view('templates/foote...')
#4 C:\Users\BTS SIO\Documents\BTS SIO\Projet\ppe_chopesgames\system\CodeIgniter.php(824): App\Controllers\Visiteur->lister_les_produits()
#5 C:\Users\BTS SIO\Documents\BTS SIO\Projet\ppe_chopesgames\system\CodeIgniter.php(410): CodeIgniter\CodeIgniter->runController(Object(App\Controllers\Visiteur))
#6 C:\Users\BTS SIO\Documents\BTS SIO\Projet\ppe_chopesgames\system\CodeIgniter.php(318): CodeIgniter\CodeIgniter->handleRequest(NULL, Object(Config\Cache), false)
#7 C:\Users\BTS SIO\Documents\BTS SIO\Projet\ppe_chopesgames\public\index.php(37): CodeIgniter\CodeIgniter->run()
#8 C:\Users\BTS SIO\Documents\BTS SIO\Projet\ppe_chopesgames\system\Commands\Server\rewrite.php(43): require_once('C:\\Users\\BTS SI...')
#9 {main}
CRITICAL - 2022-01-25 04:02:22 --> Call to undefined function set_value()
#0 C:\Users\BTS SIO\Documents\BTS SIO\Projet\ppe_chopesgames\system\View\View.php(214): include()
#1 C:\Users\BTS SIO\Documents\BTS SIO\Projet\ppe_chopesgames\system\View\View.php(217): CodeIgniter\View\View->CodeIgniter\View\{closure}()
#2 C:\Users\BTS SIO\Documents\BTS SIO\Projet\ppe_chopesgames\system\Common.php(1097): CodeIgniter\View\View->render('templates/foote...', Array, true)
#3 C:\Users\BTS SIO\Documents\BTS SIO\Projet\ppe_chopesgames\app\Controllers\Visiteur.php(52): view('templates/foote...')
#4 C:\Users\BTS SIO\Documents\BTS SIO\Projet\ppe_chopesgames\system\CodeIgniter.php(824): App\Controllers\Visiteur->lister_les_produits()
#5 C:\Users\BTS SIO\Documents\BTS SIO\Projet\ppe_chopesgames\system\CodeIgniter.php(410): CodeIgniter\CodeIgniter->runController(Object(App\Controllers\Visiteur))
#6 C:\Users\BTS SIO\Documents\BTS SIO\Projet\ppe_chopesgames\system\CodeIgniter.php(318): CodeIgniter\CodeIgniter->handleRequest(NULL, Object(Config\Cache), false)
#7 C:\Users\BTS SIO\Documents\BTS SIO\Projet\ppe_chopesgames\public\index.php(37): CodeIgniter\CodeIgniter->run()
#8 C:\Users\BTS SIO\Documents\BTS SIO\Projet\ppe_chopesgames\system\Commands\Server\rewrite.php(43): require_once('C:\\Users\\BTS SI...')
#9 {main}
CRITICAL - 2022-01-25 04:07:09 --> There is no data to insert.
#0 C:\Users\BTS SIO\Documents\BTS SIO\Projet\ppe_chopesgames\system\BaseModel.php(718): CodeIgniter\Database\Exceptions\DataException::forEmptyDataset('insert')
#1 C:\Users\BTS SIO\Documents\BTS SIO\Projet\ppe_chopesgames\system\Model.php(620): CodeIgniter\BaseModel->insert(Array, true)
#2 C:\Users\BTS SIO\Documents\BTS SIO\Projet\ppe_chopesgames\app\Controllers\AdministrateurSuper.php(43): CodeIgniter\Model->insert(Array)
#3 C:\Users\BTS SIO\Documents\BTS SIO\Projet\ppe_chopesgames\system\CodeIgniter.php(824): App\Controllers\AdministrateurSuper->lettre_information()
#4 C:\Users\BTS SIO\Documents\BTS SIO\Projet\ppe_chopesgames\system\CodeIgniter.php(410): CodeIgniter\CodeIgniter->runController(Object(App\Controllers\AdministrateurSuper))
#5 C:\Users\BTS SIO\Documents\BTS SIO\Projet\ppe_chopesgames\system\CodeIgniter.php(318): CodeIgniter\CodeIgniter->handleRequest(NULL, Object(Config\Cache), false)
#6 C:\Users\BTS SIO\Documents\BTS SIO\Projet\ppe_chopesgames\public\index.php(37): CodeIgniter\CodeIgniter->run()
#7 C:\Users\BTS SIO\Documents\BTS SIO\Projet\ppe_chopesgames\system\Commands\Server\rewrite.php(43): require_once('C:\\Users\\BTS SI...')
#8 {main}
CRITICAL - 2022-01-25 04:10:14 --> There is no data to insert.
#0 C:\Users\BTS SIO\Documents\BTS SIO\Projet\ppe_chopesgames\system\BaseModel.php(718): CodeIgniter\Database\Exceptions\DataException::forEmptyDataset('insert')
#1 C:\Users\BTS SIO\Documents\BTS SIO\Projet\ppe_chopesgames\system\Model.php(620): CodeIgniter\BaseModel->insert(Array, true)
#2 C:\Users\BTS SIO\Documents\BTS SIO\Projet\ppe_chopesgames\app\Controllers\AdministrateurSuper.php(43): CodeIgniter\Model->insert(Array)
#3 C:\Users\BTS SIO\Documents\BTS SIO\Projet\ppe_chopesgames\system\CodeIgniter.php(824): App\Controllers\AdministrateurSuper->lettre_information()
#4 C:\Users\BTS SIO\Documents\BTS SIO\Projet\ppe_chopesgames\system\CodeIgniter.php(410): CodeIgniter\CodeIgniter->runController(Object(App\Controllers\AdministrateurSuper))
#5 C:\Users\BTS SIO\Documents\BTS SIO\Projet\ppe_chopesgames\system\CodeIgniter.php(318): CodeIgniter\CodeIgniter->handleRequest(NULL, Object(Config\Cache), false)
#6 C:\Users\BTS SIO\Documents\BTS SIO\Projet\ppe_chopesgames\public\index.php(37): CodeIgniter\CodeIgniter->run()
#7 C:\Users\BTS SIO\Documents\BTS SIO\Projet\ppe_chopesgames\system\Commands\Server\rewrite.php(43): require_once('C:\\Users\\BTS SI...')
#8 {main}
CRITICAL - 2022-01-25 04:10:17 --> There is no data to insert.
#0 C:\Users\BTS SIO\Documents\BTS SIO\Projet\ppe_chopesgames\system\BaseModel.php(718): CodeIgniter\Database\Exceptions\DataException::forEmptyDataset('insert')
#1 C:\Users\BTS SIO\Documents\BTS SIO\Projet\ppe_chopesgames\system\Model.php(620): CodeIgniter\BaseModel->insert(Array, true)
#2 C:\Users\BTS SIO\Documents\BTS SIO\Projet\ppe_chopesgames\app\Controllers\AdministrateurSuper.php(43): CodeIgniter\Model->insert(Array)
#3 C:\Users\BTS SIO\Documents\BTS SIO\Projet\ppe_chopesgames\system\CodeIgniter.php(824): App\Controllers\AdministrateurSuper->lettre_information()
#4 C:\Users\BTS SIO\Documents\BTS SIO\Projet\ppe_chopesgames\system\CodeIgniter.php(410): CodeIgniter\CodeIgniter->runController(Object(App\Controllers\AdministrateurSuper))
#5 C:\Users\BTS SIO\Documents\BTS SIO\Projet\ppe_chopesgames\system\CodeIgniter.php(318): CodeIgniter\CodeIgniter->handleRequest(NULL, Object(Config\Cache), false)
#6 C:\Users\BTS SIO\Documents\BTS SIO\Projet\ppe_chopesgames\public\index.php(37): CodeIgniter\CodeIgniter->run()
#7 C:\Users\BTS SIO\Documents\BTS SIO\Projet\ppe_chopesgames\system\Commands\Server\rewrite.php(43): require_once('C:\\Users\\BTS SI...')
#8 {main}
CRITICAL - 2022-01-25 04:10:19 --> There is no data to insert.
#0 C:\Users\BTS SIO\Documents\BTS SIO\Projet\ppe_chopesgames\system\BaseModel.php(718): CodeIgniter\Database\Exceptions\DataException::forEmptyDataset('insert')
#1 C:\Users\BTS SIO\Documents\BTS SIO\Projet\ppe_chopesgames\system\Model.php(620): CodeIgniter\BaseModel->insert(Array, true)
#2 C:\Users\BTS SIO\Documents\BTS SIO\Projet\ppe_chopesgames\app\Controllers\AdministrateurSuper.php(43): CodeIgniter\Model->insert(Array)
#3 C:\Users\BTS SIO\Documents\BTS SIO\Projet\ppe_chopesgames\system\CodeIgniter.php(824): App\Controllers\AdministrateurSuper->lettre_information()
#4 C:\Users\BTS SIO\Documents\BTS SIO\Projet\ppe_chopesgames\system\CodeIgniter.php(410): CodeIgniter\CodeIgniter->runController(Object(App\Controllers\AdministrateurSuper))
#5 C:\Users\BTS SIO\Documents\BTS SIO\Projet\ppe_chopesgames\system\CodeIgniter.php(318): CodeIgniter\CodeIgniter->handleRequest(NULL, Object(Config\Cache), false)
#6 C:\Users\BTS SIO\Documents\BTS SIO\Projet\ppe_chopesgames\public\index.php(37): CodeIgniter\CodeIgniter->run()
#7 C:\Users\BTS SIO\Documents\BTS SIO\Projet\ppe_chopesgames\system\Commands\Server\rewrite.php(43): require_once('C:\\Users\\BTS SI...')
#8 {main}
CRITICAL - 2022-01-25 04:11:32 --> There is no data to insert.
#0 C:\Users\BTS SIO\Documents\BTS SIO\Projet\ppe_chopesgames\system\BaseModel.php(718): CodeIgniter\Database\Exceptions\DataException::forEmptyDataset('insert')
#1 C:\Users\BTS SIO\Documents\BTS SIO\Projet\ppe_chopesgames\system\Model.php(620): CodeIgniter\BaseModel->insert(Array, false)
#2 C:\Users\BTS SIO\Documents\BTS SIO\Projet\ppe_chopesgames\system\BaseModel.php(658): CodeIgniter\Model->insert(Array, false)
#3 C:\Users\BTS SIO\Documents\BTS SIO\Projet\ppe_chopesgames\app\Controllers\AdministrateurSuper.php(43): CodeIgniter\BaseModel->save(Array)
#4 C:\Users\BTS SIO\Documents\BTS SIO\Projet\ppe_chopesgames\system\CodeIgniter.php(824): App\Controllers\AdministrateurSuper->lettre_information()
#5 C:\Users\BTS SIO\Documents\BTS SIO\Projet\ppe_chopesgames\system\CodeIgniter.php(410): CodeIgniter\CodeIgniter->runController(Object(App\Controllers\AdministrateurSuper))
#6 C:\Users\BTS SIO\Documents\BTS SIO\Projet\ppe_chopesgames\system\CodeIgniter.php(318): CodeIgniter\CodeIgniter->handleRequest(NULL, Object(Config\Cache), false)
#7 C:\Users\BTS SIO\Documents\BTS SIO\Projet\ppe_chopesgames\public\index.php(37): CodeIgniter\CodeIgniter->run()
#8 C:\Users\BTS SIO\Documents\BTS SIO\Projet\ppe_chopesgames\system\Commands\Server\rewrite.php(43): require_once('C:\\Users\\BTS SI...')
#9 {main}
CRITICAL - 2022-01-25 04:13:11 --> There is no data to insert.
#0 C:\Users\BTS SIO\Documents\BTS SIO\Projet\ppe_chopesgames\system\BaseModel.php(718): CodeIgniter\Database\Exceptions\DataException::forEmptyDataset('insert')
#1 C:\Users\BTS SIO\Documents\BTS SIO\Projet\ppe_chopesgames\system\Model.php(620): CodeIgniter\BaseModel->insert(Array, false)
#2 C:\Users\BTS SIO\Documents\BTS SIO\Projet\ppe_chopesgames\system\BaseModel.php(658): CodeIgniter\Model->insert(Array, false)
#3 C:\Users\BTS SIO\Documents\BTS SIO\Projet\ppe_chopesgames\app\Controllers\AdministrateurSuper.php(43): CodeIgniter\BaseModel->save(Array)
#4 C:\Users\BTS SIO\Documents\BTS SIO\Projet\ppe_chopesgames\system\CodeIgniter.php(824): App\Controllers\AdministrateurSuper->lettre_information()
#5 C:\Users\BTS SIO\Documents\BTS SIO\Projet\ppe_chopesgames\system\CodeIgniter.php(410): CodeIgniter\CodeIgniter->runController(Object(App\Controllers\AdministrateurSuper))
#6 C:\Users\BTS SIO\Documents\BTS SIO\Projet\ppe_chopesgames\system\CodeIgniter.php(318): CodeIgniter\CodeIgniter->handleRequest(NULL, Object(Config\Cache), false)
#7 C:\Users\BTS SIO\Documents\BTS SIO\Projet\ppe_chopesgames\public\index.php(37): CodeIgniter\CodeIgniter->run()
#8 C:\Users\BTS SIO\Documents\BTS SIO\Projet\ppe_chopesgames\system\Commands\Server\rewrite.php(43): require_once('C:\\Users\\BTS SI...')
#9 {main}
CRITICAL - 2022-01-25 04:13:17 --> There is no data to insert.
#0 C:\Users\BTS SIO\Documents\BTS SIO\Projet\ppe_chopesgames\system\BaseModel.php(718): CodeIgniter\Database\Exceptions\DataException::forEmptyDataset('insert')
#1 C:\Users\BTS SIO\Documents\BTS SIO\Projet\ppe_chopesgames\system\Model.php(620): CodeIgniter\BaseModel->insert(Array, false)
#2 C:\Users\BTS SIO\Documents\BTS SIO\Projet\ppe_chopesgames\system\BaseModel.php(658): CodeIgniter\Model->insert(Array, false)
#3 C:\Users\BTS SIO\Documents\BTS SIO\Projet\ppe_chopesgames\app\Controllers\AdministrateurSuper.php(43): CodeIgniter\BaseModel->save(Array)
#4 C:\Users\BTS SIO\Documents\BTS SIO\Projet\ppe_chopesgames\system\CodeIgniter.php(824): App\Controllers\AdministrateurSuper->lettre_information()
#5 C:\Users\BTS SIO\Documents\BTS SIO\Projet\ppe_chopesgames\system\CodeIgniter.php(410): CodeIgniter\CodeIgniter->runController(Object(App\Controllers\AdministrateurSuper))
#6 C:\Users\BTS SIO\Documents\BTS SIO\Projet\ppe_chopesgames\system\CodeIgniter.php(318): CodeIgniter\CodeIgniter->handleRequest(NULL, Object(Config\Cache), false)
#7 C:\Users\BTS SIO\Documents\BTS SIO\Projet\ppe_chopesgames\public\index.php(37): CodeIgniter\CodeIgniter->run()
#8 C:\Users\BTS SIO\Documents\BTS SIO\Projet\ppe_chopesgames\system\Commands\Server\rewrite.php(43): require_once('C:\\Users\\BTS SI...')
#9 {main}
CRITICAL - 2022-01-25 04:15:17 --> There is no data to insert.
#0 C:\Users\BTS SIO\Documents\BTS SIO\Projet\ppe_chopesgames\system\BaseModel.php(718): CodeIgniter\Database\Exceptions\DataException::forEmptyDataset('insert')
#1 C:\Users\BTS SIO\Documents\BTS SIO\Projet\ppe_chopesgames\system\Model.php(620): CodeIgniter\BaseModel->insert(Array, false)
#2 C:\Users\BTS SIO\Documents\BTS SIO\Projet\ppe_chopesgames\system\BaseModel.php(658): CodeIgniter\Model->insert(Array, false)
#3 C:\Users\BTS SIO\Documents\BTS SIO\Projet\ppe_chopesgames\app\Controllers\AdministrateurSuper.php(43): CodeIgniter\BaseModel->save(Array)
#4 C:\Users\BTS SIO\Documents\BTS SIO\Projet\ppe_chopesgames\system\CodeIgniter.php(824): App\Controllers\AdministrateurSuper->lettre_information()
#5 C:\Users\BTS SIO\Documents\BTS SIO\Projet\ppe_chopesgames\system\CodeIgniter.php(410): CodeIgniter\CodeIgniter->runController(Object(App\Controllers\AdministrateurSuper))
#6 C:\Users\BTS SIO\Documents\BTS SIO\Projet\ppe_chopesgames\system\CodeIgniter.php(318): CodeIgniter\CodeIgniter->handleRequest(NULL, Object(Config\Cache), false)
#7 C:\Users\BTS SIO\Documents\BTS SIO\Projet\ppe_chopesgames\public\index.php(37): CodeIgniter\CodeIgniter->run()
#8 C:\Users\BTS SIO\Documents\BTS SIO\Projet\ppe_chopesgames\system\Commands\Server\rewrite.php(43): require_once('C:\\Users\\BTS SI...')
#9 {main}
CRITICAL - 2022-01-25 04:15:35 --> Call to undefined function set_value()
#0 C:\Users\BTS SIO\Documents\BTS SIO\Projet\ppe_chopesgames\system\View\View.php(214): include()
#1 C:\Users\BTS SIO\Documents\BTS SIO\Projet\ppe_chopesgames\system\View\View.php(217): CodeIgniter\View\View->CodeIgniter\View\{closure}()
#2 C:\Users\BTS SIO\Documents\BTS SIO\Projet\ppe_chopesgames\system\Common.php(1097): CodeIgniter\View\View->render('templates/foote...', Array, true)
#3 C:\Users\BTS SIO\Documents\BTS SIO\Projet\ppe_chopesgames\app\Controllers\Visiteur.php(28): view('templates/foote...')
#4 C:\Users\BTS SIO\Documents\BTS SIO\Projet\ppe_chopesgames\system\CodeIgniter.php(824): App\Controllers\Visiteur->accueil()
#5 C:\Users\BTS SIO\Documents\BTS SIO\Projet\ppe_chopesgames\system\CodeIgniter.php(410): CodeIgniter\CodeIgniter->runController(Object(App\Controllers\Visiteur))
#6 C:\Users\BTS SIO\Documents\BTS SIO\Projet\ppe_chopesgames\system\CodeIgniter.php(318): CodeIgniter\CodeIgniter->handleRequest(NULL, Object(Config\Cache), false)
#7 C:\Users\BTS SIO\Documents\BTS SIO\Projet\ppe_chopesgames\public\index.php(37): CodeIgniter\CodeIgniter->run()
#8 C:\Users\BTS SIO\Documents\BTS SIO\Projet\ppe_chopesgames\system\Commands\Server\rewrite.php(43): require_once('C:\\Users\\BTS SI...')
#9 {main}
CRITICAL - 2022-01-25 04:15:46 --> There is no data to insert.
#0 C:\Users\BTS SIO\Documents\BTS SIO\Projet\ppe_chopesgames\system\BaseModel.php(718): CodeIgniter\Database\Exceptions\DataException::forEmptyDataset('insert')
#1 C:\Users\BTS SIO\Documents\BTS SIO\Projet\ppe_chopesgames\system\Model.php(620): CodeIgniter\BaseModel->insert(Array, false)
#2 C:\Users\BTS SIO\Documents\BTS SIO\Projet\ppe_chopesgames\system\BaseModel.php(658): CodeIgniter\Model->insert(Array, false)
#3 C:\Users\BTS SIO\Documents\BTS SIO\Projet\ppe_chopesgames\app\Controllers\AdministrateurSuper.php(43): CodeIgniter\BaseModel->save(Array)
#4 C:\Users\BTS SIO\Documents\BTS SIO\Projet\ppe_chopesgames\system\CodeIgniter.php(824): App\Controllers\AdministrateurSuper->lettre_information()
#5 C:\Users\BTS SIO\Documents\BTS SIO\Projet\ppe_chopesgames\system\CodeIgniter.php(410): CodeIgniter\CodeIgniter->runController(Object(App\Controllers\AdministrateurSuper))
#6 C:\Users\BTS SIO\Documents\BTS SIO\Projet\ppe_chopesgames\system\CodeIgniter.php(318): CodeIgniter\CodeIgniter->handleRequest(NULL, Object(Config\Cache), false)
#7 C:\Users\BTS SIO\Documents\BTS SIO\Projet\ppe_chopesgames\public\index.php(37): CodeIgniter\CodeIgniter->run()
#8 C:\Users\BTS SIO\Documents\BTS SIO\Projet\ppe_chopesgames\system\Commands\Server\rewrite.php(43): require_once('C:\\Users\\BTS SI...')
#9 {main}
CRITICAL - 2022-01-25 04:18:01 --> There is no data to insert.
#0 C:\Users\BTS SIO\Documents\BTS SIO\Projet\ppe_chopesgames\system\BaseModel.php(718): CodeIgniter\Database\Exceptions\DataException::forEmptyDataset('insert')
#1 C:\Users\BTS SIO\Documents\BTS SIO\Projet\ppe_chopesgames\system\Model.php(620): CodeIgniter\BaseModel->insert(Array, false)
#2 C:\Users\BTS SIO\Documents\BTS SIO\Projet\ppe_chopesgames\system\BaseModel.php(658): CodeIgniter\Model->insert(Array, false)
#3 C:\Users\BTS SIO\Documents\BTS SIO\Projet\ppe_chopesgames\app\Controllers\AdministrateurSuper.php(46): CodeIgniter\BaseModel->save(Array)
#4 C:\Users\BTS SIO\Documents\BTS SIO\Projet\ppe_chopesgames\system\CodeIgniter.php(824): App\Controllers\AdministrateurSuper->lettre_information()
#5 C:\Users\BTS SIO\Documents\BTS SIO\Projet\ppe_chopesgames\system\CodeIgniter.php(410): CodeIgniter\CodeIgniter->runController(Object(App\Controllers\AdministrateurSuper))
#6 C:\Users\BTS SIO\Documents\BTS SIO\Projet\ppe_chopesgames\system\CodeIgniter.php(318): CodeIgniter\CodeIgniter->handleRequest(NULL, Object(Config\Cache), false)
#7 C:\Users\BTS SIO\Documents\BTS SIO\Projet\ppe_chopesgames\public\index.php(37): CodeIgniter\CodeIgniter->run()
#8 C:\Users\BTS SIO\Documents\BTS SIO\Projet\ppe_chopesgames\system\Commands\Server\rewrite.php(43): require_once('C:\\Users\\BTS SI...')
#9 {main}
CRITICAL - 2022-01-25 04:18:05 --> There is no data to insert.
#0 C:\Users\BTS SIO\Documents\BTS SIO\Projet\ppe_chopesgames\system\BaseModel.php(718): CodeIgniter\Database\Exceptions\DataException::forEmptyDataset('insert')
#1 C:\Users\BTS SIO\Documents\BTS SIO\Projet\ppe_chopesgames\system\Model.php(620): CodeIgniter\BaseModel->insert(Array, false)
#2 C:\Users\BTS SIO\Documents\BTS SIO\Projet\ppe_chopesgames\system\BaseModel.php(658): CodeIgniter\Model->insert(Array, false)
#3 C:\Users\BTS SIO\Documents\BTS SIO\Projet\ppe_chopesgames\app\Controllers\AdministrateurSuper.php(46): CodeIgniter\BaseModel->save(Array)
#4 C:\Users\BTS SIO\Documents\BTS SIO\Projet\ppe_chopesgames\system\CodeIgniter.php(824): App\Controllers\AdministrateurSuper->lettre_information()
#5 C:\Users\BTS SIO\Documents\BTS SIO\Projet\ppe_chopesgames\system\CodeIgniter.php(410): CodeIgniter\CodeIgniter->runController(Object(App\Controllers\AdministrateurSuper))
#6 C:\Users\BTS SIO\Documents\BTS SIO\Projet\ppe_chopesgames\system\CodeIgniter.php(318): CodeIgniter\CodeIgniter->handleRequest(NULL, Object(Config\Cache), false)
#7 C:\Users\BTS SIO\Documents\BTS SIO\Projet\ppe_chopesgames\public\index.php(37): CodeIgniter\CodeIgniter->run()
#8 C:\Users\BTS SIO\Documents\BTS SIO\Projet\ppe_chopesgames\system\Commands\Server\rewrite.php(43): require_once('C:\\Users\\BTS SI...')
#9 {main}
CRITICAL - 2022-01-25 04:26:20 --> Call to undefined function set_value()
#0 C:\Users\BTS SIO\Documents\BTS SIO\Projet\ppe_chopesgames\system\View\View.php(214): include()
#1 C:\Users\BTS SIO\Documents\BTS SIO\Projet\ppe_chopesgames\system\View\View.php(217): CodeIgniter\View\View->CodeIgniter\View\{closure}()
#2 C:\Users\BTS SIO\Documents\BTS SIO\Projet\ppe_chopesgames\system\Common.php(1097): CodeIgniter\View\View->render('templates/foote...', Array, true)
#3 C:\Users\BTS SIO\Documents\BTS SIO\Projet\ppe_chopesgames\app\Controllers\Visiteur.php(52): view('templates/foote...')
#4 C:\Users\BTS SIO\Documents\BTS SIO\Projet\ppe_chopesgames\system\CodeIgniter.php(824): App\Controllers\Visiteur->lister_les_produits()
#5 C:\Users\BTS SIO\Documents\BTS SIO\Projet\ppe_chopesgames\system\CodeIgniter.php(410): CodeIgniter\CodeIgniter->runController(Object(App\Controllers\Visiteur))
#6 C:\Users\BTS SIO\Documents\BTS SIO\Projet\ppe_chopesgames\system\CodeIgniter.php(318): CodeIgniter\CodeIgniter->handleRequest(NULL, Object(Config\Cache), false)
#7 C:\Users\BTS SIO\Documents\BTS SIO\Projet\ppe_chopesgames\public\index.php(37): CodeIgniter\CodeIgniter->run()
#8 C:\Users\BTS SIO\Documents\BTS SIO\Projet\ppe_chopesgames\system\Commands\Server\rewrite.php(43): require_once('C:\\Users\\BTS SI...')
#9 {main}
CRITICAL - 2022-01-25 04:26:45 --> Call to undefined function set_value()
#0 C:\Users\BTS SIO\Documents\BTS SIO\Projet\ppe_chopesgames\system\View\View.php(214): include()
#1 C:\Users\BTS SIO\Documents\BTS SIO\Projet\ppe_chopesgames\system\View\View.php(217): CodeIgniter\View\View->CodeIgniter\View\{closure}()
#2 C:\Users\BTS SIO\Documents\BTS SIO\Projet\ppe_chopesgames\system\Common.php(1097): CodeIgniter\View\View->render('templates/foote...', Array, true)
#3 C:\Users\BTS SIO\Documents\BTS SIO\Projet\ppe_chopesgames\app\Controllers\Visiteur.php(52): view('templates/foote...')
#4 C:\Users\BTS SIO\Documents\BTS SIO\Projet\ppe_chopesgames\system\CodeIgniter.php(824): App\Controllers\Visiteur->lister_les_produits()
#5 C:\Users\BTS SIO\Documents\BTS SIO\Projet\ppe_chopesgames\system\CodeIgniter.php(410): CodeIgniter\CodeIgniter->runController(Object(App\Controllers\Visiteur))
#6 C:\Users\BTS SIO\Documents\BTS SIO\Projet\ppe_chopesgames\system\CodeIgniter.php(318): CodeIgniter\CodeIgniter->handleRequest(NULL, Object(Config\Cache), false)
#7 C:\Users\BTS SIO\Documents\BTS SIO\Projet\ppe_chopesgames\public\index.php(37): CodeIgniter\CodeIgniter->run()
#8 C:\Users\BTS SIO\Documents\BTS SIO\Projet\ppe_chopesgames\system\Commands\Server\rewrite.php(43): require_once('C:\\Users\\BTS SI...')
#9 {main}
CRITICAL - 2022-01-25 04:27:29 --> Call to undefined function set_value()
#0 C:\Users\BTS SIO\Documents\BTS SIO\Projet\ppe_chopesgames\system\View\View.php(214): include()
#1 C:\Users\BTS SIO\Documents\BTS SIO\Projet\ppe_chopesgames\system\View\View.php(217): CodeIgniter\View\View->CodeIgniter\View\{closure}()
#2 C:\Users\BTS SIO\Documents\BTS SIO\Projet\ppe_chopesgames\system\Common.php(1097): CodeIgniter\View\View->render('templates/foote...', Array, true)
#3 C:\Users\BTS SIO\Documents\BTS SIO\Projet\ppe_chopesgames\app\Controllers\Visiteur.php(52): view('templates/foote...')
#4 C:\Users\BTS SIO\Documents\BTS SIO\Projet\ppe_chopesgames\system\CodeIgniter.php(824): App\Controllers\Visiteur->lister_les_produits()
#5 C:\Users\BTS SIO\Documents\BTS SIO\Projet\ppe_chopesgames\system\CodeIgniter.php(410): CodeIgniter\CodeIgniter->runController(Object(App\Controllers\Visiteur))
#6 C:\Users\BTS SIO\Documents\BTS SIO\Projet\ppe_chopesgames\system\CodeIgniter.php(318): CodeIgniter\CodeIgniter->handleRequest(NULL, Object(Config\Cache), false)
#7 C:\Users\BTS SIO\Documents\BTS SIO\Projet\ppe_chopesgames\public\index.php(37): CodeIgniter\CodeIgniter->run()
#8 C:\Users\BTS SIO\Documents\BTS SIO\Projet\ppe_chopesgames\system\Commands\Server\rewrite.php(43): require_once('C:\\Users\\BTS SI...')
#9 {main}
CRITICAL - 2022-01-25 05:19:37 --> Call to undefined function set_value()
#0 C:\Users\BTS SIO\Documents\BTS SIO\Projet\ppe_chopesgames\system\View\View.php(214): include()
#1 C:\Users\BTS SIO\Documents\BTS SIO\Projet\ppe_chopesgames\system\View\View.php(217): CodeIgniter\View\View->CodeIgniter\View\{closure}()
#2 C:\Users\BTS SIO\Documents\BTS SIO\Projet\ppe_chopesgames\system\Common.php(1097): CodeIgniter\View\View->render('templates/foote...', Array, true)
#3 C:\Users\BTS SIO\Documents\BTS SIO\Projet\ppe_chopesgames\app\Controllers\Visiteur.php(52): view('templates/foote...')
#4 C:\Users\BTS SIO\Documents\BTS SIO\Projet\ppe_chopesgames\system\CodeIgniter.php(824): App\Controllers\Visiteur->lister_les_produits()
#5 C:\Users\BTS SIO\Documents\BTS SIO\Projet\ppe_chopesgames\system\CodeIgniter.php(410): CodeIgniter\CodeIgniter->runController(Object(App\Controllers\Visiteur))
#6 C:\Users\BTS SIO\Documents\BTS SIO\Projet\ppe_chopesgames\system\CodeIgniter.php(318): CodeIgniter\CodeIgniter->handleRequest(NULL, Object(Config\Cache), false)
#7 C:\Users\BTS SIO\Documents\BTS SIO\Projet\ppe_chopesgames\public\index.php(37): CodeIgniter\CodeIgniter->run()
#8 C:\Users\BTS SIO\Documents\BTS SIO\Projet\ppe_chopesgames\system\Commands\Server\rewrite.php(43): require_once('C:\\Users\\BTS SI...')
#9 {main}
CRITICAL - 2022-01-25 05:19:41 --> Call to undefined function set_value()
#0 C:\Users\BTS SIO\Documents\BTS SIO\Projet\ppe_chopesgames\system\View\View.php(214): include()
#1 C:\Users\BTS SIO\Documents\BTS SIO\Projet\ppe_chopesgames\system\View\View.php(217): CodeIgniter\View\View->CodeIgniter\View\{closure}()
#2 C:\Users\BTS SIO\Documents\BTS SIO\Projet\ppe_chopesgames\system\Common.php(1097): CodeIgniter\View\View->render('templates/foote...', Array, true)
#3 C:\Users\BTS SIO\Documents\BTS SIO\Projet\ppe_chopesgames\app\Controllers\Visiteur.php(52): view('templates/foote...')
#4 C:\Users\BTS SIO\Documents\BTS SIO\Projet\ppe_chopesgames\system\CodeIgniter.php(824): App\Controllers\Visiteur->lister_les_produits()
#5 C:\Users\BTS SIO\Documents\BTS SIO\Projet\ppe_chopesgames\system\CodeIgniter.php(410): CodeIgniter\CodeIgniter->runController(Object(App\Controllers\Visiteur))
#6 C:\Users\BTS SIO\Documents\BTS SIO\Projet\ppe_chopesgames\system\CodeIgniter.php(318): CodeIgniter\CodeIgniter->handleRequest(NULL, Object(Config\Cache), false)
#7 C:\Users\BTS SIO\Documents\BTS SIO\Projet\ppe_chopesgames\public\index.php(37): CodeIgniter\CodeIgniter->run()
#8 C:\Users\BTS SIO\Documents\BTS SIO\Projet\ppe_chopesgames\system\Commands\Server\rewrite.php(43): require_once('C:\\Users\\BTS SI...')
#9 {main}
CRITICAL - 2022-01-25 05:19:45 --> Call to undefined method App\Models\ModeleAbonne::retourner_mail
#0 C:\Users\BTS SIO\Documents\BTS SIO\Projet\ppe_chopesgames\app\Controllers\AdministrateurSuper.php(23): CodeIgniter\Model->__call('retourner_mail', Array)
#1 C:\Users\BTS SIO\Documents\BTS SIO\Projet\ppe_chopesgames\system\CodeIgniter.php(824): App\Controllers\AdministrateurSuper->lettre_information()
#2 C:\Users\BTS SIO\Documents\BTS SIO\Projet\ppe_chopesgames\system\CodeIgniter.php(410): CodeIgniter\CodeIgniter->runController(Object(App\Controllers\AdministrateurSuper))
#3 C:\Users\BTS SIO\Documents\BTS SIO\Projet\ppe_chopesgames\system\CodeIgniter.php(318): CodeIgniter\CodeIgniter->handleRequest(NULL, Object(Config\Cache), false)
#4 C:\Users\BTS SIO\Documents\BTS SIO\Projet\ppe_chopesgames\public\index.php(37): CodeIgniter\CodeIgniter->run()
#5 C:\Users\BTS SIO\Documents\BTS SIO\Projet\ppe_chopesgames\system\Commands\Server\rewrite.php(43): require_once('C:\\Users\\BTS SI...')
#6 {main}
CRITICAL - 2022-01-25 05:51:58 --> Undefined property: App\Controllers\AdministrateurSuper::$ModeleAbo
#0 C:\Users\BTS SIO\Documents\BTS SIO\Projet\ppe_chopesgames\app\Controllers\AdministrateurSuper.php(57): CodeIgniter\Debug\Exceptions->errorHandler(8, 'Undefined prope...', 'C:\\Users\\BTS SI...', 57, Array)
#1 C:\Users\BTS SIO\Documents\BTS SIO\Projet\ppe_chopesgames\system\CodeIgniter.php(824): App\Controllers\AdministrateurSuper->lettre_information()
#2 C:\Users\BTS SIO\Documents\BTS SIO\Projet\ppe_chopesgames\system\CodeIgniter.php(410): CodeIgniter\CodeIgniter->runController(Object(App\Controllers\AdministrateurSuper))
#3 C:\Users\BTS SIO\Documents\BTS SIO\Projet\ppe_chopesgames\system\CodeIgniter.php(318): CodeIgniter\CodeIgniter->handleRequest(NULL, Object(Config\Cache), false)
#4 C:\Users\BTS SIO\Documents\BTS SIO\Projet\ppe_chopesgames\public\index.php(37): CodeIgniter\CodeIgniter->run()
#5 C:\Users\BTS SIO\Documents\BTS SIO\Projet\ppe_chopesgames\system\Commands\Server\rewrite.php(43): require_once('C:\\Users\\BTS SI...')
#6 {main}
CRITICAL - 2022-01-25 05:52:24 --> Undefined property: App\Controllers\AdministrateurSuper::$ModeleAbo
#0 C:\Users\BTS SIO\Documents\BTS SIO\Projet\ppe_chopesgames\app\Controllers\AdministrateurSuper.php(57): CodeIgniter\Debug\Exceptions->errorHandler(8, 'Undefined prope...', 'C:\\Users\\BTS SI...', 57, Array)
#1 C:\Users\BTS SIO\Documents\BTS SIO\Projet\ppe_chopesgames\system\CodeIgniter.php(824): App\Controllers\AdministrateurSuper->lettre_information()
#2 C:\Users\BTS SIO\Documents\BTS SIO\Projet\ppe_chopesgames\system\CodeIgniter.php(410): CodeIgniter\CodeIgniter->runController(Object(App\Controllers\AdministrateurSuper))
#3 C:\Users\BTS SIO\Documents\BTS SIO\Projet\ppe_chopesgames\system\CodeIgniter.php(318): CodeIgniter\CodeIgniter->handleRequest(NULL, Object(Config\Cache), false)
#4 C:\Users\BTS SIO\Documents\BTS SIO\Projet\ppe_chopesgames\public\index.php(37): CodeIgniter\CodeIgniter->run()
#5 C:\Users\BTS SIO\Documents\BTS SIO\Projet\ppe_chopesgames\system\Commands\Server\rewrite.php(43): require_once('C:\\Users\\BTS SI...')
#6 {main}
CRITICAL - 2022-01-25 05:53:19 --> Undefined property: App\Controllers\AdministrateurSuper::$ModeleAbo
#0 C:\Users\BTS SIO\Documents\BTS SIO\Projet\ppe_chopesgames\app\Controllers\AdministrateurSuper.php(57): CodeIgniter\Debug\Exceptions->errorHandler(8, 'Undefined prope...', 'C:\\Users\\BTS SI...', 57, Array)
#1 C:\Users\BTS SIO\Documents\BTS SIO\Projet\ppe_chopesgames\system\CodeIgniter.php(824): App\Controllers\AdministrateurSuper->lettre_information()
#2 C:\Users\BTS SIO\Documents\BTS SIO\Projet\ppe_chopesgames\system\CodeIgniter.php(410): CodeIgniter\CodeIgniter->runController(Object(App\Controllers\AdministrateurSuper))
#3 C:\Users\BTS SIO\Documents\BTS SIO\Projet\ppe_chopesgames\system\CodeIgniter.php(318): CodeIgniter\CodeIgniter->handleRequest(NULL, Object(Config\Cache), false)
#4 C:\Users\BTS SIO\Documents\BTS SIO\Projet\ppe_chopesgames\public\index.php(37): CodeIgniter\CodeIgniter->run()
#5 C:\Users\BTS SIO\Documents\BTS SIO\Projet\ppe_chopesgames\system\Commands\Server\rewrite.php(43): require_once('C:\\Users\\BTS SI...')
#6 {main}
CRITICAL - 2022-01-25 05:53:54 --> mail() expects parameter 1 to be string, array given
#0 [internal function]: CodeIgniter\Debug\Exceptions->errorHandler(2, 'mail() expects ...', 'C:\\Users\\BTS SI...', 66, Array)
#1 C:\Users\BTS SIO\Documents\BTS SIO\Projet\ppe_chopesgames\app\Controllers\AdministrateurSuper.php(66): mail(Array, 'obj', 'tr', 'msg')
#2 C:\Users\BTS SIO\Documents\BTS SIO\Projet\ppe_chopesgames\system\CodeIgniter.php(824): App\Controllers\AdministrateurSuper->lettre_information()
#3 C:\Users\BTS SIO\Documents\BTS SIO\Projet\ppe_chopesgames\system\CodeIgniter.php(410): CodeIgniter\CodeIgniter->runController(Object(App\Controllers\AdministrateurSuper))
#4 C:\Users\BTS SIO\Documents\BTS SIO\Projet\ppe_chopesgames\system\CodeIgniter.php(318): CodeIgniter\CodeIgniter->handleRequest(NULL, Object(Config\Cache), false)
#5 C:\Users\BTS SIO\Documents\BTS SIO\Projet\ppe_chopesgames\public\index.php(37): CodeIgniter\CodeIgniter->run()
#6 C:\Users\BTS SIO\Documents\BTS SIO\Projet\ppe_chopesgames\system\Commands\Server\rewrite.php(43): require_once('C:\\Users\\BTS SI...')
#7 {main}
CRITICAL - 2022-01-25 07:48:42 --> Undefined index: Object
#0 C:\Users\BTS SIO\Documents\BTS SIO\Projet\ppe_chopesgames\app\Controllers\AdministrateurSuper.php(64): CodeIgniter\Debug\Exceptions->errorHandler(8, 'Undefined index...', 'C:\\Users\\BTS SI...', 64, Array)
#1 C:\Users\BTS SIO\Documents\BTS SIO\Projet\ppe_chopesgames\system\CodeIgniter.php(824): App\Controllers\AdministrateurSuper->lettre_information()
#2 C:\Users\BTS SIO\Documents\BTS SIO\Projet\ppe_chopesgames\system\CodeIgniter.php(410): CodeIgniter\CodeIgniter->runController(Object(App\Controllers\AdministrateurSuper))
#3 C:\Users\BTS SIO\Documents\BTS SIO\Projet\ppe_chopesgames\system\CodeIgniter.php(318): CodeIgniter\CodeIgniter->handleRequest(NULL, Object(Config\Cache), false)
#4 C:\Users\BTS SIO\Documents\BTS SIO\Projet\ppe_chopesgames\public\index.php(37): CodeIgniter\CodeIgniter->run()
#5 C:\Users\BTS SIO\Documents\BTS SIO\Projet\ppe_chopesgames\system\Commands\Server\rewrite.php(43): require_once('C:\\Users\\BTS SI...')
#6 {main}
CRITICAL - 2022-01-25 07:48:53 --> Undefined index: Object
#0 C:\Users\BTS SIO\Documents\BTS SIO\Projet\ppe_chopesgames\app\Controllers\AdministrateurSuper.php(64): CodeIgniter\Debug\Exceptions->errorHandler(8, 'Undefined index...', 'C:\\Users\\BTS SI...', 64, Array)
#1 C:\Users\BTS SIO\Documents\BTS SIO\Projet\ppe_chopesgames\system\CodeIgniter.php(824): App\Controllers\AdministrateurSuper->lettre_information()
#2 C:\Users\BTS SIO\Documents\BTS SIO\Projet\ppe_chopesgames\system\CodeIgniter.php(410): CodeIgniter\CodeIgniter->runController(Object(App\Controllers\AdministrateurSuper))
#3 C:\Users\BTS SIO\Documents\BTS SIO\Projet\ppe_chopesgames\system\CodeIgniter.php(318): CodeIgniter\CodeIgniter->handleRequest(NULL, Object(Config\Cache), false)
#4 C:\Users\BTS SIO\Documents\BTS SIO\Projet\ppe_chopesgames\public\index.php(37): CodeIgniter\CodeIgniter->run()
#5 C:\Users\BTS SIO\Documents\BTS SIO\Projet\ppe_chopesgames\system\Commands\Server\rewrite.php(43): require_once('C:\\Users\\BTS SI...')
#6 {main}
CRITICAL - 2022-01-25 07:49:15 --> mail(): Failed to connect to mailserver at &quot;localhost&quot; port 25, verify your &quot;SMTP&quot; and &quot;smtp_port&quot; setting in php.ini or use ini_set()
#0 [internal function]: CodeIgniter\Debug\Exceptions->errorHandler(2, 'mail(): Failed ...', 'C:\\Users\\BTS SI...', 64, Array)
#1 C:\Users\BTS SIO\Documents\BTS SIO\Projet\ppe_chopesgames\app\Controllers\AdministrateurSuper.php(64): mail('olivier@omorin....', 'obj', 'tr', 'msg')
#2 C:\Users\BTS SIO\Documents\BTS SIO\Projet\ppe_chopesgames\system\CodeIgniter.php(824): App\Controllers\AdministrateurSuper->lettre_information()
#3 C:\Users\BTS SIO\Documents\BTS SIO\Projet\ppe_chopesgames\system\CodeIgniter.php(410): CodeIgniter\CodeIgniter->runController(Object(App\Controllers\AdministrateurSuper))
#4 C:\Users\BTS SIO\Documents\BTS SIO\Projet\ppe_chopesgames\system\CodeIgniter.php(318): CodeIgniter\CodeIgniter->handleRequest(NULL, Object(Config\Cache), false)
#5 C:\Users\BTS SIO\Documents\BTS SIO\Projet\ppe_chopesgames\public\index.php(37): CodeIgniter\CodeIgniter->run()
#6 C:\Users\BTS SIO\Documents\BTS SIO\Projet\ppe_chopesgames\system\Commands\Server\rewrite.php(43): require_once('C:\\Users\\BTS SI...')
#7 {main}
CRITICAL - 2022-01-25 08:22:33 --> Call to undefined function set_value()
#0 C:\Users\BTS SIO\Documents\BTS SIO\Projet\ppe_chopesgames\system\View\View.php(214): include()
#1 C:\Users\BTS SIO\Documents\BTS SIO\Projet\ppe_chopesgames\system\View\View.php(217): CodeIgniter\View\View->CodeIgniter\View\{closure}()
#2 C:\Users\BTS SIO\Documents\BTS SIO\Projet\ppe_chopesgames\system\Common.php(1097): CodeIgniter\View\View->render('templates/foote...', Array, true)
#3 C:\Users\BTS SIO\Documents\BTS SIO\Projet\ppe_chopesgames\app\Controllers\Visiteur.php(28): view('templates/foote...')
#4 C:\Users\BTS SIO\Documents\BTS SIO\Projet\ppe_chopesgames\system\CodeIgniter.php(824): App\Controllers\Visiteur->accueil()
#5 C:\Users\BTS SIO\Documents\BTS SIO\Projet\ppe_chopesgames\system\CodeIgniter.php(410): CodeIgniter\CodeIgniter->runController(Object(App\Controllers\Visiteur))
#6 C:\Users\BTS SIO\Documents\BTS SIO\Projet\ppe_chopesgames\system\CodeIgniter.php(318): CodeIgniter\CodeIgniter->handleRequest(NULL, Object(Config\Cache), false)
#7 C:\Users\BTS SIO\Documents\BTS SIO\Projet\ppe_chopesgames\public\index.php(37): CodeIgniter\CodeIgniter->run()
#8 C:\Users\BTS SIO\Documents\BTS SIO\Projet\ppe_chopesgames\system\Commands\Server\rewrite.php(43): require_once('C:\\Users\\BTS SI...')
#9 {main}
CRITICAL - 2022-01-25 08:23:36 --> Call to undefined function set_value()
#0 C:\Users\BTS SIO\Documents\BTS SIO\Projet\ppe_chopesgames\system\View\View.php(214): include()
#1 C:\Users\BTS SIO\Documents\BTS SIO\Projet\ppe_chopesgames\system\View\View.php(217): CodeIgniter\View\View->CodeIgniter\View\{closure}()
#2 C:\Users\BTS SIO\Documents\BTS SIO\Projet\ppe_chopesgames\system\Common.php(1097): CodeIgniter\View\View->render('templates/foote...', Array, true)
#3 C:\Users\BTS SIO\Documents\BTS SIO\Projet\ppe_chopesgames\app\Controllers\Visiteur.php(28): view('templates/foote...')
#4 C:\Users\BTS SIO\Documents\BTS SIO\Projet\ppe_chopesgames\system\CodeIgniter.php(824): App\Controllers\Visiteur->accueil()
#5 C:\Users\BTS SIO\Documents\BTS SIO\Projet\ppe_chopesgames\system\CodeIgniter.php(410): CodeIgniter\CodeIgniter->runController(Object(App\Controllers\Visiteur))
#6 C:\Users\BTS SIO\Documents\BTS SIO\Projet\ppe_chopesgames\system\CodeIgniter.php(318): CodeIgniter\CodeIgniter->handleRequest(NULL, Object(Config\Cache), false)
#7 C:\Users\BTS SIO\Documents\BTS SIO\Projet\ppe_chopesgames\public\index.php(37): CodeIgniter\CodeIgniter->run()
#8 C:\Users\BTS SIO\Documents\BTS SIO\Projet\ppe_chopesgames\system\Commands\Server\rewrite.php(43): require_once('C:\\Users\\BTS SI...')
#9 {main}
CRITICAL - 2022-01-25 08:23:50 --> Call to undefined function set_value()
#0 C:\Users\BTS SIO\Documents\BTS SIO\Projet\ppe_chopesgames\system\View\View.php(214): include()
#1 C:\Users\BTS SIO\Documents\BTS SIO\Projet\ppe_chopesgames\system\View\View.php(217): CodeIgniter\View\View->CodeIgniter\View\{closure}()
#2 C:\Users\BTS SIO\Documents\BTS SIO\Projet\ppe_chopesgames\system\Common.php(1097): CodeIgniter\View\View->render('templates/foote...', Array, true)
#3 C:\Users\BTS SIO\Documents\BTS SIO\Projet\ppe_chopesgames\app\Controllers\Visiteur.php(28): view('templates/foote...')
#4 C:\Users\BTS SIO\Documents\BTS SIO\Projet\ppe_chopesgames\system\CodeIgniter.php(824): App\Controllers\Visiteur->accueil()
#5 C:\Users\BTS SIO\Documents\BTS SIO\Projet\ppe_chopesgames\system\CodeIgniter.php(410): CodeIgniter\CodeIgniter->runController(Object(App\Controllers\Visiteur))
#6 C:\Users\BTS SIO\Documents\BTS SIO\Projet\ppe_chopesgames\system\CodeIgniter.php(318): CodeIgniter\CodeIgniter->handleRequest(NULL, Object(Config\Cache), false)
#7 C:\Users\BTS SIO\Documents\BTS SIO\Projet\ppe_chopesgames\public\index.php(37): CodeIgniter\CodeIgniter->run()
#8 C:\Users\BTS SIO\Documents\BTS SIO\Projet\ppe_chopesgames\system\Commands\Server\rewrite.php(43): require_once('C:\\Users\\BTS SI...')
#9 {main}
CRITICAL - 2022-01-25 08:23:56 --> Call to undefined function set_value()
#0 C:\Users\BTS SIO\Documents\BTS SIO\Projet\ppe_chopesgames\system\View\View.php(214): include()
#1 C:\Users\BTS SIO\Documents\BTS SIO\Projet\ppe_chopesgames\system\View\View.php(217): CodeIgniter\View\View->CodeIgniter\View\{closure}()
#2 C:\Users\BTS SIO\Documents\BTS SIO\Projet\ppe_chopesgames\system\Common.php(1097): CodeIgniter\View\View->render('templates/foote...', Array, true)
#3 C:\Users\BTS SIO\Documents\BTS SIO\Projet\ppe_chopesgames\app\Controllers\Visiteur.php(28): view('templates/foote...')
#4 C:\Users\BTS SIO\Documents\BTS SIO\Projet\ppe_chopesgames\system\CodeIgniter.php(824): App\Controllers\Visiteur->accueil()
#5 C:\Users\BTS SIO\Documents\BTS SIO\Projet\ppe_chopesgames\system\CodeIgniter.php(410): CodeIgniter\CodeIgniter->runController(Object(App\Controllers\Visiteur))
#6 C:\Users\BTS SIO\Documents\BTS SIO\Projet\ppe_chopesgames\system\CodeIgniter.php(318): CodeIgniter\CodeIgniter->handleRequest(NULL, Object(Config\Cache), false)
#7 C:\Users\BTS SIO\Documents\BTS SIO\Projet\ppe_chopesgames\public\index.php(37): CodeIgniter\CodeIgniter->run()
#8 C:\Users\BTS SIO\Documents\BTS SIO\Projet\ppe_chopesgames\system\Commands\Server\rewrite.php(43): require_once('C:\\Users\\BTS SI...')
#9 {main}
CRITICAL - 2022-01-25 08:24:00 --> Call to undefined function set_value()
#0 C:\Users\BTS SIO\Documents\BTS SIO\Projet\ppe_chopesgames\system\View\View.php(214): include()
#1 C:\Users\BTS SIO\Documents\BTS SIO\Projet\ppe_chopesgames\system\View\View.php(217): CodeIgniter\View\View->CodeIgniter\View\{closure}()
#2 C:\Users\BTS SIO\Documents\BTS SIO\Projet\ppe_chopesgames\system\Common.php(1097): CodeIgniter\View\View->render('templates/foote...', Array, true)
#3 C:\Users\BTS SIO\Documents\BTS SIO\Projet\ppe_chopesgames\app\Controllers\AdministrateurEmploye.php(21): view('templates/foote...')
#4 C:\Users\BTS SIO\Documents\BTS SIO\Projet\ppe_chopesgames\system\CodeIgniter.php(824): App\Controllers\AdministrateurEmploye->afficher_les_clients()
#5 C:\Users\BTS SIO\Documents\BTS SIO\Projet\ppe_chopesgames\system\CodeIgniter.php(410): CodeIgniter\CodeIgniter->runController(Object(App\Controllers\AdministrateurEmploye))
#6 C:\Users\BTS SIO\Documents\BTS SIO\Projet\ppe_chopesgames\system\CodeIgniter.php(318): CodeIgniter\CodeIgniter->handleRequest(NULL, Object(Config\Cache), false)
#7 C:\Users\BTS SIO\Documents\BTS SIO\Projet\ppe_chopesgames\public\index.php(37): CodeIgniter\CodeIgniter->run()
#8 C:\Users\BTS SIO\Documents\BTS SIO\Projet\ppe_chopesgames\system\Commands\Server\rewrite.php(43): require_once('C:\\Users\\BTS SI...')
#9 {main}
CRITICAL - 2022-01-25 08:30:51 --> Call to undefined function form_open()
#0 C:\Users\BTS SIO\Documents\BTS SIO\Projet\ppe_chopesgames\system\View\View.php(214): include()
#1 C:\Users\BTS SIO\Documents\BTS SIO\Projet\ppe_chopesgames\system\View\View.php(217): CodeIgniter\View\View->CodeIgniter\View\{closure}()
#2 C:\Users\BTS SIO\Documents\BTS SIO\Projet\ppe_chopesgames\system\Common.php(1097): CodeIgniter\View\View->render('templates/foote...', Array, true)
#3 C:\Users\BTS SIO\Documents\BTS SIO\Projet\ppe_chopesgames\app\Controllers\AdministrateurEmploye.php(21): view('templates/foote...')
#4 C:\Users\BTS SIO\Documents\BTS SIO\Projet\ppe_chopesgames\system\CodeIgniter.php(824): App\Controllers\AdministrateurEmploye->afficher_les_clients()
#5 C:\Users\BTS SIO\Documents\BTS SIO\Projet\ppe_chopesgames\system\CodeIgniter.php(410): CodeIgniter\CodeIgniter->runController(Object(App\Controllers\AdministrateurEmploye))
#6 C:\Users\BTS SIO\Documents\BTS SIO\Projet\ppe_chopesgames\system\CodeIgniter.php(318): CodeIgniter\CodeIgniter->handleRequest(NULL, Object(Config\Cache), false)
#7 C:\Users\BTS SIO\Documents\BTS SIO\Projet\ppe_chopesgames\public\index.php(37): CodeIgniter\CodeIgniter->run()
#8 C:\Users\BTS SIO\Documents\BTS SIO\Projet\ppe_chopesgames\system\Commands\Server\rewrite.php(43): require_once('C:\\Users\\BTS SI...')
#9 {main}
CRITICAL - 2022-01-25 08:32:34 --> Call to undefined function form_open()
#0 C:\Users\BTS SIO\Documents\BTS SIO\Projet\ppe_chopesgames\system\View\View.php(214): include()
#1 C:\Users\BTS SIO\Documents\BTS SIO\Projet\ppe_chopesgames\system\View\View.php(217): CodeIgniter\View\View->CodeIgniter\View\{closure}()
#2 C:\Users\BTS SIO\Documents\BTS SIO\Projet\ppe_chopesgames\system\Common.php(1097): CodeIgniter\View\View->render('templates/foote...', Array, true)
#3 C:\Users\BTS SIO\Documents\BTS SIO\Projet\ppe_chopesgames\app\Controllers\Visiteur.php(28): view('templates/foote...')
#4 C:\Users\BTS SIO\Documents\BTS SIO\Projet\ppe_chopesgames\system\CodeIgniter.php(824): App\Controllers\Visiteur->accueil()
#5 C:\Users\BTS SIO\Documents\BTS SIO\Projet\ppe_chopesgames\system\CodeIgniter.php(410): CodeIgniter\CodeIgniter->runController(Object(App\Controllers\Visiteur))
#6 C:\Users\BTS SIO\Documents\BTS SIO\Projet\ppe_chopesgames\system\CodeIgniter.php(318): CodeIgniter\CodeIgniter->handleRequest(NULL, Object(Config\Cache), false)
#7 C:\Users\BTS SIO\Documents\BTS SIO\Projet\ppe_chopesgames\public\index.php(37): CodeIgniter\CodeIgniter->run()
#8 C:\Users\BTS SIO\Documents\BTS SIO\Projet\ppe_chopesgames\system\Commands\Server\rewrite.php(43): require_once('C:\\Users\\BTS SI...')
#9 {main}
CRITICAL - 2022-01-25 08:32:44 --> Call to undefined function form_open()
#0 C:\Users\BTS SIO\Documents\BTS SIO\Projet\ppe_chopesgames\system\View\View.php(214): include()
#1 C:\Users\BTS SIO\Documents\BTS SIO\Projet\ppe_chopesgames\system\View\View.php(217): CodeIgniter\View\View->CodeIgniter\View\{closure}()
#2 C:\Users\BTS SIO\Documents\BTS SIO\Projet\ppe_chopesgames\system\Common.php(1097): CodeIgniter\View\View->render('templates/foote...', Array, true)
#3 C:\Users\BTS SIO\Documents\BTS SIO\Projet\ppe_chopesgames\app\Controllers\Visiteur.php(28): view('templates/foote...')
#4 C:\Users\BTS SIO\Documents\BTS SIO\Projet\ppe_chopesgames\system\CodeIgniter.php(824): App\Controllers\Visiteur->accueil()
#5 C:\Users\BTS SIO\Documents\BTS SIO\Projet\ppe_chopesgames\system\CodeIgniter.php(410): CodeIgniter\CodeIgniter->runController(Object(App\Controllers\Visiteur))
#6 C:\Users\BTS SIO\Documents\BTS SIO\Projet\ppe_chopesgames\system\CodeIgniter.php(318): CodeIgniter\CodeIgniter->handleRequest(NULL, Object(Config\Cache), false)
#7 C:\Users\BTS SIO\Documents\BTS SIO\Projet\ppe_chopesgames\public\index.php(37): CodeIgniter\CodeIgniter->run()
#8 C:\Users\BTS SIO\Documents\BTS SIO\Projet\ppe_chopesgames\system\Commands\Server\rewrite.php(43): require_once('C:\\Users\\BTS SI...')
#9 {main}
CRITICAL - 2022-01-25 08:32:51 --> Call to undefined function form_open()
#0 C:\Users\BTS SIO\Documents\BTS SIO\Projet\ppe_chopesgames\system\View\View.php(214): include()
#1 C:\Users\BTS SIO\Documents\BTS SIO\Projet\ppe_chopesgames\system\View\View.php(217): CodeIgniter\View\View->CodeIgniter\View\{closure}()
#2 C:\Users\BTS SIO\Documents\BTS SIO\Projet\ppe_chopesgames\system\Common.php(1097): CodeIgniter\View\View->render('templates/foote...', Array, true)
#3 C:\Users\BTS SIO\Documents\BTS SIO\Projet\ppe_chopesgames\app\Controllers\AdministrateurEmploye.php(21): view('templates/foote...')
#4 C:\Users\BTS SIO\Documents\BTS SIO\Projet\ppe_chopesgames\system\CodeIgniter.php(824): App\Controllers\AdministrateurEmploye->afficher_les_clients()
#5 C:\Users\BTS SIO\Documents\BTS SIO\Projet\ppe_chopesgames\system\CodeIgniter.php(410): CodeIgniter\CodeIgniter->runController(Object(App\Controllers\AdministrateurEmploye))
#6 C:\Users\BTS SIO\Documents\BTS SIO\Projet\ppe_chopesgames\system\CodeIgniter.php(318): CodeIgniter\CodeIgniter->handleRequest(NULL, Object(Config\Cache), false)
#7 C:\Users\BTS SIO\Documents\BTS SIO\Projet\ppe_chopesgames\public\index.php(37): CodeIgniter\CodeIgniter->run()
#8 C:\Users\BTS SIO\Documents\BTS SIO\Projet\ppe_chopesgames\system\Commands\Server\rewrite.php(43): require_once('C:\\Users\\BTS SI...')
#9 {main}
CRITICAL - 2022-01-25 08:34:15 --> Call to undefined function form_open()
#0 C:\Users\BTS SIO\Documents\BTS SIO\Projet\ppe_chopesgames\system\View\View.php(214): include()
#1 C:\Users\BTS SIO\Documents\BTS SIO\Projet\ppe_chopesgames\system\View\View.php(217): CodeIgniter\View\View->CodeIgniter\View\{closure}()
#2 C:\Users\BTS SIO\Documents\BTS SIO\Projet\ppe_chopesgames\system\Common.php(1097): CodeIgniter\View\View->render('templates/foote...', Array, true)
#3 C:\Users\BTS SIO\Documents\BTS SIO\Projet\ppe_chopesgames\app\Controllers\AdministrateurEmploye.php(28): view('templates/foote...')
#4 C:\Users\BTS SIO\Documents\BTS SIO\Projet\ppe_chopesgames\system\CodeIgniter.php(824): App\Controllers\AdministrateurEmploye->afficher_les_clients()
#5 C:\Users\BTS SIO\Documents\BTS SIO\Projet\ppe_chopesgames\system\CodeIgniter.php(410): CodeIgniter\CodeIgniter->runController(Object(App\Controllers\AdministrateurEmploye))
#6 C:\Users\BTS SIO\Documents\BTS SIO\Projet\ppe_chopesgames\system\CodeIgniter.php(318): CodeIgniter\CodeIgniter->handleRequest(NULL, Object(Config\Cache), false)
#7 C:\Users\BTS SIO\Documents\BTS SIO\Projet\ppe_chopesgames\public\index.php(37): CodeIgniter\CodeIgniter->run()
#8 C:\Users\BTS SIO\Documents\BTS SIO\Projet\ppe_chopesgames\system\Commands\Server\rewrite.php(43): require_once('C:\\Users\\BTS SI...')
#9 {main}
CRITICAL - 2022-01-25 08:34:43 --> Call to undefined function form_open()
#0 C:\Users\BTS SIO\Documents\BTS SIO\Projet\ppe_chopesgames\system\View\View.php(214): include()
#1 C:\Users\BTS SIO\Documents\BTS SIO\Projet\ppe_chopesgames\system\View\View.php(217): CodeIgniter\View\View->CodeIgniter\View\{closure}()
#2 C:\Users\BTS SIO\Documents\BTS SIO\Projet\ppe_chopesgames\system\Common.php(1097): CodeIgniter\View\View->render('templates/foote...', Array, true)
#3 C:\Users\BTS SIO\Documents\BTS SIO\Projet\ppe_chopesgames\app\Controllers\AdministrateurEmploye.php(28): view('templates/foote...')
#4 C:\Users\BTS SIO\Documents\BTS SIO\Projet\ppe_chopesgames\system\CodeIgniter.php(824): App\Controllers\AdministrateurEmploye->afficher_les_clients()
#5 C:\Users\BTS SIO\Documents\BTS SIO\Projet\ppe_chopesgames\system\CodeIgniter.php(410): CodeIgniter\CodeIgniter->runController(Object(App\Controllers\AdministrateurEmploye))
#6 C:\Users\BTS SIO\Documents\BTS SIO\Projet\ppe_chopesgames\system\CodeIgniter.php(318): CodeIgniter\CodeIgniter->handleRequest(NULL, Object(Config\Cache), false)
#7 C:\Users\BTS SIO\Documents\BTS SIO\Projet\ppe_chopesgames\public\index.php(37): CodeIgniter\CodeIgniter->run()
#8 C:\Users\BTS SIO\Documents\BTS SIO\Projet\ppe_chopesgames\system\Commands\Server\rewrite.php(43): require_once('C:\\Users\\BTS SI...')
#9 {main}
CRITICAL - 2022-01-25 08:34:48 --> Call to undefined function form_open()
#0 C:\Users\BTS SIO\Documents\BTS SIO\Projet\ppe_chopesgames\system\View\View.php(214): include()
#1 C:\Users\BTS SIO\Documents\BTS SIO\Projet\ppe_chopesgames\system\View\View.php(217): CodeIgniter\View\View->CodeIgniter\View\{closure}()
#2 C:\Users\BTS SIO\Documents\BTS SIO\Projet\ppe_chopesgames\system\Common.php(1097): CodeIgniter\View\View->render('templates/foote...', Array, true)
#3 C:\Users\BTS SIO\Documents\BTS SIO\Projet\ppe_chopesgames\app\Controllers\AdministrateurEmploye.php(28): view('templates/foote...')
#4 C:\Users\BTS SIO\Documents\BTS SIO\Projet\ppe_chopesgames\system\CodeIgniter.php(824): App\Controllers\AdministrateurEmploye->afficher_les_clients()
#5 C:\Users\BTS SIO\Documents\BTS SIO\Projet\ppe_chopesgames\system\CodeIgniter.php(410): CodeIgniter\CodeIgniter->runController(Object(App\Controllers\AdministrateurEmploye))
#6 C:\Users\BTS SIO\Documents\BTS SIO\Projet\ppe_chopesgames\system\CodeIgniter.php(318): CodeIgniter\CodeIgniter->handleRequest(NULL, Object(Config\Cache), false)
#7 C:\Users\BTS SIO\Documents\BTS SIO\Projet\ppe_chopesgames\public\index.php(37): CodeIgniter\CodeIgniter->run()
#8 C:\Users\BTS SIO\Documents\BTS SIO\Projet\ppe_chopesgames\system\Commands\Server\rewrite.php(43): require_once('C:\\Users\\BTS SI...')
#9 {main}
CRITICAL - 2022-01-25 08:34:59 --> Call to undefined function form_open()
#0 C:\Users\BTS SIO\Documents\BTS SIO\Projet\ppe_chopesgames\system\View\View.php(214): include()
#1 C:\Users\BTS SIO\Documents\BTS SIO\Projet\ppe_chopesgames\system\View\View.php(217): CodeIgniter\View\View->CodeIgniter\View\{closure}()
#2 C:\Users\BTS SIO\Documents\BTS SIO\Projet\ppe_chopesgames\system\Common.php(1097): CodeIgniter\View\View->render('templates/foote...', Array, true)
#3 C:\Users\BTS SIO\Documents\BTS SIO\Projet\ppe_chopesgames\app\Controllers\Visiteur.php(28): view('templates/foote...')
#4 C:\Users\BTS SIO\Documents\BTS SIO\Projet\ppe_chopesgames\system\CodeIgniter.php(824): App\Controllers\Visiteur->accueil()
#5 C:\Users\BTS SIO\Documents\BTS SIO\Projet\ppe_chopesgames\system\CodeIgniter.php(410): CodeIgniter\CodeIgniter->runController(Object(App\Controllers\Visiteur))
#6 C:\Users\BTS SIO\Documents\BTS SIO\Projet\ppe_chopesgames\system\CodeIgniter.php(318): CodeIgniter\CodeIgniter->handleRequest(NULL, Object(Config\Cache), false)
#7 C:\Users\BTS SIO\Documents\BTS SIO\Projet\ppe_chopesgames\public\index.php(37): CodeIgniter\CodeIgniter->run()
#8 C:\Users\BTS SIO\Documents\BTS SIO\Projet\ppe_chopesgames\system\Commands\Server\rewrite.php(43): require_once('C:\\Users\\BTS SI...')
#9 {main}
CRITICAL - 2022-01-25 08:35:03 --> Call to undefined function form_open()
#0 C:\Users\BTS SIO\Documents\BTS SIO\Projet\ppe_chopesgames\system\View\View.php(214): include()
#1 C:\Users\BTS SIO\Documents\BTS SIO\Projet\ppe_chopesgames\system\View\View.php(217): CodeIgniter\View\View->CodeIgniter\View\{closure}()
#2 C:\Users\BTS SIO\Documents\BTS SIO\Projet\ppe_chopesgames\system\Common.php(1097): CodeIgniter\View\View->render('templates/foote...', Array, true)
#3 C:\Users\BTS SIO\Documents\BTS SIO\Projet\ppe_chopesgames\app\Controllers\AdministrateurEmploye.php(28): view('templates/foote...')
#4 C:\Users\BTS SIO\Documents\BTS SIO\Projet\ppe_chopesgames\system\CodeIgniter.php(824): App\Controllers\AdministrateurEmploye->afficher_les_clients()
#5 C:\Users\BTS SIO\Documents\BTS SIO\Projet\ppe_chopesgames\system\CodeIgniter.php(410): CodeIgniter\CodeIgniter->runController(Object(App\Controllers\AdministrateurEmploye))
#6 C:\Users\BTS SIO\Documents\BTS SIO\Projet\ppe_chopesgames\system\CodeIgniter.php(318): CodeIgniter\CodeIgniter->handleRequest(NULL, Object(Config\Cache), false)
#7 C:\Users\BTS SIO\Documents\BTS SIO\Projet\ppe_chopesgames\public\index.php(37): CodeIgniter\CodeIgniter->run()
#8 C:\Users\BTS SIO\Documents\BTS SIO\Projet\ppe_chopesgames\system\Commands\Server\rewrite.php(43): require_once('C:\\Users\\BTS SI...')
#9 {main}
CRITICAL - 2022-01-25 08:35:41 --> Call to undefined function form_open_multipart()
#0 C:\Users\BTS SIO\Documents\BTS SIO\Projet\ppe_chopesgames\system\View\View.php(214): include()
#1 C:\Users\BTS SIO\Documents\BTS SIO\Projet\ppe_chopesgames\system\View\View.php(217): CodeIgniter\View\View->CodeIgniter\View\{closure}()
#2 C:\Users\BTS SIO\Documents\BTS SIO\Projet\ppe_chopesgames\system\Common.php(1097): CodeIgniter\View\View->render('templates/foote...', Array, true)
#3 C:\Users\BTS SIO\Documents\BTS SIO\Projet\ppe_chopesgames\app\Controllers\AdministrateurEmploye.php(28): view('templates/foote...')
#4 C:\Users\BTS SIO\Documents\BTS SIO\Projet\ppe_chopesgames\system\CodeIgniter.php(824): App\Controllers\AdministrateurEmploye->afficher_les_clients()
#5 C:\Users\BTS SIO\Documents\BTS SIO\Projet\ppe_chopesgames\system\CodeIgniter.php(410): CodeIgniter\CodeIgniter->runController(Object(App\Controllers\AdministrateurEmploye))
#6 C:\Users\BTS SIO\Documents\BTS SIO\Projet\ppe_chopesgames\system\CodeIgniter.php(318): CodeIgniter\CodeIgniter->handleRequest(NULL, Object(Config\Cache), false)
#7 C:\Users\BTS SIO\Documents\BTS SIO\Projet\ppe_chopesgames\public\index.php(37): CodeIgniter\CodeIgniter->run()
#8 C:\Users\BTS SIO\Documents\BTS SIO\Projet\ppe_chopesgames\system\Commands\Server\rewrite.php(43): require_once('C:\\Users\\BTS SI...')
#9 {main}
CRITICAL - 2022-01-25 09:11:48 --> Too few arguments to function App\Controllers\AdministrateurEmploye::afficher_les_clients(), 0 passed in C:\Users\BTS SIO\Documents\BTS SIO\Projet\ppe_chopesgames\system\CodeIgniter.php on line 824 and exactly 1 expected
#0 C:\Users\BTS SIO\Documents\BTS SIO\Projet\ppe_chopesgames\system\CodeIgniter.php(824): App\Controllers\AdministrateurEmploye->afficher_les_clients()
#1 C:\Users\BTS SIO\Documents\BTS SIO\Projet\ppe_chopesgames\system\CodeIgniter.php(410): CodeIgniter\CodeIgniter->runController(Object(App\Controllers\AdministrateurEmploye))
#2 C:\Users\BTS SIO\Documents\BTS SIO\Projet\ppe_chopesgames\system\CodeIgniter.php(318): CodeIgniter\CodeIgniter->handleRequest(NULL, Object(Config\Cache), false)
#3 C:\Users\BTS SIO\Documents\BTS SIO\Projet\ppe_chopesgames\public\index.php(37): CodeIgniter\CodeIgniter->run()
#4 C:\Users\BTS SIO\Documents\BTS SIO\Projet\ppe_chopesgames\system\Commands\Server\rewrite.php(43): require_once('C:\\Users\\BTS SI...')
#5 {main}
CRITICAL - 2022-01-25 09:21:46 --> Too few arguments to function App\Controllers\AdministrateurEmploye::afficher_les_clients(), 0 passed in C:\Users\BTS SIO\Documents\BTS SIO\Projet\ppe_chopesgames\system\CodeIgniter.php on line 824 and exactly 1 expected
#0 C:\Users\BTS SIO\Documents\BTS SIO\Projet\ppe_chopesgames\system\CodeIgniter.php(824): App\Controllers\AdministrateurEmploye->afficher_les_clients()
#1 C:\Users\BTS SIO\Documents\BTS SIO\Projet\ppe_chopesgames\system\CodeIgniter.php(410): CodeIgniter\CodeIgniter->runController(Object(App\Controllers\AdministrateurEmploye))
#2 C:\Users\BTS SIO\Documents\BTS SIO\Projet\ppe_chopesgames\system\CodeIgniter.php(318): CodeIgniter\CodeIgniter->handleRequest(NULL, Object(Config\Cache), false)
#3 C:\Users\BTS SIO\Documents\BTS SIO\Projet\ppe_chopesgames\public\index.php(37): CodeIgniter\CodeIgniter->run()
#4 C:\Users\BTS SIO\Documents\BTS SIO\Projet\ppe_chopesgames\system\Commands\Server\rewrite.php(43): require_once('C:\\Users\\BTS SI...')
#5 {main}
CRITICAL - 2022-01-25 09:25:18 --> Too few arguments to function App\Controllers\AdministrateurEmploye::afficher_les_clients(), 0 passed in C:\Users\BTS SIO\Documents\BTS SIO\Projet\ppe_chopesgames\system\CodeIgniter.php on line 824 and exactly 1 expected
#0 C:\Users\BTS SIO\Documents\BTS SIO\Projet\ppe_chopesgames\system\CodeIgniter.php(824): App\Controllers\AdministrateurEmploye->afficher_les_clients()
#1 C:\Users\BTS SIO\Documents\BTS SIO\Projet\ppe_chopesgames\system\CodeIgniter.php(410): CodeIgniter\CodeIgniter->runController(Object(App\Controllers\AdministrateurEmploye))
#2 C:\Users\BTS SIO\Documents\BTS SIO\Projet\ppe_chopesgames\system\CodeIgniter.php(318): CodeIgniter\CodeIgniter->handleRequest(NULL, Object(Config\Cache), false)
#3 C:\Users\BTS SIO\Documents\BTS SIO\Projet\ppe_chopesgames\public\index.php(37): CodeIgniter\CodeIgniter->run()
#4 C:\Users\BTS SIO\Documents\BTS SIO\Projet\ppe_chopesgames\system\Commands\Server\rewrite.php(43): require_once('C:\\Users\\BTS SI...')
#5 {main}
CRITICAL - 2022-01-25 09:30:15 --> Invalid argument supplied for foreach()
#0 C:\Users\BTS SIO\Documents\BTS SIO\Projet\ppe_chopesgames\app\Views\AdministrateurEmploye\afficher_les_clients.php(18): CodeIgniter\Debug\Exceptions->errorHandler(2, 'Invalid argumen...', 'C:\\Users\\BTS SI...', 18, Array)
#1 C:\Users\BTS SIO\Documents\BTS SIO\Projet\ppe_chopesgames\system\View\View.php(214): include('C:\\Users\\BTS SI...')
#2 C:\Users\BTS SIO\Documents\BTS SIO\Projet\ppe_chopesgames\system\View\View.php(217): CodeIgniter\View\View->CodeIgniter\View\{closure}()
#3 C:\Users\BTS SIO\Documents\BTS SIO\Projet\ppe_chopesgames\system\Common.php(1097): CodeIgniter\View\View->render('AdministrateurE...', Array, true)
#4 C:\Users\BTS SIO\Documents\BTS SIO\Projet\ppe_chopesgames\app\Controllers\AdministrateurEmploye.php(30): view('AdministrateurE...')
#5 C:\Users\BTS SIO\Documents\BTS SIO\Projet\ppe_chopesgames\system\CodeIgniter.php(824): App\Controllers\AdministrateurEmploye->afficher_les_clients()
#6 C:\Users\BTS SIO\Documents\BTS SIO\Projet\ppe_chopesgames\system\CodeIgniter.php(410): CodeIgniter\CodeIgniter->runController(Object(App\Controllers\AdministrateurEmploye))
#7 C:\Users\BTS SIO\Documents\BTS SIO\Projet\ppe_chopesgames\system\CodeIgniter.php(318): CodeIgniter\CodeIgniter->handleRequest(NULL, Object(Config\Cache), false)
#8 C:\Users\BTS SIO\Documents\BTS SIO\Projet\ppe_chopesgames\public\index.php(37): CodeIgniter\CodeIgniter->run()
#9 C:\Users\BTS SIO\Documents\BTS SIO\Projet\ppe_chopesgames\system\Commands\Server\rewrite.php(43): require_once('C:\\Users\\BTS SI...')
#10 {main}
CRITICAL - 2022-01-25 09:32:58 --> Undefined index: PRIXTTC
#0 C:\Users\BTS SIO\Documents\BTS SIO\Projet\ppe_chopesgames\app\Views\AdministrateurEmploye\afficher_les_clients.php(29): CodeIgniter\Debug\Exceptions->errorHandler(8, 'Undefined index...', 'C:\\Users\\BTS SI...', 29, Array)
#1 C:\Users\BTS SIO\Documents\BTS SIO\Projet\ppe_chopesgames\system\View\View.php(214): include('C:\\Users\\BTS SI...')
#2 C:\Users\BTS SIO\Documents\BTS SIO\Projet\ppe_chopesgames\system\View\View.php(217): CodeIgniter\View\View->CodeIgniter\View\{closure}()
#3 C:\Users\BTS SIO\Documents\BTS SIO\Projet\ppe_chopesgames\system\Common.php(1097): CodeIgniter\View\View->render('AdministrateurE...', Array, true)
#4 C:\Users\BTS SIO\Documents\BTS SIO\Projet\ppe_chopesgames\app\Controllers\AdministrateurEmploye.php(30): view('AdministrateurE...')
#5 C:\Users\BTS SIO\Documents\BTS SIO\Projet\ppe_chopesgames\system\CodeIgniter.php(824): App\Controllers\AdministrateurEmploye->afficher_les_clients()
#6 C:\Users\BTS SIO\Documents\BTS SIO\Projet\ppe_chopesgames\system\CodeIgniter.php(410): CodeIgniter\CodeIgniter->runController(Object(App\Controllers\AdministrateurEmploye))
#7 C:\Users\BTS SIO\Documents\BTS SIO\Projet\ppe_chopesgames\system\CodeIgniter.php(318): CodeIgniter\CodeIgniter->handleRequest(NULL, Object(Config\Cache), false)
#8 C:\Users\BTS SIO\Documents\BTS SIO\Projet\ppe_chopesgames\public\index.php(37): CodeIgniter\CodeIgniter->run()
#9 C:\Users\BTS SIO\Documents\BTS SIO\Projet\ppe_chopesgames\system\Commands\Server\rewrite.php(43): require_once('C:\\Users\\BTS SI...')
#10 {main}
CRITICAL - 2022-01-25 09:52:52 --> mail(): Failed to connect to mailserver at &quot;localhost&quot; port 25, verify your &quot;SMTP&quot; and &quot;smtp_port&quot; setting in php.ini or use ini_set()
#0 [internal function]: CodeIgniter\Debug\Exceptions->errorHandler(2, 'mail(): Failed ...', 'C:\\Users\\BTS SI...', 64, Array)
#1 C:\Users\BTS SIO\Documents\BTS SIO\Projet\ppe_chopesgames\app\Controllers\AdministrateurSuper.php(64): mail('olivier@omorin....', 'vv', 'rv', 'vr')
#2 C:\Users\BTS SIO\Documents\BTS SIO\Projet\ppe_chopesgames\system\CodeIgniter.php(824): App\Controllers\AdministrateurSuper->lettre_information()
#3 C:\Users\BTS SIO\Documents\BTS SIO\Projet\ppe_chopesgames\system\CodeIgniter.php(410): CodeIgniter\CodeIgniter->runController(Object(App\Controllers\AdministrateurSuper))
#4 C:\Users\BTS SIO\Documents\BTS SIO\Projet\ppe_chopesgames\system\CodeIgniter.php(318): CodeIgniter\CodeIgniter->handleRequest(NULL, Object(Config\Cache), false)
#5 C:\Users\BTS SIO\Documents\BTS SIO\Projet\ppe_chopesgames\public\index.php(37): CodeIgniter\CodeIgniter->run()
#6 C:\Users\BTS SIO\Documents\BTS SIO\Projet\ppe_chopesgames\system\Commands\Server\rewrite.php(43): require_once('C:\\Users\\BTS SI...')
#7 {main}
CRITICAL - 2022-01-25 09:55:59 --> Undefined variable: commande
#0 C:\Users\BTS SIO\Documents\BTS SIO\Projet\ppe_chopesgames\app\Views\AdministrateurEmploye\commande_non_traite.php(17): CodeIgniter\Debug\Exceptions->errorHandler(8, 'Undefined varia...', 'C:\\Users\\BTS SI...', 17, Array)
#1 C:\Users\BTS SIO\Documents\BTS SIO\Projet\ppe_chopesgames\system\View\View.php(214): include('C:\\Users\\BTS SI...')
#2 C:\Users\BTS SIO\Documents\BTS SIO\Projet\ppe_chopesgames\system\View\View.php(217): CodeIgniter\View\View->CodeIgniter\View\{closure}()
#3 C:\Users\BTS SIO\Documents\BTS SIO\Projet\ppe_chopesgames\system\Common.php(1097): CodeIgniter\View\View->render('AdministrateurE...', Array, true)
#4 C:\Users\BTS SIO\Documents\BTS SIO\Projet\ppe_chopesgames\app\Controllers\AdministrateurEmploye.php(28): view('AdministrateurE...')
#5 C:\Users\BTS SIO\Documents\BTS SIO\Projet\ppe_chopesgames\system\CodeIgniter.php(824): App\Controllers\AdministrateurEmploye->commande_non_traite()
#6 C:\Users\BTS SIO\Documents\BTS SIO\Projet\ppe_chopesgames\system\CodeIgniter.php(410): CodeIgniter\CodeIgniter->runController(Object(App\Controllers\AdministrateurEmploye))
#7 C:\Users\BTS SIO\Documents\BTS SIO\Projet\ppe_chopesgames\system\CodeIgniter.php(318): CodeIgniter\CodeIgniter->handleRequest(NULL, Object(Config\Cache), false)
#8 C:\Users\BTS SIO\Documents\BTS SIO\Projet\ppe_chopesgames\public\index.php(37): CodeIgniter\CodeIgniter->run()
#9 C:\Users\BTS SIO\Documents\BTS SIO\Projet\ppe_chopesgames\system\Commands\Server\rewrite.php(43): require_once('C:\\Users\\BTS SI...')
#10 {main}
CRITICAL - 2022-01-25 09:57:24 --> Undefined variable: commande
#0 C:\Users\BTS SIO\Documents\BTS SIO\Projet\ppe_chopesgames\app\Views\AdministrateurEmploye\commande_non_traite.php(17): CodeIgniter\Debug\Exceptions->errorHandler(8, 'Undefined varia...', 'C:\\Users\\BTS SI...', 17, Array)
#1 C:\Users\BTS SIO\Documents\BTS SIO\Projet\ppe_chopesgames\system\View\View.php(214): include('C:\\Users\\BTS SI...')
#2 C:\Users\BTS SIO\Documents\BTS SIO\Projet\ppe_chopesgames\system\View\View.php(217): CodeIgniter\View\View->CodeIgniter\View\{closure}()
#3 C:\Users\BTS SIO\Documents\BTS SIO\Projet\ppe_chopesgames\system\Common.php(1097): CodeIgniter\View\View->render('AdministrateurE...', Array, true)
#4 C:\Users\BTS SIO\Documents\BTS SIO\Projet\ppe_chopesgames\app\Controllers\AdministrateurEmploye.php(28): view('AdministrateurE...')
#5 C:\Users\BTS SIO\Documents\BTS SIO\Projet\ppe_chopesgames\system\CodeIgniter.php(824): App\Controllers\AdministrateurEmploye->commande_non_traite()
#6 C:\Users\BTS SIO\Documents\BTS SIO\Projet\ppe_chopesgames\system\CodeIgniter.php(410): CodeIgniter\CodeIgniter->runController(Object(App\Controllers\AdministrateurEmploye))
#7 C:\Users\BTS SIO\Documents\BTS SIO\Projet\ppe_chopesgames\system\CodeIgniter.php(318): CodeIgniter\CodeIgniter->handleRequest(NULL, Object(Config\Cache), false)
#8 C:\Users\BTS SIO\Documents\BTS SIO\Projet\ppe_chopesgames\public\index.php(37): CodeIgniter\CodeIgniter->run()
#9 C:\Users\BTS SIO\Documents\BTS SIO\Projet\ppe_chopesgames\system\Commands\Server\rewrite.php(43): require_once('C:\\Users\\BTS SI...')
#10 {main}
CRITICAL - 2022-01-25 10:02:10 --> Undefined variable: commande
#0 C:\Users\BTS SIO\Documents\BTS SIO\Projet\ppe_chopesgames\app\Views\AdministrateurEmploye\commande_non_traite.php(17): CodeIgniter\Debug\Exceptions->errorHandler(8, 'Undefined varia...', 'C:\\Users\\BTS SI...', 17, Array)
#1 C:\Users\BTS SIO\Documents\BTS SIO\Projet\ppe_chopesgames\system\View\View.php(214): include('C:\\Users\\BTS SI...')
#2 C:\Users\BTS SIO\Documents\BTS SIO\Projet\ppe_chopesgames\system\View\View.php(217): CodeIgniter\View\View->CodeIgniter\View\{closure}()
#3 C:\Users\BTS SIO\Documents\BTS SIO\Projet\ppe_chopesgames\system\Common.php(1097): CodeIgniter\View\View->render('AdministrateurE...', Array, true)
#4 C:\Users\BTS SIO\Documents\BTS SIO\Projet\ppe_chopesgames\app\Controllers\AdministrateurEmploye.php(28): view('AdministrateurE...')
#5 C:\Users\BTS SIO\Documents\BTS SIO\Projet\ppe_chopesgames\system\CodeIgniter.php(824): App\Controllers\AdministrateurEmploye->commande_non_traite()
#6 C:\Users\BTS SIO\Documents\BTS SIO\Projet\ppe_chopesgames\system\CodeIgniter.php(410): CodeIgniter\CodeIgniter->runController(Object(App\Controllers\AdministrateurEmploye))
#7 C:\Users\BTS SIO\Documents\BTS SIO\Projet\ppe_chopesgames\system\CodeIgniter.php(318): CodeIgniter\CodeIgniter->handleRequest(NULL, Object(Config\Cache), false)
#8 C:\Users\BTS SIO\Documents\BTS SIO\Projet\ppe_chopesgames\public\index.php(37): CodeIgniter\CodeIgniter->run()
#9 C:\Users\BTS SIO\Documents\BTS SIO\Projet\ppe_chopesgames\system\Commands\Server\rewrite.php(43): require_once('C:\\Users\\BTS SI...')
#10 {main}
