CRITICAL - 2022-01-19 04:26:09 --> Undefined variable: categorie
#0 C:\Users\BTS SIO\Documents\BTS SIO\Projet\ppe_chopesgames\app\Views\templates\header.php(50): CodeIgniter\Debug\Exceptions->errorHandler(8, 'Undefined varia...', 'C:\\Users\\BTS SI...', 50, Array)
#1 C:\Users\BTS SIO\Documents\BTS SIO\Projet\ppe_chopesgames\system\View\View.php(214): include('C:\\Users\\BTS SI...')
#2 C:\Users\BTS SIO\Documents\BTS SIO\Projet\ppe_chopesgames\system\View\View.php(217): CodeIgniter\View\View->CodeIgniter\View\{closure}()
#3 C:\Users\BTS SIO\Documents\BTS SIO\Projet\ppe_chopesgames\system\Common.php(1097): CodeIgniter\View\View->render('templates/heade...', Array, true)
#4 C:\Users\BTS SIO\Documents\BTS SIO\Projet\ppe_chopesgames\app\Controllers\Visiteur.php(50): view('templates/heade...', Array)
#5 C:\Users\BTS SIO\Documents\BTS SIO\Projet\ppe_chopesgames\system\CodeIgniter.php(824): App\Controllers\Visiteur->lister_les_produits()
#6 C:\Users\BTS SIO\Documents\BTS SIO\Projet\ppe_chopesgames\system\CodeIgniter.php(410): CodeIgniter\CodeIgniter->runController(Object(App\Controllers\Visiteur))
#7 C:\Users\BTS SIO\Documents\BTS SIO\Projet\ppe_chopesgames\system\CodeIgniter.php(318): CodeIgniter\CodeIgniter->handleRequest(NULL, Object(Config\Cache), false)
#8 C:\Users\BTS SIO\Documents\BTS SIO\Projet\ppe_chopesgames\public\index.php(37): CodeIgniter\CodeIgniter->run()
#9 C:\Users\BTS SIO\Documents\BTS SIO\Projet\ppe_chopesgames\system\Commands\Server\rewrite.php(43): require_once('C:\\Users\\BTS SI...')
#10 {main}
CRITICAL - 2022-01-19 04:26:22 --> Undefined variable: categorie
#0 C:\Users\BTS SIO\Documents\BTS SIO\Projet\ppe_chopesgames\app\Views\templates\header.php(50): CodeIgniter\Debug\Exceptions->errorHandler(8, 'Undefined varia...', 'C:\\Users\\BTS SI...', 50, Array)
#1 C:\Users\BTS SIO\Documents\BTS SIO\Projet\ppe_chopesgames\system\View\View.php(214): include('C:\\Users\\BTS SI...')
#2 C:\Users\BTS SIO\Documents\BTS SIO\Projet\ppe_chopesgames\system\View\View.php(217): CodeIgniter\View\View->CodeIgniter\View\{closure}()
#3 C:\Users\BTS SIO\Documents\BTS SIO\Projet\ppe_chopesgames\system\Common.php(1097): CodeIgniter\View\View->render('templates/heade...', Array, true)
#4 C:\Users\BTS SIO\Documents\BTS SIO\Projet\ppe_chopesgames\app\Controllers\Visiteur.php(26): view('templates/heade...', Array)
#5 C:\Users\BTS SIO\Documents\BTS SIO\Projet\ppe_chopesgames\system\CodeIgniter.php(824): App\Controllers\Visiteur->accueil()
#6 C:\Users\BTS SIO\Documents\BTS SIO\Projet\ppe_chopesgames\system\CodeIgniter.php(410): CodeIgniter\CodeIgniter->runController(Object(App\Controllers\Visiteur))
#7 C:\Users\BTS SIO\Documents\BTS SIO\Projet\ppe_chopesgames\system\CodeIgniter.php(318): CodeIgniter\CodeIgniter->handleRequest(NULL, Object(Config\Cache), false)
#8 C:\Users\BTS SIO\Documents\BTS SIO\Projet\ppe_chopesgames\public\index.php(37): CodeIgniter\CodeIgniter->run()
#9 C:\Users\BTS SIO\Documents\BTS SIO\Projet\ppe_chopesgames\system\Commands\Server\rewrite.php(43): require_once('C:\\Users\\BTS SI...')
#10 {main}
CRITICAL - 2022-01-19 04:53:05 --> Undefined index: NOCATEGORIE
#0 C:\Users\BTS SIO\Documents\BTS SIO\Projet\ppe_chopesgames\app\Views\templates\header.php(51): CodeIgniter\Debug\Exceptions->errorHandler(8, 'Undefined index...', 'C:\\Users\\BTS SI...', 51, Array)
#1 C:\Users\BTS SIO\Documents\BTS SIO\Projet\ppe_chopesgames\system\View\View.php(214): include('C:\\Users\\BTS SI...')
#2 C:\Users\BTS SIO\Documents\BTS SIO\Projet\ppe_chopesgames\system\View\View.php(217): CodeIgniter\View\View->CodeIgniter\View\{closure}()
#3 C:\Users\BTS SIO\Documents\BTS SIO\Projet\ppe_chopesgames\system\Common.php(1097): CodeIgniter\View\View->render('templates/heade...', Array, true)
#4 C:\Users\BTS SIO\Documents\BTS SIO\Projet\ppe_chopesgames\app\Controllers\Visiteur.php(26): view('templates/heade...', Array)
#5 C:\Users\BTS SIO\Documents\BTS SIO\Projet\ppe_chopesgames\system\CodeIgniter.php(824): App\Controllers\Visiteur->accueil()
#6 C:\Users\BTS SIO\Documents\BTS SIO\Projet\ppe_chopesgames\system\CodeIgniter.php(410): CodeIgniter\CodeIgniter->runController(Object(App\Controllers\Visiteur))
#7 C:\Users\BTS SIO\Documents\BTS SIO\Projet\ppe_chopesgames\system\CodeIgniter.php(318): CodeIgniter\CodeIgniter->handleRequest(NULL, Object(Config\Cache), false)
#8 C:\Users\BTS SIO\Documents\BTS SIO\Projet\ppe_chopesgames\public\index.php(37): CodeIgniter\CodeIgniter->run()
#9 C:\Users\BTS SIO\Documents\BTS SIO\Projet\ppe_chopesgames\system\Commands\Server\rewrite.php(43): require_once('C:\\Users\\BTS SI...')
#10 {main}
ERROR - 2022-01-19 07:30:55 --> Champ 'id' inconnu dans where clause
CRITICAL - 2022-01-19 07:30:55 --> Champ 'id' inconnu dans where clause
#0 C:\Users\BTS SIO\Documents\BTS SIO\Projet\ppe_chopesgames\system\Database\MySQLi\Connection.php(292): mysqli->query('SELECT COUNT(*)...', 0)
#1 C:\Users\BTS SIO\Documents\BTS SIO\Projet\ppe_chopesgames\system\Database\BaseConnection.php(670): CodeIgniter\Database\MySQLi\Connection->execute('SELECT COUNT(*)...')
#2 C:\Users\BTS SIO\Documents\BTS SIO\Projet\ppe_chopesgames\system\Database\BaseConnection.php(598): CodeIgniter\Database\BaseConnection->simpleQuery('SELECT COUNT(*)...')
#3 C:\Users\BTS SIO\Documents\BTS SIO\Projet\ppe_chopesgames\system\Database\BaseBuilder.php(1527): CodeIgniter\Database\BaseConnection->query('SELECT COUNT(*)...', Array, false)
#4 C:\Users\BTS SIO\Documents\BTS SIO\Projet\ppe_chopesgames\system\Model.php(509): CodeIgniter\Database\BaseBuilder->countAllResults(true)
#5 C:\Users\BTS SIO\Documents\BTS SIO\Projet\ppe_chopesgames\system\Model.php(592): CodeIgniter\Model->countAllResults()
#6 C:\Users\BTS SIO\Documents\BTS SIO\Projet\ppe_chopesgames\system\BaseModel.php(655): CodeIgniter\Model->shouldUpdate(Array)
#7 C:\Users\BTS SIO\Documents\BTS SIO\Projet\ppe_chopesgames\app\Controllers\AdministrateurSuper.php(54): CodeIgniter\BaseModel->save(Array)
#8 C:\Users\BTS SIO\Documents\BTS SIO\Projet\ppe_chopesgames\system\CodeIgniter.php(824): App\Controllers\AdministrateurSuper->ajouter_une_categorie()
#9 C:\Users\BTS SIO\Documents\BTS SIO\Projet\ppe_chopesgames\system\CodeIgniter.php(410): CodeIgniter\CodeIgniter->runController(Object(App\Controllers\AdministrateurSuper))
#10 C:\Users\BTS SIO\Documents\BTS SIO\Projet\ppe_chopesgames\system\CodeIgniter.php(318): CodeIgniter\CodeIgniter->handleRequest(NULL, Object(Config\Cache), false)
#11 C:\Users\BTS SIO\Documents\BTS SIO\Projet\ppe_chopesgames\public\index.php(37): CodeIgniter\CodeIgniter->run()
#12 C:\Users\BTS SIO\Documents\BTS SIO\Projet\ppe_chopesgames\system\Commands\Server\rewrite.php(43): require_once('C:\\Users\\BTS SI...')
#13 {main}
ERROR - 2022-01-19 07:32:12 --> Champ 'id' inconnu dans where clause
CRITICAL - 2022-01-19 07:32:12 --> Champ 'id' inconnu dans where clause
#0 C:\Users\BTS SIO\Documents\BTS SIO\Projet\ppe_chopesgames\system\Database\MySQLi\Connection.php(292): mysqli->query('SELECT COUNT(*)...', 0)
#1 C:\Users\BTS SIO\Documents\BTS SIO\Projet\ppe_chopesgames\system\Database\BaseConnection.php(670): CodeIgniter\Database\MySQLi\Connection->execute('SELECT COUNT(*)...')
#2 C:\Users\BTS SIO\Documents\BTS SIO\Projet\ppe_chopesgames\system\Database\BaseConnection.php(598): CodeIgniter\Database\BaseConnection->simpleQuery('SELECT COUNT(*)...')
#3 C:\Users\BTS SIO\Documents\BTS SIO\Projet\ppe_chopesgames\system\Database\BaseBuilder.php(1527): CodeIgniter\Database\BaseConnection->query('SELECT COUNT(*)...', Array, false)
#4 C:\Users\BTS SIO\Documents\BTS SIO\Projet\ppe_chopesgames\system\Model.php(509): CodeIgniter\Database\BaseBuilder->countAllResults(true)
#5 C:\Users\BTS SIO\Documents\BTS SIO\Projet\ppe_chopesgames\system\Model.php(592): CodeIgniter\Model->countAllResults()
#6 C:\Users\BTS SIO\Documents\BTS SIO\Projet\ppe_chopesgames\system\BaseModel.php(655): CodeIgniter\Model->shouldUpdate(Array)
#7 C:\Users\BTS SIO\Documents\BTS SIO\Projet\ppe_chopesgames\app\Controllers\AdministrateurSuper.php(54): CodeIgniter\BaseModel->save(Array)
#8 C:\Users\BTS SIO\Documents\BTS SIO\Projet\ppe_chopesgames\system\CodeIgniter.php(824): App\Controllers\AdministrateurSuper->ajouter_une_categorie()
#9 C:\Users\BTS SIO\Documents\BTS SIO\Projet\ppe_chopesgames\system\CodeIgniter.php(410): CodeIgniter\CodeIgniter->runController(Object(App\Controllers\AdministrateurSuper))
#10 C:\Users\BTS SIO\Documents\BTS SIO\Projet\ppe_chopesgames\system\CodeIgniter.php(318): CodeIgniter\CodeIgniter->handleRequest(NULL, Object(Config\Cache), false)
#11 C:\Users\BTS SIO\Documents\BTS SIO\Projet\ppe_chopesgames\public\index.php(37): CodeIgniter\CodeIgniter->run()
#12 C:\Users\BTS SIO\Documents\BTS SIO\Projet\ppe_chopesgames\system\Commands\Server\rewrite.php(43): require_once('C:\\Users\\BTS SI...')
#13 {main}
CRITICAL - 2022-01-19 07:33:08 --> A non-numeric value encountered
#0 C:\Users\BTS SIO\Documents\BTS SIO\Projet\ppe_chopesgames\app\Controllers\AdministrateurSuper.php(117): CodeIgniter\Debug\Exceptions->errorHandler(2, 'A non-numeric v...', 'C:\\Users\\BTS SI...', 117, Array)
#1 C:\Users\BTS SIO\Documents\BTS SIO\Projet\ppe_chopesgames\system\CodeIgniter.php(824): App\Controllers\AdministrateurSuper->ajouter_un_produit()
#2 C:\Users\BTS SIO\Documents\BTS SIO\Projet\ppe_chopesgames\system\CodeIgniter.php(410): CodeIgniter\CodeIgniter->runController(Object(App\Controllers\AdministrateurSuper))
#3 C:\Users\BTS SIO\Documents\BTS SIO\Projet\ppe_chopesgames\system\CodeIgniter.php(318): CodeIgniter\CodeIgniter->handleRequest(NULL, Object(Config\Cache), false)
#4 C:\Users\BTS SIO\Documents\BTS SIO\Projet\ppe_chopesgames\public\index.php(37): CodeIgniter\CodeIgniter->run()
#5 C:\Users\BTS SIO\Documents\BTS SIO\Projet\ppe_chopesgames\system\Commands\Server\rewrite.php(43): require_once('C:\\Users\\BTS SI...')
#6 {main}
ERROR - 2022-01-19 07:37:45 --> Champ 'id' inconnu dans where clause
CRITICAL - 2022-01-19 07:37:45 --> Champ 'id' inconnu dans where clause
#0 C:\Users\BTS SIO\Documents\BTS SIO\Projet\ppe_chopesgames\system\Database\MySQLi\Connection.php(292): mysqli->query('SELECT COUNT(*)...', 0)
#1 C:\Users\BTS SIO\Documents\BTS SIO\Projet\ppe_chopesgames\system\Database\BaseConnection.php(670): CodeIgniter\Database\MySQLi\Connection->execute('SELECT COUNT(*)...')
#2 C:\Users\BTS SIO\Documents\BTS SIO\Projet\ppe_chopesgames\system\Database\BaseConnection.php(598): CodeIgniter\Database\BaseConnection->simpleQuery('SELECT COUNT(*)...')
#3 C:\Users\BTS SIO\Documents\BTS SIO\Projet\ppe_chopesgames\system\Database\BaseBuilder.php(1527): CodeIgniter\Database\BaseConnection->query('SELECT COUNT(*)...', Array, false)
#4 C:\Users\BTS SIO\Documents\BTS SIO\Projet\ppe_chopesgames\system\Model.php(509): CodeIgniter\Database\BaseBuilder->countAllResults(true)
#5 C:\Users\BTS SIO\Documents\BTS SIO\Projet\ppe_chopesgames\system\Model.php(592): CodeIgniter\Model->countAllResults()
#6 C:\Users\BTS SIO\Documents\BTS SIO\Projet\ppe_chopesgames\system\BaseModel.php(655): CodeIgniter\Model->shouldUpdate(Array)
#7 C:\Users\BTS SIO\Documents\BTS SIO\Projet\ppe_chopesgames\app\Controllers\AdministrateurSuper.php(54): CodeIgniter\BaseModel->save(Array)
#8 C:\Users\BTS SIO\Documents\BTS SIO\Projet\ppe_chopesgames\system\CodeIgniter.php(824): App\Controllers\AdministrateurSuper->ajouter_une_categorie()
#9 C:\Users\BTS SIO\Documents\BTS SIO\Projet\ppe_chopesgames\system\CodeIgniter.php(410): CodeIgniter\CodeIgniter->runController(Object(App\Controllers\AdministrateurSuper))
#10 C:\Users\BTS SIO\Documents\BTS SIO\Projet\ppe_chopesgames\system\CodeIgniter.php(318): CodeIgniter\CodeIgniter->handleRequest(NULL, Object(Config\Cache), false)
#11 C:\Users\BTS SIO\Documents\BTS SIO\Projet\ppe_chopesgames\public\index.php(37): CodeIgniter\CodeIgniter->run()
#12 C:\Users\BTS SIO\Documents\BTS SIO\Projet\ppe_chopesgames\system\Commands\Server\rewrite.php(43): require_once('C:\\Users\\BTS SI...')
#13 {main}
CRITICAL - 2022-01-19 07:39:41 -->  route cannot be found while reverse-routing.
#0 C:\Users\BTS SIO\Documents\BTS SIO\Projet\ppe_chopesgames\system\HTTP\RedirectResponse.php(56): CodeIgniter\HTTP\Exceptions\HTTPException::forInvalidRedirectRoute('')
#1 C:\Users\BTS SIO\Documents\BTS SIO\Projet\ppe_chopesgames\system\Common.php(840): CodeIgniter\HTTP\RedirectResponse->route(false)
#2 C:\Users\BTS SIO\Documents\BTS SIO\Projet\ppe_chopesgames\app\Controllers\AdministrateurSuper.php(55): redirect('20')
#3 C:\Users\BTS SIO\Documents\BTS SIO\Projet\ppe_chopesgames\system\CodeIgniter.php(824): App\Controllers\AdministrateurSuper->ajouter_une_categorie()
#4 C:\Users\BTS SIO\Documents\BTS SIO\Projet\ppe_chopesgames\system\CodeIgniter.php(410): CodeIgniter\CodeIgniter->runController(Object(App\Controllers\AdministrateurSuper))
#5 C:\Users\BTS SIO\Documents\BTS SIO\Projet\ppe_chopesgames\system\CodeIgniter.php(318): CodeIgniter\CodeIgniter->handleRequest(NULL, Object(Config\Cache), false)
#6 C:\Users\BTS SIO\Documents\BTS SIO\Projet\ppe_chopesgames\public\index.php(37): CodeIgniter\CodeIgniter->run()
#7 C:\Users\BTS SIO\Documents\BTS SIO\Projet\ppe_chopesgames\system\Commands\Server\rewrite.php(43): require_once('C:\\Users\\BTS SI...')
#8 {main}
CRITICAL - 2022-01-19 07:51:01 --> There is no data to insert.
#0 C:\Users\BTS SIO\Documents\BTS SIO\Projet\ppe_chopesgames\system\BaseModel.php(718): CodeIgniter\Database\Exceptions\DataException::forEmptyDataset('insert')
#1 C:\Users\BTS SIO\Documents\BTS SIO\Projet\ppe_chopesgames\system\Model.php(620): CodeIgniter\BaseModel->insert(Array, true)
#2 C:\Users\BTS SIO\Documents\BTS SIO\Projet\ppe_chopesgames\app\Controllers\AdministrateurSuper.php(54): CodeIgniter\Model->insert(Array)
#3 C:\Users\BTS SIO\Documents\BTS SIO\Projet\ppe_chopesgames\system\CodeIgniter.php(824): App\Controllers\AdministrateurSuper->ajouter_une_marque()
#4 C:\Users\BTS SIO\Documents\BTS SIO\Projet\ppe_chopesgames\system\CodeIgniter.php(410): CodeIgniter\CodeIgniter->runController(Object(App\Controllers\AdministrateurSuper))
#5 C:\Users\BTS SIO\Documents\BTS SIO\Projet\ppe_chopesgames\system\CodeIgniter.php(318): CodeIgniter\CodeIgniter->handleRequest(NULL, Object(Config\Cache), false)
#6 C:\Users\BTS SIO\Documents\BTS SIO\Projet\ppe_chopesgames\public\index.php(37): CodeIgniter\CodeIgniter->run()
#7 C:\Users\BTS SIO\Documents\BTS SIO\Projet\ppe_chopesgames\system\Commands\Server\rewrite.php(43): require_once('C:\\Users\\BTS SI...')
#8 {main}
