ERROR - 2022-02-04 02:33:51 --> Error connecting to the database: Aucune connexion n’a pu être établie car l’ordinateur cible l’a expressément refusée.

CRITICAL - 2022-02-04 02:33:51 --> Unable to connect to the database.
Main connection [MySQLi]: Aucune connexion n’a pu être établie car l’ordinateur cible l’a expressément refusée.

#0 C:\Users\BTS SIO\Documents\Projet\ppe_chopesgames_revisiter\system\Database\BaseConnection.php(577): CodeIgniter\Database\BaseConnection->initialize()
#1 C:\Users\BTS SIO\Documents\Projet\ppe_chopesgames_revisiter\system\Database\BaseBuilder.php(1527): CodeIgniter\Database\BaseConnection->query('SELECT COUNT(*)...', Array, false)
#2 C:\Users\BTS SIO\Documents\Projet\ppe_chopesgames_revisiter\system\Model.php(509): CodeIgniter\Database\BaseBuilder->countAllResults(false)
#3 C:\Users\BTS SIO\Documents\Projet\ppe_chopesgames_revisiter\system\BaseModel.php(1084): CodeIgniter\Model->countAllResults(false)
#4 C:\Users\BTS SIO\Documents\Projet\ppe_chopesgames_revisiter\app\Controllers\Visiteur.php(58): CodeIgniter\BaseModel->paginate(12)
#5 C:\Users\BTS SIO\Documents\Projet\ppe_chopesgames_revisiter\system\CodeIgniter.php(824): App\Controllers\Visiteur->lister_les_produits()
#6 C:\Users\BTS SIO\Documents\Projet\ppe_chopesgames_revisiter\system\CodeIgniter.php(410): CodeIgniter\CodeIgniter->runController(Object(App\Controllers\Visiteur))
#7 C:\Users\BTS SIO\Documents\Projet\ppe_chopesgames_revisiter\system\CodeIgniter.php(318): CodeIgniter\CodeIgniter->handleRequest(NULL, Object(Config\Cache), false)
#8 C:\Users\BTS SIO\Documents\Projet\ppe_chopesgames_revisiter\public\index.php(37): CodeIgniter\CodeIgniter->run()
#9 C:\Users\BTS SIO\Documents\Projet\ppe_chopesgames_revisiter\system\Commands\Server\rewrite.php(43): require_once('C:\\Users\\BTS SI...')
#10 {main}
CRITICAL - 2022-02-04 02:49:59 --> syntax error, unexpected '}', expecting end of file
#0 C:\Users\BTS SIO\Documents\Projet\ppe_chopesgames_revisiter\system\Router\Router.php(176): CodeIgniter\Router\Router->autoRoute('Backoffice/conn...')
#1 C:\Users\BTS SIO\Documents\Projet\ppe_chopesgames_revisiter\system\CodeIgniter.php(718): CodeIgniter\Router\Router->handle('Backoffice/conn...')
#2 C:\Users\BTS SIO\Documents\Projet\ppe_chopesgames_revisiter\system\CodeIgniter.php(359): CodeIgniter\CodeIgniter->tryToRouteIt(Object(CodeIgniter\Router\RouteCollection))
#3 C:\Users\BTS SIO\Documents\Projet\ppe_chopesgames_revisiter\system\CodeIgniter.php(318): CodeIgniter\CodeIgniter->handleRequest(NULL, Object(Config\Cache), false)
#4 C:\Users\BTS SIO\Documents\Projet\ppe_chopesgames_revisiter\public\index.php(37): CodeIgniter\CodeIgniter->run()
#5 C:\Users\BTS SIO\Documents\Projet\ppe_chopesgames_revisiter\system\Commands\Server\rewrite.php(43): require_once('C:\\Users\\BTS SI...')
#6 {main}
CRITICAL - 2022-02-04 02:52:38 --> Invalid file: Backoffice/connexion.php
#0 C:\Users\BTS SIO\Documents\Projet\ppe_chopesgames_revisiter\system\View\View.php(198): CodeIgniter\Exceptions\FrameworkException::forInvalidFile('Backoffice/conn...')
#1 C:\Users\BTS SIO\Documents\Projet\ppe_chopesgames_revisiter\system\Common.php(1097): CodeIgniter\View\View->render('Backoffice/conn...', Array, true)
#2 C:\Users\BTS SIO\Documents\Projet\ppe_chopesgames_revisiter\app\Controllers\Backoffice.php(43): view('Backoffice/conn...', Array)
#3 C:\Users\BTS SIO\Documents\Projet\ppe_chopesgames_revisiter\system\CodeIgniter.php(824): App\Controllers\Backoffice->connexion()
#4 C:\Users\BTS SIO\Documents\Projet\ppe_chopesgames_revisiter\system\CodeIgniter.php(410): CodeIgniter\CodeIgniter->runController(Object(App\Controllers\Backoffice))
#5 C:\Users\BTS SIO\Documents\Projet\ppe_chopesgames_revisiter\system\CodeIgniter.php(318): CodeIgniter\CodeIgniter->handleRequest(NULL, Object(Config\Cache), false)
#6 C:\Users\BTS SIO\Documents\Projet\ppe_chopesgames_revisiter\public\index.php(37): CodeIgniter\CodeIgniter->run()
#7 C:\Users\BTS SIO\Documents\Projet\ppe_chopesgames_revisiter\system\Commands\Server\rewrite.php(43): require_once('C:\\Users\\BTS SI...')
#8 {main}
