CRITICAL - 2022-01-26 07:10:26 --> Undefined variable: commande
#0 C:\Users\BTS SIO\Documents\BTS SIO\Projet\ppe_chopesgames\app\Views\AdministrateurEmploye\commande_non_traite.php(17): CodeIgniter\Debug\Exceptions->errorHandler(8, 'Undefined varia...', 'C:\\Users\\BTS SI...', 17, Array)
#1 C:\Users\BTS SIO\Documents\BTS SIO\Projet\ppe_chopesgames\system\View\View.php(214): include('C:\\Users\\BTS SI...')
#2 C:\Users\BTS SIO\Documents\BTS SIO\Projet\ppe_chopesgames\system\View\View.php(217): CodeIgniter\View\View->CodeIgniter\View\{closure}()
#3 C:\Users\BTS SIO\Documents\BTS SIO\Projet\ppe_chopesgames\system\Common.php(1097): CodeIgniter\View\View->render('AdministrateurE...', Array, true)
#4 C:\Users\BTS SIO\Documents\BTS SIO\Projet\ppe_chopesgames\app\Controllers\AdministrateurEmploye.php(28): view('AdministrateurE...')
#5 C:\Users\BTS SIO\Documents\BTS SIO\Projet\ppe_chopesgames\system\CodeIgniter.php(824): App\Controllers\AdministrateurEmploye->commande_non_traite()
#6 C:\Users\BTS SIO\Documents\BTS SIO\Projet\ppe_chopesgames\system\CodeIgniter.php(410): CodeIgniter\CodeIgniter->runController(Object(App\Controllers\AdministrateurEmploye))
#7 C:\Users\BTS SIO\Documents\BTS SIO\Projet\ppe_chopesgames\system\CodeIgniter.php(318): CodeIgniter\CodeIgniter->handleRequest(NULL, Object(Config\Cache), false)
#8 C:\Users\BTS SIO\Documents\BTS SIO\Projet\ppe_chopesgames\public\index.php(37): CodeIgniter\CodeIgniter->run()
#9 C:\Users\BTS SIO\Documents\BTS SIO\Projet\ppe_chopesgames\system\Commands\Server\rewrite.php(43): require_once('C:\\Users\\BTS SI...')
#10 {main}
CRITICAL - 2022-01-26 07:12:34 --> Undefined variable: commande
#0 C:\Users\BTS SIO\Documents\BTS SIO\Projet\ppe_chopesgames\app\Views\AdministrateurEmploye\commande_non_traite.php(17): CodeIgniter\Debug\Exceptions->errorHandler(8, 'Undefined varia...', 'C:\\Users\\BTS SI...', 17, Array)
#1 C:\Users\BTS SIO\Documents\BTS SIO\Projet\ppe_chopesgames\system\View\View.php(214): include('C:\\Users\\BTS SI...')
#2 C:\Users\BTS SIO\Documents\BTS SIO\Projet\ppe_chopesgames\system\View\View.php(217): CodeIgniter\View\View->CodeIgniter\View\{closure}()
#3 C:\Users\BTS SIO\Documents\BTS SIO\Projet\ppe_chopesgames\system\Common.php(1097): CodeIgniter\View\View->render('AdministrateurE...', Array, true)
#4 C:\Users\BTS SIO\Documents\BTS SIO\Projet\ppe_chopesgames\app\Controllers\AdministrateurEmploye.php(28): view('AdministrateurE...')
#5 C:\Users\BTS SIO\Documents\BTS SIO\Projet\ppe_chopesgames\system\CodeIgniter.php(824): App\Controllers\AdministrateurEmploye->commande_non_traite()
#6 C:\Users\BTS SIO\Documents\BTS SIO\Projet\ppe_chopesgames\system\CodeIgniter.php(410): CodeIgniter\CodeIgniter->runController(Object(App\Controllers\AdministrateurEmploye))
#7 C:\Users\BTS SIO\Documents\BTS SIO\Projet\ppe_chopesgames\system\CodeIgniter.php(318): CodeIgniter\CodeIgniter->handleRequest(NULL, Object(Config\Cache), false)
#8 C:\Users\BTS SIO\Documents\BTS SIO\Projet\ppe_chopesgames\public\index.php(37): CodeIgniter\CodeIgniter->run()
#9 C:\Users\BTS SIO\Documents\BTS SIO\Projet\ppe_chopesgames\system\Commands\Server\rewrite.php(43): require_once('C:\\Users\\BTS SI...')
#10 {main}
CRITICAL - 2022-01-26 07:13:02 --> Undefined variable: commande
#0 C:\Users\BTS SIO\Documents\BTS SIO\Projet\ppe_chopesgames\app\Views\AdministrateurEmploye\commande_non_traite.php(17): CodeIgniter\Debug\Exceptions->errorHandler(8, 'Undefined varia...', 'C:\\Users\\BTS SI...', 17, Array)
#1 C:\Users\BTS SIO\Documents\BTS SIO\Projet\ppe_chopesgames\system\View\View.php(214): include('C:\\Users\\BTS SI...')
#2 C:\Users\BTS SIO\Documents\BTS SIO\Projet\ppe_chopesgames\system\View\View.php(217): CodeIgniter\View\View->CodeIgniter\View\{closure}()
#3 C:\Users\BTS SIO\Documents\BTS SIO\Projet\ppe_chopesgames\system\Common.php(1097): CodeIgniter\View\View->render('AdministrateurE...', Array, true)
#4 C:\Users\BTS SIO\Documents\BTS SIO\Projet\ppe_chopesgames\app\Controllers\AdministrateurEmploye.php(28): view('AdministrateurE...')
#5 C:\Users\BTS SIO\Documents\BTS SIO\Projet\ppe_chopesgames\system\CodeIgniter.php(824): App\Controllers\AdministrateurEmploye->commande_non_traite()
#6 C:\Users\BTS SIO\Documents\BTS SIO\Projet\ppe_chopesgames\system\CodeIgniter.php(410): CodeIgniter\CodeIgniter->runController(Object(App\Controllers\AdministrateurEmploye))
#7 C:\Users\BTS SIO\Documents\BTS SIO\Projet\ppe_chopesgames\system\CodeIgniter.php(318): CodeIgniter\CodeIgniter->handleRequest(NULL, Object(Config\Cache), false)
#8 C:\Users\BTS SIO\Documents\BTS SIO\Projet\ppe_chopesgames\public\index.php(37): CodeIgniter\CodeIgniter->run()
#9 C:\Users\BTS SIO\Documents\BTS SIO\Projet\ppe_chopesgames\system\Commands\Server\rewrite.php(43): require_once('C:\\Users\\BTS SI...')
#10 {main}
CRITICAL - 2022-01-26 07:15:06 --> Array to string conversion
#0 C:\Users\BTS SIO\Documents\BTS SIO\Projet\ppe_chopesgames\app\Views\AdministrateurEmploye\commande_non_traite.php(18): CodeIgniter\Debug\Exceptions->errorHandler(8, 'Array to string...', 'C:\\Users\\BTS SI...', 18, Array)
#1 C:\Users\BTS SIO\Documents\BTS SIO\Projet\ppe_chopesgames\system\View\View.php(214): include('C:\\Users\\BTS SI...')
#2 C:\Users\BTS SIO\Documents\BTS SIO\Projet\ppe_chopesgames\system\View\View.php(217): CodeIgniter\View\View->CodeIgniter\View\{closure}()
#3 C:\Users\BTS SIO\Documents\BTS SIO\Projet\ppe_chopesgames\system\Common.php(1097): CodeIgniter\View\View->render('AdministrateurE...', Array, true)
#4 C:\Users\BTS SIO\Documents\BTS SIO\Projet\ppe_chopesgames\app\Controllers\AdministrateurEmploye.php(28): view('AdministrateurE...')
#5 C:\Users\BTS SIO\Documents\BTS SIO\Projet\ppe_chopesgames\system\CodeIgniter.php(824): App\Controllers\AdministrateurEmploye->commande_non_traite()
#6 C:\Users\BTS SIO\Documents\BTS SIO\Projet\ppe_chopesgames\system\CodeIgniter.php(410): CodeIgniter\CodeIgniter->runController(Object(App\Controllers\AdministrateurEmploye))
#7 C:\Users\BTS SIO\Documents\BTS SIO\Projet\ppe_chopesgames\system\CodeIgniter.php(318): CodeIgniter\CodeIgniter->handleRequest(NULL, Object(Config\Cache), false)
#8 C:\Users\BTS SIO\Documents\BTS SIO\Projet\ppe_chopesgames\public\index.php(37): CodeIgniter\CodeIgniter->run()
#9 C:\Users\BTS SIO\Documents\BTS SIO\Projet\ppe_chopesgames\system\Commands\Server\rewrite.php(43): require_once('C:\\Users\\BTS SI...')
#10 {main}
CRITICAL - 2022-01-26 07:15:12 --> Array to string conversion
#0 C:\Users\BTS SIO\Documents\BTS SIO\Projet\ppe_chopesgames\app\Views\AdministrateurEmploye\commande_non_traite.php(18): CodeIgniter\Debug\Exceptions->errorHandler(8, 'Array to string...', 'C:\\Users\\BTS SI...', 18, Array)
#1 C:\Users\BTS SIO\Documents\BTS SIO\Projet\ppe_chopesgames\system\View\View.php(214): include('C:\\Users\\BTS SI...')
#2 C:\Users\BTS SIO\Documents\BTS SIO\Projet\ppe_chopesgames\system\View\View.php(217): CodeIgniter\View\View->CodeIgniter\View\{closure}()
#3 C:\Users\BTS SIO\Documents\BTS SIO\Projet\ppe_chopesgames\system\Common.php(1097): CodeIgniter\View\View->render('AdministrateurE...', Array, true)
#4 C:\Users\BTS SIO\Documents\BTS SIO\Projet\ppe_chopesgames\app\Controllers\AdministrateurEmploye.php(28): view('AdministrateurE...')
#5 C:\Users\BTS SIO\Documents\BTS SIO\Projet\ppe_chopesgames\system\CodeIgniter.php(824): App\Controllers\AdministrateurEmploye->commande_non_traite()
#6 C:\Users\BTS SIO\Documents\BTS SIO\Projet\ppe_chopesgames\system\CodeIgniter.php(410): CodeIgniter\CodeIgniter->runController(Object(App\Controllers\AdministrateurEmploye))
#7 C:\Users\BTS SIO\Documents\BTS SIO\Projet\ppe_chopesgames\system\CodeIgniter.php(318): CodeIgniter\CodeIgniter->handleRequest(NULL, Object(Config\Cache), false)
#8 C:\Users\BTS SIO\Documents\BTS SIO\Projet\ppe_chopesgames\public\index.php(37): CodeIgniter\CodeIgniter->run()
#9 C:\Users\BTS SIO\Documents\BTS SIO\Projet\ppe_chopesgames\system\Commands\Server\rewrite.php(43): require_once('C:\\Users\\BTS SI...')
#10 {main}
CRITICAL - 2022-01-26 07:15:38 --> Array to string conversion
#0 C:\Users\BTS SIO\Documents\BTS SIO\Projet\ppe_chopesgames\app\Views\AdministrateurEmploye\commande_non_traite.php(18): CodeIgniter\Debug\Exceptions->errorHandler(8, 'Array to string...', 'C:\\Users\\BTS SI...', 18, Array)
#1 C:\Users\BTS SIO\Documents\BTS SIO\Projet\ppe_chopesgames\system\View\View.php(214): include('C:\\Users\\BTS SI...')
#2 C:\Users\BTS SIO\Documents\BTS SIO\Projet\ppe_chopesgames\system\View\View.php(217): CodeIgniter\View\View->CodeIgniter\View\{closure}()
#3 C:\Users\BTS SIO\Documents\BTS SIO\Projet\ppe_chopesgames\system\Common.php(1097): CodeIgniter\View\View->render('AdministrateurE...', Array, true)
#4 C:\Users\BTS SIO\Documents\BTS SIO\Projet\ppe_chopesgames\app\Controllers\AdministrateurEmploye.php(28): view('AdministrateurE...')
#5 C:\Users\BTS SIO\Documents\BTS SIO\Projet\ppe_chopesgames\system\CodeIgniter.php(824): App\Controllers\AdministrateurEmploye->commande_non_traite()
#6 C:\Users\BTS SIO\Documents\BTS SIO\Projet\ppe_chopesgames\system\CodeIgniter.php(410): CodeIgniter\CodeIgniter->runController(Object(App\Controllers\AdministrateurEmploye))
#7 C:\Users\BTS SIO\Documents\BTS SIO\Projet\ppe_chopesgames\system\CodeIgniter.php(318): CodeIgniter\CodeIgniter->handleRequest(NULL, Object(Config\Cache), false)
#8 C:\Users\BTS SIO\Documents\BTS SIO\Projet\ppe_chopesgames\public\index.php(37): CodeIgniter\CodeIgniter->run()
#9 C:\Users\BTS SIO\Documents\BTS SIO\Projet\ppe_chopesgames\system\Commands\Server\rewrite.php(43): require_once('C:\\Users\\BTS SI...')
#10 {main}
CRITICAL - 2022-01-26 07:21:58 --> Array to string conversion
#0 C:\Users\BTS SIO\Documents\BTS SIO\Projet\ppe_chopesgames\app\Views\AdministrateurEmploye\commande_non_traite.php(19): CodeIgniter\Debug\Exceptions->errorHandler(8, 'Array to string...', 'C:\\Users\\BTS SI...', 19, Array)
#1 C:\Users\BTS SIO\Documents\BTS SIO\Projet\ppe_chopesgames\system\View\View.php(214): include('C:\\Users\\BTS SI...')
#2 C:\Users\BTS SIO\Documents\BTS SIO\Projet\ppe_chopesgames\system\View\View.php(217): CodeIgniter\View\View->CodeIgniter\View\{closure}()
#3 C:\Users\BTS SIO\Documents\BTS SIO\Projet\ppe_chopesgames\system\Common.php(1097): CodeIgniter\View\View->render('AdministrateurE...', Array, true)
#4 C:\Users\BTS SIO\Documents\BTS SIO\Projet\ppe_chopesgames\app\Controllers\AdministrateurEmploye.php(28): view('AdministrateurE...')
#5 C:\Users\BTS SIO\Documents\BTS SIO\Projet\ppe_chopesgames\system\CodeIgniter.php(824): App\Controllers\AdministrateurEmploye->commande_non_traite()
#6 C:\Users\BTS SIO\Documents\BTS SIO\Projet\ppe_chopesgames\system\CodeIgniter.php(410): CodeIgniter\CodeIgniter->runController(Object(App\Controllers\AdministrateurEmploye))
#7 C:\Users\BTS SIO\Documents\BTS SIO\Projet\ppe_chopesgames\system\CodeIgniter.php(318): CodeIgniter\CodeIgniter->handleRequest(NULL, Object(Config\Cache), false)
#8 C:\Users\BTS SIO\Documents\BTS SIO\Projet\ppe_chopesgames\public\index.php(37): CodeIgniter\CodeIgniter->run()
#9 C:\Users\BTS SIO\Documents\BTS SIO\Projet\ppe_chopesgames\system\Commands\Server\rewrite.php(43): require_once('C:\\Users\\BTS SI...')
#10 {main}
CRITICAL - 2022-01-26 07:22:23 --> Array to string conversion
#0 C:\Users\BTS SIO\Documents\BTS SIO\Projet\ppe_chopesgames\app\Views\AdministrateurEmploye\commande_non_traite.php(19): CodeIgniter\Debug\Exceptions->errorHandler(8, 'Array to string...', 'C:\\Users\\BTS SI...', 19, Array)
#1 C:\Users\BTS SIO\Documents\BTS SIO\Projet\ppe_chopesgames\system\View\View.php(214): include('C:\\Users\\BTS SI...')
#2 C:\Users\BTS SIO\Documents\BTS SIO\Projet\ppe_chopesgames\system\View\View.php(217): CodeIgniter\View\View->CodeIgniter\View\{closure}()
#3 C:\Users\BTS SIO\Documents\BTS SIO\Projet\ppe_chopesgames\system\Common.php(1097): CodeIgniter\View\View->render('AdministrateurE...', Array, true)
#4 C:\Users\BTS SIO\Documents\BTS SIO\Projet\ppe_chopesgames\app\Controllers\AdministrateurEmploye.php(28): view('AdministrateurE...')
#5 C:\Users\BTS SIO\Documents\BTS SIO\Projet\ppe_chopesgames\system\CodeIgniter.php(824): App\Controllers\AdministrateurEmploye->commande_non_traite()
#6 C:\Users\BTS SIO\Documents\BTS SIO\Projet\ppe_chopesgames\system\CodeIgniter.php(410): CodeIgniter\CodeIgniter->runController(Object(App\Controllers\AdministrateurEmploye))
#7 C:\Users\BTS SIO\Documents\BTS SIO\Projet\ppe_chopesgames\system\CodeIgniter.php(318): CodeIgniter\CodeIgniter->handleRequest(NULL, Object(Config\Cache), false)
#8 C:\Users\BTS SIO\Documents\BTS SIO\Projet\ppe_chopesgames\public\index.php(37): CodeIgniter\CodeIgniter->run()
#9 C:\Users\BTS SIO\Documents\BTS SIO\Projet\ppe_chopesgames\system\Commands\Server\rewrite.php(43): require_once('C:\\Users\\BTS SI...')
#10 {main}
CRITICAL - 2022-01-26 08:22:18 --> Call to undefined function form_open()
#0 C:\Users\BTS SIO\Documents\BTS SIO\Projet\ppe_chopesgames\system\View\View.php(214): include()
#1 C:\Users\BTS SIO\Documents\BTS SIO\Projet\ppe_chopesgames\system\View\View.php(217): CodeIgniter\View\View->CodeIgniter\View\{closure}()
#2 C:\Users\BTS SIO\Documents\BTS SIO\Projet\ppe_chopesgames\system\Common.php(1097): CodeIgniter\View\View->render('AdministrateurE...', Array, true)
#3 C:\Users\BTS SIO\Documents\BTS SIO\Projet\ppe_chopesgames\app\Controllers\AdministrateurEmploye.php(87): view('AdministrateurE...')
#4 C:\Users\BTS SIO\Documents\BTS SIO\Projet\ppe_chopesgames\system\CodeIgniter.php(824): App\Controllers\AdministrateurEmploye->details_commande_non_traitee('77')
#5 C:\Users\BTS SIO\Documents\BTS SIO\Projet\ppe_chopesgames\system\CodeIgniter.php(410): CodeIgniter\CodeIgniter->runController(Object(App\Controllers\AdministrateurEmploye))
#6 C:\Users\BTS SIO\Documents\BTS SIO\Projet\ppe_chopesgames\system\CodeIgniter.php(318): CodeIgniter\CodeIgniter->handleRequest(NULL, Object(Config\Cache), false)
#7 C:\Users\BTS SIO\Documents\BTS SIO\Projet\ppe_chopesgames\public\index.php(37): CodeIgniter\CodeIgniter->run()
#8 C:\Users\BTS SIO\Documents\BTS SIO\Projet\ppe_chopesgames\system\Commands\Server\rewrite.php(43): require_once('C:\\Users\\BTS SI...')
#9 {main}
CRITICAL - 2022-01-26 08:23:04 --> Call to undefined function form_open()
#0 C:\Users\BTS SIO\Documents\BTS SIO\Projet\ppe_chopesgames\system\View\View.php(214): include()
#1 C:\Users\BTS SIO\Documents\BTS SIO\Projet\ppe_chopesgames\system\View\View.php(217): CodeIgniter\View\View->CodeIgniter\View\{closure}()
#2 C:\Users\BTS SIO\Documents\BTS SIO\Projet\ppe_chopesgames\system\Common.php(1097): CodeIgniter\View\View->render('AdministrateurE...', Array, true)
#3 C:\Users\BTS SIO\Documents\BTS SIO\Projet\ppe_chopesgames\app\Controllers\AdministrateurEmploye.php(87): view('AdministrateurE...')
#4 C:\Users\BTS SIO\Documents\BTS SIO\Projet\ppe_chopesgames\system\CodeIgniter.php(824): App\Controllers\AdministrateurEmploye->details_commande_non_traitee('77')
#5 C:\Users\BTS SIO\Documents\BTS SIO\Projet\ppe_chopesgames\system\CodeIgniter.php(410): CodeIgniter\CodeIgniter->runController(Object(App\Controllers\AdministrateurEmploye))
#6 C:\Users\BTS SIO\Documents\BTS SIO\Projet\ppe_chopesgames\system\CodeIgniter.php(318): CodeIgniter\CodeIgniter->handleRequest(NULL, Object(Config\Cache), false)
#7 C:\Users\BTS SIO\Documents\BTS SIO\Projet\ppe_chopesgames\public\index.php(37): CodeIgniter\CodeIgniter->run()
#8 C:\Users\BTS SIO\Documents\BTS SIO\Projet\ppe_chopesgames\system\Commands\Server\rewrite.php(43): require_once('C:\\Users\\BTS SI...')
#9 {main}
CRITICAL - 2022-01-26 08:23:21 --> Call to undefined function form_open()
#0 C:\Users\BTS SIO\Documents\BTS SIO\Projet\ppe_chopesgames\system\View\View.php(214): include()
#1 C:\Users\BTS SIO\Documents\BTS SIO\Projet\ppe_chopesgames\system\View\View.php(217): CodeIgniter\View\View->CodeIgniter\View\{closure}()
#2 C:\Users\BTS SIO\Documents\BTS SIO\Projet\ppe_chopesgames\system\Common.php(1097): CodeIgniter\View\View->render('AdministrateurE...', Array, true)
#3 C:\Users\BTS SIO\Documents\BTS SIO\Projet\ppe_chopesgames\app\Controllers\AdministrateurEmploye.php(87): view('AdministrateurE...')
#4 C:\Users\BTS SIO\Documents\BTS SIO\Projet\ppe_chopesgames\system\CodeIgniter.php(824): App\Controllers\AdministrateurEmploye->details_commande_non_traitee('77')
#5 C:\Users\BTS SIO\Documents\BTS SIO\Projet\ppe_chopesgames\system\CodeIgniter.php(410): CodeIgniter\CodeIgniter->runController(Object(App\Controllers\AdministrateurEmploye))
#6 C:\Users\BTS SIO\Documents\BTS SIO\Projet\ppe_chopesgames\system\CodeIgniter.php(318): CodeIgniter\CodeIgniter->handleRequest(NULL, Object(Config\Cache), false)
#7 C:\Users\BTS SIO\Documents\BTS SIO\Projet\ppe_chopesgames\public\index.php(37): CodeIgniter\CodeIgniter->run()
#8 C:\Users\BTS SIO\Documents\BTS SIO\Projet\ppe_chopesgames\system\Commands\Server\rewrite.php(43): require_once('C:\\Users\\BTS SI...')
#9 {main}
CRITICAL - 2022-01-26 08:23:37 --> Call to undefined function form_open()
#0 C:\Users\BTS SIO\Documents\BTS SIO\Projet\ppe_chopesgames\system\View\View.php(214): include()
#1 C:\Users\BTS SIO\Documents\BTS SIO\Projet\ppe_chopesgames\system\View\View.php(217): CodeIgniter\View\View->CodeIgniter\View\{closure}()
#2 C:\Users\BTS SIO\Documents\BTS SIO\Projet\ppe_chopesgames\system\Common.php(1097): CodeIgniter\View\View->render('AdministrateurE...', Array, true)
#3 C:\Users\BTS SIO\Documents\BTS SIO\Projet\ppe_chopesgames\app\Controllers\AdministrateurEmploye.php(87): view('AdministrateurE...')
#4 C:\Users\BTS SIO\Documents\BTS SIO\Projet\ppe_chopesgames\system\CodeIgniter.php(824): App\Controllers\AdministrateurEmploye->details_commande_non_traitee('77')
#5 C:\Users\BTS SIO\Documents\BTS SIO\Projet\ppe_chopesgames\system\CodeIgniter.php(410): CodeIgniter\CodeIgniter->runController(Object(App\Controllers\AdministrateurEmploye))
#6 C:\Users\BTS SIO\Documents\BTS SIO\Projet\ppe_chopesgames\system\CodeIgniter.php(318): CodeIgniter\CodeIgniter->handleRequest(NULL, Object(Config\Cache), false)
#7 C:\Users\BTS SIO\Documents\BTS SIO\Projet\ppe_chopesgames\public\index.php(37): CodeIgniter\CodeIgniter->run()
#8 C:\Users\BTS SIO\Documents\BTS SIO\Projet\ppe_chopesgames\system\Commands\Server\rewrite.php(43): require_once('C:\\Users\\BTS SI...')
#9 {main}
CRITICAL - 2022-01-26 08:26:35 --> Call to undefined function form_open()
#0 C:\Users\BTS SIO\Documents\BTS SIO\Projet\ppe_chopesgames\system\View\View.php(214): include()
#1 C:\Users\BTS SIO\Documents\BTS SIO\Projet\ppe_chopesgames\system\View\View.php(217): CodeIgniter\View\View->CodeIgniter\View\{closure}()
#2 C:\Users\BTS SIO\Documents\BTS SIO\Projet\ppe_chopesgames\system\Common.php(1097): CodeIgniter\View\View->render('AdministrateurE...', Array, true)
#3 C:\Users\BTS SIO\Documents\BTS SIO\Projet\ppe_chopesgames\app\Controllers\AdministrateurEmploye.php(87): view('AdministrateurE...')
#4 C:\Users\BTS SIO\Documents\BTS SIO\Projet\ppe_chopesgames\system\CodeIgniter.php(824): App\Controllers\AdministrateurEmploye->details_commande_non_traitee('77')
#5 C:\Users\BTS SIO\Documents\BTS SIO\Projet\ppe_chopesgames\system\CodeIgniter.php(410): CodeIgniter\CodeIgniter->runController(Object(App\Controllers\AdministrateurEmploye))
#6 C:\Users\BTS SIO\Documents\BTS SIO\Projet\ppe_chopesgames\system\CodeIgniter.php(318): CodeIgniter\CodeIgniter->handleRequest(NULL, Object(Config\Cache), false)
#7 C:\Users\BTS SIO\Documents\BTS SIO\Projet\ppe_chopesgames\public\index.php(37): CodeIgniter\CodeIgniter->run()
#8 C:\Users\BTS SIO\Documents\BTS SIO\Projet\ppe_chopesgames\system\Commands\Server\rewrite.php(43): require_once('C:\\Users\\BTS SI...')
#9 {main}
CRITICAL - 2022-01-26 08:26:50 --> Call to undefined function form_open()
#0 C:\Users\BTS SIO\Documents\BTS SIO\Projet\ppe_chopesgames\system\View\View.php(214): include()
#1 C:\Users\BTS SIO\Documents\BTS SIO\Projet\ppe_chopesgames\system\View\View.php(217): CodeIgniter\View\View->CodeIgniter\View\{closure}()
#2 C:\Users\BTS SIO\Documents\BTS SIO\Projet\ppe_chopesgames\system\Common.php(1097): CodeIgniter\View\View->render('AdministrateurE...', Array, true)
#3 C:\Users\BTS SIO\Documents\BTS SIO\Projet\ppe_chopesgames\app\Controllers\AdministrateurEmploye.php(87): view('AdministrateurE...')
#4 C:\Users\BTS SIO\Documents\BTS SIO\Projet\ppe_chopesgames\system\CodeIgniter.php(824): App\Controllers\AdministrateurEmploye->details_commande_non_traitee('77')
#5 C:\Users\BTS SIO\Documents\BTS SIO\Projet\ppe_chopesgames\system\CodeIgniter.php(410): CodeIgniter\CodeIgniter->runController(Object(App\Controllers\AdministrateurEmploye))
#6 C:\Users\BTS SIO\Documents\BTS SIO\Projet\ppe_chopesgames\system\CodeIgniter.php(318): CodeIgniter\CodeIgniter->handleRequest(NULL, Object(Config\Cache), false)
#7 C:\Users\BTS SIO\Documents\BTS SIO\Projet\ppe_chopesgames\public\index.php(37): CodeIgniter\CodeIgniter->run()
#8 C:\Users\BTS SIO\Documents\BTS SIO\Projet\ppe_chopesgames\system\Commands\Server\rewrite.php(43): require_once('C:\\Users\\BTS SI...')
#9 {main}
CRITICAL - 2022-01-26 08:27:21 --> Call to undefined function form_open()
#0 C:\Users\BTS SIO\Documents\BTS SIO\Projet\ppe_chopesgames\system\View\View.php(214): include()
#1 C:\Users\BTS SIO\Documents\BTS SIO\Projet\ppe_chopesgames\system\View\View.php(217): CodeIgniter\View\View->CodeIgniter\View\{closure}()
#2 C:\Users\BTS SIO\Documents\BTS SIO\Projet\ppe_chopesgames\system\Common.php(1097): CodeIgniter\View\View->render('AdministrateurE...', Array, true)
#3 C:\Users\BTS SIO\Documents\BTS SIO\Projet\ppe_chopesgames\app\Controllers\AdministrateurEmploye.php(87): view('AdministrateurE...')
#4 C:\Users\BTS SIO\Documents\BTS SIO\Projet\ppe_chopesgames\system\CodeIgniter.php(824): App\Controllers\AdministrateurEmploye->details_commande_non_traitee('77')
#5 C:\Users\BTS SIO\Documents\BTS SIO\Projet\ppe_chopesgames\system\CodeIgniter.php(410): CodeIgniter\CodeIgniter->runController(Object(App\Controllers\AdministrateurEmploye))
#6 C:\Users\BTS SIO\Documents\BTS SIO\Projet\ppe_chopesgames\system\CodeIgniter.php(318): CodeIgniter\CodeIgniter->handleRequest(NULL, Object(Config\Cache), false)
#7 C:\Users\BTS SIO\Documents\BTS SIO\Projet\ppe_chopesgames\public\index.php(37): CodeIgniter\CodeIgniter->run()
#8 C:\Users\BTS SIO\Documents\BTS SIO\Projet\ppe_chopesgames\system\Commands\Server\rewrite.php(43): require_once('C:\\Users\\BTS SI...')
#9 {main}
CRITICAL - 2022-01-26 08:27:27 --> Call to undefined function form_open()
#0 C:\Users\BTS SIO\Documents\BTS SIO\Projet\ppe_chopesgames\system\View\View.php(214): include()
#1 C:\Users\BTS SIO\Documents\BTS SIO\Projet\ppe_chopesgames\system\View\View.php(217): CodeIgniter\View\View->CodeIgniter\View\{closure}()
#2 C:\Users\BTS SIO\Documents\BTS SIO\Projet\ppe_chopesgames\system\Common.php(1097): CodeIgniter\View\View->render('AdministrateurE...', Array, true)
#3 C:\Users\BTS SIO\Documents\BTS SIO\Projet\ppe_chopesgames\app\Controllers\AdministrateurEmploye.php(87): view('AdministrateurE...')
#4 C:\Users\BTS SIO\Documents\BTS SIO\Projet\ppe_chopesgames\system\CodeIgniter.php(824): App\Controllers\AdministrateurEmploye->details_commande_non_traitee('77')
#5 C:\Users\BTS SIO\Documents\BTS SIO\Projet\ppe_chopesgames\system\CodeIgniter.php(410): CodeIgniter\CodeIgniter->runController(Object(App\Controllers\AdministrateurEmploye))
#6 C:\Users\BTS SIO\Documents\BTS SIO\Projet\ppe_chopesgames\system\CodeIgniter.php(318): CodeIgniter\CodeIgniter->handleRequest(NULL, Object(Config\Cache), false)
#7 C:\Users\BTS SIO\Documents\BTS SIO\Projet\ppe_chopesgames\public\index.php(37): CodeIgniter\CodeIgniter->run()
#8 C:\Users\BTS SIO\Documents\BTS SIO\Projet\ppe_chopesgames\system\Commands\Server\rewrite.php(43): require_once('C:\\Users\\BTS SI...')
#9 {main}
CRITICAL - 2022-01-26 08:29:05 --> Call to undefined function form_open()
#0 C:\Users\BTS SIO\Documents\BTS SIO\Projet\ppe_chopesgames\system\View\View.php(214): include()
#1 C:\Users\BTS SIO\Documents\BTS SIO\Projet\ppe_chopesgames\system\View\View.php(217): CodeIgniter\View\View->CodeIgniter\View\{closure}()
#2 C:\Users\BTS SIO\Documents\BTS SIO\Projet\ppe_chopesgames\system\Common.php(1097): CodeIgniter\View\View->render('AdministrateurE...', Array, true)
#3 C:\Users\BTS SIO\Documents\BTS SIO\Projet\ppe_chopesgames\app\Controllers\AdministrateurEmploye.php(87): view('AdministrateurE...')
#4 C:\Users\BTS SIO\Documents\BTS SIO\Projet\ppe_chopesgames\system\CodeIgniter.php(824): App\Controllers\AdministrateurEmploye->details_commande_non_traitee('77')
#5 C:\Users\BTS SIO\Documents\BTS SIO\Projet\ppe_chopesgames\system\CodeIgniter.php(410): CodeIgniter\CodeIgniter->runController(Object(App\Controllers\AdministrateurEmploye))
#6 C:\Users\BTS SIO\Documents\BTS SIO\Projet\ppe_chopesgames\system\CodeIgniter.php(318): CodeIgniter\CodeIgniter->handleRequest(NULL, Object(Config\Cache), false)
#7 C:\Users\BTS SIO\Documents\BTS SIO\Projet\ppe_chopesgames\public\index.php(37): CodeIgniter\CodeIgniter->run()
#8 C:\Users\BTS SIO\Documents\BTS SIO\Projet\ppe_chopesgames\system\Commands\Server\rewrite.php(43): require_once('C:\\Users\\BTS SI...')
#9 {main}
CRITICAL - 2022-01-26 08:30:26 --> Call to undefined function form_open()
#0 C:\Users\BTS SIO\Documents\BTS SIO\Projet\ppe_chopesgames\system\View\View.php(214): include()
#1 C:\Users\BTS SIO\Documents\BTS SIO\Projet\ppe_chopesgames\system\View\View.php(217): CodeIgniter\View\View->CodeIgniter\View\{closure}()
#2 C:\Users\BTS SIO\Documents\BTS SIO\Projet\ppe_chopesgames\system\Common.php(1097): CodeIgniter\View\View->render('AdministrateurE...', Array, true)
#3 C:\Users\BTS SIO\Documents\BTS SIO\Projet\ppe_chopesgames\app\Controllers\AdministrateurEmploye.php(87): view('AdministrateurE...')
#4 C:\Users\BTS SIO\Documents\BTS SIO\Projet\ppe_chopesgames\system\CodeIgniter.php(824): App\Controllers\AdministrateurEmploye->details_commande_non_traitee('77')
#5 C:\Users\BTS SIO\Documents\BTS SIO\Projet\ppe_chopesgames\system\CodeIgniter.php(410): CodeIgniter\CodeIgniter->runController(Object(App\Controllers\AdministrateurEmploye))
#6 C:\Users\BTS SIO\Documents\BTS SIO\Projet\ppe_chopesgames\system\CodeIgniter.php(318): CodeIgniter\CodeIgniter->handleRequest(NULL, Object(Config\Cache), false)
#7 C:\Users\BTS SIO\Documents\BTS SIO\Projet\ppe_chopesgames\public\index.php(37): CodeIgniter\CodeIgniter->run()
#8 C:\Users\BTS SIO\Documents\BTS SIO\Projet\ppe_chopesgames\system\Commands\Server\rewrite.php(43): require_once('C:\\Users\\BTS SI...')
#9 {main}
CRITICAL - 2022-01-26 08:30:31 --> Call to undefined function form_open()
#0 C:\Users\BTS SIO\Documents\BTS SIO\Projet\ppe_chopesgames\system\View\View.php(214): include()
#1 C:\Users\BTS SIO\Documents\BTS SIO\Projet\ppe_chopesgames\system\View\View.php(217): CodeIgniter\View\View->CodeIgniter\View\{closure}()
#2 C:\Users\BTS SIO\Documents\BTS SIO\Projet\ppe_chopesgames\system\Common.php(1097): CodeIgniter\View\View->render('AdministrateurE...', Array, true)
#3 C:\Users\BTS SIO\Documents\BTS SIO\Projet\ppe_chopesgames\app\Controllers\AdministrateurEmploye.php(87): view('AdministrateurE...')
#4 C:\Users\BTS SIO\Documents\BTS SIO\Projet\ppe_chopesgames\system\CodeIgniter.php(824): App\Controllers\AdministrateurEmploye->details_commande_non_traitee('77')
#5 C:\Users\BTS SIO\Documents\BTS SIO\Projet\ppe_chopesgames\system\CodeIgniter.php(410): CodeIgniter\CodeIgniter->runController(Object(App\Controllers\AdministrateurEmploye))
#6 C:\Users\BTS SIO\Documents\BTS SIO\Projet\ppe_chopesgames\system\CodeIgniter.php(318): CodeIgniter\CodeIgniter->handleRequest(NULL, Object(Config\Cache), false)
#7 C:\Users\BTS SIO\Documents\BTS SIO\Projet\ppe_chopesgames\public\index.php(37): CodeIgniter\CodeIgniter->run()
#8 C:\Users\BTS SIO\Documents\BTS SIO\Projet\ppe_chopesgames\system\Commands\Server\rewrite.php(43): require_once('C:\\Users\\BTS SI...')
#9 {main}
CRITICAL - 2022-01-26 08:31:26 --> Call to undefined function form_open()
#0 C:\Users\BTS SIO\Documents\BTS SIO\Projet\ppe_chopesgames\system\View\View.php(214): include()
#1 C:\Users\BTS SIO\Documents\BTS SIO\Projet\ppe_chopesgames\system\View\View.php(217): CodeIgniter\View\View->CodeIgniter\View\{closure}()
#2 C:\Users\BTS SIO\Documents\BTS SIO\Projet\ppe_chopesgames\system\Common.php(1097): CodeIgniter\View\View->render('AdministrateurE...', Array, true)
#3 C:\Users\BTS SIO\Documents\BTS SIO\Projet\ppe_chopesgames\app\Controllers\AdministrateurEmploye.php(87): view('AdministrateurE...')
#4 C:\Users\BTS SIO\Documents\BTS SIO\Projet\ppe_chopesgames\system\CodeIgniter.php(824): App\Controllers\AdministrateurEmploye->details_commande_non_traitee('77')
#5 C:\Users\BTS SIO\Documents\BTS SIO\Projet\ppe_chopesgames\system\CodeIgniter.php(410): CodeIgniter\CodeIgniter->runController(Object(App\Controllers\AdministrateurEmploye))
#6 C:\Users\BTS SIO\Documents\BTS SIO\Projet\ppe_chopesgames\system\CodeIgniter.php(318): CodeIgniter\CodeIgniter->handleRequest(NULL, Object(Config\Cache), false)
#7 C:\Users\BTS SIO\Documents\BTS SIO\Projet\ppe_chopesgames\public\index.php(37): CodeIgniter\CodeIgniter->run()
#8 C:\Users\BTS SIO\Documents\BTS SIO\Projet\ppe_chopesgames\system\Commands\Server\rewrite.php(43): require_once('C:\\Users\\BTS SI...')
#9 {main}
CRITICAL - 2022-01-26 08:35:23 --> Call to undefined function form_open()
#0 C:\Users\BTS SIO\Documents\BTS SIO\Projet\ppe_chopesgames\system\View\View.php(214): include()
#1 C:\Users\BTS SIO\Documents\BTS SIO\Projet\ppe_chopesgames\system\View\View.php(217): CodeIgniter\View\View->CodeIgniter\View\{closure}()
#2 C:\Users\BTS SIO\Documents\BTS SIO\Projet\ppe_chopesgames\system\Common.php(1097): CodeIgniter\View\View->render('AdministrateurE...', Array, true)
#3 C:\Users\BTS SIO\Documents\BTS SIO\Projet\ppe_chopesgames\app\Controllers\AdministrateurEmploye.php(87): view('AdministrateurE...')
#4 C:\Users\BTS SIO\Documents\BTS SIO\Projet\ppe_chopesgames\system\CodeIgniter.php(824): App\Controllers\AdministrateurEmploye->details_commande_non_traitee('77')
#5 C:\Users\BTS SIO\Documents\BTS SIO\Projet\ppe_chopesgames\system\CodeIgniter.php(410): CodeIgniter\CodeIgniter->runController(Object(App\Controllers\AdministrateurEmploye))
#6 C:\Users\BTS SIO\Documents\BTS SIO\Projet\ppe_chopesgames\system\CodeIgniter.php(318): CodeIgniter\CodeIgniter->handleRequest(NULL, Object(Config\Cache), false)
#7 C:\Users\BTS SIO\Documents\BTS SIO\Projet\ppe_chopesgames\public\index.php(37): CodeIgniter\CodeIgniter->run()
#8 C:\Users\BTS SIO\Documents\BTS SIO\Projet\ppe_chopesgames\system\Commands\Server\rewrite.php(43): require_once('C:\\Users\\BTS SI...')
#9 {main}
CRITICAL - 2022-01-26 08:39:08 --> Call to undefined function form_open()
#0 C:\Users\BTS SIO\Documents\BTS SIO\Projet\ppe_chopesgames\system\View\View.php(214): include()
#1 C:\Users\BTS SIO\Documents\BTS SIO\Projet\ppe_chopesgames\system\View\View.php(217): CodeIgniter\View\View->CodeIgniter\View\{closure}()
#2 C:\Users\BTS SIO\Documents\BTS SIO\Projet\ppe_chopesgames\system\Common.php(1097): CodeIgniter\View\View->render('AdministrateurE...', Array, true)
#3 C:\Users\BTS SIO\Documents\BTS SIO\Projet\ppe_chopesgames\app\Controllers\AdministrateurEmploye.php(87): view('AdministrateurE...')
#4 C:\Users\BTS SIO\Documents\BTS SIO\Projet\ppe_chopesgames\system\CodeIgniter.php(824): App\Controllers\AdministrateurEmploye->details_commande_non_traitee('77')
#5 C:\Users\BTS SIO\Documents\BTS SIO\Projet\ppe_chopesgames\system\CodeIgniter.php(410): CodeIgniter\CodeIgniter->runController(Object(App\Controllers\AdministrateurEmploye))
#6 C:\Users\BTS SIO\Documents\BTS SIO\Projet\ppe_chopesgames\system\CodeIgniter.php(318): CodeIgniter\CodeIgniter->handleRequest(NULL, Object(Config\Cache), false)
#7 C:\Users\BTS SIO\Documents\BTS SIO\Projet\ppe_chopesgames\public\index.php(37): CodeIgniter\CodeIgniter->run()
#8 C:\Users\BTS SIO\Documents\BTS SIO\Projet\ppe_chopesgames\system\Commands\Server\rewrite.php(43): require_once('C:\\Users\\BTS SI...')
#9 {main}
CRITICAL - 2022-01-26 08:43:56 --> Call to undefined function form_open()
#0 C:\Users\BTS SIO\Documents\BTS SIO\Projet\ppe_chopesgames\system\View\View.php(214): include()
#1 C:\Users\BTS SIO\Documents\BTS SIO\Projet\ppe_chopesgames\system\View\View.php(217): CodeIgniter\View\View->CodeIgniter\View\{closure}()
#2 C:\Users\BTS SIO\Documents\BTS SIO\Projet\ppe_chopesgames\system\Common.php(1097): CodeIgniter\View\View->render('AdministrateurE...', Array, true)
#3 C:\Users\BTS SIO\Documents\BTS SIO\Projet\ppe_chopesgames\app\Controllers\AdministrateurEmploye.php(87): view('AdministrateurE...')
#4 C:\Users\BTS SIO\Documents\BTS SIO\Projet\ppe_chopesgames\system\CodeIgniter.php(824): App\Controllers\AdministrateurEmploye->details_commande_non_traitee('77')
#5 C:\Users\BTS SIO\Documents\BTS SIO\Projet\ppe_chopesgames\system\CodeIgniter.php(410): CodeIgniter\CodeIgniter->runController(Object(App\Controllers\AdministrateurEmploye))
#6 C:\Users\BTS SIO\Documents\BTS SIO\Projet\ppe_chopesgames\system\CodeIgniter.php(318): CodeIgniter\CodeIgniter->handleRequest(NULL, Object(Config\Cache), false)
#7 C:\Users\BTS SIO\Documents\BTS SIO\Projet\ppe_chopesgames\public\index.php(37): CodeIgniter\CodeIgniter->run()
#8 C:\Users\BTS SIO\Documents\BTS SIO\Projet\ppe_chopesgames\system\Commands\Server\rewrite.php(43): require_once('C:\\Users\\BTS SI...')
#9 {main}
CRITICAL - 2022-01-26 08:44:25 --> Call to undefined function form_open()
#0 C:\Users\BTS SIO\Documents\BTS SIO\Projet\ppe_chopesgames\system\View\View.php(214): include()
#1 C:\Users\BTS SIO\Documents\BTS SIO\Projet\ppe_chopesgames\system\View\View.php(217): CodeIgniter\View\View->CodeIgniter\View\{closure}()
#2 C:\Users\BTS SIO\Documents\BTS SIO\Projet\ppe_chopesgames\system\Common.php(1097): CodeIgniter\View\View->render('AdministrateurE...', Array, true)
#3 C:\Users\BTS SIO\Documents\BTS SIO\Projet\ppe_chopesgames\app\Controllers\AdministrateurEmploye.php(87): view('AdministrateurE...')
#4 C:\Users\BTS SIO\Documents\BTS SIO\Projet\ppe_chopesgames\system\CodeIgniter.php(824): App\Controllers\AdministrateurEmploye->details_commande_non_traitee('77')
#5 C:\Users\BTS SIO\Documents\BTS SIO\Projet\ppe_chopesgames\system\CodeIgniter.php(410): CodeIgniter\CodeIgniter->runController(Object(App\Controllers\AdministrateurEmploye))
#6 C:\Users\BTS SIO\Documents\BTS SIO\Projet\ppe_chopesgames\system\CodeIgniter.php(318): CodeIgniter\CodeIgniter->handleRequest(NULL, Object(Config\Cache), false)
#7 C:\Users\BTS SIO\Documents\BTS SIO\Projet\ppe_chopesgames\public\index.php(37): CodeIgniter\CodeIgniter->run()
#8 C:\Users\BTS SIO\Documents\BTS SIO\Projet\ppe_chopesgames\system\Commands\Server\rewrite.php(43): require_once('C:\\Users\\BTS SI...')
#9 {main}
CRITICAL - 2022-01-26 08:47:04 --> Call to undefined function form_open()
#0 C:\Users\BTS SIO\Documents\BTS SIO\Projet\ppe_chopesgames\system\View\View.php(214): include()
#1 C:\Users\BTS SIO\Documents\BTS SIO\Projet\ppe_chopesgames\system\View\View.php(217): CodeIgniter\View\View->CodeIgniter\View\{closure}()
#2 C:\Users\BTS SIO\Documents\BTS SIO\Projet\ppe_chopesgames\system\Common.php(1097): CodeIgniter\View\View->render('AdministrateurE...', Array, true)
#3 C:\Users\BTS SIO\Documents\BTS SIO\Projet\ppe_chopesgames\app\Controllers\AdministrateurEmploye.php(87): view('AdministrateurE...')
#4 C:\Users\BTS SIO\Documents\BTS SIO\Projet\ppe_chopesgames\system\CodeIgniter.php(824): App\Controllers\AdministrateurEmploye->details_commande_non_traitee('77')
#5 C:\Users\BTS SIO\Documents\BTS SIO\Projet\ppe_chopesgames\system\CodeIgniter.php(410): CodeIgniter\CodeIgniter->runController(Object(App\Controllers\AdministrateurEmploye))
#6 C:\Users\BTS SIO\Documents\BTS SIO\Projet\ppe_chopesgames\system\CodeIgniter.php(318): CodeIgniter\CodeIgniter->handleRequest(NULL, Object(Config\Cache), false)
#7 C:\Users\BTS SIO\Documents\BTS SIO\Projet\ppe_chopesgames\public\index.php(37): CodeIgniter\CodeIgniter->run()
#8 C:\Users\BTS SIO\Documents\BTS SIO\Projet\ppe_chopesgames\system\Commands\Server\rewrite.php(43): require_once('C:\\Users\\BTS SI...')
#9 {main}
CRITICAL - 2022-01-26 08:52:21 --> Undefined variable: commande
#0 C:\Users\BTS SIO\Documents\BTS SIO\Projet\ppe_chopesgames\app\Views\AdministrateurEmploye\details_commande_non_traitee.php(7): CodeIgniter\Debug\Exceptions->errorHandler(8, 'Undefined varia...', 'C:\\Users\\BTS SI...', 7, Array)
#1 C:\Users\BTS SIO\Documents\BTS SIO\Projet\ppe_chopesgames\system\View\View.php(214): include('C:\\Users\\BTS SI...')
#2 C:\Users\BTS SIO\Documents\BTS SIO\Projet\ppe_chopesgames\system\View\View.php(217): CodeIgniter\View\View->CodeIgniter\View\{closure}()
#3 C:\Users\BTS SIO\Documents\BTS SIO\Projet\ppe_chopesgames\system\Common.php(1097): CodeIgniter\View\View->render('AdministrateurE...', Array, true)
#4 C:\Users\BTS SIO\Documents\BTS SIO\Projet\ppe_chopesgames\app\Controllers\AdministrateurEmploye.php(104): view('AdministrateurE...')
#5 C:\Users\BTS SIO\Documents\BTS SIO\Projet\ppe_chopesgames\system\CodeIgniter.php(824): App\Controllers\AdministrateurEmploye->commande_traitee()
#6 C:\Users\BTS SIO\Documents\BTS SIO\Projet\ppe_chopesgames\system\CodeIgniter.php(410): CodeIgniter\CodeIgniter->runController(Object(App\Controllers\AdministrateurEmploye))
#7 C:\Users\BTS SIO\Documents\BTS SIO\Projet\ppe_chopesgames\system\CodeIgniter.php(318): CodeIgniter\CodeIgniter->handleRequest(NULL, Object(Config\Cache), false)
#8 C:\Users\BTS SIO\Documents\BTS SIO\Projet\ppe_chopesgames\public\index.php(37): CodeIgniter\CodeIgniter->run()
#9 C:\Users\BTS SIO\Documents\BTS SIO\Projet\ppe_chopesgames\system\Commands\Server\rewrite.php(43): require_once('C:\\Users\\BTS SI...')
#10 {main}
CRITICAL - 2022-01-26 08:56:20 --> Undefined variable: commande
#0 C:\Users\BTS SIO\Documents\BTS SIO\Projet\ppe_chopesgames\app\Views\AdministrateurEmploye\details_commande_non_traitee.php(7): CodeIgniter\Debug\Exceptions->errorHandler(8, 'Undefined varia...', 'C:\\Users\\BTS SI...', 7, Array)
#1 C:\Users\BTS SIO\Documents\BTS SIO\Projet\ppe_chopesgames\system\View\View.php(214): include('C:\\Users\\BTS SI...')
#2 C:\Users\BTS SIO\Documents\BTS SIO\Projet\ppe_chopesgames\system\View\View.php(217): CodeIgniter\View\View->CodeIgniter\View\{closure}()
#3 C:\Users\BTS SIO\Documents\BTS SIO\Projet\ppe_chopesgames\system\Common.php(1097): CodeIgniter\View\View->render('AdministrateurE...', Array, true)
#4 C:\Users\BTS SIO\Documents\BTS SIO\Projet\ppe_chopesgames\app\Controllers\AdministrateurEmploye.php(104): view('AdministrateurE...')
#5 C:\Users\BTS SIO\Documents\BTS SIO\Projet\ppe_chopesgames\system\CodeIgniter.php(824): App\Controllers\AdministrateurEmploye->commande_traitee()
#6 C:\Users\BTS SIO\Documents\BTS SIO\Projet\ppe_chopesgames\system\CodeIgniter.php(410): CodeIgniter\CodeIgniter->runController(Object(App\Controllers\AdministrateurEmploye))
#7 C:\Users\BTS SIO\Documents\BTS SIO\Projet\ppe_chopesgames\system\CodeIgniter.php(318): CodeIgniter\CodeIgniter->handleRequest(NULL, Object(Config\Cache), false)
#8 C:\Users\BTS SIO\Documents\BTS SIO\Projet\ppe_chopesgames\public\index.php(37): CodeIgniter\CodeIgniter->run()
#9 C:\Users\BTS SIO\Documents\BTS SIO\Projet\ppe_chopesgames\system\Commands\Server\rewrite.php(43): require_once('C:\\Users\\BTS SI...')
#10 {main}
CRITICAL - 2022-01-26 08:56:37 --> Undefined index: NOCOMMANDE
#0 C:\Users\BTS SIO\Documents\BTS SIO\Projet\ppe_chopesgames\app\Views\AdministrateurEmploye\details_commande_non_traitee.php(7): CodeIgniter\Debug\Exceptions->errorHandler(8, 'Undefined index...', 'C:\\Users\\BTS SI...', 7, Array)
#1 C:\Users\BTS SIO\Documents\BTS SIO\Projet\ppe_chopesgames\system\View\View.php(214): include('C:\\Users\\BTS SI...')
#2 C:\Users\BTS SIO\Documents\BTS SIO\Projet\ppe_chopesgames\system\View\View.php(217): CodeIgniter\View\View->CodeIgniter\View\{closure}()
#3 C:\Users\BTS SIO\Documents\BTS SIO\Projet\ppe_chopesgames\system\Common.php(1097): CodeIgniter\View\View->render('AdministrateurE...', Array, true)
#4 C:\Users\BTS SIO\Documents\BTS SIO\Projet\ppe_chopesgames\app\Controllers\AdministrateurEmploye.php(104): view('AdministrateurE...')
#5 C:\Users\BTS SIO\Documents\BTS SIO\Projet\ppe_chopesgames\system\CodeIgniter.php(824): App\Controllers\AdministrateurEmploye->commande_traitee()
#6 C:\Users\BTS SIO\Documents\BTS SIO\Projet\ppe_chopesgames\system\CodeIgniter.php(410): CodeIgniter\CodeIgniter->runController(Object(App\Controllers\AdministrateurEmploye))
#7 C:\Users\BTS SIO\Documents\BTS SIO\Projet\ppe_chopesgames\system\CodeIgniter.php(318): CodeIgniter\CodeIgniter->handleRequest(NULL, Object(Config\Cache), false)
#8 C:\Users\BTS SIO\Documents\BTS SIO\Projet\ppe_chopesgames\public\index.php(37): CodeIgniter\CodeIgniter->run()
#9 C:\Users\BTS SIO\Documents\BTS SIO\Projet\ppe_chopesgames\system\Commands\Server\rewrite.php(43): require_once('C:\\Users\\BTS SI...')
#10 {main}
CRITICAL - 2022-01-26 08:56:46 --> Undefined index: NOCOMMANDE
#0 C:\Users\BTS SIO\Documents\BTS SIO\Projet\ppe_chopesgames\app\Views\AdministrateurEmploye\details_commande_non_traitee.php(7): CodeIgniter\Debug\Exceptions->errorHandler(8, 'Undefined index...', 'C:\\Users\\BTS SI...', 7, Array)
#1 C:\Users\BTS SIO\Documents\BTS SIO\Projet\ppe_chopesgames\system\View\View.php(214): include('C:\\Users\\BTS SI...')
#2 C:\Users\BTS SIO\Documents\BTS SIO\Projet\ppe_chopesgames\system\View\View.php(217): CodeIgniter\View\View->CodeIgniter\View\{closure}()
#3 C:\Users\BTS SIO\Documents\BTS SIO\Projet\ppe_chopesgames\system\Common.php(1097): CodeIgniter\View\View->render('AdministrateurE...', Array, true)
#4 C:\Users\BTS SIO\Documents\BTS SIO\Projet\ppe_chopesgames\app\Controllers\AdministrateurEmploye.php(104): view('AdministrateurE...')
#5 C:\Users\BTS SIO\Documents\BTS SIO\Projet\ppe_chopesgames\system\CodeIgniter.php(824): App\Controllers\AdministrateurEmploye->commande_traitee()
#6 C:\Users\BTS SIO\Documents\BTS SIO\Projet\ppe_chopesgames\system\CodeIgniter.php(410): CodeIgniter\CodeIgniter->runController(Object(App\Controllers\AdministrateurEmploye))
#7 C:\Users\BTS SIO\Documents\BTS SIO\Projet\ppe_chopesgames\system\CodeIgniter.php(318): CodeIgniter\CodeIgniter->handleRequest(NULL, Object(Config\Cache), false)
#8 C:\Users\BTS SIO\Documents\BTS SIO\Projet\ppe_chopesgames\public\index.php(37): CodeIgniter\CodeIgniter->run()
#9 C:\Users\BTS SIO\Documents\BTS SIO\Projet\ppe_chopesgames\system\Commands\Server\rewrite.php(43): require_once('C:\\Users\\BTS SI...')
#10 {main}
CRITICAL - 2022-01-26 08:57:06 --> Undefined variable: commande
#0 C:\Users\BTS SIO\Documents\BTS SIO\Projet\ppe_chopesgames\app\Views\AdministrateurEmploye\details_commande_non_traitee.php(7): CodeIgniter\Debug\Exceptions->errorHandler(8, 'Undefined varia...', 'C:\\Users\\BTS SI...', 7, Array)
#1 C:\Users\BTS SIO\Documents\BTS SIO\Projet\ppe_chopesgames\system\View\View.php(214): include('C:\\Users\\BTS SI...')
#2 C:\Users\BTS SIO\Documents\BTS SIO\Projet\ppe_chopesgames\system\View\View.php(217): CodeIgniter\View\View->CodeIgniter\View\{closure}()
#3 C:\Users\BTS SIO\Documents\BTS SIO\Projet\ppe_chopesgames\system\Common.php(1097): CodeIgniter\View\View->render('AdministrateurE...', Array, true)
#4 C:\Users\BTS SIO\Documents\BTS SIO\Projet\ppe_chopesgames\app\Controllers\AdministrateurEmploye.php(104): view('AdministrateurE...')
#5 C:\Users\BTS SIO\Documents\BTS SIO\Projet\ppe_chopesgames\system\CodeIgniter.php(824): App\Controllers\AdministrateurEmploye->commande_traitee()
#6 C:\Users\BTS SIO\Documents\BTS SIO\Projet\ppe_chopesgames\system\CodeIgniter.php(410): CodeIgniter\CodeIgniter->runController(Object(App\Controllers\AdministrateurEmploye))
#7 C:\Users\BTS SIO\Documents\BTS SIO\Projet\ppe_chopesgames\system\CodeIgniter.php(318): CodeIgniter\CodeIgniter->handleRequest(NULL, Object(Config\Cache), false)
#8 C:\Users\BTS SIO\Documents\BTS SIO\Projet\ppe_chopesgames\public\index.php(37): CodeIgniter\CodeIgniter->run()
#9 C:\Users\BTS SIO\Documents\BTS SIO\Projet\ppe_chopesgames\system\Commands\Server\rewrite.php(43): require_once('C:\\Users\\BTS SI...')
#10 {main}
CRITICAL - 2022-01-26 08:58:45 --> Undefined variable: commande
#0 C:\Users\BTS SIO\Documents\BTS SIO\Projet\ppe_chopesgames\app\Views\AdministrateurEmploye\details_commande_non_traitee.php(7): CodeIgniter\Debug\Exceptions->errorHandler(8, 'Undefined varia...', 'C:\\Users\\BTS SI...', 7, Array)
#1 C:\Users\BTS SIO\Documents\BTS SIO\Projet\ppe_chopesgames\system\View\View.php(214): include('C:\\Users\\BTS SI...')
#2 C:\Users\BTS SIO\Documents\BTS SIO\Projet\ppe_chopesgames\system\View\View.php(217): CodeIgniter\View\View->CodeIgniter\View\{closure}()
#3 C:\Users\BTS SIO\Documents\BTS SIO\Projet\ppe_chopesgames\system\Common.php(1097): CodeIgniter\View\View->render('AdministrateurE...', Array, true)
#4 C:\Users\BTS SIO\Documents\BTS SIO\Projet\ppe_chopesgames\app\Controllers\AdministrateurEmploye.php(98): view('AdministrateurE...')
#5 C:\Users\BTS SIO\Documents\BTS SIO\Projet\ppe_chopesgames\system\CodeIgniter.php(824): App\Controllers\AdministrateurEmploye->commande_traitee()
#6 C:\Users\BTS SIO\Documents\BTS SIO\Projet\ppe_chopesgames\system\CodeIgniter.php(410): CodeIgniter\CodeIgniter->runController(Object(App\Controllers\AdministrateurEmploye))
#7 C:\Users\BTS SIO\Documents\BTS SIO\Projet\ppe_chopesgames\system\CodeIgniter.php(318): CodeIgniter\CodeIgniter->handleRequest(NULL, Object(Config\Cache), false)
#8 C:\Users\BTS SIO\Documents\BTS SIO\Projet\ppe_chopesgames\public\index.php(37): CodeIgniter\CodeIgniter->run()
#9 C:\Users\BTS SIO\Documents\BTS SIO\Projet\ppe_chopesgames\system\Commands\Server\rewrite.php(43): require_once('C:\\Users\\BTS SI...')
#10 {main}
CRITICAL - 2022-01-26 09:02:58 --> Undefined variable: commande
#0 C:\Users\BTS SIO\Documents\BTS SIO\Projet\ppe_chopesgames\app\Views\AdministrateurEmploye\details_commande_non_traitee.php(7): CodeIgniter\Debug\Exceptions->errorHandler(8, 'Undefined varia...', 'C:\\Users\\BTS SI...', 7, Array)
#1 C:\Users\BTS SIO\Documents\BTS SIO\Projet\ppe_chopesgames\system\View\View.php(214): include('C:\\Users\\BTS SI...')
#2 C:\Users\BTS SIO\Documents\BTS SIO\Projet\ppe_chopesgames\system\View\View.php(217): CodeIgniter\View\View->CodeIgniter\View\{closure}()
#3 C:\Users\BTS SIO\Documents\BTS SIO\Projet\ppe_chopesgames\system\Common.php(1097): CodeIgniter\View\View->render('AdministrateurE...', Array, true)
#4 C:\Users\BTS SIO\Documents\BTS SIO\Projet\ppe_chopesgames\app\Controllers\AdministrateurEmploye.php(98): view('AdministrateurE...')
#5 C:\Users\BTS SIO\Documents\BTS SIO\Projet\ppe_chopesgames\system\CodeIgniter.php(824): App\Controllers\AdministrateurEmploye->commande_traitee()
#6 C:\Users\BTS SIO\Documents\BTS SIO\Projet\ppe_chopesgames\system\CodeIgniter.php(410): CodeIgniter\CodeIgniter->runController(Object(App\Controllers\AdministrateurEmploye))
#7 C:\Users\BTS SIO\Documents\BTS SIO\Projet\ppe_chopesgames\system\CodeIgniter.php(318): CodeIgniter\CodeIgniter->handleRequest(NULL, Object(Config\Cache), false)
#8 C:\Users\BTS SIO\Documents\BTS SIO\Projet\ppe_chopesgames\public\index.php(37): CodeIgniter\CodeIgniter->run()
#9 C:\Users\BTS SIO\Documents\BTS SIO\Projet\ppe_chopesgames\system\Commands\Server\rewrite.php(43): require_once('C:\\Users\\BTS SI...')
#10 {main}
CRITICAL - 2022-01-26 09:50:51 --> Undefined index: DATETRAITEMENT
#0 C:\Users\BTS SIO\Documents\BTS SIO\Projet\ppe_chopesgames\app\Controllers\AdministrateurEmploye.php(28): CodeIgniter\Debug\Exceptions->errorHandler(8, 'Undefined index...', 'C:\\Users\\BTS SI...', 28, Array)
#1 C:\Users\BTS SIO\Documents\BTS SIO\Projet\ppe_chopesgames\system\CodeIgniter.php(824): App\Controllers\AdministrateurEmploye->commande_non_traite()
#2 C:\Users\BTS SIO\Documents\BTS SIO\Projet\ppe_chopesgames\system\CodeIgniter.php(410): CodeIgniter\CodeIgniter->runController(Object(App\Controllers\AdministrateurEmploye))
#3 C:\Users\BTS SIO\Documents\BTS SIO\Projet\ppe_chopesgames\system\CodeIgniter.php(318): CodeIgniter\CodeIgniter->handleRequest(NULL, Object(Config\Cache), false)
#4 C:\Users\BTS SIO\Documents\BTS SIO\Projet\ppe_chopesgames\public\index.php(37): CodeIgniter\CodeIgniter->run()
#5 C:\Users\BTS SIO\Documents\BTS SIO\Projet\ppe_chopesgames\system\Commands\Server\rewrite.php(43): require_once('C:\\Users\\BTS SI...')
#6 {main}
CRITICAL - 2022-01-26 09:55:45 --> Illegal string offset 'NOCOMMANDE'
#0 C:\Users\BTS SIO\Documents\BTS SIO\Projet\ppe_chopesgames\app\Views\AdministrateurEmploye\commande_non_traite.php(18): CodeIgniter\Debug\Exceptions->errorHandler(2, 'Illegal string ...', 'C:\\Users\\BTS SI...', 18, Array)
#1 C:\Users\BTS SIO\Documents\BTS SIO\Projet\ppe_chopesgames\system\View\View.php(214): include('C:\\Users\\BTS SI...')
#2 C:\Users\BTS SIO\Documents\BTS SIO\Projet\ppe_chopesgames\system\View\View.php(217): CodeIgniter\View\View->CodeIgniter\View\{closure}()
#3 C:\Users\BTS SIO\Documents\BTS SIO\Projet\ppe_chopesgames\system\Common.php(1097): CodeIgniter\View\View->render('AdministrateurE...', Array, true)
#4 C:\Users\BTS SIO\Documents\BTS SIO\Projet\ppe_chopesgames\app\Controllers\AdministrateurEmploye.php(28): view('AdministrateurE...')
#5 C:\Users\BTS SIO\Documents\BTS SIO\Projet\ppe_chopesgames\system\CodeIgniter.php(824): App\Controllers\AdministrateurEmploye->commande_non_traite()
#6 C:\Users\BTS SIO\Documents\BTS SIO\Projet\ppe_chopesgames\system\CodeIgniter.php(410): CodeIgniter\CodeIgniter->runController(Object(App\Controllers\AdministrateurEmploye))
#7 C:\Users\BTS SIO\Documents\BTS SIO\Projet\ppe_chopesgames\system\CodeIgniter.php(318): CodeIgniter\CodeIgniter->handleRequest(NULL, Object(Config\Cache), false)
#8 C:\Users\BTS SIO\Documents\BTS SIO\Projet\ppe_chopesgames\public\index.php(37): CodeIgniter\CodeIgniter->run()
#9 C:\Users\BTS SIO\Documents\BTS SIO\Projet\ppe_chopesgames\system\Commands\Server\rewrite.php(43): require_once('C:\\Users\\BTS SI...')
#10 {main}
CRITICAL - 2022-01-26 09:56:19 --> Illegal string offset 'NOCOMMANDE'
#0 C:\Users\BTS SIO\Documents\BTS SIO\Projet\ppe_chopesgames\app\Views\AdministrateurEmploye\commande_non_traite.php(18): CodeIgniter\Debug\Exceptions->errorHandler(2, 'Illegal string ...', 'C:\\Users\\BTS SI...', 18, Array)
#1 C:\Users\BTS SIO\Documents\BTS SIO\Projet\ppe_chopesgames\system\View\View.php(214): include('C:\\Users\\BTS SI...')
#2 C:\Users\BTS SIO\Documents\BTS SIO\Projet\ppe_chopesgames\system\View\View.php(217): CodeIgniter\View\View->CodeIgniter\View\{closure}()
#3 C:\Users\BTS SIO\Documents\BTS SIO\Projet\ppe_chopesgames\system\Common.php(1097): CodeIgniter\View\View->render('AdministrateurE...', Array, true)
#4 C:\Users\BTS SIO\Documents\BTS SIO\Projet\ppe_chopesgames\app\Controllers\AdministrateurEmploye.php(28): view('AdministrateurE...')
#5 C:\Users\BTS SIO\Documents\BTS SIO\Projet\ppe_chopesgames\system\CodeIgniter.php(824): App\Controllers\AdministrateurEmploye->commande_non_traite()
#6 C:\Users\BTS SIO\Documents\BTS SIO\Projet\ppe_chopesgames\system\CodeIgniter.php(410): CodeIgniter\CodeIgniter->runController(Object(App\Controllers\AdministrateurEmploye))
#7 C:\Users\BTS SIO\Documents\BTS SIO\Projet\ppe_chopesgames\system\CodeIgniter.php(318): CodeIgniter\CodeIgniter->handleRequest(NULL, Object(Config\Cache), false)
#8 C:\Users\BTS SIO\Documents\BTS SIO\Projet\ppe_chopesgames\public\index.php(37): CodeIgniter\CodeIgniter->run()
#9 C:\Users\BTS SIO\Documents\BTS SIO\Projet\ppe_chopesgames\system\Commands\Server\rewrite.php(43): require_once('C:\\Users\\BTS SI...')
#10 {main}
CRITICAL - 2022-01-26 09:56:51 --> Undefined index: commande
#0 C:\Users\BTS SIO\Documents\BTS SIO\Projet\ppe_chopesgames\app\Controllers\AdministrateurEmploye.php(27): CodeIgniter\Debug\Exceptions->errorHandler(8, 'Undefined index...', 'C:\\Users\\BTS SI...', 27, Array)
#1 C:\Users\BTS SIO\Documents\BTS SIO\Projet\ppe_chopesgames\system\CodeIgniter.php(824): App\Controllers\AdministrateurEmploye->commande_non_traite()
#2 C:\Users\BTS SIO\Documents\BTS SIO\Projet\ppe_chopesgames\system\CodeIgniter.php(410): CodeIgniter\CodeIgniter->runController(Object(App\Controllers\AdministrateurEmploye))
#3 C:\Users\BTS SIO\Documents\BTS SIO\Projet\ppe_chopesgames\system\CodeIgniter.php(318): CodeIgniter\CodeIgniter->handleRequest(NULL, Object(Config\Cache), false)
#4 C:\Users\BTS SIO\Documents\BTS SIO\Projet\ppe_chopesgames\public\index.php(37): CodeIgniter\CodeIgniter->run()
#5 C:\Users\BTS SIO\Documents\BTS SIO\Projet\ppe_chopesgames\system\Commands\Server\rewrite.php(43): require_once('C:\\Users\\BTS SI...')
#6 {main}
CRITICAL - 2022-01-26 09:57:30 --> Illegal string offset 'NOCOMMANDE'
#0 C:\Users\BTS SIO\Documents\BTS SIO\Projet\ppe_chopesgames\app\Views\AdministrateurEmploye\commande_non_traite.php(18): CodeIgniter\Debug\Exceptions->errorHandler(2, 'Illegal string ...', 'C:\\Users\\BTS SI...', 18, Array)
#1 C:\Users\BTS SIO\Documents\BTS SIO\Projet\ppe_chopesgames\system\View\View.php(214): include('C:\\Users\\BTS SI...')
#2 C:\Users\BTS SIO\Documents\BTS SIO\Projet\ppe_chopesgames\system\View\View.php(217): CodeIgniter\View\View->CodeIgniter\View\{closure}()
#3 C:\Users\BTS SIO\Documents\BTS SIO\Projet\ppe_chopesgames\system\Common.php(1097): CodeIgniter\View\View->render('AdministrateurE...', Array, true)
#4 C:\Users\BTS SIO\Documents\BTS SIO\Projet\ppe_chopesgames\app\Controllers\AdministrateurEmploye.php(29): view('AdministrateurE...')
#5 C:\Users\BTS SIO\Documents\BTS SIO\Projet\ppe_chopesgames\system\CodeIgniter.php(824): App\Controllers\AdministrateurEmploye->commande_non_traite()
#6 C:\Users\BTS SIO\Documents\BTS SIO\Projet\ppe_chopesgames\system\CodeIgniter.php(410): CodeIgniter\CodeIgniter->runController(Object(App\Controllers\AdministrateurEmploye))
#7 C:\Users\BTS SIO\Documents\BTS SIO\Projet\ppe_chopesgames\system\CodeIgniter.php(318): CodeIgniter\CodeIgniter->handleRequest(NULL, Object(Config\Cache), false)
#8 C:\Users\BTS SIO\Documents\BTS SIO\Projet\ppe_chopesgames\public\index.php(37): CodeIgniter\CodeIgniter->run()
#9 C:\Users\BTS SIO\Documents\BTS SIO\Projet\ppe_chopesgames\system\Commands\Server\rewrite.php(43): require_once('C:\\Users\\BTS SI...')
#10 {main}
CRITICAL - 2022-01-26 11:10:48 --> Illegal string offset 'NOCOMMANDE'
#0 C:\Users\BTS SIO\Documents\BTS SIO\Projet\ppe_chopesgames\app\Views\AdministrateurEmploye\commande_non_traite.php(18): CodeIgniter\Debug\Exceptions->errorHandler(2, 'Illegal string ...', 'C:\\Users\\BTS SI...', 18, Array)
#1 C:\Users\BTS SIO\Documents\BTS SIO\Projet\ppe_chopesgames\system\View\View.php(214): include('C:\\Users\\BTS SI...')
#2 C:\Users\BTS SIO\Documents\BTS SIO\Projet\ppe_chopesgames\system\View\View.php(217): CodeIgniter\View\View->CodeIgniter\View\{closure}()
#3 C:\Users\BTS SIO\Documents\BTS SIO\Projet\ppe_chopesgames\system\Common.php(1097): CodeIgniter\View\View->render('AdministrateurE...', Array, true)
#4 C:\Users\BTS SIO\Documents\BTS SIO\Projet\ppe_chopesgames\app\Controllers\AdministrateurEmploye.php(29): view('AdministrateurE...')
#5 C:\Users\BTS SIO\Documents\BTS SIO\Projet\ppe_chopesgames\system\CodeIgniter.php(824): App\Controllers\AdministrateurEmploye->commande_non_traite()
#6 C:\Users\BTS SIO\Documents\BTS SIO\Projet\ppe_chopesgames\system\CodeIgniter.php(410): CodeIgniter\CodeIgniter->runController(Object(App\Controllers\AdministrateurEmploye))
#7 C:\Users\BTS SIO\Documents\BTS SIO\Projet\ppe_chopesgames\system\CodeIgniter.php(318): CodeIgniter\CodeIgniter->handleRequest(NULL, Object(Config\Cache), false)
#8 C:\Users\BTS SIO\Documents\BTS SIO\Projet\ppe_chopesgames\public\index.php(37): CodeIgniter\CodeIgniter->run()
#9 C:\Users\BTS SIO\Documents\BTS SIO\Projet\ppe_chopesgames\system\Commands\Server\rewrite.php(43): require_once('C:\\Users\\BTS SI...')
#10 {main}
CRITICAL - 2022-01-26 11:11:00 --> Illegal string offset 'NOCOMMANDE'
#0 C:\Users\BTS SIO\Documents\BTS SIO\Projet\ppe_chopesgames\app\Views\AdministrateurEmploye\commande_non_traite.php(18): CodeIgniter\Debug\Exceptions->errorHandler(2, 'Illegal string ...', 'C:\\Users\\BTS SI...', 18, Array)
#1 C:\Users\BTS SIO\Documents\BTS SIO\Projet\ppe_chopesgames\system\View\View.php(214): include('C:\\Users\\BTS SI...')
#2 C:\Users\BTS SIO\Documents\BTS SIO\Projet\ppe_chopesgames\system\View\View.php(217): CodeIgniter\View\View->CodeIgniter\View\{closure}()
#3 C:\Users\BTS SIO\Documents\BTS SIO\Projet\ppe_chopesgames\system\Common.php(1097): CodeIgniter\View\View->render('AdministrateurE...', Array, true)
#4 C:\Users\BTS SIO\Documents\BTS SIO\Projet\ppe_chopesgames\app\Controllers\AdministrateurEmploye.php(29): view('AdministrateurE...')
#5 C:\Users\BTS SIO\Documents\BTS SIO\Projet\ppe_chopesgames\system\CodeIgniter.php(824): App\Controllers\AdministrateurEmploye->commande_non_traite()
#6 C:\Users\BTS SIO\Documents\BTS SIO\Projet\ppe_chopesgames\system\CodeIgniter.php(410): CodeIgniter\CodeIgniter->runController(Object(App\Controllers\AdministrateurEmploye))
#7 C:\Users\BTS SIO\Documents\BTS SIO\Projet\ppe_chopesgames\system\CodeIgniter.php(318): CodeIgniter\CodeIgniter->handleRequest(NULL, Object(Config\Cache), false)
#8 C:\Users\BTS SIO\Documents\BTS SIO\Projet\ppe_chopesgames\public\index.php(37): CodeIgniter\CodeIgniter->run()
#9 C:\Users\BTS SIO\Documents\BTS SIO\Projet\ppe_chopesgames\system\Commands\Server\rewrite.php(43): require_once('C:\\Users\\BTS SI...')
#10 {main}
CRITICAL - 2022-01-26 11:11:26 --> Illegal string offset 'NOCLIENT'
#0 C:\Users\BTS SIO\Documents\BTS SIO\Projet\ppe_chopesgames\app\Views\AdministrateurEmploye\commande_non_traite.php(22): CodeIgniter\Debug\Exceptions->errorHandler(2, 'Illegal string ...', 'C:\\Users\\BTS SI...', 22, Array)
#1 C:\Users\BTS SIO\Documents\BTS SIO\Projet\ppe_chopesgames\system\View\View.php(214): include('C:\\Users\\BTS SI...')
#2 C:\Users\BTS SIO\Documents\BTS SIO\Projet\ppe_chopesgames\system\View\View.php(217): CodeIgniter\View\View->CodeIgniter\View\{closure}()
#3 C:\Users\BTS SIO\Documents\BTS SIO\Projet\ppe_chopesgames\system\Common.php(1097): CodeIgniter\View\View->render('AdministrateurE...', Array, true)
#4 C:\Users\BTS SIO\Documents\BTS SIO\Projet\ppe_chopesgames\app\Controllers\AdministrateurEmploye.php(29): view('AdministrateurE...')
#5 C:\Users\BTS SIO\Documents\BTS SIO\Projet\ppe_chopesgames\system\CodeIgniter.php(824): App\Controllers\AdministrateurEmploye->commande_non_traite()
#6 C:\Users\BTS SIO\Documents\BTS SIO\Projet\ppe_chopesgames\system\CodeIgniter.php(410): CodeIgniter\CodeIgniter->runController(Object(App\Controllers\AdministrateurEmploye))
#7 C:\Users\BTS SIO\Documents\BTS SIO\Projet\ppe_chopesgames\system\CodeIgniter.php(318): CodeIgniter\CodeIgniter->handleRequest(NULL, Object(Config\Cache), false)
#8 C:\Users\BTS SIO\Documents\BTS SIO\Projet\ppe_chopesgames\public\index.php(37): CodeIgniter\CodeIgniter->run()
#9 C:\Users\BTS SIO\Documents\BTS SIO\Projet\ppe_chopesgames\system\Commands\Server\rewrite.php(43): require_once('C:\\Users\\BTS SI...')
#10 {main}
CRITICAL - 2022-01-26 11:13:48 --> Illegal string offset 'NOCOMMANDE'
#0 C:\Users\BTS SIO\Documents\BTS SIO\Projet\ppe_chopesgames\app\Views\AdministrateurEmploye\commande_non_traite.php(18): CodeIgniter\Debug\Exceptions->errorHandler(2, 'Illegal string ...', 'C:\\Users\\BTS SI...', 18, Array)
#1 C:\Users\BTS SIO\Documents\BTS SIO\Projet\ppe_chopesgames\system\View\View.php(214): include('C:\\Users\\BTS SI...')
#2 C:\Users\BTS SIO\Documents\BTS SIO\Projet\ppe_chopesgames\system\View\View.php(217): CodeIgniter\View\View->CodeIgniter\View\{closure}()
#3 C:\Users\BTS SIO\Documents\BTS SIO\Projet\ppe_chopesgames\system\Common.php(1097): CodeIgniter\View\View->render('AdministrateurE...', Array, true)
#4 C:\Users\BTS SIO\Documents\BTS SIO\Projet\ppe_chopesgames\app\Controllers\AdministrateurEmploye.php(29): view('AdministrateurE...')
#5 C:\Users\BTS SIO\Documents\BTS SIO\Projet\ppe_chopesgames\system\CodeIgniter.php(824): App\Controllers\AdministrateurEmploye->commande_non_traite()
#6 C:\Users\BTS SIO\Documents\BTS SIO\Projet\ppe_chopesgames\system\CodeIgniter.php(410): CodeIgniter\CodeIgniter->runController(Object(App\Controllers\AdministrateurEmploye))
#7 C:\Users\BTS SIO\Documents\BTS SIO\Projet\ppe_chopesgames\system\CodeIgniter.php(318): CodeIgniter\CodeIgniter->handleRequest(NULL, Object(Config\Cache), false)
#8 C:\Users\BTS SIO\Documents\BTS SIO\Projet\ppe_chopesgames\public\index.php(37): CodeIgniter\CodeIgniter->run()
#9 C:\Users\BTS SIO\Documents\BTS SIO\Projet\ppe_chopesgames\system\Commands\Server\rewrite.php(43): require_once('C:\\Users\\BTS SI...')
#10 {main}
CRITICAL - 2022-01-26 11:14:15 --> Illegal string offset 'NOCOMMANDE'
#0 C:\Users\BTS SIO\Documents\BTS SIO\Projet\ppe_chopesgames\app\Views\AdministrateurEmploye\commande_non_traite.php(18): CodeIgniter\Debug\Exceptions->errorHandler(2, 'Illegal string ...', 'C:\\Users\\BTS SI...', 18, Array)
#1 C:\Users\BTS SIO\Documents\BTS SIO\Projet\ppe_chopesgames\system\View\View.php(214): include('C:\\Users\\BTS SI...')
#2 C:\Users\BTS SIO\Documents\BTS SIO\Projet\ppe_chopesgames\system\View\View.php(217): CodeIgniter\View\View->CodeIgniter\View\{closure}()
#3 C:\Users\BTS SIO\Documents\BTS SIO\Projet\ppe_chopesgames\system\Common.php(1097): CodeIgniter\View\View->render('AdministrateurE...', Array, true)
#4 C:\Users\BTS SIO\Documents\BTS SIO\Projet\ppe_chopesgames\app\Controllers\AdministrateurEmploye.php(29): view('AdministrateurE...')
#5 C:\Users\BTS SIO\Documents\BTS SIO\Projet\ppe_chopesgames\system\CodeIgniter.php(824): App\Controllers\AdministrateurEmploye->commande_non_traite()
#6 C:\Users\BTS SIO\Documents\BTS SIO\Projet\ppe_chopesgames\system\CodeIgniter.php(410): CodeIgniter\CodeIgniter->runController(Object(App\Controllers\AdministrateurEmploye))
#7 C:\Users\BTS SIO\Documents\BTS SIO\Projet\ppe_chopesgames\system\CodeIgniter.php(318): CodeIgniter\CodeIgniter->handleRequest(NULL, Object(Config\Cache), false)
#8 C:\Users\BTS SIO\Documents\BTS SIO\Projet\ppe_chopesgames\public\index.php(37): CodeIgniter\CodeIgniter->run()
#9 C:\Users\BTS SIO\Documents\BTS SIO\Projet\ppe_chopesgames\system\Commands\Server\rewrite.php(43): require_once('C:\\Users\\BTS SI...')
#10 {main}
CRITICAL - 2022-01-26 11:14:21 --> Illegal string offset 'NOCOMMANDE'
#0 C:\Users\BTS SIO\Documents\BTS SIO\Projet\ppe_chopesgames\app\Views\AdministrateurEmploye\commande_non_traite.php(18): CodeIgniter\Debug\Exceptions->errorHandler(2, 'Illegal string ...', 'C:\\Users\\BTS SI...', 18, Array)
#1 C:\Users\BTS SIO\Documents\BTS SIO\Projet\ppe_chopesgames\system\View\View.php(214): include('C:\\Users\\BTS SI...')
#2 C:\Users\BTS SIO\Documents\BTS SIO\Projet\ppe_chopesgames\system\View\View.php(217): CodeIgniter\View\View->CodeIgniter\View\{closure}()
#3 C:\Users\BTS SIO\Documents\BTS SIO\Projet\ppe_chopesgames\system\Common.php(1097): CodeIgniter\View\View->render('AdministrateurE...', Array, true)
#4 C:\Users\BTS SIO\Documents\BTS SIO\Projet\ppe_chopesgames\app\Controllers\AdministrateurEmploye.php(29): view('AdministrateurE...')
#5 C:\Users\BTS SIO\Documents\BTS SIO\Projet\ppe_chopesgames\system\CodeIgniter.php(824): App\Controllers\AdministrateurEmploye->commande_non_traite()
#6 C:\Users\BTS SIO\Documents\BTS SIO\Projet\ppe_chopesgames\system\CodeIgniter.php(410): CodeIgniter\CodeIgniter->runController(Object(App\Controllers\AdministrateurEmploye))
#7 C:\Users\BTS SIO\Documents\BTS SIO\Projet\ppe_chopesgames\system\CodeIgniter.php(318): CodeIgniter\CodeIgniter->handleRequest(NULL, Object(Config\Cache), false)
#8 C:\Users\BTS SIO\Documents\BTS SIO\Projet\ppe_chopesgames\public\index.php(37): CodeIgniter\CodeIgniter->run()
#9 C:\Users\BTS SIO\Documents\BTS SIO\Projet\ppe_chopesgames\system\Commands\Server\rewrite.php(43): require_once('C:\\Users\\BTS SI...')
#10 {main}
