CRITICAL - 2022-02-03 05:09:46 --> Call to a member function get() on null
#0 C:\Users\BTS SIO\Documents\Projet\ppe_chopesgames_revisiter\system\View\View.php(214): include()
#1 C:\Users\BTS SIO\Documents\Projet\ppe_chopesgames_revisiter\system\View\View.php(217): CodeIgniter\View\View->CodeIgniter\View\{closure}()
#2 C:\Users\BTS SIO\Documents\Projet\ppe_chopesgames_revisiter\system\Common.php(1097): CodeIgniter\View\View->render('visiteur/s_enre...', Array, true)
#3 C:\Users\BTS SIO\Documents\Projet\ppe_chopesgames_revisiter\app\Controllers\Visiteur.php(318): view('visiteur/s_enre...', Array)
#4 C:\Users\BTS SIO\Documents\Projet\ppe_chopesgames_revisiter\system\CodeIgniter.php(824): App\Controllers\Visiteur->s_enregistrer()
#5 C:\Users\BTS SIO\Documents\Projet\ppe_chopesgames_revisiter\system\CodeIgniter.php(410): CodeIgniter\CodeIgniter->runController(Object(App\Controllers\Visiteur))
#6 C:\Users\BTS SIO\Documents\Projet\ppe_chopesgames_revisiter\system\CodeIgniter.php(318): CodeIgniter\CodeIgniter->handleRequest(NULL, Object(Config\Cache), false)
#7 C:\Users\BTS SIO\Documents\Projet\ppe_chopesgames_revisiter\public\index.php(37): CodeIgniter\CodeIgniter->run()
#8 C:\Users\BTS SIO\Documents\Projet\ppe_chopesgames_revisiter\system\Commands\Server\rewrite.php(43): require_once('C:\\Users\\BTS SI...')
#9 {main}
CRITICAL - 2022-02-03 05:10:01 --> Call to a member function get() on null
#0 C:\Users\BTS SIO\Documents\Projet\ppe_chopesgames_revisiter\system\View\View.php(214): include()
#1 C:\Users\BTS SIO\Documents\Projet\ppe_chopesgames_revisiter\system\View\View.php(217): CodeIgniter\View\View->CodeIgniter\View\{closure}()
#2 C:\Users\BTS SIO\Documents\Projet\ppe_chopesgames_revisiter\system\Common.php(1097): CodeIgniter\View\View->render('visiteur/s_enre...', Array, true)
#3 C:\Users\BTS SIO\Documents\Projet\ppe_chopesgames_revisiter\app\Controllers\Visiteur.php(318): view('visiteur/s_enre...', Array)
#4 C:\Users\BTS SIO\Documents\Projet\ppe_chopesgames_revisiter\system\CodeIgniter.php(824): App\Controllers\Visiteur->s_enregistrer()
#5 C:\Users\BTS SIO\Documents\Projet\ppe_chopesgames_revisiter\system\CodeIgniter.php(410): CodeIgniter\CodeIgniter->runController(Object(App\Controllers\Visiteur))
#6 C:\Users\BTS SIO\Documents\Projet\ppe_chopesgames_revisiter\system\CodeIgniter.php(318): CodeIgniter\CodeIgniter->handleRequest(NULL, Object(Config\Cache), false)
#7 C:\Users\BTS SIO\Documents\Projet\ppe_chopesgames_revisiter\public\index.php(37): CodeIgniter\CodeIgniter->run()
#8 C:\Users\BTS SIO\Documents\Projet\ppe_chopesgames_revisiter\system\Commands\Server\rewrite.php(43): require_once('C:\\Users\\BTS SI...')
#9 {main}
CRITICAL - 2022-02-03 05:11:08 --> Call to a member function get() on null
#0 C:\Users\BTS SIO\Documents\Projet\ppe_chopesgames_revisiter\system\View\View.php(214): include()
#1 C:\Users\BTS SIO\Documents\Projet\ppe_chopesgames_revisiter\system\View\View.php(217): CodeIgniter\View\View->CodeIgniter\View\{closure}()
#2 C:\Users\BTS SIO\Documents\Projet\ppe_chopesgames_revisiter\system\Common.php(1097): CodeIgniter\View\View->render('visiteur/s_enre...', Array, true)
#3 C:\Users\BTS SIO\Documents\Projet\ppe_chopesgames_revisiter\app\Controllers\Visiteur.php(318): view('visiteur/s_enre...', Array)
#4 C:\Users\BTS SIO\Documents\Projet\ppe_chopesgames_revisiter\system\CodeIgniter.php(824): App\Controllers\Visiteur->s_enregistrer()
#5 C:\Users\BTS SIO\Documents\Projet\ppe_chopesgames_revisiter\system\CodeIgniter.php(410): CodeIgniter\CodeIgniter->runController(Object(App\Controllers\Visiteur))
#6 C:\Users\BTS SIO\Documents\Projet\ppe_chopesgames_revisiter\system\CodeIgniter.php(318): CodeIgniter\CodeIgniter->handleRequest(NULL, Object(Config\Cache), false)
#7 C:\Users\BTS SIO\Documents\Projet\ppe_chopesgames_revisiter\public\index.php(37): CodeIgniter\CodeIgniter->run()
#8 C:\Users\BTS SIO\Documents\Projet\ppe_chopesgames_revisiter\system\Commands\Server\rewrite.php(43): require_once('C:\\Users\\BTS SI...')
#9 {main}
CRITICAL - 2022-02-03 05:12:18 --> Invalid file: visiteur/header.php
#0 C:\Users\BTS SIO\Documents\Projet\ppe_chopesgames_revisiter\system\View\View.php(198): CodeIgniter\Exceptions\FrameworkException::forInvalidFile('visiteur/header...')
#1 C:\Users\BTS SIO\Documents\Projet\ppe_chopesgames_revisiter\system\Common.php(1097): CodeIgniter\View\View->render('visiteur/header', Array, true)
#2 C:\Users\BTS SIO\Documents\Projet\ppe_chopesgames_revisiter\app\Controllers\Visiteur.php(318): view('visiteur/header', Array)
#3 C:\Users\BTS SIO\Documents\Projet\ppe_chopesgames_revisiter\system\CodeIgniter.php(824): App\Controllers\Visiteur->s_enregistrer()
#4 C:\Users\BTS SIO\Documents\Projet\ppe_chopesgames_revisiter\system\CodeIgniter.php(410): CodeIgniter\CodeIgniter->runController(Object(App\Controllers\Visiteur))
#5 C:\Users\BTS SIO\Documents\Projet\ppe_chopesgames_revisiter\system\CodeIgniter.php(318): CodeIgniter\CodeIgniter->handleRequest(NULL, Object(Config\Cache), false)
#6 C:\Users\BTS SIO\Documents\Projet\ppe_chopesgames_revisiter\public\index.php(37): CodeIgniter\CodeIgniter->run()
#7 C:\Users\BTS SIO\Documents\Projet\ppe_chopesgames_revisiter\system\Commands\Server\rewrite.php(43): require_once('C:\\Users\\BTS SI...')
#8 {main}
CRITICAL - 2022-02-03 05:12:25 --> Invalid file: visiteur/header.php
#0 C:\Users\BTS SIO\Documents\Projet\ppe_chopesgames_revisiter\system\View\View.php(198): CodeIgniter\Exceptions\FrameworkException::forInvalidFile('visiteur/header...')
#1 C:\Users\BTS SIO\Documents\Projet\ppe_chopesgames_revisiter\system\Common.php(1097): CodeIgniter\View\View->render('visiteur/header', Array, true)
#2 C:\Users\BTS SIO\Documents\Projet\ppe_chopesgames_revisiter\app\Controllers\Visiteur.php(318): view('visiteur/header', Array)
#3 C:\Users\BTS SIO\Documents\Projet\ppe_chopesgames_revisiter\system\CodeIgniter.php(824): App\Controllers\Visiteur->s_enregistrer()
#4 C:\Users\BTS SIO\Documents\Projet\ppe_chopesgames_revisiter\system\CodeIgniter.php(410): CodeIgniter\CodeIgniter->runController(Object(App\Controllers\Visiteur))
#5 C:\Users\BTS SIO\Documents\Projet\ppe_chopesgames_revisiter\system\CodeIgniter.php(318): CodeIgniter\CodeIgniter->handleRequest(NULL, Object(Config\Cache), false)
#6 C:\Users\BTS SIO\Documents\Projet\ppe_chopesgames_revisiter\public\index.php(37): CodeIgniter\CodeIgniter->run()
#7 C:\Users\BTS SIO\Documents\Projet\ppe_chopesgames_revisiter\system\Commands\Server\rewrite.php(43): require_once('C:\\Users\\BTS SI...')
#8 {main}
CRITICAL - 2022-02-03 05:13:20 --> Invalid file: visiteur/header.php
#0 C:\Users\BTS SIO\Documents\Projet\ppe_chopesgames_revisiter\system\View\View.php(198): CodeIgniter\Exceptions\FrameworkException::forInvalidFile('visiteur/header...')
#1 C:\Users\BTS SIO\Documents\Projet\ppe_chopesgames_revisiter\system\Common.php(1097): CodeIgniter\View\View->render('visiteur/header', Array, true)
#2 C:\Users\BTS SIO\Documents\Projet\ppe_chopesgames_revisiter\app\Controllers\Visiteur.php(318): view('visiteur/header', Array)
#3 C:\Users\BTS SIO\Documents\Projet\ppe_chopesgames_revisiter\system\CodeIgniter.php(824): App\Controllers\Visiteur->s_enregistrer()
#4 C:\Users\BTS SIO\Documents\Projet\ppe_chopesgames_revisiter\system\CodeIgniter.php(410): CodeIgniter\CodeIgniter->runController(Object(App\Controllers\Visiteur))
#5 C:\Users\BTS SIO\Documents\Projet\ppe_chopesgames_revisiter\system\CodeIgniter.php(318): CodeIgniter\CodeIgniter->handleRequest(NULL, Object(Config\Cache), false)
#6 C:\Users\BTS SIO\Documents\Projet\ppe_chopesgames_revisiter\public\index.php(37): CodeIgniter\CodeIgniter->run()
#7 C:\Users\BTS SIO\Documents\Projet\ppe_chopesgames_revisiter\system\Commands\Server\rewrite.php(43): require_once('C:\\Users\\BTS SI...')
#8 {main}
CRITICAL - 2022-02-03 05:13:48 --> Undefined variable: session
#0 C:\Users\BTS SIO\Documents\Projet\ppe_chopesgames_revisiter\app\Views\visiteur\s_enregistrer.php(6): CodeIgniter\Debug\Exceptions->errorHandler(8, 'Undefined varia...', 'C:\\Users\\BTS SI...', 6, Array)
#1 C:\Users\BTS SIO\Documents\Projet\ppe_chopesgames_revisiter\system\View\View.php(214): include('C:\\Users\\BTS SI...')
#2 C:\Users\BTS SIO\Documents\Projet\ppe_chopesgames_revisiter\system\View\View.php(217): CodeIgniter\View\View->CodeIgniter\View\{closure}()
#3 C:\Users\BTS SIO\Documents\Projet\ppe_chopesgames_revisiter\system\Common.php(1097): CodeIgniter\View\View->render('visiteur/s_enre...', Array, true)
#4 C:\Users\BTS SIO\Documents\Projet\ppe_chopesgames_revisiter\app\Controllers\Visiteur.php(319): view('visiteur/s_enre...')
#5 C:\Users\BTS SIO\Documents\Projet\ppe_chopesgames_revisiter\system\CodeIgniter.php(824): App\Controllers\Visiteur->s_enregistrer()
#6 C:\Users\BTS SIO\Documents\Projet\ppe_chopesgames_revisiter\system\CodeIgniter.php(410): CodeIgniter\CodeIgniter->runController(Object(App\Controllers\Visiteur))
#7 C:\Users\BTS SIO\Documents\Projet\ppe_chopesgames_revisiter\system\CodeIgniter.php(318): CodeIgniter\CodeIgniter->handleRequest(NULL, Object(Config\Cache), false)
#8 C:\Users\BTS SIO\Documents\Projet\ppe_chopesgames_revisiter\public\index.php(37): CodeIgniter\CodeIgniter->run()
#9 C:\Users\BTS SIO\Documents\Projet\ppe_chopesgames_revisiter\system\Commands\Server\rewrite.php(43): require_once('C:\\Users\\BTS SI...')
#10 {main}
CRITICAL - 2022-02-03 05:17:09 --> Undefined variable: session
#0 C:\Users\BTS SIO\Documents\Projet\ppe_chopesgames_revisiter\app\Views\visiteur\s_enregistrer.php(6): CodeIgniter\Debug\Exceptions->errorHandler(8, 'Undefined varia...', 'C:\\Users\\BTS SI...', 6, Array)
#1 C:\Users\BTS SIO\Documents\Projet\ppe_chopesgames_revisiter\system\View\View.php(214): include('C:\\Users\\BTS SI...')
#2 C:\Users\BTS SIO\Documents\Projet\ppe_chopesgames_revisiter\system\View\View.php(217): CodeIgniter\View\View->CodeIgniter\View\{closure}()
#3 C:\Users\BTS SIO\Documents\Projet\ppe_chopesgames_revisiter\system\Common.php(1097): CodeIgniter\View\View->render('visiteur/s_enre...', Array, true)
#4 C:\Users\BTS SIO\Documents\Projet\ppe_chopesgames_revisiter\app\Controllers\Visiteur.php(319): view('visiteur/s_enre...')
#5 C:\Users\BTS SIO\Documents\Projet\ppe_chopesgames_revisiter\system\CodeIgniter.php(824): App\Controllers\Visiteur->s_enregistrer()
#6 C:\Users\BTS SIO\Documents\Projet\ppe_chopesgames_revisiter\system\CodeIgniter.php(410): CodeIgniter\CodeIgniter->runController(Object(App\Controllers\Visiteur))
#7 C:\Users\BTS SIO\Documents\Projet\ppe_chopesgames_revisiter\system\CodeIgniter.php(318): CodeIgniter\CodeIgniter->handleRequest(NULL, Object(Config\Cache), false)
#8 C:\Users\BTS SIO\Documents\Projet\ppe_chopesgames_revisiter\public\index.php(37): CodeIgniter\CodeIgniter->run()
#9 C:\Users\BTS SIO\Documents\Projet\ppe_chopesgames_revisiter\system\Commands\Server\rewrite.php(43): require_once('C:\\Users\\BTS SI...')
#10 {main}
